2025-06-28 12:50:28,626 (event_logging:164) [DEBUG]: Start event logging
2025-06-28 12:50:28,627 (event_logging:165) [DEBUG]: Logger name: __main__
2025-06-28 12:50:28,627 (event_logging:166) [DEBUG]: Log filename: data/simulate_adaptive_control/adaptive_simulation/20250628T125028/simulate_adaptive_control.log
2025-06-28 12:50:28,627 (event_logging:168) [DEBUG]: Command: python apps/simulate_adaptive_control.py data/trained_model/train_adaptive/20250628T121045/trained_model.joblib -r tests/data/motion_data_000.csv -c apps/config/adaptive_model.toml --active-joints 5 --max-steps 10000
2025-06-28 12:50:28,628 (data_handling:162) [DEBUG]: Directory created: data/simulate_adaptive_control/adaptive_simulation/20250628T125028/config
2025-06-28 12:50:28,638 (data_handling:180) [DEBUG]: Model config copied: None -> data/simulate_adaptive_control/adaptive_simulation/20250628T125028/config
2025-06-28 12:50:28,638 (simulate_adaptive_control:202) [INFO]: config: apps/config/adaptive_model.toml
2025-06-28 12:50:28,638 (simulate_adaptive_control:203) [INFO]: output: data/simulate_adaptive_control/adaptive_simulation/20250628T125028
2025-06-28 12:50:28,638 (simulate_adaptive_control:204) [INFO]: N_max: 2, Active Joints: [5]
2025-06-28 12:50:28,638 (simulate_adaptive_control:208) [INFO]: Loading trained model from data/trained_model/train_adaptive/20250628T121045/trained_model.joblib
2025-06-28 12:50:28,651 (simulate_adaptive_control:212) [INFO]: Loading reference trajectory from tests/data/motion_data_000.csv
2025-06-28 12:50:28,670 (simulate_adaptive_control:215) [INFO]: Reference trajectory loaded with 301 steps.
2025-06-28 12:50:28,670 (simulate_adaptive_control:57) [INFO]: AdaptiveController initialized with N_max=2, initial_tau=1
2025-06-28 12:50:28,675 (simulate_adaptive_control:236) [INFO]: Starting simulation...
2025-06-28 12:50:28,676 (simulate_adaptive_control:96) [DEBUG]: No sufficient R^2 data for any tau. Maintaining current tau: 1
2025-06-28 12:50:28,678 (simulate_adaptive_control:309) [INFO]: Step 0/10000, Current τ: 1, R^2[1]: -inf
2025-06-28 12:50:28,680 (simulate_adaptive_control:96) [DEBUG]: No sufficient R^2 data for any tau. Maintaining current tau: 1
2025-06-28 12:50:28,682 (simulate_adaptive_control:109) [DEBUG]: τ maintained at 1 (R^2 improvement not sufficient: -5011.5806 vs -5011.5806)
2025-06-28 12:50:28,685 (simulate_adaptive_control:109) [DEBUG]: τ maintained at 1 (R^2 improvement not sufficient: -1386.4951 vs -1386.4951)
2025-06-28 12:50:28,687 (simulate_adaptive_control:109) [DEBUG]: τ maintained at 1 (R^2 improvement not sufficient: -515.5347 vs -515.5347)
2025-06-28 12:50:28,690 (simulate_adaptive_control:109) [DEBUG]: τ maintained at 1 (R^2 improvement not sufficient: -211.9338 vs -211.9338)
2025-06-28 12:50:28,693 (simulate_adaptive_control:109) [DEBUG]: τ maintained at 1 (R^2 improvement not sufficient: -104.3221 vs -104.3221)
2025-06-28 12:50:28,695 (simulate_adaptive_control:109) [DEBUG]: τ maintained at 1 (R^2 improvement not sufficient: -65.5671 vs -65.5671)
2025-06-28 12:50:28,698 (simulate_adaptive_control:109) [DEBUG]: τ maintained at 1 (R^2 improvement not sufficient: -53.8070 vs -53.8070)
2025-06-28 12:50:28,700 (simulate_adaptive_control:109) [DEBUG]: τ maintained at 1 (R^2 improvement not sufficient: -35.3715 vs -35.3715)
2025-06-28 12:50:28,703 (simulate_adaptive_control:109) [DEBUG]: τ maintained at 1 (R^2 improvement not sufficient: -22.9919 vs -22.9919)
2025-06-28 12:50:28,705 (simulate_adaptive_control:109) [DEBUG]: τ maintained at 1 (R^2 improvement not sufficient: -15.8647 vs -15.8647)
2025-06-28 12:50:28,708 (simulate_adaptive_control:109) [DEBUG]: τ maintained at 1 (R^2 improvement not sufficient: -10.9430 vs -10.9430)
2025-06-28 12:50:28,711 (simulate_adaptive_control:109) [DEBUG]: τ maintained at 1 (R^2 improvement not sufficient: -7.7405 vs -7.7405)
2025-06-28 12:50:28,713 (simulate_adaptive_control:109) [DEBUG]: τ maintained at 1 (R^2 improvement not sufficient: -5.9962 vs -5.9962)
2025-06-28 12:50:28,716 (simulate_adaptive_control:109) [DEBUG]: τ maintained at 1 (R^2 improvement not sufficient: -4.8366 vs -4.8366)
2025-06-28 12:50:28,718 (simulate_adaptive_control:109) [DEBUG]: τ maintained at 1 (R^2 improvement not sufficient: -3.6384 vs -3.6384)
2025-06-28 12:50:28,721 (simulate_adaptive_control:109) [DEBUG]: τ maintained at 1 (R^2 improvement not sufficient: -2.8319 vs -2.8319)
2025-06-28 12:50:28,723 (simulate_adaptive_control:109) [DEBUG]: τ maintained at 1 (R^2 improvement not sufficient: -2.3016 vs -2.3016)
2025-06-28 12:50:28,726 (simulate_adaptive_control:109) [DEBUG]: τ maintained at 1 (R^2 improvement not sufficient: -1.9528 vs -1.9528)
2025-06-28 12:50:28,728 (simulate_adaptive_control:109) [DEBUG]: τ maintained at 1 (R^2 improvement not sufficient: -1.8226 vs -1.8226)
2025-06-28 12:50:28,731 (simulate_adaptive_control:109) [DEBUG]: τ maintained at 1 (R^2 improvement not sufficient: -1.7213 vs -1.7213)
2025-06-28 12:50:28,734 (simulate_adaptive_control:109) [DEBUG]: τ maintained at 1 (R^2 improvement not sufficient: -1.6434 vs -1.6434)
2025-06-28 12:50:28,736 (simulate_adaptive_control:109) [DEBUG]: τ maintained at 1 (R^2 improvement not sufficient: -1.7676 vs -1.7676)
2025-06-28 12:50:28,739 (simulate_adaptive_control:109) [DEBUG]: τ maintained at 1 (R^2 improvement not sufficient: -1.8199 vs -1.8199)
2025-06-28 12:50:28,742 (simulate_adaptive_control:109) [DEBUG]: τ maintained at 1 (R^2 improvement not sufficient: -1.8142 vs -1.8142)
2025-06-28 12:50:28,744 (simulate_adaptive_control:109) [DEBUG]: τ maintained at 1 (R^2 improvement not sufficient: -1.8198 vs -1.8198)
2025-06-28 12:50:28,747 (simulate_adaptive_control:109) [DEBUG]: τ maintained at 1 (R^2 improvement not sufficient: -1.8291 vs -1.8291)
2025-06-28 12:50:28,749 (simulate_adaptive_control:109) [DEBUG]: τ maintained at 1 (R^2 improvement not sufficient: -1.8825 vs -1.8825)
2025-06-28 12:50:28,752 (simulate_adaptive_control:109) [DEBUG]: τ maintained at 1 (R^2 improvement not sufficient: -2.0182 vs -2.0182)
2025-06-28 12:50:28,755 (simulate_adaptive_control:109) [DEBUG]: τ maintained at 1 (R^2 improvement not sufficient: -2.0318 vs -2.0318)
2025-06-28 12:50:28,757 (simulate_adaptive_control:109) [DEBUG]: τ maintained at 1 (R^2 improvement not sufficient: -2.0463 vs -2.0463)
2025-06-28 12:50:28,760 (simulate_adaptive_control:109) [DEBUG]: τ maintained at 1 (R^2 improvement not sufficient: -2.0445 vs -2.0445)
2025-06-28 12:50:28,762 (simulate_adaptive_control:109) [DEBUG]: τ maintained at 1 (R^2 improvement not sufficient: -2.0438 vs -2.0438)
2025-06-28 12:50:28,765 (simulate_adaptive_control:109) [DEBUG]: τ maintained at 1 (R^2 improvement not sufficient: -2.6577 vs -2.6577)
2025-06-28 12:50:28,767 (simulate_adaptive_control:109) [DEBUG]: τ maintained at 1 (R^2 improvement not sufficient: -2.6635 vs -2.6635)
2025-06-28 12:50:28,770 (simulate_adaptive_control:109) [DEBUG]: τ maintained at 1 (R^2 improvement not sufficient: -2.7048 vs -2.7048)
2025-06-28 12:50:28,772 (simulate_adaptive_control:109) [DEBUG]: τ maintained at 1 (R^2 improvement not sufficient: -2.7471 vs -2.7471)
2025-06-28 12:50:28,775 (simulate_adaptive_control:109) [DEBUG]: τ maintained at 1 (R^2 improvement not sufficient: -2.7636 vs -2.7636)
2025-06-28 12:50:28,777 (simulate_adaptive_control:109) [DEBUG]: τ maintained at 1 (R^2 improvement not sufficient: -2.7823 vs -2.7823)
2025-06-28 12:50:28,779 (simulate_adaptive_control:109) [DEBUG]: τ maintained at 1 (R^2 improvement not sufficient: -2.7961 vs -2.7961)
2025-06-28 12:50:28,782 (simulate_adaptive_control:109) [DEBUG]: τ maintained at 1 (R^2 improvement not sufficient: -2.7762 vs -2.7762)
2025-06-28 12:50:28,784 (simulate_adaptive_control:109) [DEBUG]: τ maintained at 1 (R^2 improvement not sufficient: -2.7690 vs -2.7690)
2025-06-28 12:50:28,787 (simulate_adaptive_control:109) [DEBUG]: τ maintained at 1 (R^2 improvement not sufficient: -2.7529 vs -2.7529)
2025-06-28 12:50:28,790 (simulate_adaptive_control:109) [DEBUG]: τ maintained at 1 (R^2 improvement not sufficient: -2.8251 vs -2.8251)
2025-06-28 12:50:28,792 (simulate_adaptive_control:109) [DEBUG]: τ maintained at 1 (R^2 improvement not sufficient: -2.9694 vs -2.9694)
2025-06-28 12:50:28,795 (simulate_adaptive_control:109) [DEBUG]: τ maintained at 1 (R^2 improvement not sufficient: -2.9254 vs -2.9254)
2025-06-28 12:50:28,797 (simulate_adaptive_control:109) [DEBUG]: τ maintained at 1 (R^2 improvement not sufficient: -2.8566 vs -2.8566)
2025-06-28 12:50:28,800 (simulate_adaptive_control:109) [DEBUG]: τ maintained at 1 (R^2 improvement not sufficient: -2.7757 vs -2.7757)
2025-06-28 12:50:28,802 (simulate_adaptive_control:109) [DEBUG]: τ maintained at 1 (R^2 improvement not sufficient: -2.8529 vs -2.8529)
2025-06-28 12:50:28,805 (simulate_adaptive_control:109) [DEBUG]: τ maintained at 1 (R^2 improvement not sufficient: -2.7584 vs -2.7584)
2025-06-28 12:50:28,807 (simulate_adaptive_control:109) [DEBUG]: τ maintained at 1 (R^2 improvement not sufficient: -2.6696 vs -2.6696)
2025-06-28 12:50:28,810 (simulate_adaptive_control:109) [DEBUG]: τ maintained at 1 (R^2 improvement not sufficient: -2.6018 vs -2.6018)
2025-06-28 12:50:28,812 (simulate_adaptive_control:109) [DEBUG]: τ maintained at 1 (R^2 improvement not sufficient: -2.5474 vs -2.5474)
2025-06-28 12:50:28,815 (simulate_adaptive_control:109) [DEBUG]: τ maintained at 1 (R^2 improvement not sufficient: -2.5710 vs -2.5710)
2025-06-28 12:50:28,817 (simulate_adaptive_control:109) [DEBUG]: τ maintained at 1 (R^2 improvement not sufficient: -2.5401 vs -2.5401)
2025-06-28 12:50:28,820 (simulate_adaptive_control:109) [DEBUG]: τ maintained at 1 (R^2 improvement not sufficient: -2.5391 vs -2.5391)
2025-06-28 12:50:28,822 (simulate_adaptive_control:109) [DEBUG]: τ maintained at 1 (R^2 improvement not sufficient: -2.5965 vs -2.5965)
2025-06-28 12:50:28,825 (simulate_adaptive_control:109) [DEBUG]: τ maintained at 1 (R^2 improvement not sufficient: -2.6402 vs -2.6402)
2025-06-28 12:50:28,827 (simulate_adaptive_control:109) [DEBUG]: τ maintained at 1 (R^2 improvement not sufficient: -2.6454 vs -2.6454)
2025-06-28 12:50:28,830 (simulate_adaptive_control:109) [DEBUG]: τ maintained at 1 (R^2 improvement not sufficient: -2.6528 vs -2.6528)
2025-06-28 12:50:28,833 (simulate_adaptive_control:109) [DEBUG]: τ maintained at 1 (R^2 improvement not sufficient: -2.6738 vs -2.6738)
2025-06-28 12:50:28,835 (simulate_adaptive_control:109) [DEBUG]: τ maintained at 1 (R^2 improvement not sufficient: -2.6953 vs -2.6953)
2025-06-28 12:50:28,838 (simulate_adaptive_control:109) [DEBUG]: τ maintained at 1 (R^2 improvement not sufficient: -2.7372 vs -2.7372)
2025-06-28 12:50:28,840 (simulate_adaptive_control:109) [DEBUG]: τ maintained at 1 (R^2 improvement not sufficient: -2.7313 vs -2.7313)
2025-06-28 12:50:28,843 (simulate_adaptive_control:109) [DEBUG]: τ maintained at 1 (R^2 improvement not sufficient: -2.8446 vs -2.8446)
2025-06-28 12:50:28,845 (simulate_adaptive_control:109) [DEBUG]: τ maintained at 1 (R^2 improvement not sufficient: -3.0558 vs -3.0558)
2025-06-28 12:50:28,848 (simulate_adaptive_control:109) [DEBUG]: τ maintained at 1 (R^2 improvement not sufficient: -3.0398 vs -3.0398)
2025-06-28 12:50:28,850 (simulate_adaptive_control:109) [DEBUG]: τ maintained at 1 (R^2 improvement not sufficient: -2.9975 vs -2.9975)
2025-06-28 12:50:28,853 (simulate_adaptive_control:109) [DEBUG]: τ maintained at 1 (R^2 improvement not sufficient: -2.9370 vs -2.9370)
2025-06-28 12:50:28,855 (simulate_adaptive_control:109) [DEBUG]: τ maintained at 1 (R^2 improvement not sufficient: -2.9288 vs -2.9288)
2025-06-28 12:50:28,858 (simulate_adaptive_control:109) [DEBUG]: τ maintained at 1 (R^2 improvement not sufficient: -2.8396 vs -2.8396)
2025-06-28 12:50:28,860 (simulate_adaptive_control:109) [DEBUG]: τ maintained at 1 (R^2 improvement not sufficient: -2.7466 vs -2.7466)
2025-06-28 12:50:28,863 (simulate_adaptive_control:109) [DEBUG]: τ maintained at 1 (R^2 improvement not sufficient: -2.6812 vs -2.6812)
2025-06-28 12:50:28,865 (simulate_adaptive_control:109) [DEBUG]: τ maintained at 1 (R^2 improvement not sufficient: -2.6553 vs -2.6553)
2025-06-28 12:50:28,868 (simulate_adaptive_control:109) [DEBUG]: τ maintained at 1 (R^2 improvement not sufficient: -2.5797 vs -2.5797)
2025-06-28 12:50:28,870 (simulate_adaptive_control:109) [DEBUG]: τ maintained at 1 (R^2 improvement not sufficient: -2.5590 vs -2.5590)
2025-06-28 12:50:28,872 (simulate_adaptive_control:109) [DEBUG]: τ maintained at 1 (R^2 improvement not sufficient: -2.5136 vs -2.5136)
2025-06-28 12:50:28,875 (simulate_adaptive_control:109) [DEBUG]: τ maintained at 1 (R^2 improvement not sufficient: -2.5008 vs -2.5008)
2025-06-28 12:50:28,877 (simulate_adaptive_control:109) [DEBUG]: τ maintained at 1 (R^2 improvement not sufficient: -2.5276 vs -2.5276)
2025-06-28 12:50:28,880 (simulate_adaptive_control:109) [DEBUG]: τ maintained at 1 (R^2 improvement not sufficient: -2.5213 vs -2.5213)
2025-06-28 12:50:28,882 (simulate_adaptive_control:109) [DEBUG]: τ maintained at 1 (R^2 improvement not sufficient: -2.5462 vs -2.5462)
2025-06-28 12:50:28,885 (simulate_adaptive_control:109) [DEBUG]: τ maintained at 1 (R^2 improvement not sufficient: -2.5467 vs -2.5467)
2025-06-28 12:50:28,888 (simulate_adaptive_control:109) [DEBUG]: τ maintained at 1 (R^2 improvement not sufficient: -2.5729 vs -2.5729)
2025-06-28 12:50:28,890 (simulate_adaptive_control:109) [DEBUG]: τ maintained at 1 (R^2 improvement not sufficient: -2.5769 vs -2.5769)
2025-06-28 12:50:28,893 (simulate_adaptive_control:109) [DEBUG]: τ maintained at 1 (R^2 improvement not sufficient: -2.5695 vs -2.5695)
2025-06-28 12:50:28,895 (simulate_adaptive_control:109) [DEBUG]: τ maintained at 1 (R^2 improvement not sufficient: -2.5619 vs -2.5619)
2025-06-28 12:50:28,898 (simulate_adaptive_control:109) [DEBUG]: τ maintained at 1 (R^2 improvement not sufficient: -2.5734 vs -2.5734)
2025-06-28 12:50:28,900 (simulate_adaptive_control:109) [DEBUG]: τ maintained at 1 (R^2 improvement not sufficient: -2.6339 vs -2.6339)
2025-06-28 12:50:28,903 (simulate_adaptive_control:109) [DEBUG]: τ maintained at 1 (R^2 improvement not sufficient: -2.7155 vs -2.7155)
2025-06-28 12:50:28,905 (simulate_adaptive_control:109) [DEBUG]: τ maintained at 1 (R^2 improvement not sufficient: -2.7069 vs -2.7069)
2025-06-28 12:50:28,908 (simulate_adaptive_control:109) [DEBUG]: τ maintained at 1 (R^2 improvement not sufficient: -2.6988 vs -2.6988)
2025-06-28 12:50:28,910 (simulate_adaptive_control:109) [DEBUG]: τ maintained at 1 (R^2 improvement not sufficient: -2.6961 vs -2.6961)
2025-06-28 12:50:28,913 (simulate_adaptive_control:109) [DEBUG]: τ maintained at 1 (R^2 improvement not sufficient: -2.6951 vs -2.6951)
2025-06-28 12:50:28,916 (simulate_adaptive_control:109) [DEBUG]: τ maintained at 1 (R^2 improvement not sufficient: -2.6965 vs -2.6965)
2025-06-28 12:50:28,918 (simulate_adaptive_control:109) [DEBUG]: τ maintained at 1 (R^2 improvement not sufficient: -2.6993 vs -2.6993)
2025-06-28 12:50:28,920 (simulate_adaptive_control:109) [DEBUG]: τ maintained at 1 (R^2 improvement not sufficient: -2.7601 vs -2.7601)
2025-06-28 12:50:28,923 (simulate_adaptive_control:109) [DEBUG]: τ maintained at 1 (R^2 improvement not sufficient: -2.8304 vs -2.8304)
2025-06-28 12:50:28,926 (simulate_adaptive_control:109) [DEBUG]: τ maintained at 1 (R^2 improvement not sufficient: -2.8713 vs -2.8713)
2025-06-28 12:50:28,928 (simulate_adaptive_control:109) [DEBUG]: τ maintained at 1 (R^2 improvement not sufficient: -2.8787 vs -2.8787)
2025-06-28 12:50:28,931 (simulate_adaptive_control:109) [DEBUG]: τ maintained at 1 (R^2 improvement not sufficient: -2.8872 vs -2.8872)
2025-06-28 12:50:28,932 (simulate_adaptive_control:309) [INFO]: Step 100/10000, Current τ: 1, R^2[1]: -2.7822
2025-06-28 12:50:28,934 (simulate_adaptive_control:109) [DEBUG]: τ maintained at 1 (R^2 improvement not sufficient: -2.7822 vs -2.7822)
2025-06-28 12:50:28,936 (simulate_adaptive_control:109) [DEBUG]: τ maintained at 1 (R^2 improvement not sufficient: -2.7282 vs -2.7282)
2025-06-28 12:50:28,939 (simulate_adaptive_control:109) [DEBUG]: τ maintained at 1 (R^2 improvement not sufficient: -2.6304 vs -2.6304)
2025-06-28 12:50:28,941 (simulate_adaptive_control:109) [DEBUG]: τ maintained at 1 (R^2 improvement not sufficient: -2.5602 vs -2.5602)
2025-06-28 12:50:28,944 (simulate_adaptive_control:109) [DEBUG]: τ maintained at 1 (R^2 improvement not sufficient: -2.5244 vs -2.5244)
2025-06-28 12:50:28,947 (simulate_adaptive_control:109) [DEBUG]: τ maintained at 1 (R^2 improvement not sufficient: -2.4958 vs -2.4958)
2025-06-28 12:50:28,949 (simulate_adaptive_control:109) [DEBUG]: τ maintained at 1 (R^2 improvement not sufficient: -2.3648 vs -2.3648)
2025-06-28 12:50:28,952 (simulate_adaptive_control:109) [DEBUG]: τ maintained at 1 (R^2 improvement not sufficient: -2.0542 vs -2.0542)
2025-06-28 12:50:28,954 (simulate_adaptive_control:109) [DEBUG]: τ maintained at 1 (R^2 improvement not sufficient: -1.9761 vs -1.9761)
2025-06-28 12:50:28,958 (simulate_adaptive_control:109) [DEBUG]: τ maintained at 1 (R^2 improvement not sufficient: -2.0467 vs -2.0467)
2025-06-28 12:50:28,960 (simulate_adaptive_control:109) [DEBUG]: τ maintained at 1 (R^2 improvement not sufficient: -2.1083 vs -2.1083)
2025-06-28 12:50:28,963 (simulate_adaptive_control:109) [DEBUG]: τ maintained at 1 (R^2 improvement not sufficient: -2.2270 vs -2.2270)
2025-06-28 12:50:28,965 (simulate_adaptive_control:109) [DEBUG]: τ maintained at 1 (R^2 improvement not sufficient: -2.3668 vs -2.3668)
2025-06-28 12:50:28,968 (simulate_adaptive_control:109) [DEBUG]: τ maintained at 1 (R^2 improvement not sufficient: -2.4538 vs -2.4538)
2025-06-28 12:50:28,970 (simulate_adaptive_control:109) [DEBUG]: τ maintained at 1 (R^2 improvement not sufficient: -2.5521 vs -2.5521)
2025-06-28 12:50:28,973 (simulate_adaptive_control:109) [DEBUG]: τ maintained at 1 (R^2 improvement not sufficient: -2.8249 vs -2.8249)
2025-06-28 12:50:28,976 (simulate_adaptive_control:109) [DEBUG]: τ maintained at 1 (R^2 improvement not sufficient: -3.1622 vs -3.1622)
2025-06-28 12:50:28,979 (simulate_adaptive_control:109) [DEBUG]: τ maintained at 1 (R^2 improvement not sufficient: -3.5757 vs -3.5757)
2025-06-28 12:50:28,981 (simulate_adaptive_control:109) [DEBUG]: τ maintained at 1 (R^2 improvement not sufficient: -4.0250 vs -4.0250)
2025-06-28 12:50:28,984 (simulate_adaptive_control:109) [DEBUG]: τ maintained at 1 (R^2 improvement not sufficient: -4.3323 vs -4.3323)
2025-06-28 12:50:28,986 (simulate_adaptive_control:109) [DEBUG]: τ maintained at 1 (R^2 improvement not sufficient: -4.5952 vs -4.5952)
2025-06-28 12:50:28,989 (simulate_adaptive_control:109) [DEBUG]: τ maintained at 1 (R^2 improvement not sufficient: -4.7871 vs -4.7871)
2025-06-28 12:50:28,991 (simulate_adaptive_control:109) [DEBUG]: τ maintained at 1 (R^2 improvement not sufficient: -4.6922 vs -4.6922)
2025-06-28 12:50:28,994 (simulate_adaptive_control:109) [DEBUG]: τ maintained at 1 (R^2 improvement not sufficient: -4.6306 vs -4.6306)
2025-06-28 12:50:28,996 (simulate_adaptive_control:109) [DEBUG]: τ maintained at 1 (R^2 improvement not sufficient: -4.5888 vs -4.5888)
2025-06-28 12:50:28,999 (simulate_adaptive_control:109) [DEBUG]: τ maintained at 1 (R^2 improvement not sufficient: -4.4893 vs -4.4893)
2025-06-28 12:50:29,002 (simulate_adaptive_control:109) [DEBUG]: τ maintained at 1 (R^2 improvement not sufficient: -4.3475 vs -4.3475)
2025-06-28 12:50:29,004 (simulate_adaptive_control:109) [DEBUG]: τ maintained at 1 (R^2 improvement not sufficient: -4.1323 vs -4.1323)
2025-06-28 12:50:29,007 (simulate_adaptive_control:109) [DEBUG]: τ maintained at 1 (R^2 improvement not sufficient: -3.8131 vs -3.8131)
2025-06-28 12:50:29,009 (simulate_adaptive_control:109) [DEBUG]: τ maintained at 1 (R^2 improvement not sufficient: -3.6012 vs -3.6012)
2025-06-28 12:50:29,012 (simulate_adaptive_control:109) [DEBUG]: τ maintained at 1 (R^2 improvement not sufficient: -3.2975 vs -3.2975)
2025-06-28 12:50:29,014 (simulate_adaptive_control:109) [DEBUG]: τ maintained at 1 (R^2 improvement not sufficient: -3.1240 vs -3.1240)
2025-06-28 12:50:29,017 (simulate_adaptive_control:109) [DEBUG]: τ maintained at 1 (R^2 improvement not sufficient: -2.9253 vs -2.9253)
2025-06-28 12:50:29,019 (simulate_adaptive_control:109) [DEBUG]: τ maintained at 1 (R^2 improvement not sufficient: -2.1949 vs -2.1949)
2025-06-28 12:50:29,022 (simulate_adaptive_control:109) [DEBUG]: τ maintained at 1 (R^2 improvement not sufficient: -2.0148 vs -2.0148)
2025-06-28 12:50:29,024 (simulate_adaptive_control:109) [DEBUG]: τ maintained at 1 (R^2 improvement not sufficient: -2.1391 vs -2.1391)
2025-06-28 12:50:29,027 (simulate_adaptive_control:109) [DEBUG]: τ maintained at 1 (R^2 improvement not sufficient: -2.0986 vs -2.0986)
2025-06-28 12:50:29,030 (simulate_adaptive_control:109) [DEBUG]: τ maintained at 1 (R^2 improvement not sufficient: -2.0181 vs -2.0181)
2025-06-28 12:50:29,032 (simulate_adaptive_control:109) [DEBUG]: τ maintained at 1 (R^2 improvement not sufficient: -1.9695 vs -1.9695)
2025-06-28 12:50:29,035 (simulate_adaptive_control:109) [DEBUG]: τ maintained at 1 (R^2 improvement not sufficient: -1.9410 vs -1.9410)
2025-06-28 12:50:29,037 (simulate_adaptive_control:109) [DEBUG]: τ maintained at 1 (R^2 improvement not sufficient: -1.9591 vs -1.9591)
2025-06-28 12:50:29,040 (simulate_adaptive_control:109) [DEBUG]: τ maintained at 1 (R^2 improvement not sufficient: -1.9913 vs -1.9913)
2025-06-28 12:50:29,043 (simulate_adaptive_control:109) [DEBUG]: τ maintained at 1 (R^2 improvement not sufficient: -2.0173 vs -2.0173)
2025-06-28 12:50:29,045 (simulate_adaptive_control:109) [DEBUG]: τ maintained at 1 (R^2 improvement not sufficient: -1.9617 vs -1.9617)
2025-06-28 12:50:29,047 (simulate_adaptive_control:109) [DEBUG]: τ maintained at 1 (R^2 improvement not sufficient: -1.8507 vs -1.8507)
2025-06-28 12:50:29,050 (simulate_adaptive_control:109) [DEBUG]: τ maintained at 1 (R^2 improvement not sufficient: -2.0404 vs -2.0404)
2025-06-28 12:50:29,053 (simulate_adaptive_control:109) [DEBUG]: τ maintained at 1 (R^2 improvement not sufficient: -2.1288 vs -2.1288)
2025-06-28 12:50:29,055 (simulate_adaptive_control:109) [DEBUG]: τ maintained at 1 (R^2 improvement not sufficient: -2.1903 vs -2.1903)
2025-06-28 12:50:29,058 (simulate_adaptive_control:109) [DEBUG]: τ maintained at 1 (R^2 improvement not sufficient: -2.1239 vs -2.1239)
2025-06-28 12:50:29,060 (simulate_adaptive_control:109) [DEBUG]: τ maintained at 1 (R^2 improvement not sufficient: -2.1812 vs -2.1812)
2025-06-28 12:50:29,062 (simulate_adaptive_control:109) [DEBUG]: τ maintained at 1 (R^2 improvement not sufficient: -2.5110 vs -2.5110)
2025-06-28 12:50:29,065 (simulate_adaptive_control:109) [DEBUG]: τ maintained at 1 (R^2 improvement not sufficient: -2.6485 vs -2.6485)
2025-06-28 12:50:29,068 (simulate_adaptive_control:109) [DEBUG]: τ maintained at 1 (R^2 improvement not sufficient: -2.8559 vs -2.8559)
2025-06-28 12:50:29,070 (simulate_adaptive_control:109) [DEBUG]: τ maintained at 1 (R^2 improvement not sufficient: -3.0299 vs -3.0299)
2025-06-28 12:50:29,073 (simulate_adaptive_control:109) [DEBUG]: τ maintained at 1 (R^2 improvement not sufficient: -3.0332 vs -3.0332)
2025-06-28 12:50:29,075 (simulate_adaptive_control:109) [DEBUG]: τ maintained at 1 (R^2 improvement not sufficient: -2.9298 vs -2.9298)
2025-06-28 12:50:29,078 (simulate_adaptive_control:109) [DEBUG]: τ maintained at 1 (R^2 improvement not sufficient: -2.7742 vs -2.7742)
2025-06-28 12:50:29,080 (simulate_adaptive_control:109) [DEBUG]: τ maintained at 1 (R^2 improvement not sufficient: -2.6595 vs -2.6595)
2025-06-28 12:50:29,083 (simulate_adaptive_control:109) [DEBUG]: τ maintained at 1 (R^2 improvement not sufficient: -2.6838 vs -2.6838)
2025-06-28 12:50:29,086 (simulate_adaptive_control:109) [DEBUG]: τ maintained at 1 (R^2 improvement not sufficient: -2.6937 vs -2.6937)
2025-06-28 12:50:29,088 (simulate_adaptive_control:109) [DEBUG]: τ maintained at 1 (R^2 improvement not sufficient: -2.6625 vs -2.6625)
2025-06-28 12:50:29,090 (simulate_adaptive_control:109) [DEBUG]: τ maintained at 1 (R^2 improvement not sufficient: -2.6382 vs -2.6382)
2025-06-28 12:50:29,093 (simulate_adaptive_control:109) [DEBUG]: τ maintained at 1 (R^2 improvement not sufficient: -2.6083 vs -2.6083)
2025-06-28 12:50:29,096 (simulate_adaptive_control:109) [DEBUG]: τ maintained at 1 (R^2 improvement not sufficient: -2.6110 vs -2.6110)
2025-06-28 12:50:29,098 (simulate_adaptive_control:109) [DEBUG]: τ maintained at 1 (R^2 improvement not sufficient: -2.5199 vs -2.5199)
2025-06-28 12:50:29,101 (simulate_adaptive_control:109) [DEBUG]: τ maintained at 1 (R^2 improvement not sufficient: -2.3389 vs -2.3389)
2025-06-28 12:50:29,103 (simulate_adaptive_control:109) [DEBUG]: τ maintained at 1 (R^2 improvement not sufficient: -2.3789 vs -2.3789)
2025-06-28 12:50:29,106 (simulate_adaptive_control:109) [DEBUG]: τ maintained at 1 (R^2 improvement not sufficient: -2.4051 vs -2.4051)
2025-06-28 12:50:29,108 (simulate_adaptive_control:109) [DEBUG]: τ maintained at 1 (R^2 improvement not sufficient: -2.4577 vs -2.4577)
2025-06-28 12:50:29,111 (simulate_adaptive_control:109) [DEBUG]: τ maintained at 1 (R^2 improvement not sufficient: -2.4452 vs -2.4452)
2025-06-28 12:50:29,113 (simulate_adaptive_control:109) [DEBUG]: τ maintained at 1 (R^2 improvement not sufficient: -2.5151 vs -2.5151)
2025-06-28 12:50:29,116 (simulate_adaptive_control:109) [DEBUG]: τ maintained at 1 (R^2 improvement not sufficient: -2.5883 vs -2.5883)
2025-06-28 12:50:29,119 (simulate_adaptive_control:109) [DEBUG]: τ maintained at 1 (R^2 improvement not sufficient: -2.6368 vs -2.6368)
2025-06-28 12:50:29,121 (simulate_adaptive_control:109) [DEBUG]: τ maintained at 1 (R^2 improvement not sufficient: -2.7547 vs -2.7547)
2025-06-28 12:50:29,124 (simulate_adaptive_control:109) [DEBUG]: τ maintained at 1 (R^2 improvement not sufficient: -2.8064 vs -2.8064)
2025-06-28 12:50:29,126 (simulate_adaptive_control:109) [DEBUG]: τ maintained at 1 (R^2 improvement not sufficient: -2.8627 vs -2.8627)
2025-06-28 12:50:29,129 (simulate_adaptive_control:109) [DEBUG]: τ maintained at 1 (R^2 improvement not sufficient: -2.9671 vs -2.9671)
2025-06-28 12:50:29,131 (simulate_adaptive_control:109) [DEBUG]: τ maintained at 1 (R^2 improvement not sufficient: -3.0105 vs -3.0105)
2025-06-28 12:50:29,134 (simulate_adaptive_control:109) [DEBUG]: τ maintained at 1 (R^2 improvement not sufficient: -2.9847 vs -2.9847)
2025-06-28 12:50:29,136 (simulate_adaptive_control:109) [DEBUG]: τ maintained at 1 (R^2 improvement not sufficient: -2.9934 vs -2.9934)
2025-06-28 12:50:29,139 (simulate_adaptive_control:109) [DEBUG]: τ maintained at 1 (R^2 improvement not sufficient: -2.9588 vs -2.9588)
2025-06-28 12:50:29,141 (simulate_adaptive_control:109) [DEBUG]: τ maintained at 1 (R^2 improvement not sufficient: -2.9768 vs -2.9768)
2025-06-28 12:50:29,144 (simulate_adaptive_control:109) [DEBUG]: τ maintained at 1 (R^2 improvement not sufficient: -2.9761 vs -2.9761)
2025-06-28 12:50:29,146 (simulate_adaptive_control:109) [DEBUG]: τ maintained at 1 (R^2 improvement not sufficient: -2.9873 vs -2.9873)
2025-06-28 12:50:29,149 (simulate_adaptive_control:109) [DEBUG]: τ maintained at 1 (R^2 improvement not sufficient: -3.0155 vs -3.0155)
2025-06-28 12:50:29,151 (simulate_adaptive_control:109) [DEBUG]: τ maintained at 1 (R^2 improvement not sufficient: -3.1266 vs -3.1266)
2025-06-28 12:50:29,154 (simulate_adaptive_control:109) [DEBUG]: τ maintained at 1 (R^2 improvement not sufficient: -3.2556 vs -3.2556)
2025-06-28 12:50:29,156 (simulate_adaptive_control:109) [DEBUG]: τ maintained at 1 (R^2 improvement not sufficient: -3.3109 vs -3.3109)
2025-06-28 12:50:29,159 (simulate_adaptive_control:109) [DEBUG]: τ maintained at 1 (R^2 improvement not sufficient: -3.3238 vs -3.3238)
2025-06-28 12:50:29,161 (simulate_adaptive_control:109) [DEBUG]: τ maintained at 1 (R^2 improvement not sufficient: -3.3771 vs -3.3771)
2025-06-28 12:50:29,164 (simulate_adaptive_control:109) [DEBUG]: τ maintained at 1 (R^2 improvement not sufficient: -3.4140 vs -3.4140)
2025-06-28 12:50:29,166 (simulate_adaptive_control:109) [DEBUG]: τ maintained at 1 (R^2 improvement not sufficient: -3.4498 vs -3.4498)
2025-06-28 12:50:29,169 (simulate_adaptive_control:109) [DEBUG]: τ maintained at 1 (R^2 improvement not sufficient: -3.7532 vs -3.7532)
2025-06-28 12:50:29,171 (simulate_adaptive_control:109) [DEBUG]: τ maintained at 1 (R^2 improvement not sufficient: -4.0802 vs -4.0802)
2025-06-28 12:50:29,174 (simulate_adaptive_control:109) [DEBUG]: τ maintained at 1 (R^2 improvement not sufficient: -4.4935 vs -4.4935)
2025-06-28 12:50:29,176 (simulate_adaptive_control:109) [DEBUG]: τ maintained at 1 (R^2 improvement not sufficient: -4.5947 vs -4.5947)
2025-06-28 12:50:29,179 (simulate_adaptive_control:109) [DEBUG]: τ maintained at 1 (R^2 improvement not sufficient: -4.6302 vs -4.6302)
2025-06-28 12:50:29,181 (simulate_adaptive_control:109) [DEBUG]: τ maintained at 1 (R^2 improvement not sufficient: -4.8610 vs -4.8610)
2025-06-28 12:50:29,184 (simulate_adaptive_control:109) [DEBUG]: τ maintained at 1 (R^2 improvement not sufficient: -5.1999 vs -5.1999)
2025-06-28 12:50:29,186 (simulate_adaptive_control:109) [DEBUG]: τ maintained at 1 (R^2 improvement not sufficient: -5.3377 vs -5.3377)
2025-06-28 12:50:29,187 (simulate_adaptive_control:309) [INFO]: Step 200/10000, Current τ: 1, R^2[1]: -5.4647
2025-06-28 12:50:29,189 (simulate_adaptive_control:109) [DEBUG]: τ maintained at 1 (R^2 improvement not sufficient: -5.4647 vs -5.4647)
2025-06-28 12:50:29,191 (simulate_adaptive_control:109) [DEBUG]: τ maintained at 1 (R^2 improvement not sufficient: -5.5506 vs -5.5506)
2025-06-28 12:50:29,194 (simulate_adaptive_control:109) [DEBUG]: τ maintained at 1 (R^2 improvement not sufficient: -5.6760 vs -5.6760)
2025-06-28 12:50:29,197 (simulate_adaptive_control:109) [DEBUG]: τ maintained at 1 (R^2 improvement not sufficient: -5.7889 vs -5.7889)
2025-06-28 12:50:29,199 (simulate_adaptive_control:109) [DEBUG]: τ maintained at 1 (R^2 improvement not sufficient: -5.9584 vs -5.9584)
2025-06-28 12:50:29,202 (simulate_adaptive_control:109) [DEBUG]: τ maintained at 1 (R^2 improvement not sufficient: -6.0343 vs -6.0343)
2025-06-28 12:50:29,205 (simulate_adaptive_control:109) [DEBUG]: τ maintained at 1 (R^2 improvement not sufficient: -6.1180 vs -6.1180)
2025-06-28 12:50:29,207 (simulate_adaptive_control:109) [DEBUG]: τ maintained at 1 (R^2 improvement not sufficient: -6.3026 vs -6.3026)
2025-06-28 12:50:29,210 (simulate_adaptive_control:109) [DEBUG]: τ maintained at 1 (R^2 improvement not sufficient: -6.4464 vs -6.4464)
2025-06-28 12:50:29,212 (simulate_adaptive_control:109) [DEBUG]: τ maintained at 1 (R^2 improvement not sufficient: -6.4456 vs -6.4456)
2025-06-28 12:50:29,215 (simulate_adaptive_control:109) [DEBUG]: τ maintained at 1 (R^2 improvement not sufficient: -6.4864 vs -6.4864)
2025-06-28 12:50:29,218 (simulate_adaptive_control:109) [DEBUG]: τ maintained at 1 (R^2 improvement not sufficient: -6.4480 vs -6.4480)
2025-06-28 12:50:29,221 (simulate_adaptive_control:109) [DEBUG]: τ maintained at 1 (R^2 improvement not sufficient: -6.4299 vs -6.4299)
2025-06-28 12:50:29,224 (simulate_adaptive_control:109) [DEBUG]: τ maintained at 1 (R^2 improvement not sufficient: -6.4242 vs -6.4242)
2025-06-28 12:50:29,227 (simulate_adaptive_control:109) [DEBUG]: τ maintained at 1 (R^2 improvement not sufficient: -6.4203 vs -6.4203)
2025-06-28 12:50:29,230 (simulate_adaptive_control:109) [DEBUG]: τ maintained at 1 (R^2 improvement not sufficient: -6.4267 vs -6.4267)
2025-06-28 12:50:29,232 (simulate_adaptive_control:109) [DEBUG]: τ maintained at 1 (R^2 improvement not sufficient: -6.4459 vs -6.4459)
2025-06-28 12:50:29,235 (simulate_adaptive_control:109) [DEBUG]: τ maintained at 1 (R^2 improvement not sufficient: -6.6762 vs -6.6762)
2025-06-28 12:50:29,238 (simulate_adaptive_control:109) [DEBUG]: τ maintained at 1 (R^2 improvement not sufficient: -6.7203 vs -6.7203)
2025-06-28 12:50:29,240 (simulate_adaptive_control:109) [DEBUG]: τ maintained at 1 (R^2 improvement not sufficient: -6.7074 vs -6.7074)
2025-06-28 12:50:29,243 (simulate_adaptive_control:109) [DEBUG]: τ maintained at 1 (R^2 improvement not sufficient: -6.6997 vs -6.6997)
2025-06-28 12:50:29,246 (simulate_adaptive_control:109) [DEBUG]: τ maintained at 1 (R^2 improvement not sufficient: -6.7090 vs -6.7090)
2025-06-28 12:50:29,248 (simulate_adaptive_control:109) [DEBUG]: τ maintained at 1 (R^2 improvement not sufficient: -6.7366 vs -6.7366)
2025-06-28 12:50:29,251 (simulate_adaptive_control:109) [DEBUG]: τ maintained at 1 (R^2 improvement not sufficient: -6.7637 vs -6.7637)
2025-06-28 12:50:29,254 (simulate_adaptive_control:109) [DEBUG]: τ maintained at 1 (R^2 improvement not sufficient: -6.8743 vs -6.8743)
2025-06-28 12:50:29,258 (simulate_adaptive_control:109) [DEBUG]: τ maintained at 1 (R^2 improvement not sufficient: -7.0226 vs -7.0226)
2025-06-28 12:50:29,261 (simulate_adaptive_control:109) [DEBUG]: τ maintained at 1 (R^2 improvement not sufficient: -7.2917 vs -7.2917)
2025-06-28 12:50:29,264 (simulate_adaptive_control:109) [DEBUG]: τ maintained at 1 (R^2 improvement not sufficient: -7.5766 vs -7.5766)
2025-06-28 12:50:29,267 (simulate_adaptive_control:109) [DEBUG]: τ maintained at 1 (R^2 improvement not sufficient: -7.9452 vs -7.9452)
2025-06-28 12:50:29,270 (simulate_adaptive_control:109) [DEBUG]: τ maintained at 1 (R^2 improvement not sufficient: -8.4191 vs -8.4191)
2025-06-28 12:50:29,273 (simulate_adaptive_control:109) [DEBUG]: τ maintained at 1 (R^2 improvement not sufficient: -9.1293 vs -9.1293)
2025-06-28 12:50:29,276 (simulate_adaptive_control:109) [DEBUG]: τ maintained at 1 (R^2 improvement not sufficient: -9.8753 vs -9.8753)
2025-06-28 12:50:29,279 (simulate_adaptive_control:109) [DEBUG]: τ maintained at 1 (R^2 improvement not sufficient: -10.8316 vs -10.8316)
2025-06-28 12:50:29,282 (simulate_adaptive_control:109) [DEBUG]: τ maintained at 1 (R^2 improvement not sufficient: -12.1154 vs -12.1154)
2025-06-28 12:50:29,284 (simulate_adaptive_control:109) [DEBUG]: τ maintained at 1 (R^2 improvement not sufficient: -13.4871 vs -13.4871)
2025-06-28 12:50:29,287 (simulate_adaptive_control:109) [DEBUG]: τ maintained at 1 (R^2 improvement not sufficient: -14.3133 vs -14.3133)
2025-06-28 12:50:29,289 (simulate_adaptive_control:109) [DEBUG]: τ maintained at 1 (R^2 improvement not sufficient: -15.4082 vs -15.4082)
2025-06-28 12:50:29,292 (simulate_adaptive_control:109) [DEBUG]: τ maintained at 1 (R^2 improvement not sufficient: -16.3763 vs -16.3763)
2025-06-28 12:50:29,295 (simulate_adaptive_control:109) [DEBUG]: τ maintained at 1 (R^2 improvement not sufficient: -17.0700 vs -17.0700)
2025-06-28 12:50:29,297 (simulate_adaptive_control:109) [DEBUG]: τ maintained at 1 (R^2 improvement not sufficient: -17.4163 vs -17.4163)
2025-06-28 12:50:29,300 (simulate_adaptive_control:109) [DEBUG]: τ maintained at 1 (R^2 improvement not sufficient: -17.5423 vs -17.5423)
2025-06-28 12:50:29,302 (simulate_adaptive_control:109) [DEBUG]: τ maintained at 1 (R^2 improvement not sufficient: -17.4970 vs -17.4970)
2025-06-28 12:50:29,305 (simulate_adaptive_control:109) [DEBUG]: τ maintained at 1 (R^2 improvement not sufficient: -17.3802 vs -17.3802)
2025-06-28 12:50:29,308 (simulate_adaptive_control:109) [DEBUG]: τ maintained at 1 (R^2 improvement not sufficient: -17.2473 vs -17.2473)
2025-06-28 12:50:29,310 (simulate_adaptive_control:109) [DEBUG]: τ maintained at 1 (R^2 improvement not sufficient: -17.0405 vs -17.0405)
2025-06-28 12:50:29,313 (simulate_adaptive_control:109) [DEBUG]: τ maintained at 1 (R^2 improvement not sufficient: -16.3343 vs -16.3343)
2025-06-28 12:50:29,316 (simulate_adaptive_control:109) [DEBUG]: τ maintained at 1 (R^2 improvement not sufficient: -15.5865 vs -15.5865)
2025-06-28 12:50:29,319 (simulate_adaptive_control:109) [DEBUG]: τ maintained at 1 (R^2 improvement not sufficient: -14.9315 vs -14.9315)
2025-06-28 12:50:29,321 (simulate_adaptive_control:109) [DEBUG]: τ maintained at 1 (R^2 improvement not sufficient: -14.1351 vs -14.1351)
2025-06-28 12:50:29,324 (simulate_adaptive_control:109) [DEBUG]: τ maintained at 1 (R^2 improvement not sufficient: -13.4974 vs -13.4974)
2025-06-28 12:50:29,327 (simulate_adaptive_control:109) [DEBUG]: τ maintained at 1 (R^2 improvement not sufficient: -12.4248 vs -12.4248)
2025-06-28 12:50:29,330 (simulate_adaptive_control:109) [DEBUG]: τ maintained at 1 (R^2 improvement not sufficient: -11.8768 vs -11.8768)
2025-06-28 12:50:29,332 (simulate_adaptive_control:109) [DEBUG]: τ maintained at 1 (R^2 improvement not sufficient: -11.3911 vs -11.3911)
2025-06-28 12:50:29,335 (simulate_adaptive_control:109) [DEBUG]: τ maintained at 1 (R^2 improvement not sufficient: -11.0338 vs -11.0338)
2025-06-28 12:50:29,338 (simulate_adaptive_control:109) [DEBUG]: τ maintained at 1 (R^2 improvement not sufficient: -11.2431 vs -11.2431)
2025-06-28 12:50:29,341 (simulate_adaptive_control:109) [DEBUG]: τ maintained at 1 (R^2 improvement not sufficient: -11.8000 vs -11.8000)
2025-06-28 12:50:29,343 (simulate_adaptive_control:109) [DEBUG]: τ maintained at 1 (R^2 improvement not sufficient: -12.5191 vs -12.5191)
2025-06-28 12:50:29,346 (simulate_adaptive_control:109) [DEBUG]: τ maintained at 1 (R^2 improvement not sufficient: -13.3521 vs -13.3521)
2025-06-28 12:50:29,348 (simulate_adaptive_control:109) [DEBUG]: τ maintained at 1 (R^2 improvement not sufficient: -13.8120 vs -13.8120)
2025-06-28 12:50:29,351 (simulate_adaptive_control:109) [DEBUG]: τ maintained at 1 (R^2 improvement not sufficient: -14.1634 vs -14.1634)
2025-06-28 12:50:29,353 (simulate_adaptive_control:109) [DEBUG]: τ maintained at 1 (R^2 improvement not sufficient: -14.2570 vs -14.2570)
2025-06-28 12:50:29,356 (simulate_adaptive_control:109) [DEBUG]: τ maintained at 1 (R^2 improvement not sufficient: -14.1232 vs -14.1232)
2025-06-28 12:50:29,359 (simulate_adaptive_control:109) [DEBUG]: τ maintained at 1 (R^2 improvement not sufficient: -13.7254 vs -13.7254)
2025-06-28 12:50:29,362 (simulate_adaptive_control:109) [DEBUG]: τ maintained at 1 (R^2 improvement not sufficient: -13.2737 vs -13.2737)
2025-06-28 12:50:29,364 (simulate_adaptive_control:109) [DEBUG]: τ maintained at 1 (R^2 improvement not sufficient: -12.6866 vs -12.6866)
2025-06-28 12:50:29,367 (simulate_adaptive_control:109) [DEBUG]: τ maintained at 1 (R^2 improvement not sufficient: -12.0830 vs -12.0830)
2025-06-28 12:50:29,369 (simulate_adaptive_control:109) [DEBUG]: τ maintained at 1 (R^2 improvement not sufficient: -11.4786 vs -11.4786)
2025-06-28 12:50:29,372 (simulate_adaptive_control:109) [DEBUG]: τ maintained at 1 (R^2 improvement not sufficient: -11.2085 vs -11.2085)
2025-06-28 12:50:29,375 (simulate_adaptive_control:109) [DEBUG]: τ maintained at 1 (R^2 improvement not sufficient: -10.8547 vs -10.8547)
2025-06-28 12:50:29,378 (simulate_adaptive_control:109) [DEBUG]: τ maintained at 1 (R^2 improvement not sufficient: -10.9569 vs -10.9569)
2025-06-28 12:50:29,381 (simulate_adaptive_control:109) [DEBUG]: τ maintained at 1 (R^2 improvement not sufficient: -10.9579 vs -10.9579)
2025-06-28 12:50:29,384 (simulate_adaptive_control:109) [DEBUG]: τ maintained at 1 (R^2 improvement not sufficient: -11.0832 vs -11.0832)
2025-06-28 12:50:29,386 (simulate_adaptive_control:109) [DEBUG]: τ maintained at 1 (R^2 improvement not sufficient: -11.3384 vs -11.3384)
2025-06-28 12:50:29,389 (simulate_adaptive_control:109) [DEBUG]: τ maintained at 1 (R^2 improvement not sufficient: -11.2994 vs -11.2994)
2025-06-28 12:50:29,391 (simulate_adaptive_control:109) [DEBUG]: τ maintained at 1 (R^2 improvement not sufficient: -11.5253 vs -11.5253)
2025-06-28 12:50:29,394 (simulate_adaptive_control:109) [DEBUG]: τ maintained at 1 (R^2 improvement not sufficient: -11.6445 vs -11.6445)
2025-06-28 12:50:29,396 (simulate_adaptive_control:109) [DEBUG]: τ maintained at 1 (R^2 improvement not sufficient: -11.7837 vs -11.7837)
2025-06-28 12:50:29,399 (simulate_adaptive_control:109) [DEBUG]: τ maintained at 1 (R^2 improvement not sufficient: -11.8831 vs -11.8831)
2025-06-28 12:50:29,401 (simulate_adaptive_control:109) [DEBUG]: τ maintained at 1 (R^2 improvement not sufficient: -12.2014 vs -12.2014)
2025-06-28 12:50:29,404 (simulate_adaptive_control:109) [DEBUG]: τ maintained at 1 (R^2 improvement not sufficient: -12.3063 vs -12.3063)
2025-06-28 12:50:29,406 (simulate_adaptive_control:109) [DEBUG]: τ maintained at 1 (R^2 improvement not sufficient: -12.4375 vs -12.4375)
2025-06-28 12:50:29,409 (simulate_adaptive_control:109) [DEBUG]: τ maintained at 1 (R^2 improvement not sufficient: -12.5154 vs -12.5154)
2025-06-28 12:50:29,412 (simulate_adaptive_control:109) [DEBUG]: τ maintained at 1 (R^2 improvement not sufficient: -12.4808 vs -12.4808)
2025-06-28 12:50:29,414 (simulate_adaptive_control:109) [DEBUG]: τ maintained at 1 (R^2 improvement not sufficient: -12.5478 vs -12.5478)
2025-06-28 12:50:29,417 (simulate_adaptive_control:109) [DEBUG]: τ maintained at 1 (R^2 improvement not sufficient: -12.5950 vs -12.5950)
2025-06-28 12:50:29,419 (simulate_adaptive_control:109) [DEBUG]: τ maintained at 1 (R^2 improvement not sufficient: -12.4293 vs -12.4293)
2025-06-28 12:50:29,422 (simulate_adaptive_control:109) [DEBUG]: τ maintained at 1 (R^2 improvement not sufficient: -12.1786 vs -12.1786)
2025-06-28 12:50:29,424 (simulate_adaptive_control:109) [DEBUG]: τ maintained at 1 (R^2 improvement not sufficient: -11.9285 vs -11.9285)
2025-06-28 12:50:29,427 (simulate_adaptive_control:109) [DEBUG]: τ maintained at 1 (R^2 improvement not sufficient: -11.7401 vs -11.7401)
2025-06-28 12:50:29,430 (simulate_adaptive_control:109) [DEBUG]: τ maintained at 1 (R^2 improvement not sufficient: -11.7667 vs -11.7667)
2025-06-28 12:50:29,432 (simulate_adaptive_control:109) [DEBUG]: τ maintained at 1 (R^2 improvement not sufficient: -11.7429 vs -11.7429)
2025-06-28 12:50:29,435 (simulate_adaptive_control:109) [DEBUG]: τ maintained at 1 (R^2 improvement not sufficient: -11.6927 vs -11.6927)
2025-06-28 12:50:29,437 (simulate_adaptive_control:109) [DEBUG]: τ maintained at 1 (R^2 improvement not sufficient: -11.1325 vs -11.1325)
2025-06-28 12:50:29,440 (simulate_adaptive_control:109) [DEBUG]: τ maintained at 1 (R^2 improvement not sufficient: -10.5380 vs -10.5380)
2025-06-28 12:50:29,442 (simulate_adaptive_control:109) [DEBUG]: τ maintained at 1 (R^2 improvement not sufficient: -9.7700 vs -9.7700)
2025-06-28 12:50:29,445 (simulate_adaptive_control:109) [DEBUG]: τ maintained at 1 (R^2 improvement not sufficient: -9.4639 vs -9.4639)
2025-06-28 12:50:29,448 (simulate_adaptive_control:109) [DEBUG]: τ maintained at 1 (R^2 improvement not sufficient: -9.2307 vs -9.2307)
2025-06-28 12:50:29,451 (simulate_adaptive_control:109) [DEBUG]: τ maintained at 1 (R^2 improvement not sufficient: -8.6846 vs -8.6846)
2025-06-28 12:50:29,452 (simulate_adaptive_control:244) [INFO]: End of reference trajectory (or look-ahead range) reached. Stopping simulation.
2025-06-28 12:50:29,452 (simulate_adaptive_control:311) [INFO]: Simulation finished.
2025-06-28 12:50:29,467 (simulate_adaptive_control:319) [INFO]: Simulation results saved to data/simulate_adaptive_control/adaptive_simulation/20250628T125028/adaptive_simulation_results.csv
