2025-06-28 17:59:31,388 (event_logging:164) [DEBUG]: Start event logging
2025-06-28 17:59:31,388 (event_logging:165) [DEBUG]: Logger name: __main__
2025-06-28 17:59:31,388 (event_logging:166) [DEBUG]: Log filename: /mnt/c/Users/HosodaLab2/OneDrive - Kyoto University/University/Reserch/reservoir/affeto/affetto-nn-ctrl-7090826/data/trained_model/train_adaptive/20250628T175931/train_model.log
2025-06-28 17:59:31,388 (event_logging:168) [DEBUG]: Command: python apps/train_model.py -v ../20241203T144115/step/sync/fast -j 5 --train-size 0.25 --seed 42 -m apps/config/adaptive_model.toml --label train_adaptive
2025-06-28 17:59:31,389 (train_model:257) [INFO]: Output directory: /mnt/c/Users/HosodaLab2/OneDrive - Kyoto University/University/Reserch/reservoir/affeto/affetto-nn-ctrl-7090826/data/trained_model/train_adaptive/20250628T175931
2025-06-28 17:59:31,389 (data_handling:162) [DEBUG]: Directory created: /mnt/c/Users/HosodaLab2/OneDrive - Kyoto University/University/Reserch/reservoir/affeto/affetto-nn-ctrl-7090826/data/trained_model/train_adaptive/20250628T175931
2025-06-28 17:59:31,392 (data_handling:152) [DEBUG]: Symlink created: /mnt/c/Users/HosodaLab2/OneDrive - Kyoto University/University/Reserch/reservoir/affeto/affetto-nn-ctrl-7090826/data/trained_model/train_adaptive/latest -> /mnt/c/Users/HosodaLab2/OneDrive - Kyoto University/University/Reserch/reservoir/affeto/affetto-nn-ctrl-7090826/data/trained_model/train_adaptive/20250628T175931
2025-06-28 17:59:31,393 (data_handling:162) [DEBUG]: Directory created: /mnt/c/Users/HosodaLab2/OneDrive - Kyoto University/University/Reserch/reservoir/affeto/affetto-nn-ctrl-7090826/data/trained_model/train_adaptive/20250628T175931/config
2025-06-28 17:59:31,404 (data_handling:180) [DEBUG]: Model config copied: None -> /mnt/c/Users/HosodaLab2/OneDrive - Kyoto University/University/Reserch/reservoir/affeto/affetto-nn-ctrl-7090826/data/trained_model/train_adaptive/20250628T175931/config
2025-06-28 17:59:31,404 (train_model:260) [DEBUG]: Parsed arguments: Namespace(base_dir='/mnt/c/Users/HosodaLab2/OneDrive - Kyoto University/University/Reserch/reservoir/affeto/affetto-nn-ctrl-7090826/data', joints=['5'], datasets=['../20241203T144115/step/sync/fast'], glob_pattern='**/*.csv', train_size=0.25, test_size=None, seed=42, shuffle=True, split_in_each_directory=False, model_config='apps/config/adaptive_model.toml', adapter=None, scaler=None, regressor=None, output=None, output_prefix='trained_model', overwrite=False, label='train_adaptive', sublabel=None, split_by_date=True, specify_date=None, make_latest_symlink=True, verbose=1)
2025-06-28 17:59:31,404 (train_model:58) [DEBUG]: Resolved active joints: [5]
2025-06-28 17:59:31,406 (train_model:62) [DEBUG]: Model config file loaded: apps/config/adaptive_model.toml
2025-06-28 17:59:31,406 (train_model:65) [DEBUG]: Loading datasets with following condition:
2025-06-28 17:59:31,407 (train_model:66) [DEBUG]:      Path list: ['../20241203T144115/step/sync/fast']
2025-06-28 17:59:31,407 (train_model:67) [DEBUG]:   glob pattern: **/*.csv
2025-06-28 17:59:31,427 (model_utility:674) [DEBUG]: Loading datasets from ['../20241203T144115/step/sync/fast/motion_data_058.csv', '../20241203T144115/step/sync/fast/motion_data_074.csv', '../20241203T144115/step/sync/fast/motion_data_088.csv', '../20241203T144115/step/sync/fast/motion_data_098.csv', '../20241203T144115/step/sync/fast/motion_data_054.csv', '../20241203T144115/step/sync/fast/motion_data_049.csv', '../20241203T144115/step/sync/fast/motion_data_006.csv', '../20241203T144115/step/sync/fast/motion_data_090.csv', '../20241203T144115/step/sync/fast/motion_data_011.csv', '../20241203T144115/step/sync/fast/motion_data_085.csv', '../20241203T144115/step/sync/fast/motion_data_041.csv', '../20241203T144115/step/sync/fast/motion_data_022.csv', '../20241203T144115/step/sync/fast/motion_data_019.csv', '../20241203T144115/step/sync/fast/motion_data_035.csv', '../20241203T144115/step/sync/fast/motion_data_064.csv', '../20241203T144115/step/sync/fast/motion_data_047.csv', '../20241203T144115/step/sync/fast/motion_data_012.csv', '../20241203T144115/step/sync/fast/motion_data_053.csv', '../20241203T144115/step/sync/fast/motion_data_014.csv', '../20241203T144115/step/sync/fast/motion_data_013.csv', '../20241203T144115/step/sync/fast/motion_data_066.csv', '../20241203T144115/step/sync/fast/motion_data_036.csv', '../20241203T144115/step/sync/fast/motion_data_065.csv', '../20241203T144115/step/sync/fast/motion_data_077.csv', '../20241203T144115/step/sync/fast/motion_data_008.csv']
2025-06-28 17:59:32,762 (model_utility:678) [INFO]: 25 datasets loaded in total
2025-06-28 17:59:32,762 (model_utility:595) [DEBUG]: Loaded data adapter: SingleShotMultiHorizonHandler(SingleShotMultiHorizonParams(active_joints=[5], dt=0.03333333333, ctrl_step=1, min_preview_step=7, max_preview_step=12))
2025-06-28 17:59:32,763 (model_utility:605) [DEBUG]: Loaded scaler: StandardScaler()
2025-06-28 17:59:32,766 (model_utility:613) [DEBUG]: Loaded regressor: MLPRegressor(activation='tanh', hidden_layer_sizes=(100, 100), max_iter=2000)
2025-06-28 17:59:32,767 (train_model:82) [INFO]: Training model...
2025-06-28 17:59:32,776 (model_utility:700) [DEBUG]: Loaded dataset: ../20241203T144115/step/sync/fast/motion_data_077.csv
2025-06-28 17:59:32,780 (model_utility:700) [DEBUG]: Loaded dataset: ../20241203T144115/step/sync/fast/motion_data_049.csv
2025-06-28 17:59:32,783 (model_utility:700) [DEBUG]: Loaded dataset: ../20241203T144115/step/sync/fast/motion_data_098.csv
2025-06-28 17:59:32,786 (model_utility:700) [DEBUG]: Loaded dataset: ../20241203T144115/step/sync/fast/motion_data_065.csv
2025-06-28 17:59:32,790 (model_utility:700) [DEBUG]: Loaded dataset: ../20241203T144115/step/sync/fast/motion_data_088.csv
2025-06-28 17:59:32,794 (model_utility:700) [DEBUG]: Loaded dataset: ../20241203T144115/step/sync/fast/motion_data_058.csv
2025-06-28 17:59:32,797 (model_utility:700) [DEBUG]: Loaded dataset: ../20241203T144115/step/sync/fast/motion_data_090.csv
2025-06-28 17:59:32,802 (model_utility:700) [DEBUG]: Loaded dataset: ../20241203T144115/step/sync/fast/motion_data_014.csv
2025-06-28 17:59:32,806 (model_utility:700) [DEBUG]: Loaded dataset: ../20241203T144115/step/sync/fast/motion_data_041.csv
2025-06-28 17:59:32,811 (model_utility:700) [DEBUG]: Loaded dataset: ../20241203T144115/step/sync/fast/motion_data_054.csv
2025-06-28 17:59:32,816 (model_utility:700) [DEBUG]: Loaded dataset: ../20241203T144115/step/sync/fast/motion_data_022.csv
2025-06-28 17:59:32,821 (model_utility:700) [DEBUG]: Loaded dataset: ../20241203T144115/step/sync/fast/motion_data_036.csv
2025-06-28 17:59:32,826 (model_utility:700) [DEBUG]: Loaded dataset: ../20241203T144115/step/sync/fast/motion_data_035.csv
2025-06-28 17:59:32,831 (model_utility:700) [DEBUG]: Loaded dataset: ../20241203T144115/step/sync/fast/motion_data_066.csv
2025-06-28 17:59:32,837 (model_utility:700) [DEBUG]: Loaded dataset: ../20241203T144115/step/sync/fast/motion_data_047.csv
2025-06-28 17:59:32,844 (model_utility:700) [DEBUG]: Loaded dataset: ../20241203T144115/step/sync/fast/motion_data_011.csv
2025-06-28 17:59:32,848 (model_utility:700) [DEBUG]: Loaded dataset: ../20241203T144115/step/sync/fast/motion_data_012.csv
2025-06-28 17:59:32,856 (model_utility:700) [DEBUG]: Loaded dataset: ../20241203T144115/step/sync/fast/motion_data_085.csv
2025-06-28 17:59:32,856 (model_utility:746) [DEBUG]: x_train.shape = (32202, 10)
2025-06-28 17:59:32,857 (model_utility:747) [DEBUG]: y_train.shape = (32202, 12)
2025-06-28 18:00:35,376 (model_utility:754) [INFO]: Finding best initial tau from validation set...
2025-06-28 18:00:35,387 (model_utility:700) [DEBUG]: Loaded dataset: ../20241203T144115/step/sync/fast/motion_data_074.csv
2025-06-28 18:00:35,391 (model_utility:700) [DEBUG]: Loaded dataset: ../20241203T144115/step/sync/fast/motion_data_064.csv
2025-06-28 18:00:35,395 (model_utility:700) [DEBUG]: Loaded dataset: ../20241203T144115/step/sync/fast/motion_data_013.csv
2025-06-28 18:00:35,399 (model_utility:700) [DEBUG]: Loaded dataset: ../20241203T144115/step/sync/fast/motion_data_053.csv
2025-06-28 18:00:35,403 (model_utility:700) [DEBUG]: Loaded dataset: ../20241203T144115/step/sync/fast/motion_data_019.csv
2025-06-28 18:00:35,406 (model_utility:700) [DEBUG]: Loaded dataset: ../20241203T144115/step/sync/fast/motion_data_008.csv
2025-06-28 18:00:35,409 (model_utility:700) [DEBUG]: Loaded dataset: ../20241203T144115/step/sync/fast/motion_data_006.csv
2025-06-28 18:00:35,482 (model_utility:773) [INFO]:   - R^2 score for tau=7: 0.8575
2025-06-28 18:00:35,484 (model_utility:773) [INFO]:   - R^2 score for tau=8: 0.7697
2025-06-28 18:00:35,485 (model_utility:773) [INFO]:   - R^2 score for tau=9: 0.6783
2025-06-28 18:00:35,486 (model_utility:773) [INFO]:   - R^2 score for tau=10: 0.5924
2025-06-28 18:00:35,487 (model_utility:773) [INFO]:   - R^2 score for tau=11: 0.5093
2025-06-28 18:00:35,489 (model_utility:773) [INFO]:   - R^2 score for tau=12: 0.4302
2025-06-28 18:00:35,489 (model_utility:777) [INFO]: Best initial tau found: 7 (score: 0.8575)
2025-06-28 18:00:35,490 (train_model:84) [DEBUG]: Training has done
2025-06-28 18:00:35,513 (train_model:99) [INFO]: Trained model saved: /mnt/c/Users/HosodaLab2/OneDrive - Kyoto University/University/Reserch/reservoir/affeto/affetto-nn-ctrl-7090826/data/trained_model/train_adaptive/20250628T175931/trained_model.joblib
