2025-06-28 12:23:53,708 (event_logging:164) [DEBUG]: Start event logging
2025-06-28 12:23:53,709 (event_logging:165) [DEBUG]: Logger name: __main__
2025-06-28 12:23:53,709 (event_logging:166) [DEBUG]: Log filename: data/simulate_adaptive_control/adaptive_simulation/20250628T122353/simulate_adaptive_control.log
2025-06-28 12:23:53,710 (event_logging:168) [DEBUG]: Command: python apps/simulate_adaptive_control.py data/trained_model/train_adaptive/20250628T121045/trained_model.joblib -r tests/data/motion_data_000.csv -c apps/config/adaptive_model.toml --active-joints 5 --max-steps 1000
2025-06-28 12:23:53,711 (data_handling:162) [DEBUG]: Directory created: data/simulate_adaptive_control/adaptive_simulation/20250628T122353/config
2025-06-28 12:23:53,721 (data_handling:180) [DEBUG]: Model config copied: None -> data/simulate_adaptive_control/adaptive_simulation/20250628T122353/config
2025-06-28 12:23:53,721 (simulate_adaptive_control:202) [INFO]: config: apps/config/adaptive_model.toml
2025-06-28 12:23:53,721 (simulate_adaptive_control:203) [INFO]: output: data/simulate_adaptive_control/adaptive_simulation/20250628T122353
2025-06-28 12:23:53,721 (simulate_adaptive_control:204) [INFO]: N_max: 2, Active Joints: [5]
2025-06-28 12:23:53,721 (simulate_adaptive_control:208) [INFO]: Loading trained model from data/trained_model/train_adaptive/20250628T121045/trained_model.joblib
2025-06-28 12:23:53,733 (simulate_adaptive_control:212) [INFO]: Loading reference trajectory from tests/data/motion_data_000.csv
2025-06-28 12:23:53,767 (simulate_adaptive_control:215) [INFO]: Reference trajectory loaded with 301 steps.
2025-06-28 12:23:53,767 (simulate_adaptive_control:57) [INFO]: AdaptiveController initialized with N_max=2, initial_tau=1
2025-06-28 12:23:53,773 (simulate_adaptive_control:236) [INFO]: Starting simulation...
2025-06-28 12:23:53,775 (simulate_adaptive_control:96) [DEBUG]: No sufficient R^2 data for any tau. Maintaining current tau: 1
2025-06-28 12:23:53,778 (simulate_adaptive_control:309) [INFO]: Step 0/1000, Current τ: 1, R^2[1]: -inf
2025-06-28 12:23:53,780 (simulate_adaptive_control:96) [DEBUG]: No sufficient R^2 data for any tau. Maintaining current tau: 1
2025-06-28 12:23:53,782 (simulate_adaptive_control:109) [DEBUG]: τ maintained at 1 (R^2 improvement not sufficient: -5011.5806 vs -5011.5806)
2025-06-28 12:23:53,785 (simulate_adaptive_control:109) [DEBUG]: τ maintained at 1 (R^2 improvement not sufficient: -1386.4951 vs -1386.4951)
2025-06-28 12:23:53,789 (simulate_adaptive_control:109) [DEBUG]: τ maintained at 1 (R^2 improvement not sufficient: -515.5347 vs -515.5347)
2025-06-28 12:23:53,792 (simulate_adaptive_control:109) [DEBUG]: τ maintained at 1 (R^2 improvement not sufficient: -211.9338 vs -211.9338)
2025-06-28 12:23:53,795 (simulate_adaptive_control:109) [DEBUG]: τ maintained at 1 (R^2 improvement not sufficient: -104.3221 vs -104.3221)
2025-06-28 12:23:53,797 (simulate_adaptive_control:109) [DEBUG]: τ maintained at 1 (R^2 improvement not sufficient: -65.5671 vs -65.5671)
2025-06-28 12:23:53,800 (simulate_adaptive_control:109) [DEBUG]: τ maintained at 1 (R^2 improvement not sufficient: -53.8070 vs -53.8070)
2025-06-28 12:23:53,803 (simulate_adaptive_control:109) [DEBUG]: τ maintained at 1 (R^2 improvement not sufficient: -35.3715 vs -35.3715)
2025-06-28 12:23:53,806 (simulate_adaptive_control:109) [DEBUG]: τ maintained at 1 (R^2 improvement not sufficient: -22.9919 vs -22.9919)
2025-06-28 12:23:53,809 (simulate_adaptive_control:109) [DEBUG]: τ maintained at 1 (R^2 improvement not sufficient: -15.8647 vs -15.8647)
2025-06-28 12:23:53,811 (simulate_adaptive_control:109) [DEBUG]: τ maintained at 1 (R^2 improvement not sufficient: -10.9430 vs -10.9430)
2025-06-28 12:23:53,814 (simulate_adaptive_control:109) [DEBUG]: τ maintained at 1 (R^2 improvement not sufficient: -7.7405 vs -7.7405)
2025-06-28 12:23:53,816 (simulate_adaptive_control:109) [DEBUG]: τ maintained at 1 (R^2 improvement not sufficient: -5.9962 vs -5.9962)
2025-06-28 12:23:53,819 (simulate_adaptive_control:109) [DEBUG]: τ maintained at 1 (R^2 improvement not sufficient: -4.8366 vs -4.8366)
2025-06-28 12:23:53,822 (simulate_adaptive_control:109) [DEBUG]: τ maintained at 1 (R^2 improvement not sufficient: -3.6384 vs -3.6384)
2025-06-28 12:23:53,825 (simulate_adaptive_control:109) [DEBUG]: τ maintained at 1 (R^2 improvement not sufficient: -2.8319 vs -2.8319)
2025-06-28 12:23:53,828 (simulate_adaptive_control:109) [DEBUG]: τ maintained at 1 (R^2 improvement not sufficient: -2.3016 vs -2.3016)
2025-06-28 12:23:53,830 (simulate_adaptive_control:109) [DEBUG]: τ maintained at 1 (R^2 improvement not sufficient: -1.9528 vs -1.9528)
2025-06-28 12:23:53,833 (simulate_adaptive_control:109) [DEBUG]: τ maintained at 1 (R^2 improvement not sufficient: -1.8226 vs -1.8226)
2025-06-28 12:23:53,837 (simulate_adaptive_control:109) [DEBUG]: τ maintained at 1 (R^2 improvement not sufficient: -1.7213 vs -1.7213)
2025-06-28 12:23:53,840 (simulate_adaptive_control:109) [DEBUG]: τ maintained at 1 (R^2 improvement not sufficient: -1.6434 vs -1.6434)
2025-06-28 12:23:53,843 (simulate_adaptive_control:109) [DEBUG]: τ maintained at 1 (R^2 improvement not sufficient: -1.7676 vs -1.7676)
2025-06-28 12:23:53,846 (simulate_adaptive_control:109) [DEBUG]: τ maintained at 1 (R^2 improvement not sufficient: -1.8199 vs -1.8199)
2025-06-28 12:23:53,848 (simulate_adaptive_control:109) [DEBUG]: τ maintained at 1 (R^2 improvement not sufficient: -1.8142 vs -1.8142)
2025-06-28 12:23:53,851 (simulate_adaptive_control:109) [DEBUG]: τ maintained at 1 (R^2 improvement not sufficient: -1.8198 vs -1.8198)
2025-06-28 12:23:53,853 (simulate_adaptive_control:109) [DEBUG]: τ maintained at 1 (R^2 improvement not sufficient: -1.8291 vs -1.8291)
2025-06-28 12:23:53,856 (simulate_adaptive_control:109) [DEBUG]: τ maintained at 1 (R^2 improvement not sufficient: -1.8825 vs -1.8825)
2025-06-28 12:23:53,859 (simulate_adaptive_control:109) [DEBUG]: τ maintained at 1 (R^2 improvement not sufficient: -2.0182 vs -2.0182)
2025-06-28 12:23:53,861 (simulate_adaptive_control:109) [DEBUG]: τ maintained at 1 (R^2 improvement not sufficient: -2.0318 vs -2.0318)
2025-06-28 12:23:53,864 (simulate_adaptive_control:109) [DEBUG]: τ maintained at 1 (R^2 improvement not sufficient: -2.0463 vs -2.0463)
2025-06-28 12:23:53,867 (simulate_adaptive_control:109) [DEBUG]: τ maintained at 1 (R^2 improvement not sufficient: -2.0445 vs -2.0445)
2025-06-28 12:23:53,869 (simulate_adaptive_control:109) [DEBUG]: τ maintained at 1 (R^2 improvement not sufficient: -2.0438 vs -2.0438)
2025-06-28 12:23:53,872 (simulate_adaptive_control:109) [DEBUG]: τ maintained at 1 (R^2 improvement not sufficient: -2.6577 vs -2.6577)
2025-06-28 12:23:53,875 (simulate_adaptive_control:109) [DEBUG]: τ maintained at 1 (R^2 improvement not sufficient: -2.6635 vs -2.6635)
2025-06-28 12:23:53,882 (simulate_adaptive_control:109) [DEBUG]: τ maintained at 1 (R^2 improvement not sufficient: -2.7048 vs -2.7048)
2025-06-28 12:23:53,886 (simulate_adaptive_control:109) [DEBUG]: τ maintained at 1 (R^2 improvement not sufficient: -2.7471 vs -2.7471)
2025-06-28 12:23:53,889 (simulate_adaptive_control:109) [DEBUG]: τ maintained at 1 (R^2 improvement not sufficient: -2.7636 vs -2.7636)
2025-06-28 12:23:53,892 (simulate_adaptive_control:109) [DEBUG]: τ maintained at 1 (R^2 improvement not sufficient: -2.7823 vs -2.7823)
2025-06-28 12:23:53,895 (simulate_adaptive_control:109) [DEBUG]: τ maintained at 1 (R^2 improvement not sufficient: -2.7961 vs -2.7961)
2025-06-28 12:23:53,898 (simulate_adaptive_control:109) [DEBUG]: τ maintained at 1 (R^2 improvement not sufficient: -2.7762 vs -2.7762)
2025-06-28 12:23:53,900 (simulate_adaptive_control:109) [DEBUG]: τ maintained at 1 (R^2 improvement not sufficient: -2.7690 vs -2.7690)
2025-06-28 12:23:53,903 (simulate_adaptive_control:109) [DEBUG]: τ maintained at 1 (R^2 improvement not sufficient: -2.7529 vs -2.7529)
2025-06-28 12:23:53,906 (simulate_adaptive_control:109) [DEBUG]: τ maintained at 1 (R^2 improvement not sufficient: -2.8251 vs -2.8251)
2025-06-28 12:23:53,908 (simulate_adaptive_control:109) [DEBUG]: τ maintained at 1 (R^2 improvement not sufficient: -2.9694 vs -2.9694)
2025-06-28 12:23:53,911 (simulate_adaptive_control:109) [DEBUG]: τ maintained at 1 (R^2 improvement not sufficient: -2.9254 vs -2.9254)
2025-06-28 12:23:53,913 (simulate_adaptive_control:109) [DEBUG]: τ maintained at 1 (R^2 improvement not sufficient: -2.8566 vs -2.8566)
2025-06-28 12:23:53,916 (simulate_adaptive_control:109) [DEBUG]: τ maintained at 1 (R^2 improvement not sufficient: -2.7757 vs -2.7757)
2025-06-28 12:23:53,918 (simulate_adaptive_control:109) [DEBUG]: τ maintained at 1 (R^2 improvement not sufficient: -2.8529 vs -2.8529)
2025-06-28 12:23:53,921 (simulate_adaptive_control:109) [DEBUG]: τ maintained at 1 (R^2 improvement not sufficient: -2.7584 vs -2.7584)
2025-06-28 12:23:53,924 (simulate_adaptive_control:109) [DEBUG]: τ maintained at 1 (R^2 improvement not sufficient: -2.6696 vs -2.6696)
2025-06-28 12:23:53,926 (simulate_adaptive_control:109) [DEBUG]: τ maintained at 1 (R^2 improvement not sufficient: -2.6018 vs -2.6018)
2025-06-28 12:23:53,929 (simulate_adaptive_control:109) [DEBUG]: τ maintained at 1 (R^2 improvement not sufficient: -2.5474 vs -2.5474)
2025-06-28 12:23:53,932 (simulate_adaptive_control:109) [DEBUG]: τ maintained at 1 (R^2 improvement not sufficient: -2.5710 vs -2.5710)
2025-06-28 12:23:53,935 (simulate_adaptive_control:109) [DEBUG]: τ maintained at 1 (R^2 improvement not sufficient: -2.5401 vs -2.5401)
2025-06-28 12:23:53,938 (simulate_adaptive_control:109) [DEBUG]: τ maintained at 1 (R^2 improvement not sufficient: -2.5391 vs -2.5391)
2025-06-28 12:23:53,940 (simulate_adaptive_control:109) [DEBUG]: τ maintained at 1 (R^2 improvement not sufficient: -2.5965 vs -2.5965)
2025-06-28 12:23:53,942 (simulate_adaptive_control:109) [DEBUG]: τ maintained at 1 (R^2 improvement not sufficient: -2.6402 vs -2.6402)
2025-06-28 12:23:53,945 (simulate_adaptive_control:109) [DEBUG]: τ maintained at 1 (R^2 improvement not sufficient: -2.6454 vs -2.6454)
2025-06-28 12:23:53,948 (simulate_adaptive_control:109) [DEBUG]: τ maintained at 1 (R^2 improvement not sufficient: -2.6528 vs -2.6528)
2025-06-28 12:23:53,950 (simulate_adaptive_control:109) [DEBUG]: τ maintained at 1 (R^2 improvement not sufficient: -2.6738 vs -2.6738)
2025-06-28 12:23:53,953 (simulate_adaptive_control:109) [DEBUG]: τ maintained at 1 (R^2 improvement not sufficient: -2.6953 vs -2.6953)
2025-06-28 12:23:53,956 (simulate_adaptive_control:109) [DEBUG]: τ maintained at 1 (R^2 improvement not sufficient: -2.7372 vs -2.7372)
2025-06-28 12:23:53,958 (simulate_adaptive_control:109) [DEBUG]: τ maintained at 1 (R^2 improvement not sufficient: -2.7313 vs -2.7313)
2025-06-28 12:23:53,961 (simulate_adaptive_control:109) [DEBUG]: τ maintained at 1 (R^2 improvement not sufficient: -2.8446 vs -2.8446)
2025-06-28 12:23:53,963 (simulate_adaptive_control:109) [DEBUG]: τ maintained at 1 (R^2 improvement not sufficient: -3.0558 vs -3.0558)
2025-06-28 12:23:53,965 (simulate_adaptive_control:109) [DEBUG]: τ maintained at 1 (R^2 improvement not sufficient: -3.0398 vs -3.0398)
2025-06-28 12:23:53,968 (simulate_adaptive_control:109) [DEBUG]: τ maintained at 1 (R^2 improvement not sufficient: -2.9975 vs -2.9975)
2025-06-28 12:23:53,970 (simulate_adaptive_control:109) [DEBUG]: τ maintained at 1 (R^2 improvement not sufficient: -2.9370 vs -2.9370)
2025-06-28 12:23:53,973 (simulate_adaptive_control:109) [DEBUG]: τ maintained at 1 (R^2 improvement not sufficient: -2.9288 vs -2.9288)
2025-06-28 12:23:53,976 (simulate_adaptive_control:109) [DEBUG]: τ maintained at 1 (R^2 improvement not sufficient: -2.8396 vs -2.8396)
2025-06-28 12:23:53,978 (simulate_adaptive_control:109) [DEBUG]: τ maintained at 1 (R^2 improvement not sufficient: -2.7466 vs -2.7466)
2025-06-28 12:23:53,981 (simulate_adaptive_control:109) [DEBUG]: τ maintained at 1 (R^2 improvement not sufficient: -2.6812 vs -2.6812)
2025-06-28 12:23:53,983 (simulate_adaptive_control:109) [DEBUG]: τ maintained at 1 (R^2 improvement not sufficient: -2.6553 vs -2.6553)
2025-06-28 12:23:53,986 (simulate_adaptive_control:109) [DEBUG]: τ maintained at 1 (R^2 improvement not sufficient: -2.5797 vs -2.5797)
2025-06-28 12:23:53,989 (simulate_adaptive_control:109) [DEBUG]: τ maintained at 1 (R^2 improvement not sufficient: -2.5590 vs -2.5590)
2025-06-28 12:23:53,992 (simulate_adaptive_control:109) [DEBUG]: τ maintained at 1 (R^2 improvement not sufficient: -2.5136 vs -2.5136)
2025-06-28 12:23:53,994 (simulate_adaptive_control:109) [DEBUG]: τ maintained at 1 (R^2 improvement not sufficient: -2.5008 vs -2.5008)
2025-06-28 12:23:53,997 (simulate_adaptive_control:109) [DEBUG]: τ maintained at 1 (R^2 improvement not sufficient: -2.5276 vs -2.5276)
2025-06-28 12:23:53,999 (simulate_adaptive_control:109) [DEBUG]: τ maintained at 1 (R^2 improvement not sufficient: -2.5213 vs -2.5213)
2025-06-28 12:23:54,002 (simulate_adaptive_control:109) [DEBUG]: τ maintained at 1 (R^2 improvement not sufficient: -2.5462 vs -2.5462)
2025-06-28 12:23:54,005 (simulate_adaptive_control:109) [DEBUG]: τ maintained at 1 (R^2 improvement not sufficient: -2.5467 vs -2.5467)
2025-06-28 12:23:54,007 (simulate_adaptive_control:109) [DEBUG]: τ maintained at 1 (R^2 improvement not sufficient: -2.5729 vs -2.5729)
2025-06-28 12:23:54,010 (simulate_adaptive_control:109) [DEBUG]: τ maintained at 1 (R^2 improvement not sufficient: -2.5769 vs -2.5769)
2025-06-28 12:23:54,013 (simulate_adaptive_control:109) [DEBUG]: τ maintained at 1 (R^2 improvement not sufficient: -2.5695 vs -2.5695)
2025-06-28 12:23:54,015 (simulate_adaptive_control:109) [DEBUG]: τ maintained at 1 (R^2 improvement not sufficient: -2.5619 vs -2.5619)
2025-06-28 12:23:54,018 (simulate_adaptive_control:109) [DEBUG]: τ maintained at 1 (R^2 improvement not sufficient: -2.5734 vs -2.5734)
2025-06-28 12:23:54,021 (simulate_adaptive_control:109) [DEBUG]: τ maintained at 1 (R^2 improvement not sufficient: -2.6339 vs -2.6339)
2025-06-28 12:23:54,023 (simulate_adaptive_control:109) [DEBUG]: τ maintained at 1 (R^2 improvement not sufficient: -2.7155 vs -2.7155)
2025-06-28 12:23:54,026 (simulate_adaptive_control:109) [DEBUG]: τ maintained at 1 (R^2 improvement not sufficient: -2.7069 vs -2.7069)
2025-06-28 12:23:54,029 (simulate_adaptive_control:109) [DEBUG]: τ maintained at 1 (R^2 improvement not sufficient: -2.6988 vs -2.6988)
2025-06-28 12:23:54,032 (simulate_adaptive_control:109) [DEBUG]: τ maintained at 1 (R^2 improvement not sufficient: -2.6961 vs -2.6961)
2025-06-28 12:23:54,034 (simulate_adaptive_control:109) [DEBUG]: τ maintained at 1 (R^2 improvement not sufficient: -2.6951 vs -2.6951)
2025-06-28 12:23:54,037 (simulate_adaptive_control:109) [DEBUG]: τ maintained at 1 (R^2 improvement not sufficient: -2.6965 vs -2.6965)
2025-06-28 12:23:54,040 (simulate_adaptive_control:109) [DEBUG]: τ maintained at 1 (R^2 improvement not sufficient: -2.6993 vs -2.6993)
2025-06-28 12:23:54,045 (simulate_adaptive_control:109) [DEBUG]: τ maintained at 1 (R^2 improvement not sufficient: -2.7601 vs -2.7601)
2025-06-28 12:23:54,048 (simulate_adaptive_control:109) [DEBUG]: τ maintained at 1 (R^2 improvement not sufficient: -2.8304 vs -2.8304)
2025-06-28 12:23:54,051 (simulate_adaptive_control:109) [DEBUG]: τ maintained at 1 (R^2 improvement not sufficient: -2.8713 vs -2.8713)
2025-06-28 12:23:54,054 (simulate_adaptive_control:109) [DEBUG]: τ maintained at 1 (R^2 improvement not sufficient: -2.8787 vs -2.8787)
2025-06-28 12:23:54,056 (simulate_adaptive_control:109) [DEBUG]: τ maintained at 1 (R^2 improvement not sufficient: -2.8872 vs -2.8872)
2025-06-28 12:23:54,058 (simulate_adaptive_control:309) [INFO]: Step 100/1000, Current τ: 1, R^2[1]: -2.7822
2025-06-28 12:23:54,059 (simulate_adaptive_control:109) [DEBUG]: τ maintained at 1 (R^2 improvement not sufficient: -2.7822 vs -2.7822)
2025-06-28 12:23:54,062 (simulate_adaptive_control:109) [DEBUG]: τ maintained at 1 (R^2 improvement not sufficient: -2.7282 vs -2.7282)
2025-06-28 12:23:54,064 (simulate_adaptive_control:109) [DEBUG]: τ maintained at 1 (R^2 improvement not sufficient: -2.6304 vs -2.6304)
2025-06-28 12:23:54,067 (simulate_adaptive_control:109) [DEBUG]: τ maintained at 1 (R^2 improvement not sufficient: -2.5602 vs -2.5602)
2025-06-28 12:23:54,069 (simulate_adaptive_control:109) [DEBUG]: τ maintained at 1 (R^2 improvement not sufficient: -2.5244 vs -2.5244)
2025-06-28 12:23:54,072 (simulate_adaptive_control:109) [DEBUG]: τ maintained at 1 (R^2 improvement not sufficient: -2.4958 vs -2.4958)
2025-06-28 12:23:54,074 (simulate_adaptive_control:109) [DEBUG]: τ maintained at 1 (R^2 improvement not sufficient: -2.3648 vs -2.3648)
2025-06-28 12:23:54,077 (simulate_adaptive_control:109) [DEBUG]: τ maintained at 1 (R^2 improvement not sufficient: -2.0542 vs -2.0542)
2025-06-28 12:23:54,079 (simulate_adaptive_control:109) [DEBUG]: τ maintained at 1 (R^2 improvement not sufficient: -1.9761 vs -1.9761)
2025-06-28 12:23:54,082 (simulate_adaptive_control:109) [DEBUG]: τ maintained at 1 (R^2 improvement not sufficient: -2.0467 vs -2.0467)
2025-06-28 12:23:54,084 (simulate_adaptive_control:109) [DEBUG]: τ maintained at 1 (R^2 improvement not sufficient: -2.1083 vs -2.1083)
2025-06-28 12:23:54,087 (simulate_adaptive_control:109) [DEBUG]: τ maintained at 1 (R^2 improvement not sufficient: -2.2270 vs -2.2270)
2025-06-28 12:23:54,090 (simulate_adaptive_control:109) [DEBUG]: τ maintained at 1 (R^2 improvement not sufficient: -2.3668 vs -2.3668)
2025-06-28 12:23:54,092 (simulate_adaptive_control:109) [DEBUG]: τ maintained at 1 (R^2 improvement not sufficient: -2.4538 vs -2.4538)
2025-06-28 12:23:54,094 (simulate_adaptive_control:109) [DEBUG]: τ maintained at 1 (R^2 improvement not sufficient: -2.5521 vs -2.5521)
2025-06-28 12:23:54,097 (simulate_adaptive_control:109) [DEBUG]: τ maintained at 1 (R^2 improvement not sufficient: -2.8249 vs -2.8249)
2025-06-28 12:23:54,100 (simulate_adaptive_control:109) [DEBUG]: τ maintained at 1 (R^2 improvement not sufficient: -3.1622 vs -3.1622)
2025-06-28 12:23:54,102 (simulate_adaptive_control:109) [DEBUG]: τ maintained at 1 (R^2 improvement not sufficient: -3.5757 vs -3.5757)
2025-06-28 12:23:54,105 (simulate_adaptive_control:109) [DEBUG]: τ maintained at 1 (R^2 improvement not sufficient: -4.0250 vs -4.0250)
2025-06-28 12:23:54,108 (simulate_adaptive_control:109) [DEBUG]: τ maintained at 1 (R^2 improvement not sufficient: -4.3323 vs -4.3323)
2025-06-28 12:23:54,110 (simulate_adaptive_control:109) [DEBUG]: τ maintained at 1 (R^2 improvement not sufficient: -4.5952 vs -4.5952)
2025-06-28 12:23:54,113 (simulate_adaptive_control:109) [DEBUG]: τ maintained at 1 (R^2 improvement not sufficient: -4.7871 vs -4.7871)
2025-06-28 12:23:54,116 (simulate_adaptive_control:109) [DEBUG]: τ maintained at 1 (R^2 improvement not sufficient: -4.6922 vs -4.6922)
2025-06-28 12:23:54,118 (simulate_adaptive_control:109) [DEBUG]: τ maintained at 1 (R^2 improvement not sufficient: -4.6306 vs -4.6306)
2025-06-28 12:23:54,121 (simulate_adaptive_control:109) [DEBUG]: τ maintained at 1 (R^2 improvement not sufficient: -4.5888 vs -4.5888)
2025-06-28 12:23:54,123 (simulate_adaptive_control:109) [DEBUG]: τ maintained at 1 (R^2 improvement not sufficient: -4.4893 vs -4.4893)
2025-06-28 12:23:54,126 (simulate_adaptive_control:109) [DEBUG]: τ maintained at 1 (R^2 improvement not sufficient: -4.3475 vs -4.3475)
2025-06-28 12:23:54,129 (simulate_adaptive_control:109) [DEBUG]: τ maintained at 1 (R^2 improvement not sufficient: -4.1323 vs -4.1323)
2025-06-28 12:23:54,131 (simulate_adaptive_control:109) [DEBUG]: τ maintained at 1 (R^2 improvement not sufficient: -3.8131 vs -3.8131)
2025-06-28 12:23:54,134 (simulate_adaptive_control:109) [DEBUG]: τ maintained at 1 (R^2 improvement not sufficient: -3.6012 vs -3.6012)
2025-06-28 12:23:54,136 (simulate_adaptive_control:109) [DEBUG]: τ maintained at 1 (R^2 improvement not sufficient: -3.2975 vs -3.2975)
2025-06-28 12:23:54,139 (simulate_adaptive_control:109) [DEBUG]: τ maintained at 1 (R^2 improvement not sufficient: -3.1240 vs -3.1240)
2025-06-28 12:23:54,141 (simulate_adaptive_control:109) [DEBUG]: τ maintained at 1 (R^2 improvement not sufficient: -2.9253 vs -2.9253)
2025-06-28 12:23:54,144 (simulate_adaptive_control:109) [DEBUG]: τ maintained at 1 (R^2 improvement not sufficient: -2.1949 vs -2.1949)
2025-06-28 12:23:54,146 (simulate_adaptive_control:109) [DEBUG]: τ maintained at 1 (R^2 improvement not sufficient: -2.0148 vs -2.0148)
2025-06-28 12:23:54,149 (simulate_adaptive_control:109) [DEBUG]: τ maintained at 1 (R^2 improvement not sufficient: -2.1391 vs -2.1391)
2025-06-28 12:23:54,151 (simulate_adaptive_control:109) [DEBUG]: τ maintained at 1 (R^2 improvement not sufficient: -2.0986 vs -2.0986)
2025-06-28 12:23:54,154 (simulate_adaptive_control:109) [DEBUG]: τ maintained at 1 (R^2 improvement not sufficient: -2.0181 vs -2.0181)
2025-06-28 12:23:54,157 (simulate_adaptive_control:109) [DEBUG]: τ maintained at 1 (R^2 improvement not sufficient: -1.9695 vs -1.9695)
2025-06-28 12:23:54,159 (simulate_adaptive_control:109) [DEBUG]: τ maintained at 1 (R^2 improvement not sufficient: -1.9410 vs -1.9410)
2025-06-28 12:23:54,162 (simulate_adaptive_control:109) [DEBUG]: τ maintained at 1 (R^2 improvement not sufficient: -1.9591 vs -1.9591)
2025-06-28 12:23:54,165 (simulate_adaptive_control:109) [DEBUG]: τ maintained at 1 (R^2 improvement not sufficient: -1.9913 vs -1.9913)
2025-06-28 12:23:54,167 (simulate_adaptive_control:109) [DEBUG]: τ maintained at 1 (R^2 improvement not sufficient: -2.0173 vs -2.0173)
2025-06-28 12:23:54,170 (simulate_adaptive_control:109) [DEBUG]: τ maintained at 1 (R^2 improvement not sufficient: -1.9617 vs -1.9617)
2025-06-28 12:23:54,173 (simulate_adaptive_control:109) [DEBUG]: τ maintained at 1 (R^2 improvement not sufficient: -1.8507 vs -1.8507)
2025-06-28 12:23:54,175 (simulate_adaptive_control:109) [DEBUG]: τ maintained at 1 (R^2 improvement not sufficient: -2.0404 vs -2.0404)
2025-06-28 12:23:54,178 (simulate_adaptive_control:109) [DEBUG]: τ maintained at 1 (R^2 improvement not sufficient: -2.1288 vs -2.1288)
2025-06-28 12:23:54,181 (simulate_adaptive_control:109) [DEBUG]: τ maintained at 1 (R^2 improvement not sufficient: -2.1903 vs -2.1903)
2025-06-28 12:23:54,183 (simulate_adaptive_control:109) [DEBUG]: τ maintained at 1 (R^2 improvement not sufficient: -2.1239 vs -2.1239)
2025-06-28 12:23:54,186 (simulate_adaptive_control:109) [DEBUG]: τ maintained at 1 (R^2 improvement not sufficient: -2.1812 vs -2.1812)
2025-06-28 12:23:54,188 (simulate_adaptive_control:109) [DEBUG]: τ maintained at 1 (R^2 improvement not sufficient: -2.5110 vs -2.5110)
2025-06-28 12:23:54,191 (simulate_adaptive_control:109) [DEBUG]: τ maintained at 1 (R^2 improvement not sufficient: -2.6485 vs -2.6485)
2025-06-28 12:23:54,194 (simulate_adaptive_control:109) [DEBUG]: τ maintained at 1 (R^2 improvement not sufficient: -2.8559 vs -2.8559)
2025-06-28 12:23:54,197 (simulate_adaptive_control:109) [DEBUG]: τ maintained at 1 (R^2 improvement not sufficient: -3.0299 vs -3.0299)
2025-06-28 12:23:54,200 (simulate_adaptive_control:109) [DEBUG]: τ maintained at 1 (R^2 improvement not sufficient: -3.0332 vs -3.0332)
2025-06-28 12:23:54,203 (simulate_adaptive_control:109) [DEBUG]: τ maintained at 1 (R^2 improvement not sufficient: -2.9298 vs -2.9298)
2025-06-28 12:23:54,206 (simulate_adaptive_control:109) [DEBUG]: τ maintained at 1 (R^2 improvement not sufficient: -2.7742 vs -2.7742)
2025-06-28 12:23:54,208 (simulate_adaptive_control:109) [DEBUG]: τ maintained at 1 (R^2 improvement not sufficient: -2.6595 vs -2.6595)
2025-06-28 12:23:54,211 (simulate_adaptive_control:109) [DEBUG]: τ maintained at 1 (R^2 improvement not sufficient: -2.6838 vs -2.6838)
2025-06-28 12:23:54,218 (simulate_adaptive_control:109) [DEBUG]: τ maintained at 1 (R^2 improvement not sufficient: -2.6937 vs -2.6937)
2025-06-28 12:23:54,222 (simulate_adaptive_control:109) [DEBUG]: τ maintained at 1 (R^2 improvement not sufficient: -2.6625 vs -2.6625)
2025-06-28 12:23:54,225 (simulate_adaptive_control:109) [DEBUG]: τ maintained at 1 (R^2 improvement not sufficient: -2.6382 vs -2.6382)
2025-06-28 12:23:54,228 (simulate_adaptive_control:109) [DEBUG]: τ maintained at 1 (R^2 improvement not sufficient: -2.6083 vs -2.6083)
2025-06-28 12:23:54,231 (simulate_adaptive_control:109) [DEBUG]: τ maintained at 1 (R^2 improvement not sufficient: -2.6110 vs -2.6110)
2025-06-28 12:23:54,233 (simulate_adaptive_control:109) [DEBUG]: τ maintained at 1 (R^2 improvement not sufficient: -2.5199 vs -2.5199)
2025-06-28 12:23:54,236 (simulate_adaptive_control:109) [DEBUG]: τ maintained at 1 (R^2 improvement not sufficient: -2.3389 vs -2.3389)
2025-06-28 12:23:54,239 (simulate_adaptive_control:109) [DEBUG]: τ maintained at 1 (R^2 improvement not sufficient: -2.3789 vs -2.3789)
2025-06-28 12:23:54,242 (simulate_adaptive_control:109) [DEBUG]: τ maintained at 1 (R^2 improvement not sufficient: -2.4051 vs -2.4051)
2025-06-28 12:23:54,245 (simulate_adaptive_control:109) [DEBUG]: τ maintained at 1 (R^2 improvement not sufficient: -2.4577 vs -2.4577)
2025-06-28 12:23:54,247 (simulate_adaptive_control:109) [DEBUG]: τ maintained at 1 (R^2 improvement not sufficient: -2.4452 vs -2.4452)
2025-06-28 12:23:54,250 (simulate_adaptive_control:109) [DEBUG]: τ maintained at 1 (R^2 improvement not sufficient: -2.5151 vs -2.5151)
2025-06-28 12:23:54,253 (simulate_adaptive_control:109) [DEBUG]: τ maintained at 1 (R^2 improvement not sufficient: -2.5883 vs -2.5883)
2025-06-28 12:23:54,256 (simulate_adaptive_control:109) [DEBUG]: τ maintained at 1 (R^2 improvement not sufficient: -2.6368 vs -2.6368)
2025-06-28 12:23:54,258 (simulate_adaptive_control:109) [DEBUG]: τ maintained at 1 (R^2 improvement not sufficient: -2.7547 vs -2.7547)
2025-06-28 12:23:54,261 (simulate_adaptive_control:109) [DEBUG]: τ maintained at 1 (R^2 improvement not sufficient: -2.8064 vs -2.8064)
2025-06-28 12:23:54,263 (simulate_adaptive_control:109) [DEBUG]: τ maintained at 1 (R^2 improvement not sufficient: -2.8627 vs -2.8627)
2025-06-28 12:23:54,266 (simulate_adaptive_control:109) [DEBUG]: τ maintained at 1 (R^2 improvement not sufficient: -2.9671 vs -2.9671)
2025-06-28 12:23:54,268 (simulate_adaptive_control:109) [DEBUG]: τ maintained at 1 (R^2 improvement not sufficient: -3.0105 vs -3.0105)
2025-06-28 12:23:54,271 (simulate_adaptive_control:109) [DEBUG]: τ maintained at 1 (R^2 improvement not sufficient: -2.9847 vs -2.9847)
2025-06-28 12:23:54,273 (simulate_adaptive_control:109) [DEBUG]: τ maintained at 1 (R^2 improvement not sufficient: -2.9934 vs -2.9934)
2025-06-28 12:23:54,276 (simulate_adaptive_control:109) [DEBUG]: τ maintained at 1 (R^2 improvement not sufficient: -2.9588 vs -2.9588)
2025-06-28 12:23:54,278 (simulate_adaptive_control:109) [DEBUG]: τ maintained at 1 (R^2 improvement not sufficient: -2.9768 vs -2.9768)
2025-06-28 12:23:54,281 (simulate_adaptive_control:109) [DEBUG]: τ maintained at 1 (R^2 improvement not sufficient: -2.9761 vs -2.9761)
2025-06-28 12:23:54,283 (simulate_adaptive_control:109) [DEBUG]: τ maintained at 1 (R^2 improvement not sufficient: -2.9873 vs -2.9873)
2025-06-28 12:23:54,286 (simulate_adaptive_control:109) [DEBUG]: τ maintained at 1 (R^2 improvement not sufficient: -3.0155 vs -3.0155)
2025-06-28 12:23:54,289 (simulate_adaptive_control:109) [DEBUG]: τ maintained at 1 (R^2 improvement not sufficient: -3.1266 vs -3.1266)
2025-06-28 12:23:54,292 (simulate_adaptive_control:109) [DEBUG]: τ maintained at 1 (R^2 improvement not sufficient: -3.2556 vs -3.2556)
2025-06-28 12:23:54,295 (simulate_adaptive_control:109) [DEBUG]: τ maintained at 1 (R^2 improvement not sufficient: -3.3109 vs -3.3109)
2025-06-28 12:23:54,298 (simulate_adaptive_control:109) [DEBUG]: τ maintained at 1 (R^2 improvement not sufficient: -3.3238 vs -3.3238)
2025-06-28 12:23:54,300 (simulate_adaptive_control:109) [DEBUG]: τ maintained at 1 (R^2 improvement not sufficient: -3.3771 vs -3.3771)
2025-06-28 12:23:54,303 (simulate_adaptive_control:109) [DEBUG]: τ maintained at 1 (R^2 improvement not sufficient: -3.4140 vs -3.4140)
2025-06-28 12:23:54,306 (simulate_adaptive_control:109) [DEBUG]: τ maintained at 1 (R^2 improvement not sufficient: -3.4498 vs -3.4498)
2025-06-28 12:23:54,309 (simulate_adaptive_control:109) [DEBUG]: τ maintained at 1 (R^2 improvement not sufficient: -3.7532 vs -3.7532)
2025-06-28 12:23:54,311 (simulate_adaptive_control:109) [DEBUG]: τ maintained at 1 (R^2 improvement not sufficient: -4.0802 vs -4.0802)
2025-06-28 12:23:54,314 (simulate_adaptive_control:109) [DEBUG]: τ maintained at 1 (R^2 improvement not sufficient: -4.4935 vs -4.4935)
2025-06-28 12:23:54,316 (simulate_adaptive_control:109) [DEBUG]: τ maintained at 1 (R^2 improvement not sufficient: -4.5947 vs -4.5947)
2025-06-28 12:23:54,319 (simulate_adaptive_control:109) [DEBUG]: τ maintained at 1 (R^2 improvement not sufficient: -4.6302 vs -4.6302)
2025-06-28 12:23:54,321 (simulate_adaptive_control:109) [DEBUG]: τ maintained at 1 (R^2 improvement not sufficient: -4.8610 vs -4.8610)
2025-06-28 12:23:54,324 (simulate_adaptive_control:109) [DEBUG]: τ maintained at 1 (R^2 improvement not sufficient: -5.1999 vs -5.1999)
2025-06-28 12:23:54,326 (simulate_adaptive_control:109) [DEBUG]: τ maintained at 1 (R^2 improvement not sufficient: -5.3377 vs -5.3377)
2025-06-28 12:23:54,327 (simulate_adaptive_control:309) [INFO]: Step 200/1000, Current τ: 1, R^2[1]: -5.4647
2025-06-28 12:23:54,329 (simulate_adaptive_control:109) [DEBUG]: τ maintained at 1 (R^2 improvement not sufficient: -5.4647 vs -5.4647)
2025-06-28 12:23:54,332 (simulate_adaptive_control:109) [DEBUG]: τ maintained at 1 (R^2 improvement not sufficient: -5.5506 vs -5.5506)
2025-06-28 12:23:54,334 (simulate_adaptive_control:109) [DEBUG]: τ maintained at 1 (R^2 improvement not sufficient: -5.6760 vs -5.6760)
2025-06-28 12:23:54,337 (simulate_adaptive_control:109) [DEBUG]: τ maintained at 1 (R^2 improvement not sufficient: -5.7889 vs -5.7889)
2025-06-28 12:23:54,341 (simulate_adaptive_control:109) [DEBUG]: τ maintained at 1 (R^2 improvement not sufficient: -5.9584 vs -5.9584)
2025-06-28 12:23:54,344 (simulate_adaptive_control:109) [DEBUG]: τ maintained at 1 (R^2 improvement not sufficient: -6.0343 vs -6.0343)
2025-06-28 12:23:54,346 (simulate_adaptive_control:109) [DEBUG]: τ maintained at 1 (R^2 improvement not sufficient: -6.1180 vs -6.1180)
2025-06-28 12:23:54,349 (simulate_adaptive_control:109) [DEBUG]: τ maintained at 1 (R^2 improvement not sufficient: -6.3026 vs -6.3026)
2025-06-28 12:23:54,351 (simulate_adaptive_control:109) [DEBUG]: τ maintained at 1 (R^2 improvement not sufficient: -6.4464 vs -6.4464)
2025-06-28 12:23:54,354 (simulate_adaptive_control:109) [DEBUG]: τ maintained at 1 (R^2 improvement not sufficient: -6.4456 vs -6.4456)
2025-06-28 12:23:54,357 (simulate_adaptive_control:109) [DEBUG]: τ maintained at 1 (R^2 improvement not sufficient: -6.4864 vs -6.4864)
2025-06-28 12:23:54,359 (simulate_adaptive_control:109) [DEBUG]: τ maintained at 1 (R^2 improvement not sufficient: -6.4480 vs -6.4480)
2025-06-28 12:23:54,362 (simulate_adaptive_control:109) [DEBUG]: τ maintained at 1 (R^2 improvement not sufficient: -6.4299 vs -6.4299)
2025-06-28 12:23:54,364 (simulate_adaptive_control:109) [DEBUG]: τ maintained at 1 (R^2 improvement not sufficient: -6.4242 vs -6.4242)
2025-06-28 12:23:54,367 (simulate_adaptive_control:109) [DEBUG]: τ maintained at 1 (R^2 improvement not sufficient: -6.4203 vs -6.4203)
2025-06-28 12:23:54,370 (simulate_adaptive_control:109) [DEBUG]: τ maintained at 1 (R^2 improvement not sufficient: -6.4267 vs -6.4267)
2025-06-28 12:23:54,372 (simulate_adaptive_control:109) [DEBUG]: τ maintained at 1 (R^2 improvement not sufficient: -6.4459 vs -6.4459)
2025-06-28 12:23:54,375 (simulate_adaptive_control:109) [DEBUG]: τ maintained at 1 (R^2 improvement not sufficient: -6.6762 vs -6.6762)
2025-06-28 12:23:54,377 (simulate_adaptive_control:109) [DEBUG]: τ maintained at 1 (R^2 improvement not sufficient: -6.7203 vs -6.7203)
2025-06-28 12:23:54,379 (simulate_adaptive_control:109) [DEBUG]: τ maintained at 1 (R^2 improvement not sufficient: -6.7074 vs -6.7074)
2025-06-28 12:23:54,382 (simulate_adaptive_control:109) [DEBUG]: τ maintained at 1 (R^2 improvement not sufficient: -6.6997 vs -6.6997)
2025-06-28 12:23:54,384 (simulate_adaptive_control:109) [DEBUG]: τ maintained at 1 (R^2 improvement not sufficient: -6.7090 vs -6.7090)
2025-06-28 12:23:54,387 (simulate_adaptive_control:109) [DEBUG]: τ maintained at 1 (R^2 improvement not sufficient: -6.7366 vs -6.7366)
2025-06-28 12:23:54,389 (simulate_adaptive_control:109) [DEBUG]: τ maintained at 1 (R^2 improvement not sufficient: -6.7637 vs -6.7637)
2025-06-28 12:23:54,392 (simulate_adaptive_control:109) [DEBUG]: τ maintained at 1 (R^2 improvement not sufficient: -6.8743 vs -6.8743)
2025-06-28 12:23:54,395 (simulate_adaptive_control:109) [DEBUG]: τ maintained at 1 (R^2 improvement not sufficient: -7.0226 vs -7.0226)
2025-06-28 12:23:54,397 (simulate_adaptive_control:109) [DEBUG]: τ maintained at 1 (R^2 improvement not sufficient: -7.2917 vs -7.2917)
2025-06-28 12:23:54,400 (simulate_adaptive_control:109) [DEBUG]: τ maintained at 1 (R^2 improvement not sufficient: -7.5766 vs -7.5766)
2025-06-28 12:23:54,403 (simulate_adaptive_control:109) [DEBUG]: τ maintained at 1 (R^2 improvement not sufficient: -7.9452 vs -7.9452)
2025-06-28 12:23:54,405 (simulate_adaptive_control:109) [DEBUG]: τ maintained at 1 (R^2 improvement not sufficient: -8.4191 vs -8.4191)
2025-06-28 12:23:54,408 (simulate_adaptive_control:109) [DEBUG]: τ maintained at 1 (R^2 improvement not sufficient: -9.1293 vs -9.1293)
2025-06-28 12:23:54,410 (simulate_adaptive_control:109) [DEBUG]: τ maintained at 1 (R^2 improvement not sufficient: -9.8753 vs -9.8753)
2025-06-28 12:23:54,413 (simulate_adaptive_control:109) [DEBUG]: τ maintained at 1 (R^2 improvement not sufficient: -10.8316 vs -10.8316)
2025-06-28 12:23:54,415 (simulate_adaptive_control:109) [DEBUG]: τ maintained at 1 (R^2 improvement not sufficient: -12.1154 vs -12.1154)
2025-06-28 12:23:54,418 (simulate_adaptive_control:109) [DEBUG]: τ maintained at 1 (R^2 improvement not sufficient: -13.4871 vs -13.4871)
2025-06-28 12:23:54,420 (simulate_adaptive_control:109) [DEBUG]: τ maintained at 1 (R^2 improvement not sufficient: -14.3133 vs -14.3133)
2025-06-28 12:23:54,423 (simulate_adaptive_control:109) [DEBUG]: τ maintained at 1 (R^2 improvement not sufficient: -15.4082 vs -15.4082)
2025-06-28 12:23:54,425 (simulate_adaptive_control:109) [DEBUG]: τ maintained at 1 (R^2 improvement not sufficient: -16.3763 vs -16.3763)
2025-06-28 12:23:54,428 (simulate_adaptive_control:109) [DEBUG]: τ maintained at 1 (R^2 improvement not sufficient: -17.0700 vs -17.0700)
2025-06-28 12:23:54,430 (simulate_adaptive_control:109) [DEBUG]: τ maintained at 1 (R^2 improvement not sufficient: -17.4163 vs -17.4163)
2025-06-28 12:23:54,432 (simulate_adaptive_control:109) [DEBUG]: τ maintained at 1 (R^2 improvement not sufficient: -17.5423 vs -17.5423)
2025-06-28 12:23:54,435 (simulate_adaptive_control:109) [DEBUG]: τ maintained at 1 (R^2 improvement not sufficient: -17.4970 vs -17.4970)
2025-06-28 12:23:54,438 (simulate_adaptive_control:109) [DEBUG]: τ maintained at 1 (R^2 improvement not sufficient: -17.3802 vs -17.3802)
2025-06-28 12:23:54,441 (simulate_adaptive_control:109) [DEBUG]: τ maintained at 1 (R^2 improvement not sufficient: -17.2473 vs -17.2473)
2025-06-28 12:23:54,443 (simulate_adaptive_control:109) [DEBUG]: τ maintained at 1 (R^2 improvement not sufficient: -17.0405 vs -17.0405)
2025-06-28 12:23:54,446 (simulate_adaptive_control:109) [DEBUG]: τ maintained at 1 (R^2 improvement not sufficient: -16.3343 vs -16.3343)
2025-06-28 12:23:54,448 (simulate_adaptive_control:109) [DEBUG]: τ maintained at 1 (R^2 improvement not sufficient: -15.5865 vs -15.5865)
2025-06-28 12:23:54,451 (simulate_adaptive_control:109) [DEBUG]: τ maintained at 1 (R^2 improvement not sufficient: -14.9315 vs -14.9315)
2025-06-28 12:23:54,454 (simulate_adaptive_control:109) [DEBUG]: τ maintained at 1 (R^2 improvement not sufficient: -14.1351 vs -14.1351)
2025-06-28 12:23:54,457 (simulate_adaptive_control:109) [DEBUG]: τ maintained at 1 (R^2 improvement not sufficient: -13.4974 vs -13.4974)
2025-06-28 12:23:54,460 (simulate_adaptive_control:109) [DEBUG]: τ maintained at 1 (R^2 improvement not sufficient: -12.4248 vs -12.4248)
2025-06-28 12:23:54,462 (simulate_adaptive_control:109) [DEBUG]: τ maintained at 1 (R^2 improvement not sufficient: -11.8768 vs -11.8768)
2025-06-28 12:23:54,465 (simulate_adaptive_control:109) [DEBUG]: τ maintained at 1 (R^2 improvement not sufficient: -11.3911 vs -11.3911)
2025-06-28 12:23:54,467 (simulate_adaptive_control:109) [DEBUG]: τ maintained at 1 (R^2 improvement not sufficient: -11.0338 vs -11.0338)
2025-06-28 12:23:54,470 (simulate_adaptive_control:109) [DEBUG]: τ maintained at 1 (R^2 improvement not sufficient: -11.2431 vs -11.2431)
2025-06-28 12:23:54,473 (simulate_adaptive_control:109) [DEBUG]: τ maintained at 1 (R^2 improvement not sufficient: -11.8000 vs -11.8000)
2025-06-28 12:23:54,475 (simulate_adaptive_control:109) [DEBUG]: τ maintained at 1 (R^2 improvement not sufficient: -12.5191 vs -12.5191)
2025-06-28 12:23:54,478 (simulate_adaptive_control:109) [DEBUG]: τ maintained at 1 (R^2 improvement not sufficient: -13.3521 vs -13.3521)
2025-06-28 12:23:54,480 (simulate_adaptive_control:109) [DEBUG]: τ maintained at 1 (R^2 improvement not sufficient: -13.8120 vs -13.8120)
2025-06-28 12:23:54,483 (simulate_adaptive_control:109) [DEBUG]: τ maintained at 1 (R^2 improvement not sufficient: -14.1634 vs -14.1634)
2025-06-28 12:23:54,485 (simulate_adaptive_control:109) [DEBUG]: τ maintained at 1 (R^2 improvement not sufficient: -14.2570 vs -14.2570)
2025-06-28 12:23:54,488 (simulate_adaptive_control:109) [DEBUG]: τ maintained at 1 (R^2 improvement not sufficient: -14.1232 vs -14.1232)
2025-06-28 12:23:54,490 (simulate_adaptive_control:109) [DEBUG]: τ maintained at 1 (R^2 improvement not sufficient: -13.7254 vs -13.7254)
2025-06-28 12:23:54,493 (simulate_adaptive_control:109) [DEBUG]: τ maintained at 1 (R^2 improvement not sufficient: -13.2737 vs -13.2737)
2025-06-28 12:23:54,495 (simulate_adaptive_control:109) [DEBUG]: τ maintained at 1 (R^2 improvement not sufficient: -12.6866 vs -12.6866)
2025-06-28 12:23:54,498 (simulate_adaptive_control:109) [DEBUG]: τ maintained at 1 (R^2 improvement not sufficient: -12.0830 vs -12.0830)
2025-06-28 12:23:54,501 (simulate_adaptive_control:109) [DEBUG]: τ maintained at 1 (R^2 improvement not sufficient: -11.4786 vs -11.4786)
2025-06-28 12:23:54,503 (simulate_adaptive_control:109) [DEBUG]: τ maintained at 1 (R^2 improvement not sufficient: -11.2085 vs -11.2085)
2025-06-28 12:23:54,506 (simulate_adaptive_control:109) [DEBUG]: τ maintained at 1 (R^2 improvement not sufficient: -10.8547 vs -10.8547)
2025-06-28 12:23:54,508 (simulate_adaptive_control:109) [DEBUG]: τ maintained at 1 (R^2 improvement not sufficient: -10.9569 vs -10.9569)
2025-06-28 12:23:54,511 (simulate_adaptive_control:109) [DEBUG]: τ maintained at 1 (R^2 improvement not sufficient: -10.9579 vs -10.9579)
2025-06-28 12:23:54,513 (simulate_adaptive_control:109) [DEBUG]: τ maintained at 1 (R^2 improvement not sufficient: -11.0832 vs -11.0832)
2025-06-28 12:23:54,516 (simulate_adaptive_control:109) [DEBUG]: τ maintained at 1 (R^2 improvement not sufficient: -11.3384 vs -11.3384)
2025-06-28 12:23:54,518 (simulate_adaptive_control:109) [DEBUG]: τ maintained at 1 (R^2 improvement not sufficient: -11.2994 vs -11.2994)
2025-06-28 12:23:54,521 (simulate_adaptive_control:109) [DEBUG]: τ maintained at 1 (R^2 improvement not sufficient: -11.5253 vs -11.5253)
2025-06-28 12:23:54,524 (simulate_adaptive_control:109) [DEBUG]: τ maintained at 1 (R^2 improvement not sufficient: -11.6445 vs -11.6445)
2025-06-28 12:23:54,526 (simulate_adaptive_control:109) [DEBUG]: τ maintained at 1 (R^2 improvement not sufficient: -11.7837 vs -11.7837)
2025-06-28 12:23:54,529 (simulate_adaptive_control:109) [DEBUG]: τ maintained at 1 (R^2 improvement not sufficient: -11.8831 vs -11.8831)
2025-06-28 12:23:54,531 (simulate_adaptive_control:109) [DEBUG]: τ maintained at 1 (R^2 improvement not sufficient: -12.2014 vs -12.2014)
2025-06-28 12:23:54,533 (simulate_adaptive_control:109) [DEBUG]: τ maintained at 1 (R^2 improvement not sufficient: -12.3063 vs -12.3063)
2025-06-28 12:23:54,536 (simulate_adaptive_control:109) [DEBUG]: τ maintained at 1 (R^2 improvement not sufficient: -12.4375 vs -12.4375)
2025-06-28 12:23:54,539 (simulate_adaptive_control:109) [DEBUG]: τ maintained at 1 (R^2 improvement not sufficient: -12.5154 vs -12.5154)
2025-06-28 12:23:54,542 (simulate_adaptive_control:109) [DEBUG]: τ maintained at 1 (R^2 improvement not sufficient: -12.4808 vs -12.4808)
2025-06-28 12:23:54,544 (simulate_adaptive_control:109) [DEBUG]: τ maintained at 1 (R^2 improvement not sufficient: -12.5478 vs -12.5478)
2025-06-28 12:23:54,547 (simulate_adaptive_control:109) [DEBUG]: τ maintained at 1 (R^2 improvement not sufficient: -12.5950 vs -12.5950)
2025-06-28 12:23:54,549 (simulate_adaptive_control:109) [DEBUG]: τ maintained at 1 (R^2 improvement not sufficient: -12.4293 vs -12.4293)
2025-06-28 12:23:54,552 (simulate_adaptive_control:109) [DEBUG]: τ maintained at 1 (R^2 improvement not sufficient: -12.1786 vs -12.1786)
2025-06-28 12:23:54,554 (simulate_adaptive_control:109) [DEBUG]: τ maintained at 1 (R^2 improvement not sufficient: -11.9285 vs -11.9285)
2025-06-28 12:23:54,556 (simulate_adaptive_control:109) [DEBUG]: τ maintained at 1 (R^2 improvement not sufficient: -11.7401 vs -11.7401)
2025-06-28 12:23:54,559 (simulate_adaptive_control:109) [DEBUG]: τ maintained at 1 (R^2 improvement not sufficient: -11.7667 vs -11.7667)
2025-06-28 12:23:54,561 (simulate_adaptive_control:109) [DEBUG]: τ maintained at 1 (R^2 improvement not sufficient: -11.7429 vs -11.7429)
2025-06-28 12:23:54,564 (simulate_adaptive_control:109) [DEBUG]: τ maintained at 1 (R^2 improvement not sufficient: -11.6927 vs -11.6927)
2025-06-28 12:23:54,566 (simulate_adaptive_control:109) [DEBUG]: τ maintained at 1 (R^2 improvement not sufficient: -11.1325 vs -11.1325)
2025-06-28 12:23:54,569 (simulate_adaptive_control:109) [DEBUG]: τ maintained at 1 (R^2 improvement not sufficient: -10.5380 vs -10.5380)
2025-06-28 12:23:54,571 (simulate_adaptive_control:109) [DEBUG]: τ maintained at 1 (R^2 improvement not sufficient: -9.7700 vs -9.7700)
2025-06-28 12:23:54,574 (simulate_adaptive_control:109) [DEBUG]: τ maintained at 1 (R^2 improvement not sufficient: -9.4639 vs -9.4639)
2025-06-28 12:23:54,576 (simulate_adaptive_control:109) [DEBUG]: τ maintained at 1 (R^2 improvement not sufficient: -9.2307 vs -9.2307)
2025-06-28 12:23:54,579 (simulate_adaptive_control:109) [DEBUG]: τ maintained at 1 (R^2 improvement not sufficient: -8.6846 vs -8.6846)
2025-06-28 12:23:54,580 (simulate_adaptive_control:244) [INFO]: End of reference trajectory (or look-ahead range) reached. Stopping simulation.
2025-06-28 12:23:54,580 (simulate_adaptive_control:311) [INFO]: Simulation finished.
2025-06-28 12:23:54,616 (simulate_adaptive_control:319) [INFO]: Simulation results saved to data/simulate_adaptive_control/adaptive_simulation/20250628T122353/adaptive_simulation_results.csv
