2025-06-28 14:34:46,453 (event_logging:164) [DEBUG]: Start event logging
2025-06-28 14:34:46,453 (event_logging:165) [DEBUG]: Logger name: __main__
2025-06-28 14:34:46,454 (event_logging:166) [DEBUG]: Log filename: data/simulate_adaptive_control/adaptive_simulation/20250628T143446/simulate_adaptive_control.log
2025-06-28 14:34:46,454 (event_logging:168) [DEBUG]: Command: python apps/simulate_adaptive_control.py data/trained_model/train_adaptive/20250628T140155/trained_model.joblib -r tests/data/motion_data_000.csv -c apps/config/adaptive_model.toml --active-joints 5 --max-steps 10000
2025-06-28 14:34:46,455 (data_handling:162) [DEBUG]: Directory created: data/simulate_adaptive_control/adaptive_simulation/20250628T143446/config
2025-06-28 14:34:46,465 (data_handling:180) [DEBUG]: Model config copied: None -> data/simulate_adaptive_control/adaptive_simulation/20250628T143446/config
2025-06-28 14:34:46,465 (simulate_adaptive_control:229) [INFO]: config: apps/config/adaptive_model.toml
2025-06-28 14:34:46,466 (simulate_adaptive_control:230) [INFO]: output: data/simulate_adaptive_control/adaptive_simulation/20250628T143446
2025-06-28 14:34:46,466 (simulate_adaptive_control:231) [INFO]: N_max: 10, Active Joints: [5]
2025-06-28 14:34:46,466 (simulate_adaptive_control:235) [INFO]: Loading trained model from data/trained_model/train_adaptive/20250628T140155/trained_model.joblib
2025-06-28 14:34:46,479 (simulate_adaptive_control:239) [INFO]: Loading reference trajectory from tests/data/motion_data_000.csv
2025-06-28 14:34:46,499 (simulate_adaptive_control:242) [INFO]: Reference trajectory loaded with 301 steps.
2025-06-28 14:34:46,500 (simulate_adaptive_control:62) [INFO]: AdaptiveController initialized with N_min=10, N_max=10, initial_tau=1
2025-06-28 14:34:46,504 (simulate_adaptive_control:264) [INFO]: Starting simulation...
2025-06-28 14:34:46,508 (simulate_adaptive_control:110) [DEBUG]: No sufficient R^2 data for any tau. Maintaining current tau: 1
2025-06-28 14:34:46,509 (simulate_adaptive_control:428) [INFO]: Step 0/10000, Current τ: 1, R^2[1]: -inf
2025-06-28 14:34:46,512 (simulate_adaptive_control:123) [INFO]: τ changed from 1 to 10 (R^2 improved: -inf -> -0.7402)
2025-06-28 14:34:46,515 (simulate_adaptive_control:126) [DEBUG]: τ maintained at 10 (R^2 improvement not sufficient: -0.3906 vs -0.3906)
2025-06-28 14:34:46,519 (simulate_adaptive_control:126) [DEBUG]: τ maintained at 10 (R^2 improvement not sufficient: -0.1142 vs -0.1142)
2025-06-28 14:34:46,523 (simulate_adaptive_control:126) [DEBUG]: τ maintained at 10 (R^2 improvement not sufficient: 0.0589 vs 0.0589)
2025-06-28 14:34:46,528 (simulate_adaptive_control:126) [DEBUG]: τ maintained at 10 (R^2 improvement not sufficient: 0.1759 vs 0.1759)
2025-06-28 14:34:46,531 (simulate_adaptive_control:126) [DEBUG]: τ maintained at 10 (R^2 improvement not sufficient: -0.2222 vs -0.2222)
2025-06-28 14:34:46,535 (simulate_adaptive_control:126) [DEBUG]: τ maintained at 10 (R^2 improvement not sufficient: -0.1665 vs -0.1665)
2025-06-28 14:34:46,539 (simulate_adaptive_control:126) [DEBUG]: τ maintained at 10 (R^2 improvement not sufficient: -0.2408 vs -0.2408)
2025-06-28 14:34:46,543 (simulate_adaptive_control:126) [DEBUG]: τ maintained at 10 (R^2 improvement not sufficient: -0.1894 vs -0.1894)
2025-06-28 14:34:46,546 (simulate_adaptive_control:126) [DEBUG]: τ maintained at 10 (R^2 improvement not sufficient: -0.1983 vs -0.1983)
2025-06-28 14:34:46,550 (simulate_adaptive_control:126) [DEBUG]: τ maintained at 10 (R^2 improvement not sufficient: -0.1688 vs -0.1688)
2025-06-28 14:34:46,554 (simulate_adaptive_control:126) [DEBUG]: τ maintained at 10 (R^2 improvement not sufficient: -0.1467 vs -0.1467)
2025-06-28 14:34:46,559 (simulate_adaptive_control:126) [DEBUG]: τ maintained at 10 (R^2 improvement not sufficient: -0.1475 vs -0.1475)
2025-06-28 14:34:46,562 (simulate_adaptive_control:126) [DEBUG]: τ maintained at 10 (R^2 improvement not sufficient: -0.1968 vs -0.1968)
2025-06-28 14:34:46,567 (simulate_adaptive_control:126) [DEBUG]: τ maintained at 10 (R^2 improvement not sufficient: -0.5436 vs -0.5436)
2025-06-28 14:34:46,571 (simulate_adaptive_control:126) [DEBUG]: τ maintained at 10 (R^2 improvement not sufficient: -0.8030 vs -0.8030)
2025-06-28 14:34:46,574 (simulate_adaptive_control:126) [DEBUG]: τ maintained at 10 (R^2 improvement not sufficient: -1.2461 vs -1.2461)
2025-06-28 14:34:46,578 (simulate_adaptive_control:126) [DEBUG]: τ maintained at 10 (R^2 improvement not sufficient: -1.6404 vs -1.6404)
2025-06-28 14:34:46,583 (simulate_adaptive_control:126) [DEBUG]: τ maintained at 10 (R^2 improvement not sufficient: -2.2810 vs -2.2810)
2025-06-28 14:34:46,586 (simulate_adaptive_control:126) [DEBUG]: τ maintained at 10 (R^2 improvement not sufficient: -2.6467 vs -2.6467)
2025-06-28 14:34:46,591 (simulate_adaptive_control:126) [DEBUG]: τ maintained at 10 (R^2 improvement not sufficient: -2.7316 vs -2.7316)
2025-06-28 14:34:46,594 (simulate_adaptive_control:126) [DEBUG]: τ maintained at 10 (R^2 improvement not sufficient: -2.7547 vs -2.7547)
2025-06-28 14:34:46,599 (simulate_adaptive_control:126) [DEBUG]: τ maintained at 10 (R^2 improvement not sufficient: -2.7668 vs -2.7668)
2025-06-28 14:34:46,603 (simulate_adaptive_control:126) [DEBUG]: τ maintained at 10 (R^2 improvement not sufficient: -2.7700 vs -2.7700)
2025-06-28 14:34:46,607 (simulate_adaptive_control:126) [DEBUG]: τ maintained at 10 (R^2 improvement not sufficient: -2.7727 vs -2.7727)
2025-06-28 14:34:46,611 (simulate_adaptive_control:126) [DEBUG]: τ maintained at 10 (R^2 improvement not sufficient: -2.7841 vs -2.7841)
2025-06-28 14:34:46,614 (simulate_adaptive_control:126) [DEBUG]: τ maintained at 10 (R^2 improvement not sufficient: -2.8241 vs -2.8241)
2025-06-28 14:34:46,618 (simulate_adaptive_control:126) [DEBUG]: τ maintained at 10 (R^2 improvement not sufficient: -2.8553 vs -2.8553)
2025-06-28 14:34:46,622 (simulate_adaptive_control:126) [DEBUG]: τ maintained at 10 (R^2 improvement not sufficient: -2.8693 vs -2.8693)
2025-06-28 14:34:46,626 (simulate_adaptive_control:126) [DEBUG]: τ maintained at 10 (R^2 improvement not sufficient: -2.8662 vs -2.8662)
2025-06-28 14:34:46,630 (simulate_adaptive_control:126) [DEBUG]: τ maintained at 10 (R^2 improvement not sufficient: -2.8474 vs -2.8474)
2025-06-28 14:34:46,634 (simulate_adaptive_control:126) [DEBUG]: τ maintained at 10 (R^2 improvement not sufficient: -2.8556 vs -2.8556)
2025-06-28 14:34:46,638 (simulate_adaptive_control:126) [DEBUG]: τ maintained at 10 (R^2 improvement not sufficient: -2.8875 vs -2.8875)
2025-06-28 14:34:46,641 (simulate_adaptive_control:126) [DEBUG]: τ maintained at 10 (R^2 improvement not sufficient: -2.8742 vs -2.8742)
2025-06-28 14:34:46,645 (simulate_adaptive_control:126) [DEBUG]: τ maintained at 10 (R^2 improvement not sufficient: -2.8263 vs -2.8263)
2025-06-28 14:34:46,648 (simulate_adaptive_control:126) [DEBUG]: τ maintained at 10 (R^2 improvement not sufficient: -2.7680 vs -2.7680)
2025-06-28 14:34:46,652 (simulate_adaptive_control:126) [DEBUG]: τ maintained at 10 (R^2 improvement not sufficient: -2.7083 vs -2.7083)
2025-06-28 14:34:46,656 (simulate_adaptive_control:126) [DEBUG]: τ maintained at 10 (R^2 improvement not sufficient: -2.6384 vs -2.6384)
2025-06-28 14:34:46,659 (simulate_adaptive_control:126) [DEBUG]: τ maintained at 10 (R^2 improvement not sufficient: -2.5564 vs -2.5564)
2025-06-28 14:34:46,663 (simulate_adaptive_control:126) [DEBUG]: τ maintained at 10 (R^2 improvement not sufficient: -2.4720 vs -2.4720)
2025-06-28 14:34:46,666 (simulate_adaptive_control:126) [DEBUG]: τ maintained at 10 (R^2 improvement not sufficient: -2.3864 vs -2.3864)
2025-06-28 14:34:46,670 (simulate_adaptive_control:126) [DEBUG]: τ maintained at 10 (R^2 improvement not sufficient: -2.3165 vs -2.3165)
2025-06-28 14:34:46,674 (simulate_adaptive_control:126) [DEBUG]: τ maintained at 10 (R^2 improvement not sufficient: -2.2689 vs -2.2689)
2025-06-28 14:34:46,678 (simulate_adaptive_control:126) [DEBUG]: τ maintained at 10 (R^2 improvement not sufficient: -2.3139 vs -2.3139)
2025-06-28 14:34:46,682 (simulate_adaptive_control:126) [DEBUG]: τ maintained at 10 (R^2 improvement not sufficient: -2.2786 vs -2.2786)
2025-06-28 14:34:46,685 (simulate_adaptive_control:126) [DEBUG]: τ maintained at 10 (R^2 improvement not sufficient: -2.3278 vs -2.3278)
2025-06-28 14:34:46,689 (simulate_adaptive_control:126) [DEBUG]: τ maintained at 10 (R^2 improvement not sufficient: -2.7763 vs -2.7763)
2025-06-28 14:34:46,692 (simulate_adaptive_control:126) [DEBUG]: τ maintained at 10 (R^2 improvement not sufficient: -2.8961 vs -2.8961)
2025-06-28 14:34:46,696 (simulate_adaptive_control:126) [DEBUG]: τ maintained at 10 (R^2 improvement not sufficient: -3.0039 vs -3.0039)
2025-06-28 14:34:46,700 (simulate_adaptive_control:126) [DEBUG]: τ maintained at 10 (R^2 improvement not sufficient: -3.0912 vs -3.0912)
2025-06-28 14:34:46,704 (simulate_adaptive_control:126) [DEBUG]: τ maintained at 10 (R^2 improvement not sufficient: -3.1701 vs -3.1701)
2025-06-28 14:34:46,709 (simulate_adaptive_control:126) [DEBUG]: τ maintained at 10 (R^2 improvement not sufficient: -3.2322 vs -3.2322)
2025-06-28 14:34:46,712 (simulate_adaptive_control:126) [DEBUG]: τ maintained at 10 (R^2 improvement not sufficient: -3.2805 vs -3.2805)
2025-06-28 14:34:46,716 (simulate_adaptive_control:126) [DEBUG]: τ maintained at 10 (R^2 improvement not sufficient: -3.3154 vs -3.3154)
2025-06-28 14:34:46,721 (simulate_adaptive_control:126) [DEBUG]: τ maintained at 10 (R^2 improvement not sufficient: -3.3369 vs -3.3369)
2025-06-28 14:34:46,725 (simulate_adaptive_control:126) [DEBUG]: τ maintained at 10 (R^2 improvement not sufficient: -3.3399 vs -3.3399)
2025-06-28 14:34:46,728 (simulate_adaptive_control:126) [DEBUG]: τ maintained at 10 (R^2 improvement not sufficient: -3.3253 vs -3.3253)
2025-06-28 14:34:46,732 (simulate_adaptive_control:126) [DEBUG]: τ maintained at 10 (R^2 improvement not sufficient: -3.2895 vs -3.2895)
2025-06-28 14:34:46,736 (simulate_adaptive_control:126) [DEBUG]: τ maintained at 10 (R^2 improvement not sufficient: -3.2276 vs -3.2276)
2025-06-28 14:34:46,740 (simulate_adaptive_control:126) [DEBUG]: τ maintained at 10 (R^2 improvement not sufficient: -3.1526 vs -3.1526)
2025-06-28 14:34:46,744 (simulate_adaptive_control:126) [DEBUG]: τ maintained at 10 (R^2 improvement not sufficient: -3.0586 vs -3.0586)
2025-06-28 14:34:46,748 (simulate_adaptive_control:126) [DEBUG]: τ maintained at 10 (R^2 improvement not sufficient: -2.9559 vs -2.9559)
2025-06-28 14:34:46,752 (simulate_adaptive_control:126) [DEBUG]: τ maintained at 10 (R^2 improvement not sufficient: -2.8487 vs -2.8487)
2025-06-28 14:34:46,755 (simulate_adaptive_control:126) [DEBUG]: τ maintained at 10 (R^2 improvement not sufficient: -2.7639 vs -2.7639)
2025-06-28 14:34:46,759 (simulate_adaptive_control:126) [DEBUG]: τ maintained at 10 (R^2 improvement not sufficient: -2.6823 vs -2.6823)
2025-06-28 14:34:46,763 (simulate_adaptive_control:126) [DEBUG]: τ maintained at 10 (R^2 improvement not sufficient: -2.7499 vs -2.7499)
2025-06-28 14:34:46,766 (simulate_adaptive_control:126) [DEBUG]: τ maintained at 10 (R^2 improvement not sufficient: -2.9069 vs -2.9069)
2025-06-28 14:34:46,771 (simulate_adaptive_control:126) [DEBUG]: τ maintained at 10 (R^2 improvement not sufficient: -2.9106 vs -2.9106)
2025-06-28 14:34:46,774 (simulate_adaptive_control:126) [DEBUG]: τ maintained at 10 (R^2 improvement not sufficient: -2.9000 vs -2.9000)
2025-06-28 14:34:46,778 (simulate_adaptive_control:126) [DEBUG]: τ maintained at 10 (R^2 improvement not sufficient: -2.9673 vs -2.9673)
2025-06-28 14:34:46,782 (simulate_adaptive_control:126) [DEBUG]: τ maintained at 10 (R^2 improvement not sufficient: -3.1432 vs -3.1432)
2025-06-28 14:34:46,786 (simulate_adaptive_control:126) [DEBUG]: τ maintained at 10 (R^2 improvement not sufficient: -3.3320 vs -3.3320)
2025-06-28 14:34:46,790 (simulate_adaptive_control:126) [DEBUG]: τ maintained at 10 (R^2 improvement not sufficient: -3.4754 vs -3.4754)
2025-06-28 14:34:46,793 (simulate_adaptive_control:126) [DEBUG]: τ maintained at 10 (R^2 improvement not sufficient: -3.4783 vs -3.4783)
2025-06-28 14:34:46,797 (simulate_adaptive_control:126) [DEBUG]: τ maintained at 10 (R^2 improvement not sufficient: -3.4745 vs -3.4745)
2025-06-28 14:34:46,801 (simulate_adaptive_control:126) [DEBUG]: τ maintained at 10 (R^2 improvement not sufficient: -3.4712 vs -3.4712)
2025-06-28 14:34:46,805 (simulate_adaptive_control:126) [DEBUG]: τ maintained at 10 (R^2 improvement not sufficient: -3.4596 vs -3.4596)
2025-06-28 14:34:46,809 (simulate_adaptive_control:126) [DEBUG]: τ maintained at 10 (R^2 improvement not sufficient: -3.4550 vs -3.4550)
2025-06-28 14:34:46,813 (simulate_adaptive_control:126) [DEBUG]: τ maintained at 10 (R^2 improvement not sufficient: -3.4457 vs -3.4457)
2025-06-28 14:34:46,817 (simulate_adaptive_control:126) [DEBUG]: τ maintained at 10 (R^2 improvement not sufficient: -3.4459 vs -3.4459)
2025-06-28 14:34:46,821 (simulate_adaptive_control:126) [DEBUG]: τ maintained at 10 (R^2 improvement not sufficient: -3.4941 vs -3.4941)
2025-06-28 14:34:46,825 (simulate_adaptive_control:126) [DEBUG]: τ maintained at 10 (R^2 improvement not sufficient: -3.5081 vs -3.5081)
2025-06-28 14:34:46,828 (simulate_adaptive_control:126) [DEBUG]: τ maintained at 10 (R^2 improvement not sufficient: -3.5049 vs -3.5049)
2025-06-28 14:34:46,833 (simulate_adaptive_control:126) [DEBUG]: τ maintained at 10 (R^2 improvement not sufficient: -3.5027 vs -3.5027)
2025-06-28 14:34:46,836 (simulate_adaptive_control:126) [DEBUG]: τ maintained at 10 (R^2 improvement not sufficient: -3.5002 vs -3.5002)
2025-06-28 14:34:46,840 (simulate_adaptive_control:126) [DEBUG]: τ maintained at 10 (R^2 improvement not sufficient: -3.5000 vs -3.5000)
2025-06-28 14:34:46,844 (simulate_adaptive_control:126) [DEBUG]: τ maintained at 10 (R^2 improvement not sufficient: -3.5006 vs -3.5006)
2025-06-28 14:34:46,847 (simulate_adaptive_control:126) [DEBUG]: τ maintained at 10 (R^2 improvement not sufficient: -3.5352 vs -3.5352)
2025-06-28 14:34:46,851 (simulate_adaptive_control:126) [DEBUG]: τ maintained at 10 (R^2 improvement not sufficient: -3.5410 vs -3.5410)
2025-06-28 14:34:46,855 (simulate_adaptive_control:126) [DEBUG]: τ maintained at 10 (R^2 improvement not sufficient: -3.5413 vs -3.5413)
2025-06-28 14:34:46,859 (simulate_adaptive_control:126) [DEBUG]: τ maintained at 10 (R^2 improvement not sufficient: -3.5672 vs -3.5672)
2025-06-28 14:34:46,863 (simulate_adaptive_control:126) [DEBUG]: τ maintained at 10 (R^2 improvement not sufficient: -3.5700 vs -3.5700)
2025-06-28 14:34:46,867 (simulate_adaptive_control:126) [DEBUG]: τ maintained at 10 (R^2 improvement not sufficient: -3.5676 vs -3.5676)
2025-06-28 14:34:46,870 (simulate_adaptive_control:126) [DEBUG]: τ maintained at 10 (R^2 improvement not sufficient: -3.5655 vs -3.5655)
2025-06-28 14:34:46,874 (simulate_adaptive_control:126) [DEBUG]: τ maintained at 10 (R^2 improvement not sufficient: -3.5642 vs -3.5642)
2025-06-28 14:34:46,878 (simulate_adaptive_control:126) [DEBUG]: τ maintained at 10 (R^2 improvement not sufficient: -3.5605 vs -3.5605)
2025-06-28 14:34:46,882 (simulate_adaptive_control:126) [DEBUG]: τ maintained at 10 (R^2 improvement not sufficient: -3.5594 vs -3.5594)
2025-06-28 14:34:46,886 (simulate_adaptive_control:126) [DEBUG]: τ maintained at 10 (R^2 improvement not sufficient: -3.5553 vs -3.5553)
2025-06-28 14:34:46,890 (simulate_adaptive_control:126) [DEBUG]: τ maintained at 10 (R^2 improvement not sufficient: -3.5516 vs -3.5516)
2025-06-28 14:34:46,894 (simulate_adaptive_control:126) [DEBUG]: τ maintained at 10 (R^2 improvement not sufficient: -3.5793 vs -3.5793)
2025-06-28 14:34:46,895 (simulate_adaptive_control:428) [INFO]: Step 100/10000, Current τ: 10, R^2[10]: -3.5793
2025-06-28 14:34:46,898 (simulate_adaptive_control:126) [DEBUG]: τ maintained at 10 (R^2 improvement not sufficient: -3.6437 vs -3.6437)
2025-06-28 14:34:46,902 (simulate_adaptive_control:126) [DEBUG]: τ maintained at 10 (R^2 improvement not sufficient: -3.7750 vs -3.7750)
2025-06-28 14:34:46,906 (simulate_adaptive_control:126) [DEBUG]: τ maintained at 10 (R^2 improvement not sufficient: -3.9354 vs -3.9354)
2025-06-28 14:34:46,910 (simulate_adaptive_control:126) [DEBUG]: τ maintained at 10 (R^2 improvement not sufficient: -4.1776 vs -4.1776)
2025-06-28 14:34:46,914 (simulate_adaptive_control:126) [DEBUG]: τ maintained at 10 (R^2 improvement not sufficient: -4.4678 vs -4.4678)
2025-06-28 14:34:46,918 (simulate_adaptive_control:126) [DEBUG]: τ maintained at 10 (R^2 improvement not sufficient: -4.6849 vs -4.6849)
2025-06-28 14:34:46,922 (simulate_adaptive_control:126) [DEBUG]: τ maintained at 10 (R^2 improvement not sufficient: -5.1275 vs -5.1275)
2025-06-28 14:34:46,926 (simulate_adaptive_control:126) [DEBUG]: τ maintained at 10 (R^2 improvement not sufficient: -5.5762 vs -5.5762)
2025-06-28 14:34:46,930 (simulate_adaptive_control:126) [DEBUG]: τ maintained at 10 (R^2 improvement not sufficient: -6.0780 vs -6.0780)
2025-06-28 14:34:46,934 (simulate_adaptive_control:126) [DEBUG]: τ maintained at 10 (R^2 improvement not sufficient: -6.5169 vs -6.5169)
2025-06-28 14:34:46,938 (simulate_adaptive_control:126) [DEBUG]: τ maintained at 10 (R^2 improvement not sufficient: -6.9316 vs -6.9316)
2025-06-28 14:34:46,941 (simulate_adaptive_control:126) [DEBUG]: τ maintained at 10 (R^2 improvement not sufficient: -7.1936 vs -7.1936)
2025-06-28 14:34:46,945 (simulate_adaptive_control:126) [DEBUG]: τ maintained at 10 (R^2 improvement not sufficient: -7.3221 vs -7.3221)
2025-06-28 14:34:46,949 (simulate_adaptive_control:126) [DEBUG]: τ maintained at 10 (R^2 improvement not sufficient: -7.2915 vs -7.2915)
2025-06-28 14:34:46,953 (simulate_adaptive_control:126) [DEBUG]: τ maintained at 10 (R^2 improvement not sufficient: -6.8158 vs -6.8158)
2025-06-28 14:34:46,957 (simulate_adaptive_control:126) [DEBUG]: τ maintained at 10 (R^2 improvement not sufficient: -6.3899 vs -6.3899)
2025-06-28 14:34:46,961 (simulate_adaptive_control:126) [DEBUG]: τ maintained at 10 (R^2 improvement not sufficient: -5.7162 vs -5.7162)
2025-06-28 14:34:46,965 (simulate_adaptive_control:126) [DEBUG]: τ maintained at 10 (R^2 improvement not sufficient: -5.0829 vs -5.0829)
2025-06-28 14:34:46,969 (simulate_adaptive_control:126) [DEBUG]: τ maintained at 10 (R^2 improvement not sufficient: -4.1855 vs -4.1855)
2025-06-28 14:34:46,973 (simulate_adaptive_control:126) [DEBUG]: τ maintained at 10 (R^2 improvement not sufficient: -3.5658 vs -3.5658)
2025-06-28 14:34:46,977 (simulate_adaptive_control:126) [DEBUG]: τ maintained at 10 (R^2 improvement not sufficient: -3.2092 vs -3.2092)
2025-06-28 14:34:46,981 (simulate_adaptive_control:126) [DEBUG]: τ maintained at 10 (R^2 improvement not sufficient: -2.9101 vs -2.9101)
2025-06-28 14:34:46,985 (simulate_adaptive_control:126) [DEBUG]: τ maintained at 10 (R^2 improvement not sufficient: -2.6343 vs -2.6343)
2025-06-28 14:34:46,989 (simulate_adaptive_control:126) [DEBUG]: τ maintained at 10 (R^2 improvement not sufficient: -2.4201 vs -2.4201)
2025-06-28 14:34:46,992 (simulate_adaptive_control:126) [DEBUG]: τ maintained at 10 (R^2 improvement not sufficient: -2.3498 vs -2.3498)
2025-06-28 14:34:46,996 (simulate_adaptive_control:126) [DEBUG]: τ maintained at 10 (R^2 improvement not sufficient: -2.1920 vs -2.1920)
2025-06-28 14:34:47,000 (simulate_adaptive_control:126) [DEBUG]: τ maintained at 10 (R^2 improvement not sufficient: -2.0584 vs -2.0584)
2025-06-28 14:34:47,004 (simulate_adaptive_control:126) [DEBUG]: τ maintained at 10 (R^2 improvement not sufficient: -2.0494 vs -2.0494)
2025-06-28 14:34:47,008 (simulate_adaptive_control:126) [DEBUG]: τ maintained at 10 (R^2 improvement not sufficient: -1.9960 vs -1.9960)
2025-06-28 14:34:47,012 (simulate_adaptive_control:126) [DEBUG]: τ maintained at 10 (R^2 improvement not sufficient: -2.0183 vs -2.0183)
2025-06-28 14:34:47,016 (simulate_adaptive_control:126) [DEBUG]: τ maintained at 10 (R^2 improvement not sufficient: -2.2567 vs -2.2567)
2025-06-28 14:34:47,020 (simulate_adaptive_control:126) [DEBUG]: τ maintained at 10 (R^2 improvement not sufficient: -2.3278 vs -2.3278)
2025-06-28 14:34:47,024 (simulate_adaptive_control:126) [DEBUG]: τ maintained at 10 (R^2 improvement not sufficient: -2.4244 vs -2.4244)
2025-06-28 14:34:47,028 (simulate_adaptive_control:126) [DEBUG]: τ maintained at 10 (R^2 improvement not sufficient: -2.6327 vs -2.6327)
2025-06-28 14:34:47,032 (simulate_adaptive_control:126) [DEBUG]: τ maintained at 10 (R^2 improvement not sufficient: -2.7348 vs -2.7348)
2025-06-28 14:34:47,036 (simulate_adaptive_control:126) [DEBUG]: τ maintained at 10 (R^2 improvement not sufficient: -2.7742 vs -2.7742)
2025-06-28 14:34:47,039 (simulate_adaptive_control:126) [DEBUG]: τ maintained at 10 (R^2 improvement not sufficient: -2.8181 vs -2.8181)
2025-06-28 14:34:47,044 (simulate_adaptive_control:126) [DEBUG]: τ maintained at 10 (R^2 improvement not sufficient: -2.8940 vs -2.8940)
2025-06-28 14:34:47,048 (simulate_adaptive_control:126) [DEBUG]: τ maintained at 10 (R^2 improvement not sufficient: -2.9889 vs -2.9889)
2025-06-28 14:34:47,052 (simulate_adaptive_control:126) [DEBUG]: τ maintained at 10 (R^2 improvement not sufficient: -3.5093 vs -3.5093)
2025-06-28 14:34:47,055 (simulate_adaptive_control:126) [DEBUG]: τ maintained at 10 (R^2 improvement not sufficient: -3.8301 vs -3.8301)
2025-06-28 14:34:47,059 (simulate_adaptive_control:126) [DEBUG]: τ maintained at 10 (R^2 improvement not sufficient: -3.9355 vs -3.9355)
2025-06-28 14:34:47,063 (simulate_adaptive_control:126) [DEBUG]: τ maintained at 10 (R^2 improvement not sufficient: -3.9515 vs -3.9515)
2025-06-28 14:34:47,067 (simulate_adaptive_control:126) [DEBUG]: τ maintained at 10 (R^2 improvement not sufficient: -3.8232 vs -3.8232)
2025-06-28 14:34:47,071 (simulate_adaptive_control:126) [DEBUG]: τ maintained at 10 (R^2 improvement not sufficient: -3.7693 vs -3.7693)
2025-06-28 14:34:47,075 (simulate_adaptive_control:126) [DEBUG]: τ maintained at 10 (R^2 improvement not sufficient: -3.6735 vs -3.6735)
2025-06-28 14:34:47,079 (simulate_adaptive_control:126) [DEBUG]: τ maintained at 10 (R^2 improvement not sufficient: -3.4259 vs -3.4259)
2025-06-28 14:34:47,083 (simulate_adaptive_control:126) [DEBUG]: τ maintained at 10 (R^2 improvement not sufficient: -3.3930 vs -3.3930)
2025-06-28 14:34:47,087 (simulate_adaptive_control:126) [DEBUG]: τ maintained at 10 (R^2 improvement not sufficient: -3.2269 vs -3.2269)
2025-06-28 14:34:47,091 (simulate_adaptive_control:126) [DEBUG]: τ maintained at 10 (R^2 improvement not sufficient: -3.1025 vs -3.1025)
2025-06-28 14:34:47,094 (simulate_adaptive_control:126) [DEBUG]: τ maintained at 10 (R^2 improvement not sufficient: -3.0008 vs -3.0008)
2025-06-28 14:34:47,098 (simulate_adaptive_control:126) [DEBUG]: τ maintained at 10 (R^2 improvement not sufficient: -2.9295 vs -2.9295)
2025-06-28 14:34:47,102 (simulate_adaptive_control:126) [DEBUG]: τ maintained at 10 (R^2 improvement not sufficient: -2.8843 vs -2.8843)
2025-06-28 14:34:47,106 (simulate_adaptive_control:126) [DEBUG]: τ maintained at 10 (R^2 improvement not sufficient: -2.8654 vs -2.8654)
2025-06-28 14:34:47,110 (simulate_adaptive_control:126) [DEBUG]: τ maintained at 10 (R^2 improvement not sufficient: -3.0142 vs -3.0142)
2025-06-28 14:34:47,114 (simulate_adaptive_control:126) [DEBUG]: τ maintained at 10 (R^2 improvement not sufficient: -3.1774 vs -3.1774)
2025-06-28 14:34:47,118 (simulate_adaptive_control:126) [DEBUG]: τ maintained at 10 (R^2 improvement not sufficient: -3.1959 vs -3.1959)
2025-06-28 14:34:47,122 (simulate_adaptive_control:126) [DEBUG]: τ maintained at 10 (R^2 improvement not sufficient: -3.2327 vs -3.2327)
2025-06-28 14:34:47,126 (simulate_adaptive_control:126) [DEBUG]: τ maintained at 10 (R^2 improvement not sufficient: -3.2842 vs -3.2842)
2025-06-28 14:34:47,130 (simulate_adaptive_control:126) [DEBUG]: τ maintained at 10 (R^2 improvement not sufficient: -3.3410 vs -3.3410)
2025-06-28 14:34:47,133 (simulate_adaptive_control:126) [DEBUG]: τ maintained at 10 (R^2 improvement not sufficient: -3.4180 vs -3.4180)
2025-06-28 14:34:47,138 (simulate_adaptive_control:126) [DEBUG]: τ maintained at 10 (R^2 improvement not sufficient: -3.5053 vs -3.5053)
2025-06-28 14:34:47,141 (simulate_adaptive_control:126) [DEBUG]: τ maintained at 10 (R^2 improvement not sufficient: -3.5978 vs -3.5978)
2025-06-28 14:34:47,145 (simulate_adaptive_control:126) [DEBUG]: τ maintained at 10 (R^2 improvement not sufficient: -3.6748 vs -3.6748)
2025-06-28 14:34:47,149 (simulate_adaptive_control:126) [DEBUG]: τ maintained at 10 (R^2 improvement not sufficient: -3.7739 vs -3.7739)
2025-06-28 14:34:47,153 (simulate_adaptive_control:126) [DEBUG]: τ maintained at 10 (R^2 improvement not sufficient: -3.6826 vs -3.6826)
2025-06-28 14:34:47,156 (simulate_adaptive_control:126) [DEBUG]: τ maintained at 10 (R^2 improvement not sufficient: -3.4686 vs -3.4686)
2025-06-28 14:34:47,160 (simulate_adaptive_control:126) [DEBUG]: τ maintained at 10 (R^2 improvement not sufficient: -3.4422 vs -3.4422)
2025-06-28 14:34:47,164 (simulate_adaptive_control:126) [DEBUG]: τ maintained at 10 (R^2 improvement not sufficient: -3.4635 vs -3.4635)
2025-06-28 14:34:47,168 (simulate_adaptive_control:126) [DEBUG]: τ maintained at 10 (R^2 improvement not sufficient: -3.3636 vs -3.3636)
2025-06-28 14:34:47,172 (simulate_adaptive_control:126) [DEBUG]: τ maintained at 10 (R^2 improvement not sufficient: -3.1612 vs -3.1612)
2025-06-28 14:34:47,176 (simulate_adaptive_control:126) [DEBUG]: τ maintained at 10 (R^2 improvement not sufficient: -2.9742 vs -2.9742)
2025-06-28 14:34:47,180 (simulate_adaptive_control:126) [DEBUG]: τ maintained at 10 (R^2 improvement not sufficient: -2.8148 vs -2.8148)
2025-06-28 14:34:47,183 (simulate_adaptive_control:126) [DEBUG]: τ maintained at 10 (R^2 improvement not sufficient: -2.8093 vs -2.8093)
2025-06-28 14:34:47,187 (simulate_adaptive_control:126) [DEBUG]: τ maintained at 10 (R^2 improvement not sufficient: -2.8277 vs -2.8277)
2025-06-28 14:34:47,191 (simulate_adaptive_control:126) [DEBUG]: τ maintained at 10 (R^2 improvement not sufficient: -2.8343 vs -2.8343)
2025-06-28 14:34:47,195 (simulate_adaptive_control:126) [DEBUG]: τ maintained at 10 (R^2 improvement not sufficient: -2.8471 vs -2.8471)
2025-06-28 14:34:47,199 (simulate_adaptive_control:126) [DEBUG]: τ maintained at 10 (R^2 improvement not sufficient: -2.9005 vs -2.9005)
2025-06-28 14:34:47,203 (simulate_adaptive_control:126) [DEBUG]: τ maintained at 10 (R^2 improvement not sufficient: -3.1629 vs -3.1629)
2025-06-28 14:34:47,206 (simulate_adaptive_control:126) [DEBUG]: τ maintained at 10 (R^2 improvement not sufficient: -3.2774 vs -3.2774)
2025-06-28 14:34:47,210 (simulate_adaptive_control:126) [DEBUG]: τ maintained at 10 (R^2 improvement not sufficient: -3.2405 vs -3.2405)
2025-06-28 14:34:47,215 (simulate_adaptive_control:126) [DEBUG]: τ maintained at 10 (R^2 improvement not sufficient: -3.2438 vs -3.2438)
2025-06-28 14:34:47,219 (simulate_adaptive_control:126) [DEBUG]: τ maintained at 10 (R^2 improvement not sufficient: -3.2589 vs -3.2589)
2025-06-28 14:34:47,223 (simulate_adaptive_control:126) [DEBUG]: τ maintained at 10 (R^2 improvement not sufficient: -3.2637 vs -3.2637)
2025-06-28 14:34:47,227 (simulate_adaptive_control:126) [DEBUG]: τ maintained at 10 (R^2 improvement not sufficient: -3.2657 vs -3.2657)
2025-06-28 14:34:47,230 (simulate_adaptive_control:126) [DEBUG]: τ maintained at 10 (R^2 improvement not sufficient: -3.3050 vs -3.3050)
2025-06-28 14:34:47,234 (simulate_adaptive_control:126) [DEBUG]: τ maintained at 10 (R^2 improvement not sufficient: -3.6545 vs -3.6545)
2025-06-28 14:34:47,238 (simulate_adaptive_control:126) [DEBUG]: τ maintained at 10 (R^2 improvement not sufficient: -3.9233 vs -3.9233)
2025-06-28 14:34:47,242 (simulate_adaptive_control:126) [DEBUG]: τ maintained at 10 (R^2 improvement not sufficient: -4.1596 vs -4.1596)
2025-06-28 14:34:47,246 (simulate_adaptive_control:126) [DEBUG]: τ maintained at 10 (R^2 improvement not sufficient: -4.3412 vs -4.3412)
2025-06-28 14:34:47,250 (simulate_adaptive_control:126) [DEBUG]: τ maintained at 10 (R^2 improvement not sufficient: -4.3269 vs -4.3269)
2025-06-28 14:34:47,253 (simulate_adaptive_control:126) [DEBUG]: τ maintained at 10 (R^2 improvement not sufficient: -4.3293 vs -4.3293)
2025-06-28 14:34:47,257 (simulate_adaptive_control:126) [DEBUG]: τ maintained at 10 (R^2 improvement not sufficient: -4.3429 vs -4.3429)
2025-06-28 14:34:47,261 (simulate_adaptive_control:126) [DEBUG]: τ maintained at 10 (R^2 improvement not sufficient: -4.3817 vs -4.3817)
2025-06-28 14:34:47,265 (simulate_adaptive_control:126) [DEBUG]: τ maintained at 10 (R^2 improvement not sufficient: -4.4185 vs -4.4185)
2025-06-28 14:34:47,269 (simulate_adaptive_control:126) [DEBUG]: τ maintained at 10 (R^2 improvement not sufficient: -4.4557 vs -4.4557)
2025-06-28 14:34:47,272 (simulate_adaptive_control:126) [DEBUG]: τ maintained at 10 (R^2 improvement not sufficient: -4.4952 vs -4.4952)
2025-06-28 14:34:47,276 (simulate_adaptive_control:126) [DEBUG]: τ maintained at 10 (R^2 improvement not sufficient: -4.5283 vs -4.5283)
2025-06-28 14:34:47,280 (simulate_adaptive_control:126) [DEBUG]: τ maintained at 10 (R^2 improvement not sufficient: -4.5618 vs -4.5618)
2025-06-28 14:34:47,283 (simulate_adaptive_control:126) [DEBUG]: τ maintained at 10 (R^2 improvement not sufficient: -4.6050 vs -4.6050)
2025-06-28 14:34:47,285 (simulate_adaptive_control:428) [INFO]: Step 200/10000, Current τ: 10, R^2[10]: -4.6050
2025-06-28 14:34:47,288 (simulate_adaptive_control:126) [DEBUG]: τ maintained at 10 (R^2 improvement not sufficient: -4.6359 vs -4.6359)
2025-06-28 14:34:47,292 (simulate_adaptive_control:126) [DEBUG]: τ maintained at 10 (R^2 improvement not sufficient: -4.6456 vs -4.6456)
2025-06-28 14:34:47,295 (simulate_adaptive_control:126) [DEBUG]: τ maintained at 10 (R^2 improvement not sufficient: -4.7208 vs -4.7208)
2025-06-28 14:34:47,299 (simulate_adaptive_control:126) [DEBUG]: τ maintained at 10 (R^2 improvement not sufficient: -4.7734 vs -4.7734)
2025-06-28 14:34:47,303 (simulate_adaptive_control:126) [DEBUG]: τ maintained at 10 (R^2 improvement not sufficient: -4.8556 vs -4.8556)
2025-06-28 14:34:47,306 (simulate_adaptive_control:126) [DEBUG]: τ maintained at 10 (R^2 improvement not sufficient: -4.9277 vs -4.9277)
2025-06-28 14:34:47,310 (simulate_adaptive_control:126) [DEBUG]: τ maintained at 10 (R^2 improvement not sufficient: -4.9485 vs -4.9485)
2025-06-28 14:34:47,314 (simulate_adaptive_control:126) [DEBUG]: τ maintained at 10 (R^2 improvement not sufficient: -4.9761 vs -4.9761)
2025-06-28 14:34:47,318 (simulate_adaptive_control:126) [DEBUG]: τ maintained at 10 (R^2 improvement not sufficient: -5.0218 vs -5.0218)
2025-06-28 14:34:47,322 (simulate_adaptive_control:126) [DEBUG]: τ maintained at 10 (R^2 improvement not sufficient: -5.1448 vs -5.1448)
2025-06-28 14:34:47,326 (simulate_adaptive_control:126) [DEBUG]: τ maintained at 10 (R^2 improvement not sufficient: -5.2361 vs -5.2361)
2025-06-28 14:34:47,330 (simulate_adaptive_control:126) [DEBUG]: τ maintained at 10 (R^2 improvement not sufficient: -5.4449 vs -5.4449)
2025-06-28 14:34:47,334 (simulate_adaptive_control:126) [DEBUG]: τ maintained at 10 (R^2 improvement not sufficient: -5.6186 vs -5.6186)
2025-06-28 14:34:47,338 (simulate_adaptive_control:126) [DEBUG]: τ maintained at 10 (R^2 improvement not sufficient: -5.6881 vs -5.6881)
2025-06-28 14:34:47,342 (simulate_adaptive_control:126) [DEBUG]: τ maintained at 10 (R^2 improvement not sufficient: -5.7404 vs -5.7404)
2025-06-28 14:34:47,346 (simulate_adaptive_control:126) [DEBUG]: τ maintained at 10 (R^2 improvement not sufficient: -5.8147 vs -5.8147)
2025-06-28 14:34:47,350 (simulate_adaptive_control:126) [DEBUG]: τ maintained at 10 (R^2 improvement not sufficient: -5.9496 vs -5.9496)
2025-06-28 14:34:47,353 (simulate_adaptive_control:126) [DEBUG]: τ maintained at 10 (R^2 improvement not sufficient: -6.1310 vs -6.1310)
2025-06-28 14:34:47,357 (simulate_adaptive_control:126) [DEBUG]: τ maintained at 10 (R^2 improvement not sufficient: -6.3620 vs -6.3620)
2025-06-28 14:34:47,361 (simulate_adaptive_control:126) [DEBUG]: τ maintained at 10 (R^2 improvement not sufficient: -6.7816 vs -6.7816)
2025-06-28 14:34:47,364 (simulate_adaptive_control:126) [DEBUG]: τ maintained at 10 (R^2 improvement not sufficient: -7.3958 vs -7.3958)
2025-06-28 14:34:47,368 (simulate_adaptive_control:126) [DEBUG]: τ maintained at 10 (R^2 improvement not sufficient: -8.1640 vs -8.1640)
2025-06-28 14:34:47,372 (simulate_adaptive_control:126) [DEBUG]: τ maintained at 10 (R^2 improvement not sufficient: -9.0324 vs -9.0324)
2025-06-28 14:34:47,376 (simulate_adaptive_control:126) [DEBUG]: τ maintained at 10 (R^2 improvement not sufficient: -10.0670 vs -10.0670)
2025-06-28 14:34:47,380 (simulate_adaptive_control:126) [DEBUG]: τ maintained at 10 (R^2 improvement not sufficient: -10.9957 vs -10.9957)
2025-06-28 14:34:47,383 (simulate_adaptive_control:126) [DEBUG]: τ maintained at 10 (R^2 improvement not sufficient: -12.1650 vs -12.1650)
2025-06-28 14:34:47,387 (simulate_adaptive_control:126) [DEBUG]: τ maintained at 10 (R^2 improvement not sufficient: -13.2539 vs -13.2539)
2025-06-28 14:34:47,391 (simulate_adaptive_control:126) [DEBUG]: τ maintained at 10 (R^2 improvement not sufficient: -13.8723 vs -13.8723)
2025-06-28 14:34:47,395 (simulate_adaptive_control:126) [DEBUG]: τ maintained at 10 (R^2 improvement not sufficient: -14.4627 vs -14.4627)
2025-06-28 14:34:47,398 (simulate_adaptive_control:126) [DEBUG]: τ maintained at 10 (R^2 improvement not sufficient: -14.6163 vs -14.6163)
2025-06-28 14:34:47,403 (simulate_adaptive_control:126) [DEBUG]: τ maintained at 10 (R^2 improvement not sufficient: -14.0591 vs -14.0591)
2025-06-28 14:34:47,406 (simulate_adaptive_control:126) [DEBUG]: τ maintained at 10 (R^2 improvement not sufficient: -13.8232 vs -13.8232)
2025-06-28 14:34:47,410 (simulate_adaptive_control:126) [DEBUG]: τ maintained at 10 (R^2 improvement not sufficient: -13.3896 vs -13.3896)
2025-06-28 14:34:47,414 (simulate_adaptive_control:126) [DEBUG]: τ maintained at 10 (R^2 improvement not sufficient: -12.6699 vs -12.6699)
2025-06-28 14:34:47,418 (simulate_adaptive_control:126) [DEBUG]: τ maintained at 10 (R^2 improvement not sufficient: -12.2419 vs -12.2419)
2025-06-28 14:34:47,421 (simulate_adaptive_control:126) [DEBUG]: τ maintained at 10 (R^2 improvement not sufficient: -11.8852 vs -11.8852)
2025-06-28 14:34:47,425 (simulate_adaptive_control:126) [DEBUG]: τ maintained at 10 (R^2 improvement not sufficient: -11.4313 vs -11.4313)
2025-06-28 14:34:47,429 (simulate_adaptive_control:126) [DEBUG]: τ maintained at 10 (R^2 improvement not sufficient: -10.8644 vs -10.8644)
2025-06-28 14:34:47,432 (simulate_adaptive_control:126) [DEBUG]: τ maintained at 10 (R^2 improvement not sufficient: -10.2668 vs -10.2668)
2025-06-28 14:34:47,436 (simulate_adaptive_control:126) [DEBUG]: τ maintained at 10 (R^2 improvement not sufficient: -8.9156 vs -8.9156)
2025-06-28 14:34:47,440 (simulate_adaptive_control:126) [DEBUG]: τ maintained at 10 (R^2 improvement not sufficient: -8.1082 vs -8.1082)
2025-06-28 14:34:47,443 (simulate_adaptive_control:126) [DEBUG]: τ maintained at 10 (R^2 improvement not sufficient: -7.8083 vs -7.8083)
2025-06-28 14:34:47,448 (simulate_adaptive_control:126) [DEBUG]: τ maintained at 10 (R^2 improvement not sufficient: -7.7403 vs -7.7403)
2025-06-28 14:34:47,451 (simulate_adaptive_control:126) [DEBUG]: τ maintained at 10 (R^2 improvement not sufficient: -7.8406 vs -7.8406)
2025-06-28 14:34:47,455 (simulate_adaptive_control:126) [DEBUG]: τ maintained at 10 (R^2 improvement not sufficient: -8.0535 vs -8.0535)
2025-06-28 14:34:47,459 (simulate_adaptive_control:126) [DEBUG]: τ maintained at 10 (R^2 improvement not sufficient: -8.3561 vs -8.3561)
2025-06-28 14:34:47,463 (simulate_adaptive_control:126) [DEBUG]: τ maintained at 10 (R^2 improvement not sufficient: -8.3242 vs -8.3242)
2025-06-28 14:34:47,467 (simulate_adaptive_control:126) [DEBUG]: τ maintained at 10 (R^2 improvement not sufficient: -8.4599 vs -8.4599)
2025-06-28 14:34:47,471 (simulate_adaptive_control:126) [DEBUG]: τ maintained at 10 (R^2 improvement not sufficient: -8.9359 vs -8.9359)
2025-06-28 14:34:47,475 (simulate_adaptive_control:126) [DEBUG]: τ maintained at 10 (R^2 improvement not sufficient: -9.8001 vs -9.8001)
2025-06-28 14:34:47,479 (simulate_adaptive_control:126) [DEBUG]: τ maintained at 10 (R^2 improvement not sufficient: -9.9521 vs -9.9521)
2025-06-28 14:34:47,483 (simulate_adaptive_control:126) [DEBUG]: τ maintained at 10 (R^2 improvement not sufficient: -10.2433 vs -10.2433)
2025-06-28 14:34:47,487 (simulate_adaptive_control:126) [DEBUG]: τ maintained at 10 (R^2 improvement not sufficient: -10.1827 vs -10.1827)
2025-06-28 14:34:47,491 (simulate_adaptive_control:126) [DEBUG]: τ maintained at 10 (R^2 improvement not sufficient: -9.9344 vs -9.9344)
2025-06-28 14:34:47,495 (simulate_adaptive_control:126) [DEBUG]: τ maintained at 10 (R^2 improvement not sufficient: -9.2336 vs -9.2336)
2025-06-28 14:34:47,498 (simulate_adaptive_control:126) [DEBUG]: τ maintained at 10 (R^2 improvement not sufficient: -8.5837 vs -8.5837)
2025-06-28 14:34:47,502 (simulate_adaptive_control:126) [DEBUG]: τ maintained at 10 (R^2 improvement not sufficient: -8.3129 vs -8.3129)
2025-06-28 14:34:47,506 (simulate_adaptive_control:126) [DEBUG]: τ maintained at 10 (R^2 improvement not sufficient: -8.0438 vs -8.0438)
2025-06-28 14:34:47,510 (simulate_adaptive_control:126) [DEBUG]: τ maintained at 10 (R^2 improvement not sufficient: -7.8636 vs -7.8636)
2025-06-28 14:34:47,514 (simulate_adaptive_control:126) [DEBUG]: τ maintained at 10 (R^2 improvement not sufficient: -7.7793 vs -7.7793)
2025-06-28 14:34:47,517 (simulate_adaptive_control:126) [DEBUG]: τ maintained at 10 (R^2 improvement not sufficient: -7.7996 vs -7.7996)
2025-06-28 14:34:47,521 (simulate_adaptive_control:126) [DEBUG]: τ maintained at 10 (R^2 improvement not sufficient: -7.8143 vs -7.8143)
2025-06-28 14:34:47,525 (simulate_adaptive_control:126) [DEBUG]: τ maintained at 10 (R^2 improvement not sufficient: -7.9206 vs -7.9206)
2025-06-28 14:34:47,529 (simulate_adaptive_control:126) [DEBUG]: τ maintained at 10 (R^2 improvement not sufficient: -8.0835 vs -8.0835)
2025-06-28 14:34:47,533 (simulate_adaptive_control:126) [DEBUG]: τ maintained at 10 (R^2 improvement not sufficient: -8.2857 vs -8.2857)
2025-06-28 14:34:47,537 (simulate_adaptive_control:126) [DEBUG]: τ maintained at 10 (R^2 improvement not sufficient: -8.4668 vs -8.4668)
2025-06-28 14:34:47,541 (simulate_adaptive_control:126) [DEBUG]: τ maintained at 10 (R^2 improvement not sufficient: -8.6563 vs -8.6563)
2025-06-28 14:34:47,544 (simulate_adaptive_control:126) [DEBUG]: τ maintained at 10 (R^2 improvement not sufficient: -8.8473 vs -8.8473)
2025-06-28 14:34:47,548 (simulate_adaptive_control:126) [DEBUG]: τ maintained at 10 (R^2 improvement not sufficient: -8.9290 vs -8.9290)
2025-06-28 14:34:47,552 (simulate_adaptive_control:126) [DEBUG]: τ maintained at 10 (R^2 improvement not sufficient: -9.0318 vs -9.0318)
2025-06-28 14:34:47,556 (simulate_adaptive_control:126) [DEBUG]: τ maintained at 10 (R^2 improvement not sufficient: -9.0555 vs -9.0555)
2025-06-28 14:34:47,559 (simulate_adaptive_control:126) [DEBUG]: τ maintained at 10 (R^2 improvement not sufficient: -9.0079 vs -9.0079)
2025-06-28 14:34:47,563 (simulate_adaptive_control:126) [DEBUG]: τ maintained at 10 (R^2 improvement not sufficient: -9.0920 vs -9.0920)
2025-06-28 14:34:47,567 (simulate_adaptive_control:126) [DEBUG]: τ maintained at 10 (R^2 improvement not sufficient: -9.1870 vs -9.1870)
2025-06-28 14:34:47,571 (simulate_adaptive_control:126) [DEBUG]: τ maintained at 10 (R^2 improvement not sufficient: -9.1856 vs -9.1856)
2025-06-28 14:34:47,575 (simulate_adaptive_control:126) [DEBUG]: τ maintained at 10 (R^2 improvement not sufficient: -9.2103 vs -9.2103)
2025-06-28 14:34:47,578 (simulate_adaptive_control:126) [DEBUG]: τ maintained at 10 (R^2 improvement not sufficient: -9.2101 vs -9.2101)
2025-06-28 14:34:47,582 (simulate_adaptive_control:126) [DEBUG]: τ maintained at 10 (R^2 improvement not sufficient: -9.1142 vs -9.1142)
2025-06-28 14:34:47,586 (simulate_adaptive_control:126) [DEBUG]: τ maintained at 10 (R^2 improvement not sufficient: -8.6840 vs -8.6840)
2025-06-28 14:34:47,590 (simulate_adaptive_control:126) [DEBUG]: τ maintained at 10 (R^2 improvement not sufficient: -8.4660 vs -8.4660)
2025-06-28 14:34:47,593 (simulate_adaptive_control:126) [DEBUG]: τ maintained at 10 (R^2 improvement not sufficient: -8.4325 vs -8.4325)
2025-06-28 14:34:47,597 (simulate_adaptive_control:126) [DEBUG]: τ maintained at 10 (R^2 improvement not sufficient: -8.4050 vs -8.4050)
2025-06-28 14:34:47,601 (simulate_adaptive_control:126) [DEBUG]: τ maintained at 10 (R^2 improvement not sufficient: -8.3996 vs -8.3996)
2025-06-28 14:34:47,605 (simulate_adaptive_control:126) [DEBUG]: τ maintained at 10 (R^2 improvement not sufficient: -8.3991 vs -8.3991)
2025-06-28 14:34:47,609 (simulate_adaptive_control:126) [DEBUG]: τ maintained at 10 (R^2 improvement not sufficient: -8.4007 vs -8.4007)
2025-06-28 14:34:47,612 (simulate_adaptive_control:126) [DEBUG]: τ maintained at 10 (R^2 improvement not sufficient: -8.3797 vs -8.3797)
2025-06-28 14:34:47,616 (simulate_adaptive_control:126) [DEBUG]: τ maintained at 10 (R^2 improvement not sufficient: -7.7291 vs -7.7291)
2025-06-28 14:34:47,620 (simulate_adaptive_control:126) [DEBUG]: τ maintained at 10 (R^2 improvement not sufficient: -7.1301 vs -7.1301)
2025-06-28 14:34:47,623 (simulate_adaptive_control:126) [DEBUG]: τ maintained at 10 (R^2 improvement not sufficient: -6.6552 vs -6.6552)
2025-06-28 14:34:47,627 (simulate_adaptive_control:126) [DEBUG]: τ maintained at 10 (R^2 improvement not sufficient: -6.2965 vs -6.2965)
2025-06-28 14:34:47,628 (simulate_adaptive_control:271) [INFO]: End of reference trajectory (or look-ahead range) reached. Stopping simulation.
2025-06-28 14:34:47,628 (simulate_adaptive_control:430) [INFO]: Simulation finished.
2025-06-28 14:34:47,644 (simulate_adaptive_control:437) [INFO]: Simulation results saved to data/simulate_adaptive_control/adaptive_simulation/20250628T143446/adaptive_simulation_results.csv
