2025-06-28 12:47:17,039 (event_logging:164) [DEBUG]: Start event logging
2025-06-28 12:47:17,039 (event_logging:165) [DEBUG]: Logger name: __main__
2025-06-28 12:47:17,040 (event_logging:166) [DEBUG]: Log filename: data/simulate_adaptive_control/adaptive_simulation/20250628T124717/simulate_adaptive_control.log
2025-06-28 12:47:17,040 (event_logging:168) [DEBUG]: Command: python apps/simulate_adaptive_control.py data/trained_model/train_adaptive/20250628T121045/trained_model.joblib -r tests/data/motion_data_000.csv -c apps/config/adaptive_model.toml --active-joints 5 --max-steps 10000
2025-06-28 12:47:17,041 (data_handling:162) [DEBUG]: Directory created: data/simulate_adaptive_control/adaptive_simulation/20250628T124717/config
2025-06-28 12:47:17,050 (data_handling:180) [DEBUG]: Model config copied: None -> data/simulate_adaptive_control/adaptive_simulation/20250628T124717/config
2025-06-28 12:47:17,050 (simulate_adaptive_control:222) [INFO]: config: apps/config/adaptive_model.toml
2025-06-28 12:47:17,050 (simulate_adaptive_control:223) [INFO]: output: data/simulate_adaptive_control/adaptive_simulation/20250628T124717
2025-06-28 12:47:17,050 (simulate_adaptive_control:224) [INFO]: N_max: 2, Active Joints: [5]
2025-06-28 12:47:17,050 (simulate_adaptive_control:228) [INFO]: Loading trained model from data/trained_model/train_adaptive/20250628T121045/trained_model.joblib
2025-06-28 12:47:17,061 (simulate_adaptive_control:232) [INFO]: Loading reference trajectory from tests/data/motion_data_000.csv
2025-06-28 12:47:17,081 (simulate_adaptive_control:235) [INFO]: Reference trajectory loaded with 301 steps.
2025-06-28 12:47:17,081 (simulate_adaptive_control:60) [INFO]: AdaptiveController initialized with N_max=2, initial_tau=1
2025-06-28 12:47:17,086 (simulate_adaptive_control:256) [INFO]: Starting simulation...
2025-06-28 12:47:17,088 (simulate_adaptive_control:107) [DEBUG]: No sufficient R^2 data for any tau. Maintaining current tau: 1
2025-06-28 12:47:17,089 (simulate_adaptive_control:323) [INFO]: Step 0/10000, Current τ: 1, R^2[1]: -inf
2025-06-28 12:47:17,091 (simulate_adaptive_control:107) [DEBUG]: No sufficient R^2 data for any tau. Maintaining current tau: 1
2025-06-28 12:47:17,094 (simulate_adaptive_control:120) [DEBUG]: τ maintained at 1 (R^2 improvement not sufficient: -5011.5806 vs -5011.5806)
2025-06-28 12:47:17,096 (simulate_adaptive_control:120) [DEBUG]: τ maintained at 1 (R^2 improvement not sufficient: -1386.4951 vs -1386.4951)
2025-06-28 12:47:17,099 (simulate_adaptive_control:120) [DEBUG]: τ maintained at 1 (R^2 improvement not sufficient: -515.5347 vs -515.5347)
2025-06-28 12:47:17,101 (simulate_adaptive_control:120) [DEBUG]: τ maintained at 1 (R^2 improvement not sufficient: -211.9338 vs -211.9338)
2025-06-28 12:47:17,104 (simulate_adaptive_control:120) [DEBUG]: τ maintained at 1 (R^2 improvement not sufficient: -104.3221 vs -104.3221)
2025-06-28 12:47:17,106 (simulate_adaptive_control:120) [DEBUG]: τ maintained at 1 (R^2 improvement not sufficient: -65.5671 vs -65.5671)
2025-06-28 12:47:17,109 (simulate_adaptive_control:120) [DEBUG]: τ maintained at 1 (R^2 improvement not sufficient: -53.8070 vs -53.8070)
2025-06-28 12:47:17,111 (simulate_adaptive_control:120) [DEBUG]: τ maintained at 1 (R^2 improvement not sufficient: -35.3715 vs -35.3715)
2025-06-28 12:47:17,114 (simulate_adaptive_control:120) [DEBUG]: τ maintained at 1 (R^2 improvement not sufficient: -22.9919 vs -22.9919)
2025-06-28 12:47:17,116 (simulate_adaptive_control:120) [DEBUG]: τ maintained at 1 (R^2 improvement not sufficient: -15.8647 vs -15.8647)
2025-06-28 12:47:17,119 (simulate_adaptive_control:120) [DEBUG]: τ maintained at 1 (R^2 improvement not sufficient: -10.9430 vs -10.9430)
2025-06-28 12:47:17,122 (simulate_adaptive_control:120) [DEBUG]: τ maintained at 1 (R^2 improvement not sufficient: -7.7405 vs -7.7405)
2025-06-28 12:47:17,125 (simulate_adaptive_control:120) [DEBUG]: τ maintained at 1 (R^2 improvement not sufficient: -5.9962 vs -5.9962)
2025-06-28 12:47:17,127 (simulate_adaptive_control:120) [DEBUG]: τ maintained at 1 (R^2 improvement not sufficient: -4.8366 vs -4.8366)
2025-06-28 12:47:17,130 (simulate_adaptive_control:120) [DEBUG]: τ maintained at 1 (R^2 improvement not sufficient: -3.6384 vs -3.6384)
2025-06-28 12:47:17,132 (simulate_adaptive_control:120) [DEBUG]: τ maintained at 1 (R^2 improvement not sufficient: -2.8319 vs -2.8319)
2025-06-28 12:47:17,134 (simulate_adaptive_control:120) [DEBUG]: τ maintained at 1 (R^2 improvement not sufficient: -2.3016 vs -2.3016)
2025-06-28 12:47:17,137 (simulate_adaptive_control:120) [DEBUG]: τ maintained at 1 (R^2 improvement not sufficient: -1.9528 vs -1.9528)
2025-06-28 12:47:17,140 (simulate_adaptive_control:120) [DEBUG]: τ maintained at 1 (R^2 improvement not sufficient: -1.8226 vs -1.8226)
2025-06-28 12:47:17,144 (simulate_adaptive_control:120) [DEBUG]: τ maintained at 1 (R^2 improvement not sufficient: -1.7213 vs -1.7213)
2025-06-28 12:47:17,146 (simulate_adaptive_control:120) [DEBUG]: τ maintained at 1 (R^2 improvement not sufficient: -1.6434 vs -1.6434)
2025-06-28 12:47:17,149 (simulate_adaptive_control:120) [DEBUG]: τ maintained at 1 (R^2 improvement not sufficient: -1.7676 vs -1.7676)
2025-06-28 12:47:17,152 (simulate_adaptive_control:120) [DEBUG]: τ maintained at 1 (R^2 improvement not sufficient: -1.8199 vs -1.8199)
2025-06-28 12:47:17,154 (simulate_adaptive_control:120) [DEBUG]: τ maintained at 1 (R^2 improvement not sufficient: -1.8142 vs -1.8142)
2025-06-28 12:47:17,157 (simulate_adaptive_control:120) [DEBUG]: τ maintained at 1 (R^2 improvement not sufficient: -1.8198 vs -1.8198)
2025-06-28 12:47:17,159 (simulate_adaptive_control:120) [DEBUG]: τ maintained at 1 (R^2 improvement not sufficient: -1.8291 vs -1.8291)
2025-06-28 12:47:17,162 (simulate_adaptive_control:120) [DEBUG]: τ maintained at 1 (R^2 improvement not sufficient: -1.8825 vs -1.8825)
2025-06-28 12:47:17,164 (simulate_adaptive_control:120) [DEBUG]: τ maintained at 1 (R^2 improvement not sufficient: -2.0182 vs -2.0182)
2025-06-28 12:47:17,167 (simulate_adaptive_control:120) [DEBUG]: τ maintained at 1 (R^2 improvement not sufficient: -2.0318 vs -2.0318)
2025-06-28 12:47:17,169 (simulate_adaptive_control:120) [DEBUG]: τ maintained at 1 (R^2 improvement not sufficient: -2.0463 vs -2.0463)
2025-06-28 12:47:17,172 (simulate_adaptive_control:120) [DEBUG]: τ maintained at 1 (R^2 improvement not sufficient: -2.0445 vs -2.0445)
2025-06-28 12:47:17,174 (simulate_adaptive_control:120) [DEBUG]: τ maintained at 1 (R^2 improvement not sufficient: -2.0438 vs -2.0438)
2025-06-28 12:47:17,177 (simulate_adaptive_control:120) [DEBUG]: τ maintained at 1 (R^2 improvement not sufficient: -2.6577 vs -2.6577)
2025-06-28 12:47:17,179 (simulate_adaptive_control:120) [DEBUG]: τ maintained at 1 (R^2 improvement not sufficient: -2.6635 vs -2.6635)
2025-06-28 12:47:17,182 (simulate_adaptive_control:120) [DEBUG]: τ maintained at 1 (R^2 improvement not sufficient: -2.7048 vs -2.7048)
2025-06-28 12:47:17,185 (simulate_adaptive_control:120) [DEBUG]: τ maintained at 1 (R^2 improvement not sufficient: -2.7471 vs -2.7471)
2025-06-28 12:47:17,187 (simulate_adaptive_control:120) [DEBUG]: τ maintained at 1 (R^2 improvement not sufficient: -2.7636 vs -2.7636)
2025-06-28 12:47:17,190 (simulate_adaptive_control:120) [DEBUG]: τ maintained at 1 (R^2 improvement not sufficient: -2.7823 vs -2.7823)
2025-06-28 12:47:17,192 (simulate_adaptive_control:120) [DEBUG]: τ maintained at 1 (R^2 improvement not sufficient: -2.7961 vs -2.7961)
2025-06-28 12:47:17,195 (simulate_adaptive_control:120) [DEBUG]: τ maintained at 1 (R^2 improvement not sufficient: -2.7762 vs -2.7762)
2025-06-28 12:47:17,197 (simulate_adaptive_control:120) [DEBUG]: τ maintained at 1 (R^2 improvement not sufficient: -2.7690 vs -2.7690)
2025-06-28 12:47:17,200 (simulate_adaptive_control:120) [DEBUG]: τ maintained at 1 (R^2 improvement not sufficient: -2.7529 vs -2.7529)
2025-06-28 12:47:17,202 (simulate_adaptive_control:120) [DEBUG]: τ maintained at 1 (R^2 improvement not sufficient: -2.8251 vs -2.8251)
2025-06-28 12:47:17,205 (simulate_adaptive_control:120) [DEBUG]: τ maintained at 1 (R^2 improvement not sufficient: -2.9694 vs -2.9694)
2025-06-28 12:47:17,208 (simulate_adaptive_control:120) [DEBUG]: τ maintained at 1 (R^2 improvement not sufficient: -2.9254 vs -2.9254)
2025-06-28 12:47:17,210 (simulate_adaptive_control:120) [DEBUG]: τ maintained at 1 (R^2 improvement not sufficient: -2.8566 vs -2.8566)
2025-06-28 12:47:17,213 (simulate_adaptive_control:120) [DEBUG]: τ maintained at 1 (R^2 improvement not sufficient: -2.7757 vs -2.7757)
2025-06-28 12:47:17,216 (simulate_adaptive_control:120) [DEBUG]: τ maintained at 1 (R^2 improvement not sufficient: -2.8529 vs -2.8529)
2025-06-28 12:47:17,219 (simulate_adaptive_control:120) [DEBUG]: τ maintained at 1 (R^2 improvement not sufficient: -2.7584 vs -2.7584)
2025-06-28 12:47:17,221 (simulate_adaptive_control:120) [DEBUG]: τ maintained at 1 (R^2 improvement not sufficient: -2.6696 vs -2.6696)
2025-06-28 12:47:17,223 (simulate_adaptive_control:120) [DEBUG]: τ maintained at 1 (R^2 improvement not sufficient: -2.6018 vs -2.6018)
2025-06-28 12:47:17,226 (simulate_adaptive_control:120) [DEBUG]: τ maintained at 1 (R^2 improvement not sufficient: -2.5474 vs -2.5474)
2025-06-28 12:47:17,229 (simulate_adaptive_control:120) [DEBUG]: τ maintained at 1 (R^2 improvement not sufficient: -2.5710 vs -2.5710)
2025-06-28 12:47:17,232 (simulate_adaptive_control:120) [DEBUG]: τ maintained at 1 (R^2 improvement not sufficient: -2.5401 vs -2.5401)
2025-06-28 12:47:17,234 (simulate_adaptive_control:120) [DEBUG]: τ maintained at 1 (R^2 improvement not sufficient: -2.5391 vs -2.5391)
2025-06-28 12:47:17,236 (simulate_adaptive_control:120) [DEBUG]: τ maintained at 1 (R^2 improvement not sufficient: -2.5965 vs -2.5965)
2025-06-28 12:47:17,239 (simulate_adaptive_control:120) [DEBUG]: τ maintained at 1 (R^2 improvement not sufficient: -2.6402 vs -2.6402)
2025-06-28 12:47:17,241 (simulate_adaptive_control:120) [DEBUG]: τ maintained at 1 (R^2 improvement not sufficient: -2.6454 vs -2.6454)
2025-06-28 12:47:17,244 (simulate_adaptive_control:120) [DEBUG]: τ maintained at 1 (R^2 improvement not sufficient: -2.6528 vs -2.6528)
2025-06-28 12:47:17,246 (simulate_adaptive_control:120) [DEBUG]: τ maintained at 1 (R^2 improvement not sufficient: -2.6738 vs -2.6738)
2025-06-28 12:47:17,249 (simulate_adaptive_control:120) [DEBUG]: τ maintained at 1 (R^2 improvement not sufficient: -2.6953 vs -2.6953)
2025-06-28 12:47:17,251 (simulate_adaptive_control:120) [DEBUG]: τ maintained at 1 (R^2 improvement not sufficient: -2.7372 vs -2.7372)
2025-06-28 12:47:17,254 (simulate_adaptive_control:120) [DEBUG]: τ maintained at 1 (R^2 improvement not sufficient: -2.7313 vs -2.7313)
2025-06-28 12:47:17,256 (simulate_adaptive_control:120) [DEBUG]: τ maintained at 1 (R^2 improvement not sufficient: -2.8446 vs -2.8446)
2025-06-28 12:47:17,259 (simulate_adaptive_control:120) [DEBUG]: τ maintained at 1 (R^2 improvement not sufficient: -3.0558 vs -3.0558)
2025-06-28 12:47:17,262 (simulate_adaptive_control:120) [DEBUG]: τ maintained at 1 (R^2 improvement not sufficient: -3.0398 vs -3.0398)
2025-06-28 12:47:17,264 (simulate_adaptive_control:120) [DEBUG]: τ maintained at 1 (R^2 improvement not sufficient: -2.9975 vs -2.9975)
2025-06-28 12:47:17,267 (simulate_adaptive_control:120) [DEBUG]: τ maintained at 1 (R^2 improvement not sufficient: -2.9370 vs -2.9370)
2025-06-28 12:47:17,269 (simulate_adaptive_control:120) [DEBUG]: τ maintained at 1 (R^2 improvement not sufficient: -2.9288 vs -2.9288)
2025-06-28 12:47:17,272 (simulate_adaptive_control:120) [DEBUG]: τ maintained at 1 (R^2 improvement not sufficient: -2.8396 vs -2.8396)
2025-06-28 12:47:17,274 (simulate_adaptive_control:120) [DEBUG]: τ maintained at 1 (R^2 improvement not sufficient: -2.7466 vs -2.7466)
2025-06-28 12:47:17,277 (simulate_adaptive_control:120) [DEBUG]: τ maintained at 1 (R^2 improvement not sufficient: -2.6812 vs -2.6812)
2025-06-28 12:47:17,279 (simulate_adaptive_control:120) [DEBUG]: τ maintained at 1 (R^2 improvement not sufficient: -2.6553 vs -2.6553)
2025-06-28 12:47:17,282 (simulate_adaptive_control:120) [DEBUG]: τ maintained at 1 (R^2 improvement not sufficient: -2.5797 vs -2.5797)
2025-06-28 12:47:17,284 (simulate_adaptive_control:120) [DEBUG]: τ maintained at 1 (R^2 improvement not sufficient: -2.5590 vs -2.5590)
2025-06-28 12:47:17,287 (simulate_adaptive_control:120) [DEBUG]: τ maintained at 1 (R^2 improvement not sufficient: -2.5136 vs -2.5136)
2025-06-28 12:47:17,289 (simulate_adaptive_control:120) [DEBUG]: τ maintained at 1 (R^2 improvement not sufficient: -2.5008 vs -2.5008)
2025-06-28 12:47:17,292 (simulate_adaptive_control:120) [DEBUG]: τ maintained at 1 (R^2 improvement not sufficient: -2.5276 vs -2.5276)
2025-06-28 12:47:17,295 (simulate_adaptive_control:120) [DEBUG]: τ maintained at 1 (R^2 improvement not sufficient: -2.5213 vs -2.5213)
2025-06-28 12:47:17,298 (simulate_adaptive_control:120) [DEBUG]: τ maintained at 1 (R^2 improvement not sufficient: -2.5462 vs -2.5462)
2025-06-28 12:47:17,300 (simulate_adaptive_control:120) [DEBUG]: τ maintained at 1 (R^2 improvement not sufficient: -2.5467 vs -2.5467)
2025-06-28 12:47:17,302 (simulate_adaptive_control:120) [DEBUG]: τ maintained at 1 (R^2 improvement not sufficient: -2.5729 vs -2.5729)
2025-06-28 12:47:17,305 (simulate_adaptive_control:120) [DEBUG]: τ maintained at 1 (R^2 improvement not sufficient: -2.5769 vs -2.5769)
2025-06-28 12:47:17,308 (simulate_adaptive_control:120) [DEBUG]: τ maintained at 1 (R^2 improvement not sufficient: -2.5695 vs -2.5695)
2025-06-28 12:47:17,310 (simulate_adaptive_control:120) [DEBUG]: τ maintained at 1 (R^2 improvement not sufficient: -2.5619 vs -2.5619)
2025-06-28 12:47:17,313 (simulate_adaptive_control:120) [DEBUG]: τ maintained at 1 (R^2 improvement not sufficient: -2.5734 vs -2.5734)
2025-06-28 12:47:17,316 (simulate_adaptive_control:120) [DEBUG]: τ maintained at 1 (R^2 improvement not sufficient: -2.6339 vs -2.6339)
2025-06-28 12:47:17,318 (simulate_adaptive_control:120) [DEBUG]: τ maintained at 1 (R^2 improvement not sufficient: -2.7155 vs -2.7155)
2025-06-28 12:47:17,320 (simulate_adaptive_control:120) [DEBUG]: τ maintained at 1 (R^2 improvement not sufficient: -2.7069 vs -2.7069)
2025-06-28 12:47:17,323 (simulate_adaptive_control:120) [DEBUG]: τ maintained at 1 (R^2 improvement not sufficient: -2.6988 vs -2.6988)
2025-06-28 12:47:17,326 (simulate_adaptive_control:120) [DEBUG]: τ maintained at 1 (R^2 improvement not sufficient: -2.6961 vs -2.6961)
2025-06-28 12:47:17,328 (simulate_adaptive_control:120) [DEBUG]: τ maintained at 1 (R^2 improvement not sufficient: -2.6951 vs -2.6951)
2025-06-28 12:47:17,331 (simulate_adaptive_control:120) [DEBUG]: τ maintained at 1 (R^2 improvement not sufficient: -2.6965 vs -2.6965)
2025-06-28 12:47:17,334 (simulate_adaptive_control:120) [DEBUG]: τ maintained at 1 (R^2 improvement not sufficient: -2.6993 vs -2.6993)
2025-06-28 12:47:17,336 (simulate_adaptive_control:120) [DEBUG]: τ maintained at 1 (R^2 improvement not sufficient: -2.7601 vs -2.7601)
2025-06-28 12:47:17,338 (simulate_adaptive_control:120) [DEBUG]: τ maintained at 1 (R^2 improvement not sufficient: -2.8304 vs -2.8304)
2025-06-28 12:47:17,341 (simulate_adaptive_control:120) [DEBUG]: τ maintained at 1 (R^2 improvement not sufficient: -2.8713 vs -2.8713)
2025-06-28 12:47:17,343 (simulate_adaptive_control:120) [DEBUG]: τ maintained at 1 (R^2 improvement not sufficient: -2.8787 vs -2.8787)
2025-06-28 12:47:17,346 (simulate_adaptive_control:120) [DEBUG]: τ maintained at 1 (R^2 improvement not sufficient: -2.8872 vs -2.8872)
2025-06-28 12:47:17,347 (simulate_adaptive_control:323) [INFO]: Step 100/10000, Current τ: 1, R^2[1]: -2.7822
2025-06-28 12:47:17,349 (simulate_adaptive_control:120) [DEBUG]: τ maintained at 1 (R^2 improvement not sufficient: -2.7822 vs -2.7822)
2025-06-28 12:47:17,351 (simulate_adaptive_control:120) [DEBUG]: τ maintained at 1 (R^2 improvement not sufficient: -2.7282 vs -2.7282)
2025-06-28 12:47:17,354 (simulate_adaptive_control:120) [DEBUG]: τ maintained at 1 (R^2 improvement not sufficient: -2.6304 vs -2.6304)
2025-06-28 12:47:17,356 (simulate_adaptive_control:120) [DEBUG]: τ maintained at 1 (R^2 improvement not sufficient: -2.5602 vs -2.5602)
2025-06-28 12:47:17,359 (simulate_adaptive_control:120) [DEBUG]: τ maintained at 1 (R^2 improvement not sufficient: -2.5244 vs -2.5244)
2025-06-28 12:47:17,361 (simulate_adaptive_control:120) [DEBUG]: τ maintained at 1 (R^2 improvement not sufficient: -2.4958 vs -2.4958)
2025-06-28 12:47:17,363 (simulate_adaptive_control:120) [DEBUG]: τ maintained at 1 (R^2 improvement not sufficient: -2.3648 vs -2.3648)
2025-06-28 12:47:17,366 (simulate_adaptive_control:120) [DEBUG]: τ maintained at 1 (R^2 improvement not sufficient: -2.0542 vs -2.0542)
2025-06-28 12:47:17,369 (simulate_adaptive_control:120) [DEBUG]: τ maintained at 1 (R^2 improvement not sufficient: -1.9761 vs -1.9761)
2025-06-28 12:47:17,371 (simulate_adaptive_control:120) [DEBUG]: τ maintained at 1 (R^2 improvement not sufficient: -2.0467 vs -2.0467)
2025-06-28 12:47:17,374 (simulate_adaptive_control:120) [DEBUG]: τ maintained at 1 (R^2 improvement not sufficient: -2.1083 vs -2.1083)
2025-06-28 12:47:17,376 (simulate_adaptive_control:120) [DEBUG]: τ maintained at 1 (R^2 improvement not sufficient: -2.2270 vs -2.2270)
2025-06-28 12:47:17,379 (simulate_adaptive_control:120) [DEBUG]: τ maintained at 1 (R^2 improvement not sufficient: -2.3668 vs -2.3668)
2025-06-28 12:47:17,382 (simulate_adaptive_control:120) [DEBUG]: τ maintained at 1 (R^2 improvement not sufficient: -2.4538 vs -2.4538)
2025-06-28 12:47:17,384 (simulate_adaptive_control:120) [DEBUG]: τ maintained at 1 (R^2 improvement not sufficient: -2.5521 vs -2.5521)
2025-06-28 12:47:17,387 (simulate_adaptive_control:120) [DEBUG]: τ maintained at 1 (R^2 improvement not sufficient: -2.8249 vs -2.8249)
2025-06-28 12:47:17,389 (simulate_adaptive_control:120) [DEBUG]: τ maintained at 1 (R^2 improvement not sufficient: -3.1622 vs -3.1622)
2025-06-28 12:47:17,392 (simulate_adaptive_control:120) [DEBUG]: τ maintained at 1 (R^2 improvement not sufficient: -3.5757 vs -3.5757)
2025-06-28 12:47:17,394 (simulate_adaptive_control:120) [DEBUG]: τ maintained at 1 (R^2 improvement not sufficient: -4.0250 vs -4.0250)
2025-06-28 12:47:17,397 (simulate_adaptive_control:120) [DEBUG]: τ maintained at 1 (R^2 improvement not sufficient: -4.3323 vs -4.3323)
2025-06-28 12:47:17,400 (simulate_adaptive_control:120) [DEBUG]: τ maintained at 1 (R^2 improvement not sufficient: -4.5952 vs -4.5952)
2025-06-28 12:47:17,402 (simulate_adaptive_control:120) [DEBUG]: τ maintained at 1 (R^2 improvement not sufficient: -4.7871 vs -4.7871)
2025-06-28 12:47:17,404 (simulate_adaptive_control:120) [DEBUG]: τ maintained at 1 (R^2 improvement not sufficient: -4.6922 vs -4.6922)
2025-06-28 12:47:17,407 (simulate_adaptive_control:120) [DEBUG]: τ maintained at 1 (R^2 improvement not sufficient: -4.6306 vs -4.6306)
2025-06-28 12:47:17,410 (simulate_adaptive_control:120) [DEBUG]: τ maintained at 1 (R^2 improvement not sufficient: -4.5888 vs -4.5888)
2025-06-28 12:47:17,412 (simulate_adaptive_control:120) [DEBUG]: τ maintained at 1 (R^2 improvement not sufficient: -4.4893 vs -4.4893)
2025-06-28 12:47:17,415 (simulate_adaptive_control:120) [DEBUG]: τ maintained at 1 (R^2 improvement not sufficient: -4.3475 vs -4.3475)
2025-06-28 12:47:17,417 (simulate_adaptive_control:120) [DEBUG]: τ maintained at 1 (R^2 improvement not sufficient: -4.1323 vs -4.1323)
2025-06-28 12:47:17,420 (simulate_adaptive_control:120) [DEBUG]: τ maintained at 1 (R^2 improvement not sufficient: -3.8131 vs -3.8131)
2025-06-28 12:47:17,422 (simulate_adaptive_control:120) [DEBUG]: τ maintained at 1 (R^2 improvement not sufficient: -3.6012 vs -3.6012)
2025-06-28 12:47:17,426 (simulate_adaptive_control:120) [DEBUG]: τ maintained at 1 (R^2 improvement not sufficient: -3.2975 vs -3.2975)
2025-06-28 12:47:17,428 (simulate_adaptive_control:120) [DEBUG]: τ maintained at 1 (R^2 improvement not sufficient: -3.1240 vs -3.1240)
2025-06-28 12:47:17,431 (simulate_adaptive_control:120) [DEBUG]: τ maintained at 1 (R^2 improvement not sufficient: -2.9253 vs -2.9253)
2025-06-28 12:47:17,433 (simulate_adaptive_control:120) [DEBUG]: τ maintained at 1 (R^2 improvement not sufficient: -2.1949 vs -2.1949)
2025-06-28 12:47:17,436 (simulate_adaptive_control:120) [DEBUG]: τ maintained at 1 (R^2 improvement not sufficient: -2.0148 vs -2.0148)
2025-06-28 12:47:17,438 (simulate_adaptive_control:120) [DEBUG]: τ maintained at 1 (R^2 improvement not sufficient: -2.1391 vs -2.1391)
2025-06-28 12:47:17,441 (simulate_adaptive_control:120) [DEBUG]: τ maintained at 1 (R^2 improvement not sufficient: -2.0986 vs -2.0986)
2025-06-28 12:47:17,444 (simulate_adaptive_control:120) [DEBUG]: τ maintained at 1 (R^2 improvement not sufficient: -2.0181 vs -2.0181)
2025-06-28 12:47:17,446 (simulate_adaptive_control:120) [DEBUG]: τ maintained at 1 (R^2 improvement not sufficient: -1.9695 vs -1.9695)
2025-06-28 12:47:17,449 (simulate_adaptive_control:120) [DEBUG]: τ maintained at 1 (R^2 improvement not sufficient: -1.9410 vs -1.9410)
2025-06-28 12:47:17,451 (simulate_adaptive_control:120) [DEBUG]: τ maintained at 1 (R^2 improvement not sufficient: -1.9591 vs -1.9591)
2025-06-28 12:47:17,454 (simulate_adaptive_control:120) [DEBUG]: τ maintained at 1 (R^2 improvement not sufficient: -1.9913 vs -1.9913)
2025-06-28 12:47:17,456 (simulate_adaptive_control:120) [DEBUG]: τ maintained at 1 (R^2 improvement not sufficient: -2.0173 vs -2.0173)
2025-06-28 12:47:17,459 (simulate_adaptive_control:120) [DEBUG]: τ maintained at 1 (R^2 improvement not sufficient: -1.9617 vs -1.9617)
2025-06-28 12:47:17,461 (simulate_adaptive_control:120) [DEBUG]: τ maintained at 1 (R^2 improvement not sufficient: -1.8507 vs -1.8507)
2025-06-28 12:47:17,464 (simulate_adaptive_control:120) [DEBUG]: τ maintained at 1 (R^2 improvement not sufficient: -2.0404 vs -2.0404)
2025-06-28 12:47:17,466 (simulate_adaptive_control:120) [DEBUG]: τ maintained at 1 (R^2 improvement not sufficient: -2.1288 vs -2.1288)
2025-06-28 12:47:17,469 (simulate_adaptive_control:120) [DEBUG]: τ maintained at 1 (R^2 improvement not sufficient: -2.1903 vs -2.1903)
2025-06-28 12:47:17,471 (simulate_adaptive_control:120) [DEBUG]: τ maintained at 1 (R^2 improvement not sufficient: -2.1239 vs -2.1239)
2025-06-28 12:47:17,474 (simulate_adaptive_control:120) [DEBUG]: τ maintained at 1 (R^2 improvement not sufficient: -2.1812 vs -2.1812)
2025-06-28 12:47:17,476 (simulate_adaptive_control:120) [DEBUG]: τ maintained at 1 (R^2 improvement not sufficient: -2.5110 vs -2.5110)
2025-06-28 12:47:17,479 (simulate_adaptive_control:120) [DEBUG]: τ maintained at 1 (R^2 improvement not sufficient: -2.6485 vs -2.6485)
2025-06-28 12:47:17,481 (simulate_adaptive_control:120) [DEBUG]: τ maintained at 1 (R^2 improvement not sufficient: -2.8559 vs -2.8559)
2025-06-28 12:47:17,484 (simulate_adaptive_control:120) [DEBUG]: τ maintained at 1 (R^2 improvement not sufficient: -3.0299 vs -3.0299)
2025-06-28 12:47:17,486 (simulate_adaptive_control:120) [DEBUG]: τ maintained at 1 (R^2 improvement not sufficient: -3.0332 vs -3.0332)
2025-06-28 12:47:17,489 (simulate_adaptive_control:120) [DEBUG]: τ maintained at 1 (R^2 improvement not sufficient: -2.9298 vs -2.9298)
2025-06-28 12:47:17,491 (simulate_adaptive_control:120) [DEBUG]: τ maintained at 1 (R^2 improvement not sufficient: -2.7742 vs -2.7742)
2025-06-28 12:47:17,494 (simulate_adaptive_control:120) [DEBUG]: τ maintained at 1 (R^2 improvement not sufficient: -2.6595 vs -2.6595)
2025-06-28 12:47:17,496 (simulate_adaptive_control:120) [DEBUG]: τ maintained at 1 (R^2 improvement not sufficient: -2.6838 vs -2.6838)
2025-06-28 12:47:17,499 (simulate_adaptive_control:120) [DEBUG]: τ maintained at 1 (R^2 improvement not sufficient: -2.6937 vs -2.6937)
2025-06-28 12:47:17,501 (simulate_adaptive_control:120) [DEBUG]: τ maintained at 1 (R^2 improvement not sufficient: -2.6625 vs -2.6625)
2025-06-28 12:47:17,504 (simulate_adaptive_control:120) [DEBUG]: τ maintained at 1 (R^2 improvement not sufficient: -2.6382 vs -2.6382)
2025-06-28 12:47:17,507 (simulate_adaptive_control:120) [DEBUG]: τ maintained at 1 (R^2 improvement not sufficient: -2.6083 vs -2.6083)
2025-06-28 12:47:17,509 (simulate_adaptive_control:120) [DEBUG]: τ maintained at 1 (R^2 improvement not sufficient: -2.6110 vs -2.6110)
2025-06-28 12:47:17,511 (simulate_adaptive_control:120) [DEBUG]: τ maintained at 1 (R^2 improvement not sufficient: -2.5199 vs -2.5199)
2025-06-28 12:47:17,514 (simulate_adaptive_control:120) [DEBUG]: τ maintained at 1 (R^2 improvement not sufficient: -2.3389 vs -2.3389)
2025-06-28 12:47:17,516 (simulate_adaptive_control:120) [DEBUG]: τ maintained at 1 (R^2 improvement not sufficient: -2.3789 vs -2.3789)
2025-06-28 12:47:17,519 (simulate_adaptive_control:120) [DEBUG]: τ maintained at 1 (R^2 improvement not sufficient: -2.4051 vs -2.4051)
2025-06-28 12:47:17,521 (simulate_adaptive_control:120) [DEBUG]: τ maintained at 1 (R^2 improvement not sufficient: -2.4577 vs -2.4577)
2025-06-28 12:47:17,524 (simulate_adaptive_control:120) [DEBUG]: τ maintained at 1 (R^2 improvement not sufficient: -2.4452 vs -2.4452)
2025-06-28 12:47:17,527 (simulate_adaptive_control:120) [DEBUG]: τ maintained at 1 (R^2 improvement not sufficient: -2.5151 vs -2.5151)
2025-06-28 12:47:17,530 (simulate_adaptive_control:120) [DEBUG]: τ maintained at 1 (R^2 improvement not sufficient: -2.5883 vs -2.5883)
2025-06-28 12:47:17,532 (simulate_adaptive_control:120) [DEBUG]: τ maintained at 1 (R^2 improvement not sufficient: -2.6368 vs -2.6368)
2025-06-28 12:47:17,535 (simulate_adaptive_control:120) [DEBUG]: τ maintained at 1 (R^2 improvement not sufficient: -2.7547 vs -2.7547)
2025-06-28 12:47:17,537 (simulate_adaptive_control:120) [DEBUG]: τ maintained at 1 (R^2 improvement not sufficient: -2.8064 vs -2.8064)
2025-06-28 12:47:17,540 (simulate_adaptive_control:120) [DEBUG]: τ maintained at 1 (R^2 improvement not sufficient: -2.8627 vs -2.8627)
2025-06-28 12:47:17,542 (simulate_adaptive_control:120) [DEBUG]: τ maintained at 1 (R^2 improvement not sufficient: -2.9671 vs -2.9671)
2025-06-28 12:47:17,545 (simulate_adaptive_control:120) [DEBUG]: τ maintained at 1 (R^2 improvement not sufficient: -3.0105 vs -3.0105)
2025-06-28 12:47:17,547 (simulate_adaptive_control:120) [DEBUG]: τ maintained at 1 (R^2 improvement not sufficient: -2.9847 vs -2.9847)
2025-06-28 12:47:17,549 (simulate_adaptive_control:120) [DEBUG]: τ maintained at 1 (R^2 improvement not sufficient: -2.9934 vs -2.9934)
2025-06-28 12:47:17,552 (simulate_adaptive_control:120) [DEBUG]: τ maintained at 1 (R^2 improvement not sufficient: -2.9588 vs -2.9588)
2025-06-28 12:47:17,555 (simulate_adaptive_control:120) [DEBUG]: τ maintained at 1 (R^2 improvement not sufficient: -2.9768 vs -2.9768)
2025-06-28 12:47:17,557 (simulate_adaptive_control:120) [DEBUG]: τ maintained at 1 (R^2 improvement not sufficient: -2.9761 vs -2.9761)
2025-06-28 12:47:17,560 (simulate_adaptive_control:120) [DEBUG]: τ maintained at 1 (R^2 improvement not sufficient: -2.9873 vs -2.9873)
2025-06-28 12:47:17,562 (simulate_adaptive_control:120) [DEBUG]: τ maintained at 1 (R^2 improvement not sufficient: -3.0155 vs -3.0155)
2025-06-28 12:47:17,564 (simulate_adaptive_control:120) [DEBUG]: τ maintained at 1 (R^2 improvement not sufficient: -3.1266 vs -3.1266)
2025-06-28 12:47:17,567 (simulate_adaptive_control:120) [DEBUG]: τ maintained at 1 (R^2 improvement not sufficient: -3.2556 vs -3.2556)
2025-06-28 12:47:17,570 (simulate_adaptive_control:120) [DEBUG]: τ maintained at 1 (R^2 improvement not sufficient: -3.3109 vs -3.3109)
2025-06-28 12:47:17,572 (simulate_adaptive_control:120) [DEBUG]: τ maintained at 1 (R^2 improvement not sufficient: -3.3238 vs -3.3238)
2025-06-28 12:47:17,575 (simulate_adaptive_control:120) [DEBUG]: τ maintained at 1 (R^2 improvement not sufficient: -3.3771 vs -3.3771)
2025-06-28 12:47:17,578 (simulate_adaptive_control:120) [DEBUG]: τ maintained at 1 (R^2 improvement not sufficient: -3.4140 vs -3.4140)
2025-06-28 12:47:17,580 (simulate_adaptive_control:120) [DEBUG]: τ maintained at 1 (R^2 improvement not sufficient: -3.4498 vs -3.4498)
2025-06-28 12:47:17,583 (simulate_adaptive_control:120) [DEBUG]: τ maintained at 1 (R^2 improvement not sufficient: -3.7532 vs -3.7532)
2025-06-28 12:47:17,585 (simulate_adaptive_control:120) [DEBUG]: τ maintained at 1 (R^2 improvement not sufficient: -4.0802 vs -4.0802)
2025-06-28 12:47:17,588 (simulate_adaptive_control:120) [DEBUG]: τ maintained at 1 (R^2 improvement not sufficient: -4.4935 vs -4.4935)
2025-06-28 12:47:17,591 (simulate_adaptive_control:120) [DEBUG]: τ maintained at 1 (R^2 improvement not sufficient: -4.5947 vs -4.5947)
2025-06-28 12:47:17,593 (simulate_adaptive_control:120) [DEBUG]: τ maintained at 1 (R^2 improvement not sufficient: -4.6302 vs -4.6302)
2025-06-28 12:47:17,596 (simulate_adaptive_control:120) [DEBUG]: τ maintained at 1 (R^2 improvement not sufficient: -4.8610 vs -4.8610)
2025-06-28 12:47:17,598 (simulate_adaptive_control:120) [DEBUG]: τ maintained at 1 (R^2 improvement not sufficient: -5.1999 vs -5.1999)
2025-06-28 12:47:17,601 (simulate_adaptive_control:120) [DEBUG]: τ maintained at 1 (R^2 improvement not sufficient: -5.3377 vs -5.3377)
2025-06-28 12:47:17,601 (simulate_adaptive_control:323) [INFO]: Step 200/10000, Current τ: 1, R^2[1]: -5.4647
2025-06-28 12:47:17,604 (simulate_adaptive_control:120) [DEBUG]: τ maintained at 1 (R^2 improvement not sufficient: -5.4647 vs -5.4647)
2025-06-28 12:47:17,606 (simulate_adaptive_control:120) [DEBUG]: τ maintained at 1 (R^2 improvement not sufficient: -5.5506 vs -5.5506)
2025-06-28 12:47:17,609 (simulate_adaptive_control:120) [DEBUG]: τ maintained at 1 (R^2 improvement not sufficient: -5.6760 vs -5.6760)
2025-06-28 12:47:17,611 (simulate_adaptive_control:120) [DEBUG]: τ maintained at 1 (R^2 improvement not sufficient: -5.7889 vs -5.7889)
2025-06-28 12:47:17,613 (simulate_adaptive_control:120) [DEBUG]: τ maintained at 1 (R^2 improvement not sufficient: -5.9584 vs -5.9584)
2025-06-28 12:47:17,616 (simulate_adaptive_control:120) [DEBUG]: τ maintained at 1 (R^2 improvement not sufficient: -6.0343 vs -6.0343)
2025-06-28 12:47:17,619 (simulate_adaptive_control:120) [DEBUG]: τ maintained at 1 (R^2 improvement not sufficient: -6.1180 vs -6.1180)
2025-06-28 12:47:17,621 (simulate_adaptive_control:120) [DEBUG]: τ maintained at 1 (R^2 improvement not sufficient: -6.3026 vs -6.3026)
2025-06-28 12:47:17,624 (simulate_adaptive_control:120) [DEBUG]: τ maintained at 1 (R^2 improvement not sufficient: -6.4464 vs -6.4464)
2025-06-28 12:47:17,626 (simulate_adaptive_control:120) [DEBUG]: τ maintained at 1 (R^2 improvement not sufficient: -6.4456 vs -6.4456)
2025-06-28 12:47:17,629 (simulate_adaptive_control:120) [DEBUG]: τ maintained at 1 (R^2 improvement not sufficient: -6.4864 vs -6.4864)
2025-06-28 12:47:17,631 (simulate_adaptive_control:120) [DEBUG]: τ maintained at 1 (R^2 improvement not sufficient: -6.4480 vs -6.4480)
2025-06-28 12:47:17,634 (simulate_adaptive_control:120) [DEBUG]: τ maintained at 1 (R^2 improvement not sufficient: -6.4299 vs -6.4299)
2025-06-28 12:47:17,637 (simulate_adaptive_control:120) [DEBUG]: τ maintained at 1 (R^2 improvement not sufficient: -6.4242 vs -6.4242)
2025-06-28 12:47:17,640 (simulate_adaptive_control:120) [DEBUG]: τ maintained at 1 (R^2 improvement not sufficient: -6.4203 vs -6.4203)
2025-06-28 12:47:17,643 (simulate_adaptive_control:120) [DEBUG]: τ maintained at 1 (R^2 improvement not sufficient: -6.4267 vs -6.4267)
2025-06-28 12:47:17,645 (simulate_adaptive_control:120) [DEBUG]: τ maintained at 1 (R^2 improvement not sufficient: -6.4459 vs -6.4459)
2025-06-28 12:47:17,648 (simulate_adaptive_control:120) [DEBUG]: τ maintained at 1 (R^2 improvement not sufficient: -6.6762 vs -6.6762)
2025-06-28 12:47:17,651 (simulate_adaptive_control:120) [DEBUG]: τ maintained at 1 (R^2 improvement not sufficient: -6.7203 vs -6.7203)
2025-06-28 12:47:17,653 (simulate_adaptive_control:120) [DEBUG]: τ maintained at 1 (R^2 improvement not sufficient: -6.7074 vs -6.7074)
2025-06-28 12:47:17,656 (simulate_adaptive_control:120) [DEBUG]: τ maintained at 1 (R^2 improvement not sufficient: -6.6997 vs -6.6997)
2025-06-28 12:47:17,658 (simulate_adaptive_control:120) [DEBUG]: τ maintained at 1 (R^2 improvement not sufficient: -6.7090 vs -6.7090)
2025-06-28 12:47:17,661 (simulate_adaptive_control:120) [DEBUG]: τ maintained at 1 (R^2 improvement not sufficient: -6.7366 vs -6.7366)
2025-06-28 12:47:17,663 (simulate_adaptive_control:120) [DEBUG]: τ maintained at 1 (R^2 improvement not sufficient: -6.7637 vs -6.7637)
2025-06-28 12:47:17,666 (simulate_adaptive_control:120) [DEBUG]: τ maintained at 1 (R^2 improvement not sufficient: -6.8743 vs -6.8743)
2025-06-28 12:47:17,669 (simulate_adaptive_control:120) [DEBUG]: τ maintained at 1 (R^2 improvement not sufficient: -7.0226 vs -7.0226)
2025-06-28 12:47:17,671 (simulate_adaptive_control:120) [DEBUG]: τ maintained at 1 (R^2 improvement not sufficient: -7.2917 vs -7.2917)
2025-06-28 12:47:17,674 (simulate_adaptive_control:120) [DEBUG]: τ maintained at 1 (R^2 improvement not sufficient: -7.5766 vs -7.5766)
2025-06-28 12:47:17,677 (simulate_adaptive_control:120) [DEBUG]: τ maintained at 1 (R^2 improvement not sufficient: -7.9452 vs -7.9452)
2025-06-28 12:47:17,680 (simulate_adaptive_control:120) [DEBUG]: τ maintained at 1 (R^2 improvement not sufficient: -8.4191 vs -8.4191)
2025-06-28 12:47:17,683 (simulate_adaptive_control:120) [DEBUG]: τ maintained at 1 (R^2 improvement not sufficient: -9.1293 vs -9.1293)
2025-06-28 12:47:17,686 (simulate_adaptive_control:120) [DEBUG]: τ maintained at 1 (R^2 improvement not sufficient: -9.8753 vs -9.8753)
2025-06-28 12:47:17,689 (simulate_adaptive_control:120) [DEBUG]: τ maintained at 1 (R^2 improvement not sufficient: -10.8316 vs -10.8316)
2025-06-28 12:47:17,692 (simulate_adaptive_control:120) [DEBUG]: τ maintained at 1 (R^2 improvement not sufficient: -12.1154 vs -12.1154)
2025-06-28 12:47:17,695 (simulate_adaptive_control:120) [DEBUG]: τ maintained at 1 (R^2 improvement not sufficient: -13.4871 vs -13.4871)
2025-06-28 12:47:17,698 (simulate_adaptive_control:120) [DEBUG]: τ maintained at 1 (R^2 improvement not sufficient: -14.3133 vs -14.3133)
2025-06-28 12:47:17,701 (simulate_adaptive_control:120) [DEBUG]: τ maintained at 1 (R^2 improvement not sufficient: -15.4082 vs -15.4082)
2025-06-28 12:47:17,703 (simulate_adaptive_control:120) [DEBUG]: τ maintained at 1 (R^2 improvement not sufficient: -16.3763 vs -16.3763)
2025-06-28 12:47:17,706 (simulate_adaptive_control:120) [DEBUG]: τ maintained at 1 (R^2 improvement not sufficient: -17.0700 vs -17.0700)
2025-06-28 12:47:17,708 (simulate_adaptive_control:120) [DEBUG]: τ maintained at 1 (R^2 improvement not sufficient: -17.4163 vs -17.4163)
2025-06-28 12:47:17,711 (simulate_adaptive_control:120) [DEBUG]: τ maintained at 1 (R^2 improvement not sufficient: -17.5423 vs -17.5423)
2025-06-28 12:47:17,713 (simulate_adaptive_control:120) [DEBUG]: τ maintained at 1 (R^2 improvement not sufficient: -17.4970 vs -17.4970)
2025-06-28 12:47:17,716 (simulate_adaptive_control:120) [DEBUG]: τ maintained at 1 (R^2 improvement not sufficient: -17.3802 vs -17.3802)
2025-06-28 12:47:17,719 (simulate_adaptive_control:120) [DEBUG]: τ maintained at 1 (R^2 improvement not sufficient: -17.2473 vs -17.2473)
2025-06-28 12:47:17,721 (simulate_adaptive_control:120) [DEBUG]: τ maintained at 1 (R^2 improvement not sufficient: -17.0405 vs -17.0405)
2025-06-28 12:47:17,724 (simulate_adaptive_control:120) [DEBUG]: τ maintained at 1 (R^2 improvement not sufficient: -16.3343 vs -16.3343)
2025-06-28 12:47:17,726 (simulate_adaptive_control:120) [DEBUG]: τ maintained at 1 (R^2 improvement not sufficient: -15.5865 vs -15.5865)
2025-06-28 12:47:17,729 (simulate_adaptive_control:120) [DEBUG]: τ maintained at 1 (R^2 improvement not sufficient: -14.9315 vs -14.9315)
2025-06-28 12:47:17,731 (simulate_adaptive_control:120) [DEBUG]: τ maintained at 1 (R^2 improvement not sufficient: -14.1351 vs -14.1351)
2025-06-28 12:47:17,734 (simulate_adaptive_control:120) [DEBUG]: τ maintained at 1 (R^2 improvement not sufficient: -13.4974 vs -13.4974)
2025-06-28 12:47:17,737 (simulate_adaptive_control:120) [DEBUG]: τ maintained at 1 (R^2 improvement not sufficient: -12.4248 vs -12.4248)
2025-06-28 12:47:17,739 (simulate_adaptive_control:120) [DEBUG]: τ maintained at 1 (R^2 improvement not sufficient: -11.8768 vs -11.8768)
2025-06-28 12:47:17,742 (simulate_adaptive_control:120) [DEBUG]: τ maintained at 1 (R^2 improvement not sufficient: -11.3911 vs -11.3911)
2025-06-28 12:47:17,744 (simulate_adaptive_control:120) [DEBUG]: τ maintained at 1 (R^2 improvement not sufficient: -11.0338 vs -11.0338)
2025-06-28 12:47:17,747 (simulate_adaptive_control:120) [DEBUG]: τ maintained at 1 (R^2 improvement not sufficient: -11.2431 vs -11.2431)
2025-06-28 12:47:17,750 (simulate_adaptive_control:120) [DEBUG]: τ maintained at 1 (R^2 improvement not sufficient: -11.8000 vs -11.8000)
2025-06-28 12:47:17,752 (simulate_adaptive_control:120) [DEBUG]: τ maintained at 1 (R^2 improvement not sufficient: -12.5191 vs -12.5191)
2025-06-28 12:47:17,755 (simulate_adaptive_control:120) [DEBUG]: τ maintained at 1 (R^2 improvement not sufficient: -13.3521 vs -13.3521)
2025-06-28 12:47:17,757 (simulate_adaptive_control:120) [DEBUG]: τ maintained at 1 (R^2 improvement not sufficient: -13.8120 vs -13.8120)
2025-06-28 12:47:17,760 (simulate_adaptive_control:120) [DEBUG]: τ maintained at 1 (R^2 improvement not sufficient: -14.1634 vs -14.1634)
2025-06-28 12:47:17,762 (simulate_adaptive_control:120) [DEBUG]: τ maintained at 1 (R^2 improvement not sufficient: -14.2570 vs -14.2570)
2025-06-28 12:47:17,765 (simulate_adaptive_control:120) [DEBUG]: τ maintained at 1 (R^2 improvement not sufficient: -14.1232 vs -14.1232)
2025-06-28 12:47:17,768 (simulate_adaptive_control:120) [DEBUG]: τ maintained at 1 (R^2 improvement not sufficient: -13.7254 vs -13.7254)
2025-06-28 12:47:17,770 (simulate_adaptive_control:120) [DEBUG]: τ maintained at 1 (R^2 improvement not sufficient: -13.2737 vs -13.2737)
2025-06-28 12:47:17,773 (simulate_adaptive_control:120) [DEBUG]: τ maintained at 1 (R^2 improvement not sufficient: -12.6866 vs -12.6866)
2025-06-28 12:47:17,776 (simulate_adaptive_control:120) [DEBUG]: τ maintained at 1 (R^2 improvement not sufficient: -12.0830 vs -12.0830)
2025-06-28 12:47:17,778 (simulate_adaptive_control:120) [DEBUG]: τ maintained at 1 (R^2 improvement not sufficient: -11.4786 vs -11.4786)
2025-06-28 12:47:17,781 (simulate_adaptive_control:120) [DEBUG]: τ maintained at 1 (R^2 improvement not sufficient: -11.2085 vs -11.2085)
2025-06-28 12:47:17,784 (simulate_adaptive_control:120) [DEBUG]: τ maintained at 1 (R^2 improvement not sufficient: -10.8547 vs -10.8547)
2025-06-28 12:47:17,787 (simulate_adaptive_control:120) [DEBUG]: τ maintained at 1 (R^2 improvement not sufficient: -10.9569 vs -10.9569)
2025-06-28 12:47:17,790 (simulate_adaptive_control:120) [DEBUG]: τ maintained at 1 (R^2 improvement not sufficient: -10.9579 vs -10.9579)
2025-06-28 12:47:17,792 (simulate_adaptive_control:120) [DEBUG]: τ maintained at 1 (R^2 improvement not sufficient: -11.0832 vs -11.0832)
2025-06-28 12:47:17,795 (simulate_adaptive_control:120) [DEBUG]: τ maintained at 1 (R^2 improvement not sufficient: -11.3384 vs -11.3384)
2025-06-28 12:47:17,798 (simulate_adaptive_control:120) [DEBUG]: τ maintained at 1 (R^2 improvement not sufficient: -11.2994 vs -11.2994)
2025-06-28 12:47:17,800 (simulate_adaptive_control:120) [DEBUG]: τ maintained at 1 (R^2 improvement not sufficient: -11.5253 vs -11.5253)
2025-06-28 12:47:17,803 (simulate_adaptive_control:120) [DEBUG]: τ maintained at 1 (R^2 improvement not sufficient: -11.6445 vs -11.6445)
2025-06-28 12:47:17,805 (simulate_adaptive_control:120) [DEBUG]: τ maintained at 1 (R^2 improvement not sufficient: -11.7837 vs -11.7837)
2025-06-28 12:47:17,807 (simulate_adaptive_control:120) [DEBUG]: τ maintained at 1 (R^2 improvement not sufficient: -11.8831 vs -11.8831)
2025-06-28 12:47:17,810 (simulate_adaptive_control:120) [DEBUG]: τ maintained at 1 (R^2 improvement not sufficient: -12.2014 vs -12.2014)
2025-06-28 12:47:17,812 (simulate_adaptive_control:120) [DEBUG]: τ maintained at 1 (R^2 improvement not sufficient: -12.3063 vs -12.3063)
2025-06-28 12:47:17,815 (simulate_adaptive_control:120) [DEBUG]: τ maintained at 1 (R^2 improvement not sufficient: -12.4375 vs -12.4375)
2025-06-28 12:47:17,818 (simulate_adaptive_control:120) [DEBUG]: τ maintained at 1 (R^2 improvement not sufficient: -12.5154 vs -12.5154)
2025-06-28 12:47:17,820 (simulate_adaptive_control:120) [DEBUG]: τ maintained at 1 (R^2 improvement not sufficient: -12.4808 vs -12.4808)
2025-06-28 12:47:17,823 (simulate_adaptive_control:120) [DEBUG]: τ maintained at 1 (R^2 improvement not sufficient: -12.5478 vs -12.5478)
2025-06-28 12:47:17,825 (simulate_adaptive_control:120) [DEBUG]: τ maintained at 1 (R^2 improvement not sufficient: -12.5950 vs -12.5950)
2025-06-28 12:47:17,828 (simulate_adaptive_control:120) [DEBUG]: τ maintained at 1 (R^2 improvement not sufficient: -12.4293 vs -12.4293)
2025-06-28 12:47:17,831 (simulate_adaptive_control:120) [DEBUG]: τ maintained at 1 (R^2 improvement not sufficient: -12.1786 vs -12.1786)
2025-06-28 12:47:17,833 (simulate_adaptive_control:120) [DEBUG]: τ maintained at 1 (R^2 improvement not sufficient: -11.9285 vs -11.9285)
2025-06-28 12:47:17,836 (simulate_adaptive_control:120) [DEBUG]: τ maintained at 1 (R^2 improvement not sufficient: -11.7401 vs -11.7401)
2025-06-28 12:47:17,838 (simulate_adaptive_control:120) [DEBUG]: τ maintained at 1 (R^2 improvement not sufficient: -11.7667 vs -11.7667)
2025-06-28 12:47:17,841 (simulate_adaptive_control:120) [DEBUG]: τ maintained at 1 (R^2 improvement not sufficient: -11.7429 vs -11.7429)
2025-06-28 12:47:17,843 (simulate_adaptive_control:120) [DEBUG]: τ maintained at 1 (R^2 improvement not sufficient: -11.6927 vs -11.6927)
2025-06-28 12:47:17,846 (simulate_adaptive_control:120) [DEBUG]: τ maintained at 1 (R^2 improvement not sufficient: -11.1325 vs -11.1325)
2025-06-28 12:47:17,848 (simulate_adaptive_control:120) [DEBUG]: τ maintained at 1 (R^2 improvement not sufficient: -10.5380 vs -10.5380)
2025-06-28 12:47:17,851 (simulate_adaptive_control:120) [DEBUG]: τ maintained at 1 (R^2 improvement not sufficient: -9.7700 vs -9.7700)
2025-06-28 12:47:17,854 (simulate_adaptive_control:120) [DEBUG]: τ maintained at 1 (R^2 improvement not sufficient: -9.4639 vs -9.4639)
2025-06-28 12:47:17,856 (simulate_adaptive_control:120) [DEBUG]: τ maintained at 1 (R^2 improvement not sufficient: -9.2307 vs -9.2307)
2025-06-28 12:47:17,859 (simulate_adaptive_control:120) [DEBUG]: τ maintained at 1 (R^2 improvement not sufficient: -8.6846 vs -8.6846)
2025-06-28 12:47:17,859 (simulate_adaptive_control:263) [INFO]: End of reference trajectory (or look-ahead range) reached. Stopping simulation.
2025-06-28 12:47:17,860 (simulate_adaptive_control:325) [INFO]: Simulation finished.
2025-06-28 12:47:17,874 (simulate_adaptive_control:332) [INFO]: Simulation results saved to data/simulate_adaptive_control/adaptive_simulation/20250628T124717/adaptive_simulation_results.csv
