2025-06-28 13:49:32,054 (event_logging:164) [DEBUG]: Start event logging
2025-06-28 13:49:32,054 (event_logging:165) [DEBUG]: Logger name: __main__
2025-06-28 13:49:32,054 (event_logging:166) [DEBUG]: Log filename: data/simulate_adaptive_control/adaptive_simulation/20250628T134932/simulate_adaptive_control.log
2025-06-28 13:49:32,055 (event_logging:168) [DEBUG]: Command: python apps/simulate_adaptive_control.py data/trained_model/train_adaptive/20250628T132820/trained_model.joblib -r tests/data/motion_data_000.csv -c apps/config/adaptive_model.toml --active-joints 5 --max-steps 10000
2025-06-28 13:49:32,057 (data_handling:162) [DEBUG]: Directory created: data/simulate_adaptive_control/adaptive_simulation/20250628T134932/config
2025-06-28 13:49:32,066 (data_handling:180) [DEBUG]: Model config copied: None -> data/simulate_adaptive_control/adaptive_simulation/20250628T134932/config
2025-06-28 13:49:32,066 (simulate_adaptive_control:229) [INFO]: config: apps/config/adaptive_model.toml
2025-06-28 13:49:32,066 (simulate_adaptive_control:230) [INFO]: output: data/simulate_adaptive_control/adaptive_simulation/20250628T134932
2025-06-28 13:49:32,066 (simulate_adaptive_control:231) [INFO]: N_max: 10, Active Joints: [5]
2025-06-28 13:49:32,066 (simulate_adaptive_control:235) [INFO]: Loading trained model from data/trained_model/train_adaptive/20250628T132820/trained_model.joblib
2025-06-28 13:49:32,081 (simulate_adaptive_control:239) [INFO]: Loading reference trajectory from tests/data/motion_data_000.csv
2025-06-28 13:49:32,100 (simulate_adaptive_control:242) [INFO]: Reference trajectory loaded with 301 steps.
2025-06-28 13:49:32,100 (simulate_adaptive_control:62) [INFO]: AdaptiveController initialized with N_min=9, N_max=10, initial_tau=1
2025-06-28 13:49:32,104 (simulate_adaptive_control:264) [INFO]: Starting simulation...
2025-06-28 13:49:32,108 (simulate_adaptive_control:110) [DEBUG]: No sufficient R^2 data for any tau. Maintaining current tau: 1
2025-06-28 13:49:32,110 (simulate_adaptive_control:428) [INFO]: Step 0/10000, Current τ: 1, R^2[1]: -inf
2025-06-28 13:49:32,113 (simulate_adaptive_control:123) [INFO]: τ changed from 1 to 10 (R^2 improved: -inf -> -0.4638)
2025-06-28 13:49:32,118 (simulate_adaptive_control:126) [DEBUG]: τ maintained at 10 (R^2 improvement not sufficient: -0.1948 vs -0.1948)
2025-06-28 13:49:32,122 (simulate_adaptive_control:126) [DEBUG]: τ maintained at 10 (R^2 improvement not sufficient: 0.0112 vs 0.0112)
2025-06-28 13:49:32,127 (simulate_adaptive_control:126) [DEBUG]: τ maintained at 10 (R^2 improvement not sufficient: 0.2017 vs 0.2017)
2025-06-28 13:49:32,131 (simulate_adaptive_control:126) [DEBUG]: τ maintained at 10 (R^2 improvement not sufficient: 0.0968 vs 0.0968)
2025-06-28 13:49:32,135 (simulate_adaptive_control:126) [DEBUG]: τ maintained at 10 (R^2 improvement not sufficient: 0.1022 vs 0.1022)
2025-06-28 13:49:32,140 (simulate_adaptive_control:126) [DEBUG]: τ maintained at 10 (R^2 improvement not sufficient: 0.0065 vs 0.0065)
2025-06-28 13:49:32,145 (simulate_adaptive_control:126) [DEBUG]: τ maintained at 10 (R^2 improvement not sufficient: 0.0004 vs 0.0004)
2025-06-28 13:49:32,149 (simulate_adaptive_control:126) [DEBUG]: τ maintained at 10 (R^2 improvement not sufficient: 0.1084 vs 0.1084)
2025-06-28 13:49:32,154 (simulate_adaptive_control:126) [DEBUG]: τ maintained at 10 (R^2 improvement not sufficient: 0.1368 vs 0.1368)
2025-06-28 13:49:32,159 (simulate_adaptive_control:126) [DEBUG]: τ maintained at 10 (R^2 improvement not sufficient: 0.1702 vs 0.1702)
2025-06-28 13:49:32,163 (simulate_adaptive_control:126) [DEBUG]: τ maintained at 10 (R^2 improvement not sufficient: 0.1651 vs 0.1651)
2025-06-28 13:49:32,168 (simulate_adaptive_control:126) [DEBUG]: τ maintained at 10 (R^2 improvement not sufficient: 0.0690 vs 0.0690)
2025-06-28 13:49:32,172 (simulate_adaptive_control:126) [DEBUG]: τ maintained at 10 (R^2 improvement not sufficient: 0.0539 vs 0.0539)
2025-06-28 13:49:32,177 (simulate_adaptive_control:126) [DEBUG]: τ maintained at 10 (R^2 improvement not sufficient: 0.0506 vs 0.0506)
2025-06-28 13:49:32,181 (simulate_adaptive_control:126) [DEBUG]: τ maintained at 10 (R^2 improvement not sufficient: 0.0457 vs 0.0457)
2025-06-28 13:49:32,186 (simulate_adaptive_control:126) [DEBUG]: τ maintained at 10 (R^2 improvement not sufficient: 0.0436 vs 0.0436)
2025-06-28 13:49:32,190 (simulate_adaptive_control:126) [DEBUG]: τ maintained at 10 (R^2 improvement not sufficient: -0.1734 vs -0.1734)
2025-06-28 13:49:32,195 (simulate_adaptive_control:126) [DEBUG]: τ maintained at 10 (R^2 improvement not sufficient: -0.1798 vs -0.1798)
2025-06-28 13:49:32,200 (simulate_adaptive_control:126) [DEBUG]: τ maintained at 10 (R^2 improvement not sufficient: -0.3232 vs -0.3232)
2025-06-28 13:49:32,204 (simulate_adaptive_control:126) [DEBUG]: τ maintained at 10 (R^2 improvement not sufficient: -0.3861 vs -0.3861)
2025-06-28 13:49:32,209 (simulate_adaptive_control:126) [DEBUG]: τ maintained at 10 (R^2 improvement not sufficient: -0.6239 vs -0.6239)
2025-06-28 13:49:32,214 (simulate_adaptive_control:123) [INFO]: τ changed from 10 to 9 (R^2 improved: -0.9064 -> -0.8958)
2025-06-28 13:49:32,218 (simulate_adaptive_control:123) [INFO]: τ changed from 9 to 10 (R^2 improved: -1.0829 -> -0.9356)
2025-06-28 13:49:32,224 (simulate_adaptive_control:126) [DEBUG]: τ maintained at 10 (R^2 improvement not sufficient: -0.9651 vs -0.9651)
2025-06-28 13:49:32,228 (simulate_adaptive_control:126) [DEBUG]: τ maintained at 10 (R^2 improvement not sufficient: -0.9897 vs -0.9897)
2025-06-28 13:49:32,233 (simulate_adaptive_control:126) [DEBUG]: τ maintained at 10 (R^2 improvement not sufficient: -0.9892 vs -0.9892)
2025-06-28 13:49:32,238 (simulate_adaptive_control:126) [DEBUG]: τ maintained at 10 (R^2 improvement not sufficient: -0.9937 vs -0.9937)
2025-06-28 13:49:32,242 (simulate_adaptive_control:126) [DEBUG]: τ maintained at 10 (R^2 improvement not sufficient: -1.0169 vs -1.0169)
2025-06-28 13:49:32,247 (simulate_adaptive_control:126) [DEBUG]: τ maintained at 10 (R^2 improvement not sufficient: -1.0493 vs -1.0493)
2025-06-28 13:49:32,252 (simulate_adaptive_control:126) [DEBUG]: τ maintained at 10 (R^2 improvement not sufficient: -1.1114 vs -1.1114)
2025-06-28 13:49:32,257 (simulate_adaptive_control:126) [DEBUG]: τ maintained at 10 (R^2 improvement not sufficient: -1.1004 vs -1.1004)
2025-06-28 13:49:32,261 (simulate_adaptive_control:126) [DEBUG]: τ maintained at 10 (R^2 improvement not sufficient: -1.1092 vs -1.1092)
2025-06-28 13:49:32,266 (simulate_adaptive_control:126) [DEBUG]: τ maintained at 10 (R^2 improvement not sufficient: -1.0832 vs -1.0832)
2025-06-28 13:49:32,270 (simulate_adaptive_control:126) [DEBUG]: τ maintained at 10 (R^2 improvement not sufficient: -1.0535 vs -1.0535)
2025-06-28 13:49:32,275 (simulate_adaptive_control:126) [DEBUG]: τ maintained at 10 (R^2 improvement not sufficient: -1.0856 vs -1.0856)
2025-06-28 13:49:32,280 (simulate_adaptive_control:126) [DEBUG]: τ maintained at 10 (R^2 improvement not sufficient: -1.0721 vs -1.0721)
2025-06-28 13:49:32,284 (simulate_adaptive_control:126) [DEBUG]: τ maintained at 10 (R^2 improvement not sufficient: -1.0366 vs -1.0366)
2025-06-28 13:49:32,289 (simulate_adaptive_control:126) [DEBUG]: τ maintained at 10 (R^2 improvement not sufficient: -0.9966 vs -0.9966)
2025-06-28 13:49:32,294 (simulate_adaptive_control:126) [DEBUG]: τ maintained at 10 (R^2 improvement not sufficient: -0.9901 vs -0.9901)
2025-06-28 13:49:32,298 (simulate_adaptive_control:126) [DEBUG]: τ maintained at 10 (R^2 improvement not sufficient: -1.0132 vs -1.0132)
2025-06-28 13:49:32,303 (simulate_adaptive_control:126) [DEBUG]: τ maintained at 10 (R^2 improvement not sufficient: -0.9747 vs -0.9747)
2025-06-28 13:49:32,308 (simulate_adaptive_control:126) [DEBUG]: τ maintained at 10 (R^2 improvement not sufficient: -1.0876 vs -1.0876)
2025-06-28 13:49:32,312 (simulate_adaptive_control:126) [DEBUG]: τ maintained at 10 (R^2 improvement not sufficient: -1.0871 vs -1.0871)
2025-06-28 13:49:32,317 (simulate_adaptive_control:126) [DEBUG]: τ maintained at 10 (R^2 improvement not sufficient: -1.0777 vs -1.0777)
2025-06-28 13:49:32,322 (simulate_adaptive_control:126) [DEBUG]: τ maintained at 10 (R^2 improvement not sufficient: -1.0954 vs -1.0954)
2025-06-28 13:49:32,327 (simulate_adaptive_control:123) [INFO]: τ changed from 10 to 9 (R^2 improved: -1.2711 -> -1.1960)
2025-06-28 13:49:32,332 (simulate_adaptive_control:126) [DEBUG]: τ maintained at 9 (R^2 improvement not sufficient: -1.1857 vs -1.1857)
2025-06-28 13:49:32,337 (simulate_adaptive_control:126) [DEBUG]: τ maintained at 9 (R^2 improvement not sufficient: -1.1803 vs -1.1803)
2025-06-28 13:49:32,342 (simulate_adaptive_control:126) [DEBUG]: τ maintained at 9 (R^2 improvement not sufficient: -1.2027 vs -1.2027)
2025-06-28 13:49:32,346 (simulate_adaptive_control:126) [DEBUG]: τ maintained at 9 (R^2 improvement not sufficient: -1.3327 vs -1.3327)
2025-06-28 13:49:32,352 (simulate_adaptive_control:126) [DEBUG]: τ maintained at 9 (R^2 improvement not sufficient: -1.4357 vs -1.4357)
2025-06-28 13:49:32,356 (simulate_adaptive_control:126) [DEBUG]: τ maintained at 9 (R^2 improvement not sufficient: -1.5248 vs -1.5248)
2025-06-28 13:49:32,362 (simulate_adaptive_control:126) [DEBUG]: τ maintained at 9 (R^2 improvement not sufficient: -1.6072 vs -1.6072)
2025-06-28 13:49:32,367 (simulate_adaptive_control:126) [DEBUG]: τ maintained at 9 (R^2 improvement not sufficient: -1.6789 vs -1.6789)
2025-06-28 13:49:32,371 (simulate_adaptive_control:126) [DEBUG]: τ maintained at 9 (R^2 improvement not sufficient: -1.7287 vs -1.7287)
2025-06-28 13:49:32,376 (simulate_adaptive_control:126) [DEBUG]: τ maintained at 9 (R^2 improvement not sufficient: -1.7375 vs -1.7375)
2025-06-28 13:49:32,381 (simulate_adaptive_control:126) [DEBUG]: τ maintained at 9 (R^2 improvement not sufficient: -1.7476 vs -1.7476)
2025-06-28 13:49:32,385 (simulate_adaptive_control:126) [DEBUG]: τ maintained at 9 (R^2 improvement not sufficient: -1.7965 vs -1.7965)
2025-06-28 13:49:32,389 (simulate_adaptive_control:126) [DEBUG]: τ maintained at 9 (R^2 improvement not sufficient: -1.7956 vs -1.7956)
2025-06-28 13:49:32,394 (simulate_adaptive_control:126) [DEBUG]: τ maintained at 9 (R^2 improvement not sufficient: -1.7535 vs -1.7535)
2025-06-28 13:49:32,399 (simulate_adaptive_control:126) [DEBUG]: τ maintained at 9 (R^2 improvement not sufficient: -1.6913 vs -1.6913)
2025-06-28 13:49:32,403 (simulate_adaptive_control:126) [DEBUG]: τ maintained at 9 (R^2 improvement not sufficient: -1.6257 vs -1.6257)
2025-06-28 13:49:32,408 (simulate_adaptive_control:126) [DEBUG]: τ maintained at 9 (R^2 improvement not sufficient: -1.5582 vs -1.5582)
2025-06-28 13:49:32,412 (simulate_adaptive_control:126) [DEBUG]: τ maintained at 9 (R^2 improvement not sufficient: -1.6547 vs -1.6547)
2025-06-28 13:49:32,417 (simulate_adaptive_control:126) [DEBUG]: τ maintained at 9 (R^2 improvement not sufficient: -2.0012 vs -2.0012)
2025-06-28 13:49:32,422 (simulate_adaptive_control:126) [DEBUG]: τ maintained at 9 (R^2 improvement not sufficient: -2.0046 vs -2.0046)
2025-06-28 13:49:32,427 (simulate_adaptive_control:126) [DEBUG]: τ maintained at 9 (R^2 improvement not sufficient: -2.1216 vs -2.1216)
2025-06-28 13:49:32,432 (simulate_adaptive_control:126) [DEBUG]: τ maintained at 9 (R^2 improvement not sufficient: -2.2979 vs -2.2979)
2025-06-28 13:49:32,436 (simulate_adaptive_control:126) [DEBUG]: τ maintained at 9 (R^2 improvement not sufficient: -2.3622 vs -2.3622)
2025-06-28 13:49:32,441 (simulate_adaptive_control:126) [DEBUG]: τ maintained at 9 (R^2 improvement not sufficient: -2.4480 vs -2.4480)
2025-06-28 13:49:32,445 (simulate_adaptive_control:126) [DEBUG]: τ maintained at 9 (R^2 improvement not sufficient: -2.4811 vs -2.4811)
2025-06-28 13:49:32,449 (simulate_adaptive_control:126) [DEBUG]: τ maintained at 9 (R^2 improvement not sufficient: -2.4832 vs -2.4832)
2025-06-28 13:49:32,454 (simulate_adaptive_control:126) [DEBUG]: τ maintained at 9 (R^2 improvement not sufficient: -2.4986 vs -2.4986)
2025-06-28 13:49:32,458 (simulate_adaptive_control:126) [DEBUG]: τ maintained at 9 (R^2 improvement not sufficient: -2.5631 vs -2.5631)
2025-06-28 13:49:32,463 (simulate_adaptive_control:126) [DEBUG]: τ maintained at 9 (R^2 improvement not sufficient: -2.6438 vs -2.6438)
2025-06-28 13:49:32,467 (simulate_adaptive_control:126) [DEBUG]: τ maintained at 9 (R^2 improvement not sufficient: -2.6891 vs -2.6891)
2025-06-28 13:49:32,471 (simulate_adaptive_control:126) [DEBUG]: τ maintained at 9 (R^2 improvement not sufficient: -2.7228 vs -2.7228)
2025-06-28 13:49:32,476 (simulate_adaptive_control:126) [DEBUG]: τ maintained at 9 (R^2 improvement not sufficient: -2.7538 vs -2.7538)
2025-06-28 13:49:32,480 (simulate_adaptive_control:126) [DEBUG]: τ maintained at 9 (R^2 improvement not sufficient: -2.7417 vs -2.7417)
2025-06-28 13:49:32,485 (simulate_adaptive_control:126) [DEBUG]: τ maintained at 9 (R^2 improvement not sufficient: -2.7340 vs -2.7340)
2025-06-28 13:49:32,489 (simulate_adaptive_control:126) [DEBUG]: τ maintained at 9 (R^2 improvement not sufficient: -2.7314 vs -2.7314)
2025-06-28 13:49:32,494 (simulate_adaptive_control:126) [DEBUG]: τ maintained at 9 (R^2 improvement not sufficient: -2.7260 vs -2.7260)
2025-06-28 13:49:32,498 (simulate_adaptive_control:126) [DEBUG]: τ maintained at 9 (R^2 improvement not sufficient: -2.7411 vs -2.7411)
2025-06-28 13:49:32,503 (simulate_adaptive_control:126) [DEBUG]: τ maintained at 9 (R^2 improvement not sufficient: -2.7439 vs -2.7439)
2025-06-28 13:49:32,507 (simulate_adaptive_control:126) [DEBUG]: τ maintained at 9 (R^2 improvement not sufficient: -2.7913 vs -2.7913)
2025-06-28 13:49:32,512 (simulate_adaptive_control:126) [DEBUG]: τ maintained at 9 (R^2 improvement not sufficient: -2.8139 vs -2.8139)
2025-06-28 13:49:32,516 (simulate_adaptive_control:126) [DEBUG]: τ maintained at 9 (R^2 improvement not sufficient: -2.8943 vs -2.8943)
2025-06-28 13:49:32,521 (simulate_adaptive_control:126) [DEBUG]: τ maintained at 9 (R^2 improvement not sufficient: -2.9145 vs -2.9101)
2025-06-28 13:49:32,526 (simulate_adaptive_control:126) [DEBUG]: τ maintained at 9 (R^2 improvement not sufficient: -2.9149 vs -2.9100)
2025-06-28 13:49:32,530 (simulate_adaptive_control:123) [INFO]: τ changed from 9 to 10 (R^2 improved: -2.9407 -> -2.9292)
2025-06-28 13:49:32,535 (simulate_adaptive_control:126) [DEBUG]: τ maintained at 10 (R^2 improvement not sufficient: -2.9289 vs -2.9289)
2025-06-28 13:49:32,539 (simulate_adaptive_control:126) [DEBUG]: τ maintained at 10 (R^2 improvement not sufficient: -2.9522 vs -2.9522)
2025-06-28 13:49:32,544 (simulate_adaptive_control:126) [DEBUG]: τ maintained at 10 (R^2 improvement not sufficient: -2.9510 vs -2.9510)
2025-06-28 13:49:32,548 (simulate_adaptive_control:123) [INFO]: τ changed from 10 to 9 (R^2 improved: -3.0078 -> -2.9911)
2025-06-28 13:49:32,553 (simulate_adaptive_control:126) [DEBUG]: τ maintained at 9 (R^2 improvement not sufficient: -2.9885 vs -2.9885)
2025-06-28 13:49:32,557 (simulate_adaptive_control:126) [DEBUG]: τ maintained at 9 (R^2 improvement not sufficient: -2.9841 vs -2.9841)
2025-06-28 13:49:32,562 (simulate_adaptive_control:126) [DEBUG]: τ maintained at 9 (R^2 improvement not sufficient: -2.9767 vs -2.9767)
2025-06-28 13:49:32,567 (simulate_adaptive_control:126) [DEBUG]: τ maintained at 9 (R^2 improvement not sufficient: -2.9736 vs -2.9736)
2025-06-28 13:49:32,571 (simulate_adaptive_control:126) [DEBUG]: τ maintained at 9 (R^2 improvement not sufficient: -2.9701 vs -2.9701)
2025-06-28 13:49:32,573 (simulate_adaptive_control:428) [INFO]: Step 100/10000, Current τ: 9, R^2[9]: -2.9701
2025-06-28 13:49:32,577 (simulate_adaptive_control:126) [DEBUG]: τ maintained at 9 (R^2 improvement not sufficient: -3.0531 vs -3.0531)
2025-06-28 13:49:32,582 (simulate_adaptive_control:126) [DEBUG]: τ maintained at 9 (R^2 improvement not sufficient: -3.1829 vs -3.1829)
2025-06-28 13:49:32,586 (simulate_adaptive_control:126) [DEBUG]: τ maintained at 9 (R^2 improvement not sufficient: -3.2838 vs -3.2838)
2025-06-28 13:49:32,591 (simulate_adaptive_control:126) [DEBUG]: τ maintained at 9 (R^2 improvement not sufficient: -3.4386 vs -3.4386)
2025-06-28 13:49:32,596 (simulate_adaptive_control:126) [DEBUG]: τ maintained at 9 (R^2 improvement not sufficient: -3.5434 vs -3.5434)
2025-06-28 13:49:32,600 (simulate_adaptive_control:126) [DEBUG]: τ maintained at 9 (R^2 improvement not sufficient: -3.5680 vs -3.5680)
2025-06-28 13:49:32,605 (simulate_adaptive_control:126) [DEBUG]: τ maintained at 9 (R^2 improvement not sufficient: -3.8580 vs -3.8580)
2025-06-28 13:49:32,609 (simulate_adaptive_control:126) [DEBUG]: τ maintained at 9 (R^2 improvement not sufficient: -4.3372 vs -4.3372)
2025-06-28 13:49:32,614 (simulate_adaptive_control:126) [DEBUG]: τ maintained at 9 (R^2 improvement not sufficient: -5.0201 vs -5.0201)
2025-06-28 13:49:32,618 (simulate_adaptive_control:126) [DEBUG]: τ maintained at 9 (R^2 improvement not sufficient: -5.7296 vs -5.7296)
2025-06-28 13:49:32,623 (simulate_adaptive_control:126) [DEBUG]: τ maintained at 9 (R^2 improvement not sufficient: -6.4869 vs -6.4869)
2025-06-28 13:49:32,627 (simulate_adaptive_control:123) [INFO]: τ changed from 9 to 10 (R^2 improved: -7.2614 -> -6.8441)
2025-06-28 13:49:32,632 (simulate_adaptive_control:126) [DEBUG]: τ maintained at 10 (R^2 improvement not sufficient: -6.8872 vs -6.8872)
2025-06-28 13:49:32,636 (simulate_adaptive_control:126) [DEBUG]: τ maintained at 10 (R^2 improvement not sufficient: -6.9790 vs -6.9790)
2025-06-28 13:49:32,641 (simulate_adaptive_control:126) [DEBUG]: τ maintained at 10 (R^2 improvement not sufficient: -7.0985 vs -7.0985)
2025-06-28 13:49:32,646 (simulate_adaptive_control:126) [DEBUG]: τ maintained at 10 (R^2 improvement not sufficient: -7.1202 vs -7.1202)
2025-06-28 13:49:32,650 (simulate_adaptive_control:126) [DEBUG]: τ maintained at 10 (R^2 improvement not sufficient: -6.9836 vs -6.9836)
2025-06-28 13:49:32,655 (simulate_adaptive_control:126) [DEBUG]: τ maintained at 10 (R^2 improvement not sufficient: -6.5870 vs -6.5870)
2025-06-28 13:49:32,659 (simulate_adaptive_control:126) [DEBUG]: τ maintained at 10 (R^2 improvement not sufficient: -6.3662 vs -6.3662)
2025-06-28 13:49:32,664 (simulate_adaptive_control:126) [DEBUG]: τ maintained at 10 (R^2 improvement not sufficient: -5.9304 vs -5.9304)
2025-06-28 13:49:32,669 (simulate_adaptive_control:126) [DEBUG]: τ maintained at 10 (R^2 improvement not sufficient: -5.5202 vs -5.5202)
2025-06-28 13:49:32,674 (simulate_adaptive_control:126) [DEBUG]: τ maintained at 10 (R^2 improvement not sufficient: -4.9362 vs -4.9362)
2025-06-28 13:49:32,678 (simulate_adaptive_control:126) [DEBUG]: τ maintained at 10 (R^2 improvement not sufficient: -4.3969 vs -4.3969)
2025-06-28 13:49:32,682 (simulate_adaptive_control:126) [DEBUG]: τ maintained at 10 (R^2 improvement not sufficient: -4.1286 vs -4.1286)
2025-06-28 13:49:32,687 (simulate_adaptive_control:126) [DEBUG]: τ maintained at 10 (R^2 improvement not sufficient: -3.8975 vs -3.8975)
2025-06-28 13:49:32,691 (simulate_adaptive_control:126) [DEBUG]: τ maintained at 10 (R^2 improvement not sufficient: -3.6808 vs -3.6808)
2025-06-28 13:49:32,695 (simulate_adaptive_control:126) [DEBUG]: τ maintained at 10 (R^2 improvement not sufficient: -3.5244 vs -3.5244)
2025-06-28 13:49:32,700 (simulate_adaptive_control:126) [DEBUG]: τ maintained at 10 (R^2 improvement not sufficient: -3.4421 vs -3.4421)
2025-06-28 13:49:32,705 (simulate_adaptive_control:126) [DEBUG]: τ maintained at 10 (R^2 improvement not sufficient: -3.4005 vs -3.4005)
2025-06-28 13:49:32,709 (simulate_adaptive_control:126) [DEBUG]: τ maintained at 10 (R^2 improvement not sufficient: -3.3706 vs -3.3706)
2025-06-28 13:49:32,714 (simulate_adaptive_control:126) [DEBUG]: τ maintained at 10 (R^2 improvement not sufficient: -3.4632 vs -3.4632)
2025-06-28 13:49:32,718 (simulate_adaptive_control:126) [DEBUG]: τ maintained at 10 (R^2 improvement not sufficient: -3.5003 vs -3.5003)
2025-06-28 13:49:32,723 (simulate_adaptive_control:126) [DEBUG]: τ maintained at 10 (R^2 improvement not sufficient: -3.5208 vs -3.5208)
2025-06-28 13:49:32,727 (simulate_adaptive_control:126) [DEBUG]: τ maintained at 10 (R^2 improvement not sufficient: -3.5796 vs -3.5796)
2025-06-28 13:49:32,732 (simulate_adaptive_control:126) [DEBUG]: τ maintained at 10 (R^2 improvement not sufficient: -3.8132 vs -3.8132)
2025-06-28 13:49:32,736 (simulate_adaptive_control:126) [DEBUG]: τ maintained at 10 (R^2 improvement not sufficient: -3.9634 vs -3.9634)
2025-06-28 13:49:32,741 (simulate_adaptive_control:126) [DEBUG]: τ maintained at 10 (R^2 improvement not sufficient: -4.0599 vs -4.0599)
2025-06-28 13:49:32,745 (simulate_adaptive_control:126) [DEBUG]: τ maintained at 10 (R^2 improvement not sufficient: -4.1841 vs -4.1841)
2025-06-28 13:49:32,750 (simulate_adaptive_control:126) [DEBUG]: τ maintained at 10 (R^2 improvement not sufficient: -4.4047 vs -4.4047)
2025-06-28 13:49:32,754 (simulate_adaptive_control:126) [DEBUG]: τ maintained at 10 (R^2 improvement not sufficient: -4.6207 vs -4.6207)
2025-06-28 13:49:32,759 (simulate_adaptive_control:126) [DEBUG]: τ maintained at 10 (R^2 improvement not sufficient: -4.6462 vs -4.6462)
2025-06-28 13:49:32,763 (simulate_adaptive_control:126) [DEBUG]: τ maintained at 10 (R^2 improvement not sufficient: -4.7665 vs -4.7665)
2025-06-28 13:49:32,769 (simulate_adaptive_control:126) [DEBUG]: τ maintained at 10 (R^2 improvement not sufficient: -4.6258 vs -4.6258)
2025-06-28 13:49:32,773 (simulate_adaptive_control:126) [DEBUG]: τ maintained at 10 (R^2 improvement not sufficient: -4.5487 vs -4.5487)
2025-06-28 13:49:32,778 (simulate_adaptive_control:126) [DEBUG]: τ maintained at 10 (R^2 improvement not sufficient: -4.4509 vs -4.4509)
2025-06-28 13:49:32,784 (simulate_adaptive_control:126) [DEBUG]: τ maintained at 10 (R^2 improvement not sufficient: -4.3462 vs -4.3462)
2025-06-28 13:49:32,788 (simulate_adaptive_control:126) [DEBUG]: τ maintained at 10 (R^2 improvement not sufficient: -4.1268 vs -4.1268)
2025-06-28 13:49:32,793 (simulate_adaptive_control:126) [DEBUG]: τ maintained at 10 (R^2 improvement not sufficient: -4.1519 vs -4.1519)
2025-06-28 13:49:32,798 (simulate_adaptive_control:126) [DEBUG]: τ maintained at 10 (R^2 improvement not sufficient: -3.9751 vs -3.9751)
2025-06-28 13:49:32,803 (simulate_adaptive_control:126) [DEBUG]: τ maintained at 10 (R^2 improvement not sufficient: -3.8176 vs -3.8176)
2025-06-28 13:49:32,807 (simulate_adaptive_control:126) [DEBUG]: τ maintained at 10 (R^2 improvement not sufficient: -3.6724 vs -3.6724)
2025-06-28 13:49:32,813 (simulate_adaptive_control:126) [DEBUG]: τ maintained at 10 (R^2 improvement not sufficient: -3.5525 vs -3.5525)
2025-06-28 13:49:32,818 (simulate_adaptive_control:126) [DEBUG]: τ maintained at 10 (R^2 improvement not sufficient: -3.5059 vs -3.5059)
2025-06-28 13:49:32,822 (simulate_adaptive_control:126) [DEBUG]: τ maintained at 10 (R^2 improvement not sufficient: -3.4564 vs -3.4564)
2025-06-28 13:49:32,827 (simulate_adaptive_control:126) [DEBUG]: τ maintained at 10 (R^2 improvement not sufficient: -3.4640 vs -3.4640)
2025-06-28 13:49:32,832 (simulate_adaptive_control:126) [DEBUG]: τ maintained at 10 (R^2 improvement not sufficient: -3.5524 vs -3.5524)
2025-06-28 13:49:32,836 (simulate_adaptive_control:126) [DEBUG]: τ maintained at 10 (R^2 improvement not sufficient: -3.7970 vs -3.7970)
2025-06-28 13:49:32,841 (simulate_adaptive_control:126) [DEBUG]: τ maintained at 10 (R^2 improvement not sufficient: -3.8784 vs -3.8784)
2025-06-28 13:49:32,846 (simulate_adaptive_control:126) [DEBUG]: τ maintained at 10 (R^2 improvement not sufficient: -3.9158 vs -3.9158)
2025-06-28 13:49:32,850 (simulate_adaptive_control:126) [DEBUG]: τ maintained at 10 (R^2 improvement not sufficient: -4.0555 vs -4.0555)
2025-06-28 13:49:32,855 (simulate_adaptive_control:126) [DEBUG]: τ maintained at 10 (R^2 improvement not sufficient: -4.2143 vs -4.2143)
2025-06-28 13:49:32,860 (simulate_adaptive_control:126) [DEBUG]: τ maintained at 10 (R^2 improvement not sufficient: -4.4224 vs -4.4224)
2025-06-28 13:49:32,864 (simulate_adaptive_control:126) [DEBUG]: τ maintained at 10 (R^2 improvement not sufficient: -4.6222 vs -4.6222)
2025-06-28 13:49:32,868 (simulate_adaptive_control:126) [DEBUG]: τ maintained at 10 (R^2 improvement not sufficient: -4.6645 vs -4.6645)
2025-06-28 13:49:32,873 (simulate_adaptive_control:126) [DEBUG]: τ maintained at 10 (R^2 improvement not sufficient: -4.3856 vs -4.3856)
2025-06-28 13:49:32,878 (simulate_adaptive_control:126) [DEBUG]: τ maintained at 10 (R^2 improvement not sufficient: -3.9348 vs -3.9348)
2025-06-28 13:49:32,883 (simulate_adaptive_control:126) [DEBUG]: τ maintained at 10 (R^2 improvement not sufficient: -3.8582 vs -3.8582)
2025-06-28 13:49:32,887 (simulate_adaptive_control:126) [DEBUG]: τ maintained at 10 (R^2 improvement not sufficient: -3.8755 vs -3.8755)
2025-06-28 13:49:32,892 (simulate_adaptive_control:126) [DEBUG]: τ maintained at 10 (R^2 improvement not sufficient: -3.8104 vs -3.8104)
2025-06-28 13:49:32,896 (simulate_adaptive_control:126) [DEBUG]: τ maintained at 10 (R^2 improvement not sufficient: -3.9225 vs -3.9225)
2025-06-28 13:49:32,900 (simulate_adaptive_control:126) [DEBUG]: τ maintained at 10 (R^2 improvement not sufficient: -3.8985 vs -3.8985)
2025-06-28 13:49:32,905 (simulate_adaptive_control:126) [DEBUG]: τ maintained at 10 (R^2 improvement not sufficient: -4.0549 vs -4.0549)
2025-06-28 13:49:32,910 (simulate_adaptive_control:126) [DEBUG]: τ maintained at 10 (R^2 improvement not sufficient: -3.9719 vs -3.9719)
2025-06-28 13:49:32,914 (simulate_adaptive_control:126) [DEBUG]: τ maintained at 10 (R^2 improvement not sufficient: -3.9903 vs -3.9903)
2025-06-28 13:49:32,919 (simulate_adaptive_control:126) [DEBUG]: τ maintained at 10 (R^2 improvement not sufficient: -3.9833 vs -3.9833)
2025-06-28 13:49:32,924 (simulate_adaptive_control:126) [DEBUG]: τ maintained at 10 (R^2 improvement not sufficient: -3.9662 vs -3.9662)
2025-06-28 13:49:32,928 (simulate_adaptive_control:123) [INFO]: τ changed from 10 to 9 (R^2 improved: -4.0951 -> -3.9737)
2025-06-28 13:49:32,932 (simulate_adaptive_control:126) [DEBUG]: τ maintained at 9 (R^2 improvement not sufficient: -4.0674 vs -4.0674)
2025-06-28 13:49:32,937 (simulate_adaptive_control:126) [DEBUG]: τ maintained at 9 (R^2 improvement not sufficient: -4.2331 vs -4.2331)
2025-06-28 13:49:32,942 (simulate_adaptive_control:126) [DEBUG]: τ maintained at 9 (R^2 improvement not sufficient: -4.3922 vs -4.3922)
2025-06-28 13:49:32,946 (simulate_adaptive_control:126) [DEBUG]: τ maintained at 9 (R^2 improvement not sufficient: -4.4866 vs -4.4866)
2025-06-28 13:49:32,951 (simulate_adaptive_control:126) [DEBUG]: τ maintained at 9 (R^2 improvement not sufficient: -4.5372 vs -4.5372)
2025-06-28 13:49:32,955 (simulate_adaptive_control:126) [DEBUG]: τ maintained at 9 (R^2 improvement not sufficient: -4.5669 vs -4.5669)
2025-06-28 13:49:32,959 (simulate_adaptive_control:126) [DEBUG]: τ maintained at 9 (R^2 improvement not sufficient: -4.5505 vs -4.5505)
2025-06-28 13:49:32,964 (simulate_adaptive_control:126) [DEBUG]: τ maintained at 9 (R^2 improvement not sufficient: -4.5506 vs -4.5506)
2025-06-28 13:49:32,968 (simulate_adaptive_control:126) [DEBUG]: τ maintained at 9 (R^2 improvement not sufficient: -4.4969 vs -4.4969)
2025-06-28 13:49:32,973 (simulate_adaptive_control:126) [DEBUG]: τ maintained at 9 (R^2 improvement not sufficient: -4.5784 vs -4.5784)
2025-06-28 13:49:32,978 (simulate_adaptive_control:126) [DEBUG]: τ maintained at 9 (R^2 improvement not sufficient: -4.5573 vs -4.5573)
2025-06-28 13:49:32,982 (simulate_adaptive_control:126) [DEBUG]: τ maintained at 9 (R^2 improvement not sufficient: -4.5689 vs -4.5689)
2025-06-28 13:49:32,987 (simulate_adaptive_control:126) [DEBUG]: τ maintained at 9 (R^2 improvement not sufficient: -4.5745 vs -4.5745)
2025-06-28 13:49:32,991 (simulate_adaptive_control:126) [DEBUG]: τ maintained at 9 (R^2 improvement not sufficient: -4.5645 vs -4.5645)
2025-06-28 13:49:32,995 (simulate_adaptive_control:126) [DEBUG]: τ maintained at 9 (R^2 improvement not sufficient: -4.7386 vs -4.7386)
2025-06-28 13:49:33,000 (simulate_adaptive_control:126) [DEBUG]: τ maintained at 9 (R^2 improvement not sufficient: -4.8865 vs -4.8865)
2025-06-28 13:49:33,005 (simulate_adaptive_control:126) [DEBUG]: τ maintained at 9 (R^2 improvement not sufficient: -5.0936 vs -5.0936)
2025-06-28 13:49:33,010 (simulate_adaptive_control:126) [DEBUG]: τ maintained at 9 (R^2 improvement not sufficient: -5.4747 vs -5.4747)
2025-06-28 13:49:33,014 (simulate_adaptive_control:123) [INFO]: τ changed from 9 to 10 (R^2 improved: -5.9232 -> -5.8653)
2025-06-28 13:49:33,018 (simulate_adaptive_control:126) [DEBUG]: τ maintained at 10 (R^2 improvement not sufficient: -6.0741 vs -6.0741)
2025-06-28 13:49:33,023 (simulate_adaptive_control:126) [DEBUG]: τ maintained at 10 (R^2 improvement not sufficient: -6.2097 vs -6.2097)
2025-06-28 13:49:33,027 (simulate_adaptive_control:126) [DEBUG]: τ maintained at 10 (R^2 improvement not sufficient: -6.4621 vs -6.4621)
2025-06-28 13:49:33,032 (simulate_adaptive_control:126) [DEBUG]: τ maintained at 10 (R^2 improvement not sufficient: -6.9561 vs -6.9561)
2025-06-28 13:49:33,033 (simulate_adaptive_control:428) [INFO]: Step 200/10000, Current τ: 10, R^2[10]: -6.9561
2025-06-28 13:49:33,037 (simulate_adaptive_control:126) [DEBUG]: τ maintained at 10 (R^2 improvement not sufficient: -7.3846 vs -7.3846)
2025-06-28 13:49:33,041 (simulate_adaptive_control:126) [DEBUG]: τ maintained at 10 (R^2 improvement not sufficient: -7.8121 vs -7.8121)
2025-06-28 13:49:33,046 (simulate_adaptive_control:126) [DEBUG]: τ maintained at 10 (R^2 improvement not sufficient: -8.2393 vs -8.2393)
2025-06-28 13:49:33,050 (simulate_adaptive_control:126) [DEBUG]: τ maintained at 10 (R^2 improvement not sufficient: -8.6159 vs -8.6159)
2025-06-28 13:49:33,055 (simulate_adaptive_control:126) [DEBUG]: τ maintained at 10 (R^2 improvement not sufficient: -8.9908 vs -8.9908)
2025-06-28 13:49:33,059 (simulate_adaptive_control:126) [DEBUG]: τ maintained at 10 (R^2 improvement not sufficient: -9.4858 vs -9.4858)
2025-06-28 13:49:33,064 (simulate_adaptive_control:126) [DEBUG]: τ maintained at 10 (R^2 improvement not sufficient: -9.9838 vs -9.9838)
2025-06-28 13:49:33,069 (simulate_adaptive_control:126) [DEBUG]: τ maintained at 10 (R^2 improvement not sufficient: -10.1689 vs -10.1689)
2025-06-28 13:49:33,074 (simulate_adaptive_control:126) [DEBUG]: τ maintained at 10 (R^2 improvement not sufficient: -10.1080 vs -10.1080)
2025-06-28 13:49:33,078 (simulate_adaptive_control:126) [DEBUG]: τ maintained at 10 (R^2 improvement not sufficient: -10.0044 vs -10.0044)
2025-06-28 13:49:33,083 (simulate_adaptive_control:126) [DEBUG]: τ maintained at 10 (R^2 improvement not sufficient: -9.9825 vs -9.9825)
2025-06-28 13:49:33,088 (simulate_adaptive_control:126) [DEBUG]: τ maintained at 10 (R^2 improvement not sufficient: -9.9752 vs -9.9752)
2025-06-28 13:49:33,093 (simulate_adaptive_control:123) [INFO]: τ changed from 10 to 9 (R^2 improved: -9.9679 -> -9.9292)
2025-06-28 13:49:33,098 (simulate_adaptive_control:126) [DEBUG]: τ maintained at 9 (R^2 improvement not sufficient: -9.7251 vs -9.7251)
2025-06-28 13:49:33,103 (simulate_adaptive_control:126) [DEBUG]: τ maintained at 9 (R^2 improvement not sufficient: -9.5933 vs -9.5933)
2025-06-28 13:49:33,107 (simulate_adaptive_control:126) [DEBUG]: τ maintained at 9 (R^2 improvement not sufficient: -9.5368 vs -9.5368)
2025-06-28 13:49:33,112 (simulate_adaptive_control:126) [DEBUG]: τ maintained at 9 (R^2 improvement not sufficient: -9.6563 vs -9.6563)
2025-06-28 13:49:33,117 (simulate_adaptive_control:126) [DEBUG]: τ maintained at 9 (R^2 improvement not sufficient: -9.8083 vs -9.8083)
2025-06-28 13:49:33,122 (simulate_adaptive_control:126) [DEBUG]: τ maintained at 9 (R^2 improvement not sufficient: -10.0337 vs -10.0337)
2025-06-28 13:49:33,126 (simulate_adaptive_control:126) [DEBUG]: τ maintained at 9 (R^2 improvement not sufficient: -10.3679 vs -10.3679)
2025-06-28 13:49:33,131 (simulate_adaptive_control:126) [DEBUG]: τ maintained at 9 (R^2 improvement not sufficient: -10.8546 vs -10.8546)
2025-06-28 13:49:33,135 (simulate_adaptive_control:126) [DEBUG]: τ maintained at 9 (R^2 improvement not sufficient: -11.5150 vs -11.5150)
2025-06-28 13:49:33,140 (simulate_adaptive_control:126) [DEBUG]: τ maintained at 9 (R^2 improvement not sufficient: -12.4746 vs -12.4746)
2025-06-28 13:49:33,145 (simulate_adaptive_control:126) [DEBUG]: τ maintained at 9 (R^2 improvement not sufficient: -13.7453 vs -13.7453)
2025-06-28 13:49:33,150 (simulate_adaptive_control:126) [DEBUG]: τ maintained at 9 (R^2 improvement not sufficient: -15.2351 vs -15.2351)
2025-06-28 13:49:33,154 (simulate_adaptive_control:126) [DEBUG]: τ maintained at 9 (R^2 improvement not sufficient: -16.7246 vs -16.7246)
2025-06-28 13:49:33,159 (simulate_adaptive_control:126) [DEBUG]: τ maintained at 9 (R^2 improvement not sufficient: -18.2469 vs -18.2469)
2025-06-28 13:49:33,164 (simulate_adaptive_control:126) [DEBUG]: τ maintained at 9 (R^2 improvement not sufficient: -19.8535 vs -19.8535)
2025-06-28 13:49:33,169 (simulate_adaptive_control:126) [DEBUG]: τ maintained at 9 (R^2 improvement not sufficient: -21.0163 vs -21.0163)
2025-06-28 13:49:33,173 (simulate_adaptive_control:126) [DEBUG]: τ maintained at 9 (R^2 improvement not sufficient: -21.8692 vs -21.8692)
2025-06-28 13:49:33,177 (simulate_adaptive_control:126) [DEBUG]: τ maintained at 9 (R^2 improvement not sufficient: -22.1691 vs -22.1691)
2025-06-28 13:49:33,182 (simulate_adaptive_control:126) [DEBUG]: τ maintained at 9 (R^2 improvement not sufficient: -22.2355 vs -22.2355)
2025-06-28 13:49:33,187 (simulate_adaptive_control:126) [DEBUG]: τ maintained at 9 (R^2 improvement not sufficient: -21.9827 vs -21.9827)
2025-06-28 13:49:33,191 (simulate_adaptive_control:126) [DEBUG]: τ maintained at 9 (R^2 improvement not sufficient: -21.5900 vs -21.5900)
2025-06-28 13:49:33,196 (simulate_adaptive_control:123) [INFO]: τ changed from 9 to 10 (R^2 improved: -21.2348 -> -20.9123)
2025-06-28 13:49:33,201 (simulate_adaptive_control:126) [DEBUG]: τ maintained at 10 (R^2 improvement not sufficient: -19.9119 vs -19.9119)
2025-06-28 13:49:33,205 (simulate_adaptive_control:126) [DEBUG]: τ maintained at 10 (R^2 improvement not sufficient: -19.0035 vs -19.0035)
2025-06-28 13:49:33,210 (simulate_adaptive_control:126) [DEBUG]: τ maintained at 10 (R^2 improvement not sufficient: -17.9851 vs -17.9851)
2025-06-28 13:49:33,215 (simulate_adaptive_control:126) [DEBUG]: τ maintained at 10 (R^2 improvement not sufficient: -16.7670 vs -16.7670)
2025-06-28 13:49:33,220 (simulate_adaptive_control:126) [DEBUG]: τ maintained at 10 (R^2 improvement not sufficient: -15.6154 vs -15.6154)
2025-06-28 13:49:33,225 (simulate_adaptive_control:126) [DEBUG]: τ maintained at 10 (R^2 improvement not sufficient: -14.9194 vs -14.9194)
2025-06-28 13:49:33,230 (simulate_adaptive_control:126) [DEBUG]: τ maintained at 10 (R^2 improvement not sufficient: -14.3177 vs -14.3177)
2025-06-28 13:49:33,235 (simulate_adaptive_control:126) [DEBUG]: τ maintained at 10 (R^2 improvement not sufficient: -14.2798 vs -14.2798)
2025-06-28 13:49:33,239 (simulate_adaptive_control:126) [DEBUG]: τ maintained at 10 (R^2 improvement not sufficient: -14.5542 vs -14.5542)
2025-06-28 13:49:33,244 (simulate_adaptive_control:123) [INFO]: τ changed from 10 to 9 (R^2 improved: -15.0838 -> -14.8614)
2025-06-28 13:49:33,248 (simulate_adaptive_control:126) [DEBUG]: τ maintained at 9 (R^2 improvement not sufficient: -15.5319 vs -15.5319)
2025-06-28 13:49:33,254 (simulate_adaptive_control:126) [DEBUG]: τ maintained at 9 (R^2 improvement not sufficient: -16.2335 vs -16.2335)
2025-06-28 13:49:33,258 (simulate_adaptive_control:126) [DEBUG]: τ maintained at 9 (R^2 improvement not sufficient: -16.8209 vs -16.8209)
2025-06-28 13:49:33,263 (simulate_adaptive_control:123) [INFO]: τ changed from 9 to 10 (R^2 improved: -17.9990 -> -17.9179)
2025-06-28 13:49:33,268 (simulate_adaptive_control:126) [DEBUG]: τ maintained at 10 (R^2 improvement not sufficient: -18.7417 vs -18.7417)
2025-06-28 13:49:33,272 (simulate_adaptive_control:126) [DEBUG]: τ maintained at 10 (R^2 improvement not sufficient: -19.0409 vs -19.0409)
2025-06-28 13:49:33,278 (simulate_adaptive_control:126) [DEBUG]: τ maintained at 10 (R^2 improvement not sufficient: -18.8743 vs -18.8743)
2025-06-28 13:49:33,283 (simulate_adaptive_control:126) [DEBUG]: τ maintained at 10 (R^2 improvement not sufficient: -18.4128 vs -18.4128)
2025-06-28 13:49:33,287 (simulate_adaptive_control:126) [DEBUG]: τ maintained at 10 (R^2 improvement not sufficient: -17.7350 vs -17.7350)
2025-06-28 13:49:33,292 (simulate_adaptive_control:126) [DEBUG]: τ maintained at 10 (R^2 improvement not sufficient: -16.8666 vs -16.8666)
2025-06-28 13:49:33,297 (simulate_adaptive_control:126) [DEBUG]: τ maintained at 10 (R^2 improvement not sufficient: -15.9575 vs -15.9575)
2025-06-28 13:49:33,302 (simulate_adaptive_control:126) [DEBUG]: τ maintained at 10 (R^2 improvement not sufficient: -14.7670 vs -14.7670)
2025-06-28 13:49:33,307 (simulate_adaptive_control:126) [DEBUG]: τ maintained at 10 (R^2 improvement not sufficient: -14.1620 vs -14.1620)
2025-06-28 13:49:33,312 (simulate_adaptive_control:126) [DEBUG]: τ maintained at 10 (R^2 improvement not sufficient: -13.7546 vs -13.7546)
2025-06-28 13:49:33,317 (simulate_adaptive_control:126) [DEBUG]: τ maintained at 10 (R^2 improvement not sufficient: -13.4637 vs -13.4637)
2025-06-28 13:49:33,322 (simulate_adaptive_control:126) [DEBUG]: τ maintained at 10 (R^2 improvement not sufficient: -13.3302 vs -13.3302)
2025-06-28 13:49:33,327 (simulate_adaptive_control:126) [DEBUG]: τ maintained at 10 (R^2 improvement not sufficient: -13.1476 vs -13.1476)
2025-06-28 13:49:33,332 (simulate_adaptive_control:126) [DEBUG]: τ maintained at 10 (R^2 improvement not sufficient: -13.1279 vs -13.1279)
2025-06-28 13:49:33,337 (simulate_adaptive_control:126) [DEBUG]: τ maintained at 10 (R^2 improvement not sufficient: -13.5512 vs -13.5512)
2025-06-28 13:49:33,341 (simulate_adaptive_control:126) [DEBUG]: τ maintained at 10 (R^2 improvement not sufficient: -13.7787 vs -13.7787)
2025-06-28 13:49:33,346 (simulate_adaptive_control:126) [DEBUG]: τ maintained at 10 (R^2 improvement not sufficient: -14.0691 vs -14.0691)
2025-06-28 13:49:33,350 (simulate_adaptive_control:126) [DEBUG]: τ maintained at 10 (R^2 improvement not sufficient: -14.3357 vs -14.3357)
2025-06-28 13:49:33,356 (simulate_adaptive_control:126) [DEBUG]: τ maintained at 10 (R^2 improvement not sufficient: -14.4628 vs -14.4628)
2025-06-28 13:49:33,360 (simulate_adaptive_control:126) [DEBUG]: τ maintained at 10 (R^2 improvement not sufficient: -14.7336 vs -14.7336)
2025-06-28 13:49:33,365 (simulate_adaptive_control:126) [DEBUG]: τ maintained at 10 (R^2 improvement not sufficient: -14.6552 vs -14.6552)
2025-06-28 13:49:33,370 (simulate_adaptive_control:126) [DEBUG]: τ maintained at 10 (R^2 improvement not sufficient: -14.6453 vs -14.6453)
2025-06-28 13:49:33,375 (simulate_adaptive_control:126) [DEBUG]: τ maintained at 10 (R^2 improvement not sufficient: -14.3950 vs -14.3950)
2025-06-28 13:49:33,380 (simulate_adaptive_control:126) [DEBUG]: τ maintained at 10 (R^2 improvement not sufficient: -14.4022 vs -14.4022)
2025-06-28 13:49:33,385 (simulate_adaptive_control:126) [DEBUG]: τ maintained at 10 (R^2 improvement not sufficient: -14.3836 vs -14.3836)
2025-06-28 13:49:33,389 (simulate_adaptive_control:126) [DEBUG]: τ maintained at 10 (R^2 improvement not sufficient: -14.5031 vs -14.5031)
2025-06-28 13:49:33,394 (simulate_adaptive_control:126) [DEBUG]: τ maintained at 10 (R^2 improvement not sufficient: -14.4782 vs -14.4782)
2025-06-28 13:49:33,398 (simulate_adaptive_control:126) [DEBUG]: τ maintained at 10 (R^2 improvement not sufficient: -14.2467 vs -14.2467)
2025-06-28 13:49:33,403 (simulate_adaptive_control:126) [DEBUG]: τ maintained at 10 (R^2 improvement not sufficient: -13.7130 vs -13.7130)
2025-06-28 13:49:33,407 (simulate_adaptive_control:126) [DEBUG]: τ maintained at 10 (R^2 improvement not sufficient: -13.3023 vs -13.3023)
2025-06-28 13:49:33,412 (simulate_adaptive_control:126) [DEBUG]: τ maintained at 10 (R^2 improvement not sufficient: -12.9700 vs -12.9700)
2025-06-28 13:49:33,417 (simulate_adaptive_control:126) [DEBUG]: τ maintained at 10 (R^2 improvement not sufficient: -12.7488 vs -12.7488)
2025-06-28 13:49:33,422 (simulate_adaptive_control:126) [DEBUG]: τ maintained at 10 (R^2 improvement not sufficient: -12.6629 vs -12.6629)
2025-06-28 13:49:33,427 (simulate_adaptive_control:126) [DEBUG]: τ maintained at 10 (R^2 improvement not sufficient: -12.6634 vs -12.6634)
2025-06-28 13:49:33,432 (simulate_adaptive_control:126) [DEBUG]: τ maintained at 10 (R^2 improvement not sufficient: -12.6559 vs -12.6559)
2025-06-28 13:49:33,437 (simulate_adaptive_control:126) [DEBUG]: τ maintained at 10 (R^2 improvement not sufficient: -12.6216 vs -12.6216)
2025-06-28 13:49:33,441 (simulate_adaptive_control:126) [DEBUG]: τ maintained at 10 (R^2 improvement not sufficient: -12.5691 vs -12.5691)
2025-06-28 13:49:33,446 (simulate_adaptive_control:126) [DEBUG]: τ maintained at 10 (R^2 improvement not sufficient: -12.2622 vs -12.2622)
2025-06-28 13:49:33,450 (simulate_adaptive_control:126) [DEBUG]: τ maintained at 10 (R^2 improvement not sufficient: -12.1400 vs -12.1400)
2025-06-28 13:49:33,455 (simulate_adaptive_control:126) [DEBUG]: τ maintained at 10 (R^2 improvement not sufficient: -12.1198 vs -12.1198)
2025-06-28 13:49:33,460 (simulate_adaptive_control:126) [DEBUG]: τ maintained at 10 (R^2 improvement not sufficient: -12.0836 vs -12.0836)
2025-06-28 13:49:33,461 (simulate_adaptive_control:271) [INFO]: End of reference trajectory (or look-ahead range) reached. Stopping simulation.
2025-06-28 13:49:33,461 (simulate_adaptive_control:430) [INFO]: Simulation finished.
2025-06-28 13:49:33,480 (simulate_adaptive_control:437) [INFO]: Simulation results saved to data/simulate_adaptive_control/adaptive_simulation/20250628T134932/adaptive_simulation_results.csv
