2025-06-28 13:53:26,602 (event_logging:164) [DEBUG]: Start event logging
2025-06-28 13:53:26,603 (event_logging:165) [DEBUG]: Logger name: __main__
2025-06-28 13:53:26,603 (event_logging:166) [DEBUG]: Log filename: data/simulate_adaptive_control/adaptive_simulation/20250628T135326/simulate_adaptive_control.log
2025-06-28 13:53:26,603 (event_logging:168) [DEBUG]: Command: python apps/simulate_adaptive_control.py data/trained_model/train_adaptive/20250628T132820/trained_model.joblib -r tests/data/motion_data_000.csv -c apps/config/adaptive_model.toml --active-joints 5 --max-steps 10000
2025-06-28 13:53:26,604 (data_handling:162) [DEBUG]: Directory created: data/simulate_adaptive_control/adaptive_simulation/20250628T135326/config
2025-06-28 13:53:26,613 (data_handling:180) [DEBUG]: Model config copied: None -> data/simulate_adaptive_control/adaptive_simulation/20250628T135326/config
2025-06-28 13:53:26,614 (simulate_adaptive_control:229) [INFO]: config: apps/config/adaptive_model.toml
2025-06-28 13:53:26,614 (simulate_adaptive_control:230) [INFO]: output: data/simulate_adaptive_control/adaptive_simulation/20250628T135326
2025-06-28 13:53:26,614 (simulate_adaptive_control:231) [INFO]: N_max: 10, Active Joints: [5]
2025-06-28 13:53:26,614 (simulate_adaptive_control:235) [INFO]: Loading trained model from data/trained_model/train_adaptive/20250628T132820/trained_model.joblib
2025-06-28 13:53:26,628 (simulate_adaptive_control:239) [INFO]: Loading reference trajectory from tests/data/motion_data_000.csv
2025-06-28 13:53:26,647 (simulate_adaptive_control:242) [INFO]: Reference trajectory loaded with 301 steps.
2025-06-28 13:53:26,647 (simulate_adaptive_control:62) [INFO]: AdaptiveController initialized with N_min=9, N_max=10, initial_tau=1
2025-06-28 13:53:26,652 (simulate_adaptive_control:264) [INFO]: Starting simulation...
2025-06-28 13:53:26,656 (simulate_adaptive_control:110) [DEBUG]: No sufficient R^2 data for any tau. Maintaining current tau: 1
2025-06-28 13:53:26,657 (simulate_adaptive_control:428) [INFO]: Step 0/10000, Current τ: 1, R^2[1]: -inf
2025-06-28 13:53:26,661 (simulate_adaptive_control:123) [INFO]: τ changed from 1 to 10 (R^2 improved: -inf -> -0.4638)
2025-06-28 13:53:26,665 (simulate_adaptive_control:126) [DEBUG]: τ maintained at 10 (R^2 improvement not sufficient: -0.1948 vs -0.1948)
2025-06-28 13:53:26,670 (simulate_adaptive_control:126) [DEBUG]: τ maintained at 10 (R^2 improvement not sufficient: 0.0112 vs 0.0112)
2025-06-28 13:53:26,674 (simulate_adaptive_control:126) [DEBUG]: τ maintained at 10 (R^2 improvement not sufficient: 0.2017 vs 0.2017)
2025-06-28 13:53:26,679 (simulate_adaptive_control:126) [DEBUG]: τ maintained at 10 (R^2 improvement not sufficient: 0.0968 vs 0.0968)
2025-06-28 13:53:26,684 (simulate_adaptive_control:126) [DEBUG]: τ maintained at 10 (R^2 improvement not sufficient: 0.1022 vs 0.1022)
2025-06-28 13:53:26,688 (simulate_adaptive_control:126) [DEBUG]: τ maintained at 10 (R^2 improvement not sufficient: 0.0065 vs 0.0065)
2025-06-28 13:53:26,693 (simulate_adaptive_control:126) [DEBUG]: τ maintained at 10 (R^2 improvement not sufficient: 0.0004 vs 0.0004)
2025-06-28 13:53:26,698 (simulate_adaptive_control:126) [DEBUG]: τ maintained at 10 (R^2 improvement not sufficient: 0.1084 vs 0.1084)
2025-06-28 13:53:26,702 (simulate_adaptive_control:126) [DEBUG]: τ maintained at 10 (R^2 improvement not sufficient: 0.1368 vs 0.1368)
2025-06-28 13:53:26,708 (simulate_adaptive_control:126) [DEBUG]: τ maintained at 10 (R^2 improvement not sufficient: 0.1702 vs 0.1702)
2025-06-28 13:53:26,713 (simulate_adaptive_control:126) [DEBUG]: τ maintained at 10 (R^2 improvement not sufficient: 0.1651 vs 0.1651)
2025-06-28 13:53:26,717 (simulate_adaptive_control:126) [DEBUG]: τ maintained at 10 (R^2 improvement not sufficient: 0.0690 vs 0.0690)
2025-06-28 13:53:26,722 (simulate_adaptive_control:126) [DEBUG]: τ maintained at 10 (R^2 improvement not sufficient: 0.0539 vs 0.0539)
2025-06-28 13:53:26,727 (simulate_adaptive_control:126) [DEBUG]: τ maintained at 10 (R^2 improvement not sufficient: 0.0506 vs 0.0506)
2025-06-28 13:53:26,731 (simulate_adaptive_control:126) [DEBUG]: τ maintained at 10 (R^2 improvement not sufficient: 0.0457 vs 0.0457)
2025-06-28 13:53:26,736 (simulate_adaptive_control:126) [DEBUG]: τ maintained at 10 (R^2 improvement not sufficient: 0.0436 vs 0.0436)
2025-06-28 13:53:26,740 (simulate_adaptive_control:126) [DEBUG]: τ maintained at 10 (R^2 improvement not sufficient: -0.1734 vs -0.1734)
2025-06-28 13:53:26,744 (simulate_adaptive_control:126) [DEBUG]: τ maintained at 10 (R^2 improvement not sufficient: -0.1798 vs -0.1798)
2025-06-28 13:53:26,749 (simulate_adaptive_control:126) [DEBUG]: τ maintained at 10 (R^2 improvement not sufficient: -0.3232 vs -0.3232)
2025-06-28 13:53:26,754 (simulate_adaptive_control:126) [DEBUG]: τ maintained at 10 (R^2 improvement not sufficient: -0.3861 vs -0.3861)
2025-06-28 13:53:26,758 (simulate_adaptive_control:126) [DEBUG]: τ maintained at 10 (R^2 improvement not sufficient: -0.6239 vs -0.6239)
2025-06-28 13:53:26,763 (simulate_adaptive_control:123) [INFO]: τ changed from 10 to 9 (R^2 improved: -0.9064 -> -0.8958)
2025-06-28 13:53:26,767 (simulate_adaptive_control:123) [INFO]: τ changed from 9 to 10 (R^2 improved: -1.0829 -> -0.9356)
2025-06-28 13:53:26,772 (simulate_adaptive_control:126) [DEBUG]: τ maintained at 10 (R^2 improvement not sufficient: -0.9651 vs -0.9651)
2025-06-28 13:53:26,777 (simulate_adaptive_control:126) [DEBUG]: τ maintained at 10 (R^2 improvement not sufficient: -0.9897 vs -0.9897)
2025-06-28 13:53:26,781 (simulate_adaptive_control:126) [DEBUG]: τ maintained at 10 (R^2 improvement not sufficient: -0.9892 vs -0.9892)
2025-06-28 13:53:26,786 (simulate_adaptive_control:126) [DEBUG]: τ maintained at 10 (R^2 improvement not sufficient: -0.9937 vs -0.9937)
2025-06-28 13:53:26,791 (simulate_adaptive_control:126) [DEBUG]: τ maintained at 10 (R^2 improvement not sufficient: -1.0169 vs -1.0169)
2025-06-28 13:53:26,796 (simulate_adaptive_control:126) [DEBUG]: τ maintained at 10 (R^2 improvement not sufficient: -1.0493 vs -1.0493)
2025-06-28 13:53:26,801 (simulate_adaptive_control:126) [DEBUG]: τ maintained at 10 (R^2 improvement not sufficient: -1.1114 vs -1.1114)
2025-06-28 13:53:26,806 (simulate_adaptive_control:126) [DEBUG]: τ maintained at 10 (R^2 improvement not sufficient: -1.1004 vs -1.1004)
2025-06-28 13:53:26,810 (simulate_adaptive_control:126) [DEBUG]: τ maintained at 10 (R^2 improvement not sufficient: -1.1092 vs -1.1092)
2025-06-28 13:53:26,816 (simulate_adaptive_control:126) [DEBUG]: τ maintained at 10 (R^2 improvement not sufficient: -1.0832 vs -1.0832)
2025-06-28 13:53:26,820 (simulate_adaptive_control:126) [DEBUG]: τ maintained at 10 (R^2 improvement not sufficient: -1.0535 vs -1.0535)
2025-06-28 13:53:26,825 (simulate_adaptive_control:126) [DEBUG]: τ maintained at 10 (R^2 improvement not sufficient: -1.0856 vs -1.0856)
2025-06-28 13:53:26,829 (simulate_adaptive_control:126) [DEBUG]: τ maintained at 10 (R^2 improvement not sufficient: -1.0721 vs -1.0721)
2025-06-28 13:53:26,834 (simulate_adaptive_control:126) [DEBUG]: τ maintained at 10 (R^2 improvement not sufficient: -1.0366 vs -1.0366)
2025-06-28 13:53:26,839 (simulate_adaptive_control:126) [DEBUG]: τ maintained at 10 (R^2 improvement not sufficient: -0.9966 vs -0.9966)
2025-06-28 13:53:26,844 (simulate_adaptive_control:126) [DEBUG]: τ maintained at 10 (R^2 improvement not sufficient: -0.9901 vs -0.9901)
2025-06-28 13:53:26,849 (simulate_adaptive_control:126) [DEBUG]: τ maintained at 10 (R^2 improvement not sufficient: -1.0132 vs -1.0132)
2025-06-28 13:53:26,854 (simulate_adaptive_control:126) [DEBUG]: τ maintained at 10 (R^2 improvement not sufficient: -0.9747 vs -0.9747)
2025-06-28 13:53:26,859 (simulate_adaptive_control:126) [DEBUG]: τ maintained at 10 (R^2 improvement not sufficient: -1.0876 vs -1.0876)
2025-06-28 13:53:26,864 (simulate_adaptive_control:126) [DEBUG]: τ maintained at 10 (R^2 improvement not sufficient: -1.0871 vs -1.0871)
2025-06-28 13:53:26,868 (simulate_adaptive_control:126) [DEBUG]: τ maintained at 10 (R^2 improvement not sufficient: -1.0777 vs -1.0777)
2025-06-28 13:53:26,873 (simulate_adaptive_control:126) [DEBUG]: τ maintained at 10 (R^2 improvement not sufficient: -1.0954 vs -1.0954)
2025-06-28 13:53:26,877 (simulate_adaptive_control:123) [INFO]: τ changed from 10 to 9 (R^2 improved: -1.2711 -> -1.1960)
2025-06-28 13:53:26,882 (simulate_adaptive_control:126) [DEBUG]: τ maintained at 9 (R^2 improvement not sufficient: -1.1857 vs -1.1857)
2025-06-28 13:53:26,887 (simulate_adaptive_control:126) [DEBUG]: τ maintained at 9 (R^2 improvement not sufficient: -1.1803 vs -1.1803)
2025-06-28 13:53:26,892 (simulate_adaptive_control:126) [DEBUG]: τ maintained at 9 (R^2 improvement not sufficient: -1.2027 vs -1.2027)
2025-06-28 13:53:26,897 (simulate_adaptive_control:126) [DEBUG]: τ maintained at 9 (R^2 improvement not sufficient: -1.3327 vs -1.3327)
2025-06-28 13:53:26,901 (simulate_adaptive_control:126) [DEBUG]: τ maintained at 9 (R^2 improvement not sufficient: -1.4357 vs -1.4357)
2025-06-28 13:53:26,906 (simulate_adaptive_control:126) [DEBUG]: τ maintained at 9 (R^2 improvement not sufficient: -1.5248 vs -1.5248)
2025-06-28 13:53:26,911 (simulate_adaptive_control:126) [DEBUG]: τ maintained at 9 (R^2 improvement not sufficient: -1.6072 vs -1.6072)
2025-06-28 13:53:26,915 (simulate_adaptive_control:126) [DEBUG]: τ maintained at 9 (R^2 improvement not sufficient: -1.6789 vs -1.6789)
2025-06-28 13:53:26,920 (simulate_adaptive_control:126) [DEBUG]: τ maintained at 9 (R^2 improvement not sufficient: -1.7287 vs -1.7287)
2025-06-28 13:53:26,925 (simulate_adaptive_control:126) [DEBUG]: τ maintained at 9 (R^2 improvement not sufficient: -1.7375 vs -1.7375)
2025-06-28 13:53:26,930 (simulate_adaptive_control:126) [DEBUG]: τ maintained at 9 (R^2 improvement not sufficient: -1.7476 vs -1.7476)
2025-06-28 13:53:26,935 (simulate_adaptive_control:126) [DEBUG]: τ maintained at 9 (R^2 improvement not sufficient: -1.7965 vs -1.7965)
2025-06-28 13:53:26,940 (simulate_adaptive_control:126) [DEBUG]: τ maintained at 9 (R^2 improvement not sufficient: -1.7956 vs -1.7956)
2025-06-28 13:53:26,945 (simulate_adaptive_control:126) [DEBUG]: τ maintained at 9 (R^2 improvement not sufficient: -1.7535 vs -1.7535)
2025-06-28 13:53:26,950 (simulate_adaptive_control:126) [DEBUG]: τ maintained at 9 (R^2 improvement not sufficient: -1.6913 vs -1.6913)
2025-06-28 13:53:26,955 (simulate_adaptive_control:126) [DEBUG]: τ maintained at 9 (R^2 improvement not sufficient: -1.6257 vs -1.6257)
2025-06-28 13:53:26,959 (simulate_adaptive_control:126) [DEBUG]: τ maintained at 9 (R^2 improvement not sufficient: -1.5582 vs -1.5582)
2025-06-28 13:53:26,964 (simulate_adaptive_control:126) [DEBUG]: τ maintained at 9 (R^2 improvement not sufficient: -1.6547 vs -1.6547)
2025-06-28 13:53:26,969 (simulate_adaptive_control:126) [DEBUG]: τ maintained at 9 (R^2 improvement not sufficient: -2.0012 vs -2.0012)
2025-06-28 13:53:26,974 (simulate_adaptive_control:126) [DEBUG]: τ maintained at 9 (R^2 improvement not sufficient: -2.0046 vs -2.0046)
2025-06-28 13:53:26,979 (simulate_adaptive_control:126) [DEBUG]: τ maintained at 9 (R^2 improvement not sufficient: -2.1216 vs -2.1216)
2025-06-28 13:53:26,983 (simulate_adaptive_control:126) [DEBUG]: τ maintained at 9 (R^2 improvement not sufficient: -2.2979 vs -2.2979)
2025-06-28 13:53:26,988 (simulate_adaptive_control:126) [DEBUG]: τ maintained at 9 (R^2 improvement not sufficient: -2.3622 vs -2.3622)
2025-06-28 13:53:26,993 (simulate_adaptive_control:126) [DEBUG]: τ maintained at 9 (R^2 improvement not sufficient: -2.4480 vs -2.4480)
2025-06-28 13:53:26,998 (simulate_adaptive_control:126) [DEBUG]: τ maintained at 9 (R^2 improvement not sufficient: -2.4811 vs -2.4811)
2025-06-28 13:53:27,002 (simulate_adaptive_control:126) [DEBUG]: τ maintained at 9 (R^2 improvement not sufficient: -2.4832 vs -2.4832)
2025-06-28 13:53:27,006 (simulate_adaptive_control:126) [DEBUG]: τ maintained at 9 (R^2 improvement not sufficient: -2.4986 vs -2.4986)
2025-06-28 13:53:27,011 (simulate_adaptive_control:126) [DEBUG]: τ maintained at 9 (R^2 improvement not sufficient: -2.5631 vs -2.5631)
2025-06-28 13:53:27,016 (simulate_adaptive_control:126) [DEBUG]: τ maintained at 9 (R^2 improvement not sufficient: -2.6438 vs -2.6438)
2025-06-28 13:53:27,022 (simulate_adaptive_control:126) [DEBUG]: τ maintained at 9 (R^2 improvement not sufficient: -2.6891 vs -2.6891)
2025-06-28 13:53:27,027 (simulate_adaptive_control:126) [DEBUG]: τ maintained at 9 (R^2 improvement not sufficient: -2.7228 vs -2.7228)
2025-06-28 13:53:27,031 (simulate_adaptive_control:126) [DEBUG]: τ maintained at 9 (R^2 improvement not sufficient: -2.7538 vs -2.7538)
2025-06-28 13:53:27,036 (simulate_adaptive_control:126) [DEBUG]: τ maintained at 9 (R^2 improvement not sufficient: -2.7417 vs -2.7417)
2025-06-28 13:53:27,040 (simulate_adaptive_control:126) [DEBUG]: τ maintained at 9 (R^2 improvement not sufficient: -2.7340 vs -2.7340)
2025-06-28 13:53:27,045 (simulate_adaptive_control:126) [DEBUG]: τ maintained at 9 (R^2 improvement not sufficient: -2.7314 vs -2.7314)
2025-06-28 13:53:27,049 (simulate_adaptive_control:126) [DEBUG]: τ maintained at 9 (R^2 improvement not sufficient: -2.7260 vs -2.7260)
2025-06-28 13:53:27,054 (simulate_adaptive_control:126) [DEBUG]: τ maintained at 9 (R^2 improvement not sufficient: -2.7411 vs -2.7411)
2025-06-28 13:53:27,059 (simulate_adaptive_control:126) [DEBUG]: τ maintained at 9 (R^2 improvement not sufficient: -2.7439 vs -2.7439)
2025-06-28 13:53:27,063 (simulate_adaptive_control:126) [DEBUG]: τ maintained at 9 (R^2 improvement not sufficient: -2.7913 vs -2.7913)
2025-06-28 13:53:27,068 (simulate_adaptive_control:126) [DEBUG]: τ maintained at 9 (R^2 improvement not sufficient: -2.8139 vs -2.8139)
2025-06-28 13:53:27,073 (simulate_adaptive_control:126) [DEBUG]: τ maintained at 9 (R^2 improvement not sufficient: -2.8943 vs -2.8943)
2025-06-28 13:53:27,078 (simulate_adaptive_control:126) [DEBUG]: τ maintained at 9 (R^2 improvement not sufficient: -2.9145 vs -2.9101)
2025-06-28 13:53:27,083 (simulate_adaptive_control:126) [DEBUG]: τ maintained at 9 (R^2 improvement not sufficient: -2.9149 vs -2.9100)
2025-06-28 13:53:27,088 (simulate_adaptive_control:123) [INFO]: τ changed from 9 to 10 (R^2 improved: -2.9407 -> -2.9292)
2025-06-28 13:53:27,092 (simulate_adaptive_control:126) [DEBUG]: τ maintained at 10 (R^2 improvement not sufficient: -2.9289 vs -2.9289)
2025-06-28 13:53:27,097 (simulate_adaptive_control:126) [DEBUG]: τ maintained at 10 (R^2 improvement not sufficient: -2.9522 vs -2.9522)
2025-06-28 13:53:27,103 (simulate_adaptive_control:126) [DEBUG]: τ maintained at 10 (R^2 improvement not sufficient: -2.9510 vs -2.9510)
2025-06-28 13:53:27,107 (simulate_adaptive_control:123) [INFO]: τ changed from 10 to 9 (R^2 improved: -3.0078 -> -2.9911)
2025-06-28 13:53:27,112 (simulate_adaptive_control:126) [DEBUG]: τ maintained at 9 (R^2 improvement not sufficient: -2.9885 vs -2.9885)
2025-06-28 13:53:27,117 (simulate_adaptive_control:126) [DEBUG]: τ maintained at 9 (R^2 improvement not sufficient: -2.9841 vs -2.9841)
2025-06-28 13:53:27,122 (simulate_adaptive_control:126) [DEBUG]: τ maintained at 9 (R^2 improvement not sufficient: -2.9767 vs -2.9767)
2025-06-28 13:53:27,127 (simulate_adaptive_control:126) [DEBUG]: τ maintained at 9 (R^2 improvement not sufficient: -2.9736 vs -2.9736)
2025-06-28 13:53:27,132 (simulate_adaptive_control:126) [DEBUG]: τ maintained at 9 (R^2 improvement not sufficient: -2.9701 vs -2.9701)
2025-06-28 13:53:27,133 (simulate_adaptive_control:428) [INFO]: Step 100/10000, Current τ: 9, R^2[9]: -2.9701
2025-06-28 13:53:27,137 (simulate_adaptive_control:126) [DEBUG]: τ maintained at 9 (R^2 improvement not sufficient: -3.0531 vs -3.0531)
2025-06-28 13:53:27,142 (simulate_adaptive_control:126) [DEBUG]: τ maintained at 9 (R^2 improvement not sufficient: -3.1829 vs -3.1829)
2025-06-28 13:53:27,147 (simulate_adaptive_control:126) [DEBUG]: τ maintained at 9 (R^2 improvement not sufficient: -3.2838 vs -3.2838)
2025-06-28 13:53:27,152 (simulate_adaptive_control:126) [DEBUG]: τ maintained at 9 (R^2 improvement not sufficient: -3.4386 vs -3.4386)
2025-06-28 13:53:27,157 (simulate_adaptive_control:126) [DEBUG]: τ maintained at 9 (R^2 improvement not sufficient: -3.5434 vs -3.5434)
2025-06-28 13:53:27,162 (simulate_adaptive_control:126) [DEBUG]: τ maintained at 9 (R^2 improvement not sufficient: -3.5680 vs -3.5680)
2025-06-28 13:53:27,167 (simulate_adaptive_control:126) [DEBUG]: τ maintained at 9 (R^2 improvement not sufficient: -3.8580 vs -3.8580)
2025-06-28 13:53:27,171 (simulate_adaptive_control:126) [DEBUG]: τ maintained at 9 (R^2 improvement not sufficient: -4.3372 vs -4.3372)
2025-06-28 13:53:27,176 (simulate_adaptive_control:126) [DEBUG]: τ maintained at 9 (R^2 improvement not sufficient: -5.0201 vs -5.0201)
2025-06-28 13:53:27,181 (simulate_adaptive_control:126) [DEBUG]: τ maintained at 9 (R^2 improvement not sufficient: -5.7296 vs -5.7296)
2025-06-28 13:53:27,186 (simulate_adaptive_control:126) [DEBUG]: τ maintained at 9 (R^2 improvement not sufficient: -6.4869 vs -6.4869)
2025-06-28 13:53:27,190 (simulate_adaptive_control:123) [INFO]: τ changed from 9 to 10 (R^2 improved: -7.2614 -> -6.8441)
2025-06-28 13:53:27,196 (simulate_adaptive_control:126) [DEBUG]: τ maintained at 10 (R^2 improvement not sufficient: -6.8872 vs -6.8872)
2025-06-28 13:53:27,200 (simulate_adaptive_control:126) [DEBUG]: τ maintained at 10 (R^2 improvement not sufficient: -6.9790 vs -6.9790)
2025-06-28 13:53:27,205 (simulate_adaptive_control:126) [DEBUG]: τ maintained at 10 (R^2 improvement not sufficient: -7.0985 vs -7.0985)
2025-06-28 13:53:27,210 (simulate_adaptive_control:126) [DEBUG]: τ maintained at 10 (R^2 improvement not sufficient: -7.1202 vs -7.1202)
2025-06-28 13:53:27,214 (simulate_adaptive_control:126) [DEBUG]: τ maintained at 10 (R^2 improvement not sufficient: -6.9836 vs -6.9836)
2025-06-28 13:53:27,219 (simulate_adaptive_control:126) [DEBUG]: τ maintained at 10 (R^2 improvement not sufficient: -6.5870 vs -6.5870)
2025-06-28 13:53:27,223 (simulate_adaptive_control:126) [DEBUG]: τ maintained at 10 (R^2 improvement not sufficient: -6.3662 vs -6.3662)
2025-06-28 13:53:27,228 (simulate_adaptive_control:126) [DEBUG]: τ maintained at 10 (R^2 improvement not sufficient: -5.9304 vs -5.9304)
2025-06-28 13:53:27,232 (simulate_adaptive_control:126) [DEBUG]: τ maintained at 10 (R^2 improvement not sufficient: -5.5202 vs -5.5202)
2025-06-28 13:53:27,237 (simulate_adaptive_control:126) [DEBUG]: τ maintained at 10 (R^2 improvement not sufficient: -4.9362 vs -4.9362)
2025-06-28 13:53:27,243 (simulate_adaptive_control:126) [DEBUG]: τ maintained at 10 (R^2 improvement not sufficient: -4.3969 vs -4.3969)
2025-06-28 13:53:27,248 (simulate_adaptive_control:126) [DEBUG]: τ maintained at 10 (R^2 improvement not sufficient: -4.1286 vs -4.1286)
2025-06-28 13:53:27,253 (simulate_adaptive_control:126) [DEBUG]: τ maintained at 10 (R^2 improvement not sufficient: -3.8975 vs -3.8975)
2025-06-28 13:53:27,258 (simulate_adaptive_control:126) [DEBUG]: τ maintained at 10 (R^2 improvement not sufficient: -3.6808 vs -3.6808)
2025-06-28 13:53:27,262 (simulate_adaptive_control:126) [DEBUG]: τ maintained at 10 (R^2 improvement not sufficient: -3.5244 vs -3.5244)
2025-06-28 13:53:27,267 (simulate_adaptive_control:126) [DEBUG]: τ maintained at 10 (R^2 improvement not sufficient: -3.4421 vs -3.4421)
2025-06-28 13:53:27,272 (simulate_adaptive_control:126) [DEBUG]: τ maintained at 10 (R^2 improvement not sufficient: -3.4005 vs -3.4005)
2025-06-28 13:53:27,276 (simulate_adaptive_control:126) [DEBUG]: τ maintained at 10 (R^2 improvement not sufficient: -3.3706 vs -3.3706)
2025-06-28 13:53:27,281 (simulate_adaptive_control:126) [DEBUG]: τ maintained at 10 (R^2 improvement not sufficient: -3.4632 vs -3.4632)
2025-06-28 13:53:27,286 (simulate_adaptive_control:126) [DEBUG]: τ maintained at 10 (R^2 improvement not sufficient: -3.5003 vs -3.5003)
2025-06-28 13:53:27,291 (simulate_adaptive_control:126) [DEBUG]: τ maintained at 10 (R^2 improvement not sufficient: -3.5208 vs -3.5208)
2025-06-28 13:53:27,295 (simulate_adaptive_control:126) [DEBUG]: τ maintained at 10 (R^2 improvement not sufficient: -3.5796 vs -3.5796)
2025-06-28 13:53:27,300 (simulate_adaptive_control:126) [DEBUG]: τ maintained at 10 (R^2 improvement not sufficient: -3.8132 vs -3.8132)
2025-06-28 13:53:27,305 (simulate_adaptive_control:126) [DEBUG]: τ maintained at 10 (R^2 improvement not sufficient: -3.9634 vs -3.9634)
2025-06-28 13:53:27,310 (simulate_adaptive_control:126) [DEBUG]: τ maintained at 10 (R^2 improvement not sufficient: -4.0599 vs -4.0599)
2025-06-28 13:53:27,315 (simulate_adaptive_control:126) [DEBUG]: τ maintained at 10 (R^2 improvement not sufficient: -4.1841 vs -4.1841)
2025-06-28 13:53:27,320 (simulate_adaptive_control:126) [DEBUG]: τ maintained at 10 (R^2 improvement not sufficient: -4.4047 vs -4.4047)
2025-06-28 13:53:27,325 (simulate_adaptive_control:126) [DEBUG]: τ maintained at 10 (R^2 improvement not sufficient: -4.6207 vs -4.6207)
2025-06-28 13:53:27,329 (simulate_adaptive_control:126) [DEBUG]: τ maintained at 10 (R^2 improvement not sufficient: -4.6462 vs -4.6462)
2025-06-28 13:53:27,334 (simulate_adaptive_control:126) [DEBUG]: τ maintained at 10 (R^2 improvement not sufficient: -4.7665 vs -4.7665)
2025-06-28 13:53:27,338 (simulate_adaptive_control:126) [DEBUG]: τ maintained at 10 (R^2 improvement not sufficient: -4.6258 vs -4.6258)
2025-06-28 13:53:27,343 (simulate_adaptive_control:126) [DEBUG]: τ maintained at 10 (R^2 improvement not sufficient: -4.5487 vs -4.5487)
2025-06-28 13:53:27,347 (simulate_adaptive_control:126) [DEBUG]: τ maintained at 10 (R^2 improvement not sufficient: -4.4509 vs -4.4509)
2025-06-28 13:53:27,352 (simulate_adaptive_control:126) [DEBUG]: τ maintained at 10 (R^2 improvement not sufficient: -4.3462 vs -4.3462)
2025-06-28 13:53:27,356 (simulate_adaptive_control:126) [DEBUG]: τ maintained at 10 (R^2 improvement not sufficient: -4.1268 vs -4.1268)
2025-06-28 13:53:27,361 (simulate_adaptive_control:126) [DEBUG]: τ maintained at 10 (R^2 improvement not sufficient: -4.1519 vs -4.1519)
2025-06-28 13:53:27,366 (simulate_adaptive_control:126) [DEBUG]: τ maintained at 10 (R^2 improvement not sufficient: -3.9751 vs -3.9751)
2025-06-28 13:53:27,371 (simulate_adaptive_control:126) [DEBUG]: τ maintained at 10 (R^2 improvement not sufficient: -3.8176 vs -3.8176)
2025-06-28 13:53:27,376 (simulate_adaptive_control:126) [DEBUG]: τ maintained at 10 (R^2 improvement not sufficient: -3.6724 vs -3.6724)
2025-06-28 13:53:27,381 (simulate_adaptive_control:126) [DEBUG]: τ maintained at 10 (R^2 improvement not sufficient: -3.5525 vs -3.5525)
2025-06-28 13:53:27,386 (simulate_adaptive_control:126) [DEBUG]: τ maintained at 10 (R^2 improvement not sufficient: -3.5059 vs -3.5059)
2025-06-28 13:53:27,391 (simulate_adaptive_control:126) [DEBUG]: τ maintained at 10 (R^2 improvement not sufficient: -3.4564 vs -3.4564)
2025-06-28 13:53:27,396 (simulate_adaptive_control:126) [DEBUG]: τ maintained at 10 (R^2 improvement not sufficient: -3.4640 vs -3.4640)
2025-06-28 13:53:27,401 (simulate_adaptive_control:126) [DEBUG]: τ maintained at 10 (R^2 improvement not sufficient: -3.5524 vs -3.5524)
2025-06-28 13:53:27,406 (simulate_adaptive_control:126) [DEBUG]: τ maintained at 10 (R^2 improvement not sufficient: -3.7970 vs -3.7970)
2025-06-28 13:53:27,411 (simulate_adaptive_control:126) [DEBUG]: τ maintained at 10 (R^2 improvement not sufficient: -3.8784 vs -3.8784)
2025-06-28 13:53:27,415 (simulate_adaptive_control:126) [DEBUG]: τ maintained at 10 (R^2 improvement not sufficient: -3.9158 vs -3.9158)
2025-06-28 13:53:27,420 (simulate_adaptive_control:126) [DEBUG]: τ maintained at 10 (R^2 improvement not sufficient: -4.0555 vs -4.0555)
2025-06-28 13:53:27,425 (simulate_adaptive_control:126) [DEBUG]: τ maintained at 10 (R^2 improvement not sufficient: -4.2143 vs -4.2143)
2025-06-28 13:53:27,430 (simulate_adaptive_control:126) [DEBUG]: τ maintained at 10 (R^2 improvement not sufficient: -4.4224 vs -4.4224)
2025-06-28 13:53:27,435 (simulate_adaptive_control:126) [DEBUG]: τ maintained at 10 (R^2 improvement not sufficient: -4.6222 vs -4.6222)
2025-06-28 13:53:27,440 (simulate_adaptive_control:126) [DEBUG]: τ maintained at 10 (R^2 improvement not sufficient: -4.6645 vs -4.6645)
2025-06-28 13:53:27,444 (simulate_adaptive_control:126) [DEBUG]: τ maintained at 10 (R^2 improvement not sufficient: -4.3856 vs -4.3856)
2025-06-28 13:53:27,448 (simulate_adaptive_control:126) [DEBUG]: τ maintained at 10 (R^2 improvement not sufficient: -3.9348 vs -3.9348)
2025-06-28 13:53:27,453 (simulate_adaptive_control:126) [DEBUG]: τ maintained at 10 (R^2 improvement not sufficient: -3.8582 vs -3.8582)
2025-06-28 13:53:27,458 (simulate_adaptive_control:126) [DEBUG]: τ maintained at 10 (R^2 improvement not sufficient: -3.8755 vs -3.8755)
2025-06-28 13:53:27,462 (simulate_adaptive_control:126) [DEBUG]: τ maintained at 10 (R^2 improvement not sufficient: -3.8104 vs -3.8104)
2025-06-28 13:53:27,467 (simulate_adaptive_control:126) [DEBUG]: τ maintained at 10 (R^2 improvement not sufficient: -3.9225 vs -3.9225)
2025-06-28 13:53:27,472 (simulate_adaptive_control:126) [DEBUG]: τ maintained at 10 (R^2 improvement not sufficient: -3.8985 vs -3.8985)
2025-06-28 13:53:27,477 (simulate_adaptive_control:126) [DEBUG]: τ maintained at 10 (R^2 improvement not sufficient: -4.0549 vs -4.0549)
2025-06-28 13:53:27,482 (simulate_adaptive_control:126) [DEBUG]: τ maintained at 10 (R^2 improvement not sufficient: -3.9719 vs -3.9719)
2025-06-28 13:53:27,486 (simulate_adaptive_control:126) [DEBUG]: τ maintained at 10 (R^2 improvement not sufficient: -3.9903 vs -3.9903)
2025-06-28 13:53:27,491 (simulate_adaptive_control:126) [DEBUG]: τ maintained at 10 (R^2 improvement not sufficient: -3.9833 vs -3.9833)
2025-06-28 13:53:27,495 (simulate_adaptive_control:126) [DEBUG]: τ maintained at 10 (R^2 improvement not sufficient: -3.9662 vs -3.9662)
2025-06-28 13:53:27,499 (simulate_adaptive_control:123) [INFO]: τ changed from 10 to 9 (R^2 improved: -4.0951 -> -3.9737)
2025-06-28 13:53:27,504 (simulate_adaptive_control:126) [DEBUG]: τ maintained at 9 (R^2 improvement not sufficient: -4.0674 vs -4.0674)
2025-06-28 13:53:27,508 (simulate_adaptive_control:126) [DEBUG]: τ maintained at 9 (R^2 improvement not sufficient: -4.2331 vs -4.2331)
2025-06-28 13:53:27,513 (simulate_adaptive_control:126) [DEBUG]: τ maintained at 9 (R^2 improvement not sufficient: -4.3922 vs -4.3922)
2025-06-28 13:53:27,518 (simulate_adaptive_control:126) [DEBUG]: τ maintained at 9 (R^2 improvement not sufficient: -4.4866 vs -4.4866)
2025-06-28 13:53:27,522 (simulate_adaptive_control:126) [DEBUG]: τ maintained at 9 (R^2 improvement not sufficient: -4.5372 vs -4.5372)
2025-06-28 13:53:27,527 (simulate_adaptive_control:126) [DEBUG]: τ maintained at 9 (R^2 improvement not sufficient: -4.5669 vs -4.5669)
2025-06-28 13:53:27,531 (simulate_adaptive_control:126) [DEBUG]: τ maintained at 9 (R^2 improvement not sufficient: -4.5505 vs -4.5505)
2025-06-28 13:53:27,536 (simulate_adaptive_control:126) [DEBUG]: τ maintained at 9 (R^2 improvement not sufficient: -4.5506 vs -4.5506)
2025-06-28 13:53:27,541 (simulate_adaptive_control:126) [DEBUG]: τ maintained at 9 (R^2 improvement not sufficient: -4.4969 vs -4.4969)
2025-06-28 13:53:27,545 (simulate_adaptive_control:126) [DEBUG]: τ maintained at 9 (R^2 improvement not sufficient: -4.5784 vs -4.5784)
2025-06-28 13:53:27,550 (simulate_adaptive_control:126) [DEBUG]: τ maintained at 9 (R^2 improvement not sufficient: -4.5573 vs -4.5573)
2025-06-28 13:53:27,555 (simulate_adaptive_control:126) [DEBUG]: τ maintained at 9 (R^2 improvement not sufficient: -4.5689 vs -4.5689)
2025-06-28 13:53:27,559 (simulate_adaptive_control:126) [DEBUG]: τ maintained at 9 (R^2 improvement not sufficient: -4.5745 vs -4.5745)
2025-06-28 13:53:27,564 (simulate_adaptive_control:126) [DEBUG]: τ maintained at 9 (R^2 improvement not sufficient: -4.5645 vs -4.5645)
2025-06-28 13:53:27,570 (simulate_adaptive_control:126) [DEBUG]: τ maintained at 9 (R^2 improvement not sufficient: -4.7386 vs -4.7386)
2025-06-28 13:53:27,574 (simulate_adaptive_control:126) [DEBUG]: τ maintained at 9 (R^2 improvement not sufficient: -4.8865 vs -4.8865)
2025-06-28 13:53:27,579 (simulate_adaptive_control:126) [DEBUG]: τ maintained at 9 (R^2 improvement not sufficient: -5.0936 vs -5.0936)
2025-06-28 13:53:27,584 (simulate_adaptive_control:126) [DEBUG]: τ maintained at 9 (R^2 improvement not sufficient: -5.4747 vs -5.4747)
2025-06-28 13:53:27,589 (simulate_adaptive_control:123) [INFO]: τ changed from 9 to 10 (R^2 improved: -5.9232 -> -5.8653)
2025-06-28 13:53:27,593 (simulate_adaptive_control:126) [DEBUG]: τ maintained at 10 (R^2 improvement not sufficient: -6.0741 vs -6.0741)
2025-06-28 13:53:27,598 (simulate_adaptive_control:126) [DEBUG]: τ maintained at 10 (R^2 improvement not sufficient: -6.2097 vs -6.2097)
2025-06-28 13:53:27,602 (simulate_adaptive_control:126) [DEBUG]: τ maintained at 10 (R^2 improvement not sufficient: -6.4621 vs -6.4621)
2025-06-28 13:53:27,607 (simulate_adaptive_control:126) [DEBUG]: τ maintained at 10 (R^2 improvement not sufficient: -6.9561 vs -6.9561)
2025-06-28 13:53:27,609 (simulate_adaptive_control:428) [INFO]: Step 200/10000, Current τ: 10, R^2[10]: -6.9561
2025-06-28 13:53:27,612 (simulate_adaptive_control:126) [DEBUG]: τ maintained at 10 (R^2 improvement not sufficient: -7.3846 vs -7.3846)
2025-06-28 13:53:27,617 (simulate_adaptive_control:126) [DEBUG]: τ maintained at 10 (R^2 improvement not sufficient: -7.8121 vs -7.8121)
2025-06-28 13:53:27,621 (simulate_adaptive_control:126) [DEBUG]: τ maintained at 10 (R^2 improvement not sufficient: -8.2393 vs -8.2393)
2025-06-28 13:53:27,626 (simulate_adaptive_control:126) [DEBUG]: τ maintained at 10 (R^2 improvement not sufficient: -8.6159 vs -8.6159)
2025-06-28 13:53:27,630 (simulate_adaptive_control:126) [DEBUG]: τ maintained at 10 (R^2 improvement not sufficient: -8.9908 vs -8.9908)
2025-06-28 13:53:27,635 (simulate_adaptive_control:126) [DEBUG]: τ maintained at 10 (R^2 improvement not sufficient: -9.4858 vs -9.4858)
2025-06-28 13:53:27,640 (simulate_adaptive_control:126) [DEBUG]: τ maintained at 10 (R^2 improvement not sufficient: -9.9838 vs -9.9838)
2025-06-28 13:53:27,644 (simulate_adaptive_control:126) [DEBUG]: τ maintained at 10 (R^2 improvement not sufficient: -10.1689 vs -10.1689)
2025-06-28 13:53:27,650 (simulate_adaptive_control:126) [DEBUG]: τ maintained at 10 (R^2 improvement not sufficient: -10.1080 vs -10.1080)
2025-06-28 13:53:27,654 (simulate_adaptive_control:126) [DEBUG]: τ maintained at 10 (R^2 improvement not sufficient: -10.0044 vs -10.0044)
2025-06-28 13:53:27,658 (simulate_adaptive_control:126) [DEBUG]: τ maintained at 10 (R^2 improvement not sufficient: -9.9825 vs -9.9825)
2025-06-28 13:53:27,663 (simulate_adaptive_control:126) [DEBUG]: τ maintained at 10 (R^2 improvement not sufficient: -9.9752 vs -9.9752)
2025-06-28 13:53:27,668 (simulate_adaptive_control:123) [INFO]: τ changed from 10 to 9 (R^2 improved: -9.9679 -> -9.9292)
2025-06-28 13:53:27,673 (simulate_adaptive_control:126) [DEBUG]: τ maintained at 9 (R^2 improvement not sufficient: -9.7251 vs -9.7251)
2025-06-28 13:53:27,677 (simulate_adaptive_control:126) [DEBUG]: τ maintained at 9 (R^2 improvement not sufficient: -9.5933 vs -9.5933)
2025-06-28 13:53:27,682 (simulate_adaptive_control:126) [DEBUG]: τ maintained at 9 (R^2 improvement not sufficient: -9.5368 vs -9.5368)
2025-06-28 13:53:27,687 (simulate_adaptive_control:126) [DEBUG]: τ maintained at 9 (R^2 improvement not sufficient: -9.6563 vs -9.6563)
2025-06-28 13:53:27,691 (simulate_adaptive_control:126) [DEBUG]: τ maintained at 9 (R^2 improvement not sufficient: -9.8083 vs -9.8083)
2025-06-28 13:53:27,696 (simulate_adaptive_control:126) [DEBUG]: τ maintained at 9 (R^2 improvement not sufficient: -10.0337 vs -10.0337)
2025-06-28 13:53:27,700 (simulate_adaptive_control:126) [DEBUG]: τ maintained at 9 (R^2 improvement not sufficient: -10.3679 vs -10.3679)
2025-06-28 13:53:27,705 (simulate_adaptive_control:126) [DEBUG]: τ maintained at 9 (R^2 improvement not sufficient: -10.8546 vs -10.8546)
2025-06-28 13:53:27,710 (simulate_adaptive_control:126) [DEBUG]: τ maintained at 9 (R^2 improvement not sufficient: -11.5150 vs -11.5150)
2025-06-28 13:53:27,714 (simulate_adaptive_control:126) [DEBUG]: τ maintained at 9 (R^2 improvement not sufficient: -12.4746 vs -12.4746)
2025-06-28 13:53:27,719 (simulate_adaptive_control:126) [DEBUG]: τ maintained at 9 (R^2 improvement not sufficient: -13.7453 vs -13.7453)
2025-06-28 13:53:27,723 (simulate_adaptive_control:126) [DEBUG]: τ maintained at 9 (R^2 improvement not sufficient: -15.2351 vs -15.2351)
2025-06-28 13:53:27,728 (simulate_adaptive_control:126) [DEBUG]: τ maintained at 9 (R^2 improvement not sufficient: -16.7246 vs -16.7246)
2025-06-28 13:53:27,733 (simulate_adaptive_control:126) [DEBUG]: τ maintained at 9 (R^2 improvement not sufficient: -18.2469 vs -18.2469)
2025-06-28 13:53:27,737 (simulate_adaptive_control:126) [DEBUG]: τ maintained at 9 (R^2 improvement not sufficient: -19.8535 vs -19.8535)
2025-06-28 13:53:27,742 (simulate_adaptive_control:126) [DEBUG]: τ maintained at 9 (R^2 improvement not sufficient: -21.0163 vs -21.0163)
2025-06-28 13:53:27,746 (simulate_adaptive_control:126) [DEBUG]: τ maintained at 9 (R^2 improvement not sufficient: -21.8692 vs -21.8692)
2025-06-28 13:53:27,751 (simulate_adaptive_control:126) [DEBUG]: τ maintained at 9 (R^2 improvement not sufficient: -22.1691 vs -22.1691)
2025-06-28 13:53:27,755 (simulate_adaptive_control:126) [DEBUG]: τ maintained at 9 (R^2 improvement not sufficient: -22.2355 vs -22.2355)
2025-06-28 13:53:27,760 (simulate_adaptive_control:126) [DEBUG]: τ maintained at 9 (R^2 improvement not sufficient: -21.9827 vs -21.9827)
2025-06-28 13:53:27,764 (simulate_adaptive_control:126) [DEBUG]: τ maintained at 9 (R^2 improvement not sufficient: -21.5900 vs -21.5900)
2025-06-28 13:53:27,769 (simulate_adaptive_control:123) [INFO]: τ changed from 9 to 10 (R^2 improved: -21.2348 -> -20.9123)
2025-06-28 13:53:27,774 (simulate_adaptive_control:126) [DEBUG]: τ maintained at 10 (R^2 improvement not sufficient: -19.9119 vs -19.9119)
2025-06-28 13:53:27,778 (simulate_adaptive_control:126) [DEBUG]: τ maintained at 10 (R^2 improvement not sufficient: -19.0035 vs -19.0035)
2025-06-28 13:53:27,782 (simulate_adaptive_control:126) [DEBUG]: τ maintained at 10 (R^2 improvement not sufficient: -17.9851 vs -17.9851)
2025-06-28 13:53:27,787 (simulate_adaptive_control:126) [DEBUG]: τ maintained at 10 (R^2 improvement not sufficient: -16.7670 vs -16.7670)
2025-06-28 13:53:27,792 (simulate_adaptive_control:126) [DEBUG]: τ maintained at 10 (R^2 improvement not sufficient: -15.6154 vs -15.6154)
2025-06-28 13:53:27,797 (simulate_adaptive_control:126) [DEBUG]: τ maintained at 10 (R^2 improvement not sufficient: -14.9194 vs -14.9194)
2025-06-28 13:53:27,801 (simulate_adaptive_control:126) [DEBUG]: τ maintained at 10 (R^2 improvement not sufficient: -14.3177 vs -14.3177)
2025-06-28 13:53:27,806 (simulate_adaptive_control:126) [DEBUG]: τ maintained at 10 (R^2 improvement not sufficient: -14.2798 vs -14.2798)
2025-06-28 13:53:27,811 (simulate_adaptive_control:126) [DEBUG]: τ maintained at 10 (R^2 improvement not sufficient: -14.5542 vs -14.5542)
2025-06-28 13:53:27,816 (simulate_adaptive_control:123) [INFO]: τ changed from 10 to 9 (R^2 improved: -15.0838 -> -14.8614)
2025-06-28 13:53:27,820 (simulate_adaptive_control:126) [DEBUG]: τ maintained at 9 (R^2 improvement not sufficient: -15.5319 vs -15.5319)
2025-06-28 13:53:27,825 (simulate_adaptive_control:126) [DEBUG]: τ maintained at 9 (R^2 improvement not sufficient: -16.2335 vs -16.2335)
2025-06-28 13:53:27,829 (simulate_adaptive_control:126) [DEBUG]: τ maintained at 9 (R^2 improvement not sufficient: -16.8209 vs -16.8209)
2025-06-28 13:53:27,833 (simulate_adaptive_control:123) [INFO]: τ changed from 9 to 10 (R^2 improved: -17.9990 -> -17.9179)
2025-06-28 13:53:27,838 (simulate_adaptive_control:126) [DEBUG]: τ maintained at 10 (R^2 improvement not sufficient: -18.7417 vs -18.7417)
2025-06-28 13:53:27,843 (simulate_adaptive_control:126) [DEBUG]: τ maintained at 10 (R^2 improvement not sufficient: -19.0409 vs -19.0409)
2025-06-28 13:53:27,847 (simulate_adaptive_control:126) [DEBUG]: τ maintained at 10 (R^2 improvement not sufficient: -18.8743 vs -18.8743)
2025-06-28 13:53:27,851 (simulate_adaptive_control:126) [DEBUG]: τ maintained at 10 (R^2 improvement not sufficient: -18.4128 vs -18.4128)
2025-06-28 13:53:27,856 (simulate_adaptive_control:126) [DEBUG]: τ maintained at 10 (R^2 improvement not sufficient: -17.7350 vs -17.7350)
2025-06-28 13:53:27,861 (simulate_adaptive_control:126) [DEBUG]: τ maintained at 10 (R^2 improvement not sufficient: -16.8666 vs -16.8666)
2025-06-28 13:53:27,866 (simulate_adaptive_control:126) [DEBUG]: τ maintained at 10 (R^2 improvement not sufficient: -15.9575 vs -15.9575)
2025-06-28 13:53:27,870 (simulate_adaptive_control:126) [DEBUG]: τ maintained at 10 (R^2 improvement not sufficient: -14.7670 vs -14.7670)
2025-06-28 13:53:27,875 (simulate_adaptive_control:126) [DEBUG]: τ maintained at 10 (R^2 improvement not sufficient: -14.1620 vs -14.1620)
2025-06-28 13:53:27,879 (simulate_adaptive_control:126) [DEBUG]: τ maintained at 10 (R^2 improvement not sufficient: -13.7546 vs -13.7546)
2025-06-28 13:53:27,884 (simulate_adaptive_control:126) [DEBUG]: τ maintained at 10 (R^2 improvement not sufficient: -13.4637 vs -13.4637)
2025-06-28 13:53:27,888 (simulate_adaptive_control:126) [DEBUG]: τ maintained at 10 (R^2 improvement not sufficient: -13.3302 vs -13.3302)
2025-06-28 13:53:27,893 (simulate_adaptive_control:126) [DEBUG]: τ maintained at 10 (R^2 improvement not sufficient: -13.1476 vs -13.1476)
2025-06-28 13:53:27,897 (simulate_adaptive_control:126) [DEBUG]: τ maintained at 10 (R^2 improvement not sufficient: -13.1279 vs -13.1279)
2025-06-28 13:53:27,902 (simulate_adaptive_control:126) [DEBUG]: τ maintained at 10 (R^2 improvement not sufficient: -13.5512 vs -13.5512)
2025-06-28 13:53:27,906 (simulate_adaptive_control:126) [DEBUG]: τ maintained at 10 (R^2 improvement not sufficient: -13.7787 vs -13.7787)
2025-06-28 13:53:27,911 (simulate_adaptive_control:126) [DEBUG]: τ maintained at 10 (R^2 improvement not sufficient: -14.0691 vs -14.0691)
2025-06-28 13:53:27,916 (simulate_adaptive_control:126) [DEBUG]: τ maintained at 10 (R^2 improvement not sufficient: -14.3357 vs -14.3357)
2025-06-28 13:53:27,921 (simulate_adaptive_control:126) [DEBUG]: τ maintained at 10 (R^2 improvement not sufficient: -14.4628 vs -14.4628)
2025-06-28 13:53:27,926 (simulate_adaptive_control:126) [DEBUG]: τ maintained at 10 (R^2 improvement not sufficient: -14.7336 vs -14.7336)
2025-06-28 13:53:27,930 (simulate_adaptive_control:126) [DEBUG]: τ maintained at 10 (R^2 improvement not sufficient: -14.6552 vs -14.6552)
2025-06-28 13:53:27,935 (simulate_adaptive_control:126) [DEBUG]: τ maintained at 10 (R^2 improvement not sufficient: -14.6453 vs -14.6453)
2025-06-28 13:53:27,939 (simulate_adaptive_control:126) [DEBUG]: τ maintained at 10 (R^2 improvement not sufficient: -14.3950 vs -14.3950)
2025-06-28 13:53:27,944 (simulate_adaptive_control:126) [DEBUG]: τ maintained at 10 (R^2 improvement not sufficient: -14.4022 vs -14.4022)
2025-06-28 13:53:27,949 (simulate_adaptive_control:126) [DEBUG]: τ maintained at 10 (R^2 improvement not sufficient: -14.3836 vs -14.3836)
2025-06-28 13:53:27,954 (simulate_adaptive_control:126) [DEBUG]: τ maintained at 10 (R^2 improvement not sufficient: -14.5031 vs -14.5031)
2025-06-28 13:53:27,958 (simulate_adaptive_control:126) [DEBUG]: τ maintained at 10 (R^2 improvement not sufficient: -14.4782 vs -14.4782)
2025-06-28 13:53:27,963 (simulate_adaptive_control:126) [DEBUG]: τ maintained at 10 (R^2 improvement not sufficient: -14.2467 vs -14.2467)
2025-06-28 13:53:27,968 (simulate_adaptive_control:126) [DEBUG]: τ maintained at 10 (R^2 improvement not sufficient: -13.7130 vs -13.7130)
2025-06-28 13:53:27,973 (simulate_adaptive_control:126) [DEBUG]: τ maintained at 10 (R^2 improvement not sufficient: -13.3023 vs -13.3023)
2025-06-28 13:53:27,977 (simulate_adaptive_control:126) [DEBUG]: τ maintained at 10 (R^2 improvement not sufficient: -12.9700 vs -12.9700)
2025-06-28 13:53:27,982 (simulate_adaptive_control:126) [DEBUG]: τ maintained at 10 (R^2 improvement not sufficient: -12.7488 vs -12.7488)
2025-06-28 13:53:27,986 (simulate_adaptive_control:126) [DEBUG]: τ maintained at 10 (R^2 improvement not sufficient: -12.6629 vs -12.6629)
2025-06-28 13:53:27,991 (simulate_adaptive_control:126) [DEBUG]: τ maintained at 10 (R^2 improvement not sufficient: -12.6634 vs -12.6634)
2025-06-28 13:53:27,996 (simulate_adaptive_control:126) [DEBUG]: τ maintained at 10 (R^2 improvement not sufficient: -12.6559 vs -12.6559)
2025-06-28 13:53:28,000 (simulate_adaptive_control:126) [DEBUG]: τ maintained at 10 (R^2 improvement not sufficient: -12.6216 vs -12.6216)
2025-06-28 13:53:28,005 (simulate_adaptive_control:126) [DEBUG]: τ maintained at 10 (R^2 improvement not sufficient: -12.5691 vs -12.5691)
2025-06-28 13:53:28,009 (simulate_adaptive_control:126) [DEBUG]: τ maintained at 10 (R^2 improvement not sufficient: -12.2622 vs -12.2622)
2025-06-28 13:53:28,013 (simulate_adaptive_control:126) [DEBUG]: τ maintained at 10 (R^2 improvement not sufficient: -12.1400 vs -12.1400)
2025-06-28 13:53:28,018 (simulate_adaptive_control:126) [DEBUG]: τ maintained at 10 (R^2 improvement not sufficient: -12.1198 vs -12.1198)
2025-06-28 13:53:28,022 (simulate_adaptive_control:126) [DEBUG]: τ maintained at 10 (R^2 improvement not sufficient: -12.0836 vs -12.0836)
2025-06-28 13:53:28,023 (simulate_adaptive_control:271) [INFO]: End of reference trajectory (or look-ahead range) reached. Stopping simulation.
2025-06-28 13:53:28,023 (simulate_adaptive_control:430) [INFO]: Simulation finished.
2025-06-28 13:53:28,038 (simulate_adaptive_control:437) [INFO]: Simulation results saved to data/simulate_adaptive_control/adaptive_simulation/20250628T135326/adaptive_simulation_results.csv
