2025-06-28 00:11:21,356 (event_logging:164) [DEBUG]: Start event logging
2025-06-28 00:11:21,356 (event_logging:165) [DEBUG]: Logger name: __main__
2025-06-28 00:11:21,356 (event_logging:166) [DEBUG]: Log filename: data/simulate_adaptive_control/adaptive_simulation/20250628T001121/simulate_adaptive_control.log
2025-06-28 00:11:21,356 (event_logging:168) [DEBUG]: Command: python apps/simulate_adaptive_control.py data/trained_model/train_adaptive/20250627T235443/trained_model.joblib -r tests/data/motion_data_000.csv -c apps/config/adaptive_model.toml --active-joints 5 --max-steps 1000
2025-06-28 00:11:21,357 (data_handling:162) [DEBUG]: Directory created: data/simulate_adaptive_control/adaptive_simulation/20250628T001121/config
2025-06-28 00:11:21,368 (data_handling:180) [DEBUG]: Model config copied: None -> data/simulate_adaptive_control/adaptive_simulation/20250628T001121/config
2025-06-28 00:11:21,368 (simulate_adaptive_control:217) [INFO]: config: apps/config/adaptive_model.toml
2025-06-28 00:11:21,368 (simulate_adaptive_control:218) [INFO]: output: data/simulate_adaptive_control/adaptive_simulation/20250628T001121
2025-06-28 00:11:21,368 (simulate_adaptive_control:219) [INFO]: N_max: 1, Active Joints: [5]
2025-06-28 00:11:21,369 (simulate_adaptive_control:223) [INFO]: Loading trained model from data/trained_model/train_adaptive/20250627T235443/trained_model.joblib
2025-06-28 00:11:21,380 (simulate_adaptive_control:227) [INFO]: Loading reference trajectory from tests/data/motion_data_000.csv
2025-06-28 00:11:21,400 (simulate_adaptive_control:230) [INFO]: Reference trajectory loaded with 301 steps.
2025-06-28 00:11:21,401 (simulate_adaptive_control:63) [INFO]: AdaptiveController initialized with N_max=1, initial_tau=1
2025-06-28 00:11:21,405 (simulate_adaptive_control:251) [INFO]: Starting simulation...
2025-06-28 00:11:21,407 (simulate_adaptive_control:110) [DEBUG]: No sufficient R^2 data for any tau. Maintaining current tau: 1
2025-06-28 00:11:21,409 (simulate_adaptive_control:302) [INFO]: Step 0/1000, Current τ: 1, R^2[1]: -inf
2025-06-28 00:11:21,410 (simulate_adaptive_control:110) [DEBUG]: No sufficient R^2 data for any tau. Maintaining current tau: 1
2025-06-28 00:11:21,413 (simulate_adaptive_control:123) [DEBUG]: τ maintained at 1 (R^2 improvement not sufficient: -4566.6744 vs -4566.6744)
2025-06-28 00:11:21,415 (simulate_adaptive_control:123) [DEBUG]: τ maintained at 1 (R^2 improvement not sufficient: -1267.7945 vs -1267.7945)
2025-06-28 00:11:21,418 (simulate_adaptive_control:123) [DEBUG]: τ maintained at 1 (R^2 improvement not sufficient: -477.8784 vs -477.8784)
2025-06-28 00:11:21,421 (simulate_adaptive_control:123) [DEBUG]: τ maintained at 1 (R^2 improvement not sufficient: -215.9014 vs -215.9014)
2025-06-28 00:11:21,423 (simulate_adaptive_control:123) [DEBUG]: τ maintained at 1 (R^2 improvement not sufficient: -121.0604 vs -121.0604)
2025-06-28 00:11:21,426 (simulate_adaptive_control:123) [DEBUG]: τ maintained at 1 (R^2 improvement not sufficient: -65.6684 vs -65.6684)
2025-06-28 00:11:21,429 (simulate_adaptive_control:123) [DEBUG]: τ maintained at 1 (R^2 improvement not sufficient: -35.9081 vs -35.9081)
2025-06-28 00:11:21,431 (simulate_adaptive_control:123) [DEBUG]: τ maintained at 1 (R^2 improvement not sufficient: -22.1328 vs -22.1328)
2025-06-28 00:11:21,434 (simulate_adaptive_control:123) [DEBUG]: τ maintained at 1 (R^2 improvement not sufficient: -16.6050 vs -16.6050)
2025-06-28 00:11:21,436 (simulate_adaptive_control:123) [DEBUG]: τ maintained at 1 (R^2 improvement not sufficient: -11.7796 vs -11.7796)
2025-06-28 00:11:21,439 (simulate_adaptive_control:123) [DEBUG]: τ maintained at 1 (R^2 improvement not sufficient: -8.0173 vs -8.0173)
2025-06-28 00:11:21,442 (simulate_adaptive_control:123) [DEBUG]: τ maintained at 1 (R^2 improvement not sufficient: -5.5987 vs -5.5987)
2025-06-28 00:11:21,445 (simulate_adaptive_control:123) [DEBUG]: τ maintained at 1 (R^2 improvement not sufficient: -4.0186 vs -4.0186)
2025-06-28 00:11:21,447 (simulate_adaptive_control:123) [DEBUG]: τ maintained at 1 (R^2 improvement not sufficient: -3.0149 vs -3.0149)
2025-06-28 00:11:21,450 (simulate_adaptive_control:123) [DEBUG]: τ maintained at 1 (R^2 improvement not sufficient: -2.1970 vs -2.1970)
2025-06-28 00:11:21,452 (simulate_adaptive_control:123) [DEBUG]: τ maintained at 1 (R^2 improvement not sufficient: -1.6304 vs -1.6304)
2025-06-28 00:11:21,455 (simulate_adaptive_control:123) [DEBUG]: τ maintained at 1 (R^2 improvement not sufficient: -1.2655 vs -1.2655)
2025-06-28 00:11:21,457 (simulate_adaptive_control:123) [DEBUG]: τ maintained at 1 (R^2 improvement not sufficient: -1.0764 vs -1.0764)
2025-06-28 00:11:21,460 (simulate_adaptive_control:123) [DEBUG]: τ maintained at 1 (R^2 improvement not sufficient: -0.9450 vs -0.9450)
2025-06-28 00:11:21,462 (simulate_adaptive_control:123) [DEBUG]: τ maintained at 1 (R^2 improvement not sufficient: -0.8581 vs -0.8581)
2025-06-28 00:11:21,465 (simulate_adaptive_control:123) [DEBUG]: τ maintained at 1 (R^2 improvement not sufficient: -0.8147 vs -0.8147)
2025-06-28 00:11:21,467 (simulate_adaptive_control:123) [DEBUG]: τ maintained at 1 (R^2 improvement not sufficient: -0.8080 vs -0.8080)
2025-06-28 00:11:21,470 (simulate_adaptive_control:123) [DEBUG]: τ maintained at 1 (R^2 improvement not sufficient: -0.8555 vs -0.8555)
2025-06-28 00:11:21,472 (simulate_adaptive_control:123) [DEBUG]: τ maintained at 1 (R^2 improvement not sufficient: -1.0251 vs -1.0251)
2025-06-28 00:11:21,475 (simulate_adaptive_control:123) [DEBUG]: τ maintained at 1 (R^2 improvement not sufficient: -1.0267 vs -1.0267)
2025-06-28 00:11:21,477 (simulate_adaptive_control:123) [DEBUG]: τ maintained at 1 (R^2 improvement not sufficient: -1.0497 vs -1.0497)
2025-06-28 00:11:21,480 (simulate_adaptive_control:123) [DEBUG]: τ maintained at 1 (R^2 improvement not sufficient: -1.0502 vs -1.0502)
2025-06-28 00:11:21,482 (simulate_adaptive_control:123) [DEBUG]: τ maintained at 1 (R^2 improvement not sufficient: -1.1557 vs -1.1557)
2025-06-28 00:11:21,485 (simulate_adaptive_control:123) [DEBUG]: τ maintained at 1 (R^2 improvement not sufficient: -1.2599 vs -1.2599)
2025-06-28 00:11:21,487 (simulate_adaptive_control:123) [DEBUG]: τ maintained at 1 (R^2 improvement not sufficient: -1.2565 vs -1.2565)
2025-06-28 00:11:21,490 (simulate_adaptive_control:123) [DEBUG]: τ maintained at 1 (R^2 improvement not sufficient: -1.2622 vs -1.2622)
2025-06-28 00:11:21,492 (simulate_adaptive_control:123) [DEBUG]: τ maintained at 1 (R^2 improvement not sufficient: -1.3389 vs -1.3389)
2025-06-28 00:11:21,495 (simulate_adaptive_control:123) [DEBUG]: τ maintained at 1 (R^2 improvement not sufficient: -1.3451 vs -1.3451)
2025-06-28 00:11:21,497 (simulate_adaptive_control:123) [DEBUG]: τ maintained at 1 (R^2 improvement not sufficient: -1.3473 vs -1.3473)
2025-06-28 00:11:21,500 (simulate_adaptive_control:123) [DEBUG]: τ maintained at 1 (R^2 improvement not sufficient: -1.4627 vs -1.4627)
2025-06-28 00:11:21,503 (simulate_adaptive_control:123) [DEBUG]: τ maintained at 1 (R^2 improvement not sufficient: -1.4765 vs -1.4765)
2025-06-28 00:11:21,505 (simulate_adaptive_control:123) [DEBUG]: τ maintained at 1 (R^2 improvement not sufficient: -1.4803 vs -1.4803)
2025-06-28 00:11:21,507 (simulate_adaptive_control:123) [DEBUG]: τ maintained at 1 (R^2 improvement not sufficient: -1.4885 vs -1.4885)
2025-06-28 00:11:21,510 (simulate_adaptive_control:123) [DEBUG]: τ maintained at 1 (R^2 improvement not sufficient: -1.5243 vs -1.5243)
2025-06-28 00:11:21,512 (simulate_adaptive_control:123) [DEBUG]: τ maintained at 1 (R^2 improvement not sufficient: -1.5540 vs -1.5540)
2025-06-28 00:11:21,515 (simulate_adaptive_control:123) [DEBUG]: τ maintained at 1 (R^2 improvement not sufficient: -1.5384 vs -1.5384)
2025-06-28 00:11:21,518 (simulate_adaptive_control:123) [DEBUG]: τ maintained at 1 (R^2 improvement not sufficient: -1.5276 vs -1.5276)
2025-06-28 00:11:21,520 (simulate_adaptive_control:123) [DEBUG]: τ maintained at 1 (R^2 improvement not sufficient: -1.5068 vs -1.5068)
2025-06-28 00:11:21,523 (simulate_adaptive_control:123) [DEBUG]: τ maintained at 1 (R^2 improvement not sufficient: -1.7081 vs -1.7081)
2025-06-28 00:11:21,525 (simulate_adaptive_control:123) [DEBUG]: τ maintained at 1 (R^2 improvement not sufficient: -2.3385 vs -2.3385)
2025-06-28 00:11:21,528 (simulate_adaptive_control:123) [DEBUG]: τ maintained at 1 (R^2 improvement not sufficient: -2.4060 vs -2.4060)
2025-06-28 00:11:21,530 (simulate_adaptive_control:123) [DEBUG]: τ maintained at 1 (R^2 improvement not sufficient: -2.3474 vs -2.3474)
2025-06-28 00:11:21,533 (simulate_adaptive_control:123) [DEBUG]: τ maintained at 1 (R^2 improvement not sufficient: -2.6637 vs -2.6637)
2025-06-28 00:11:21,535 (simulate_adaptive_control:123) [DEBUG]: τ maintained at 1 (R^2 improvement not sufficient: -2.7569 vs -2.7569)
2025-06-28 00:11:21,538 (simulate_adaptive_control:123) [DEBUG]: τ maintained at 1 (R^2 improvement not sufficient: -2.6801 vs -2.6801)
2025-06-28 00:11:21,540 (simulate_adaptive_control:123) [DEBUG]: τ maintained at 1 (R^2 improvement not sufficient: -2.6558 vs -2.6558)
2025-06-28 00:11:21,542 (simulate_adaptive_control:123) [DEBUG]: τ maintained at 1 (R^2 improvement not sufficient: -2.8101 vs -2.8101)
2025-06-28 00:11:21,545 (simulate_adaptive_control:123) [DEBUG]: τ maintained at 1 (R^2 improvement not sufficient: -2.8493 vs -2.8493)
2025-06-28 00:11:21,547 (simulate_adaptive_control:123) [DEBUG]: τ maintained at 1 (R^2 improvement not sufficient: -2.9567 vs -2.9567)
2025-06-28 00:11:21,550 (simulate_adaptive_control:123) [DEBUG]: τ maintained at 1 (R^2 improvement not sufficient: -2.9880 vs -2.9880)
2025-06-28 00:11:21,552 (simulate_adaptive_control:123) [DEBUG]: τ maintained at 1 (R^2 improvement not sufficient: -2.9841 vs -2.9841)
2025-06-28 00:11:21,555 (simulate_adaptive_control:123) [DEBUG]: τ maintained at 1 (R^2 improvement not sufficient: -3.0801 vs -3.0801)
2025-06-28 00:11:21,557 (simulate_adaptive_control:123) [DEBUG]: τ maintained at 1 (R^2 improvement not sufficient: -3.1877 vs -3.1877)
2025-06-28 00:11:21,560 (simulate_adaptive_control:123) [DEBUG]: τ maintained at 1 (R^2 improvement not sufficient: -3.2377 vs -3.2377)
2025-06-28 00:11:21,562 (simulate_adaptive_control:123) [DEBUG]: τ maintained at 1 (R^2 improvement not sufficient: -3.2666 vs -3.2666)
2025-06-28 00:11:21,565 (simulate_adaptive_control:123) [DEBUG]: τ maintained at 1 (R^2 improvement not sufficient: -3.2798 vs -3.2798)
2025-06-28 00:11:21,568 (simulate_adaptive_control:123) [DEBUG]: τ maintained at 1 (R^2 improvement not sufficient: -3.3075 vs -3.3075)
2025-06-28 00:11:21,570 (simulate_adaptive_control:123) [DEBUG]: τ maintained at 1 (R^2 improvement not sufficient: -3.3322 vs -3.3322)
2025-06-28 00:11:21,573 (simulate_adaptive_control:123) [DEBUG]: τ maintained at 1 (R^2 improvement not sufficient: -3.3779 vs -3.3779)
2025-06-28 00:11:21,575 (simulate_adaptive_control:123) [DEBUG]: τ maintained at 1 (R^2 improvement not sufficient: -3.3574 vs -3.3574)
2025-06-28 00:11:21,578 (simulate_adaptive_control:123) [DEBUG]: τ maintained at 1 (R^2 improvement not sufficient: -3.3218 vs -3.3218)
2025-06-28 00:11:21,580 (simulate_adaptive_control:123) [DEBUG]: τ maintained at 1 (R^2 improvement not sufficient: -3.2723 vs -3.2723)
2025-06-28 00:11:21,583 (simulate_adaptive_control:123) [DEBUG]: τ maintained at 1 (R^2 improvement not sufficient: -3.2233 vs -3.2233)
2025-06-28 00:11:21,585 (simulate_adaptive_control:123) [DEBUG]: τ maintained at 1 (R^2 improvement not sufficient: -3.1463 vs -3.1463)
2025-06-28 00:11:21,587 (simulate_adaptive_control:123) [DEBUG]: τ maintained at 1 (R^2 improvement not sufficient: -3.1299 vs -3.1299)
2025-06-28 00:11:21,590 (simulate_adaptive_control:123) [DEBUG]: τ maintained at 1 (R^2 improvement not sufficient: -3.0360 vs -3.0360)
2025-06-28 00:11:21,593 (simulate_adaptive_control:123) [DEBUG]: τ maintained at 1 (R^2 improvement not sufficient: -2.9314 vs -2.9314)
2025-06-28 00:11:21,596 (simulate_adaptive_control:123) [DEBUG]: τ maintained at 1 (R^2 improvement not sufficient: -2.9457 vs -2.9457)
2025-06-28 00:11:21,598 (simulate_adaptive_control:123) [DEBUG]: τ maintained at 1 (R^2 improvement not sufficient: -2.9220 vs -2.9220)
2025-06-28 00:11:21,600 (simulate_adaptive_control:123) [DEBUG]: τ maintained at 1 (R^2 improvement not sufficient: -2.9128 vs -2.9128)
2025-06-28 00:11:21,603 (simulate_adaptive_control:123) [DEBUG]: τ maintained at 1 (R^2 improvement not sufficient: -2.8692 vs -2.8692)
2025-06-28 00:11:21,606 (simulate_adaptive_control:123) [DEBUG]: τ maintained at 1 (R^2 improvement not sufficient: -2.8693 vs -2.8693)
2025-06-28 00:11:21,608 (simulate_adaptive_control:123) [DEBUG]: τ maintained at 1 (R^2 improvement not sufficient: -2.8553 vs -2.8553)
2025-06-28 00:11:21,611 (simulate_adaptive_control:123) [DEBUG]: τ maintained at 1 (R^2 improvement not sufficient: -2.8614 vs -2.8614)
2025-06-28 00:11:21,613 (simulate_adaptive_control:123) [DEBUG]: τ maintained at 1 (R^2 improvement not sufficient: -2.8948 vs -2.8948)
2025-06-28 00:11:21,616 (simulate_adaptive_control:123) [DEBUG]: τ maintained at 1 (R^2 improvement not sufficient: -2.9089 vs -2.9089)
2025-06-28 00:11:21,618 (simulate_adaptive_control:123) [DEBUG]: τ maintained at 1 (R^2 improvement not sufficient: -2.9117 vs -2.9117)
2025-06-28 00:11:21,621 (simulate_adaptive_control:123) [DEBUG]: τ maintained at 1 (R^2 improvement not sufficient: -2.9099 vs -2.9099)
2025-06-28 00:11:21,623 (simulate_adaptive_control:123) [DEBUG]: τ maintained at 1 (R^2 improvement not sufficient: -2.9021 vs -2.9021)
2025-06-28 00:11:21,626 (simulate_adaptive_control:123) [DEBUG]: τ maintained at 1 (R^2 improvement not sufficient: -2.8912 vs -2.8912)
2025-06-28 00:11:21,628 (simulate_adaptive_control:123) [DEBUG]: τ maintained at 1 (R^2 improvement not sufficient: -2.9566 vs -2.9566)
2025-06-28 00:11:21,631 (simulate_adaptive_control:123) [DEBUG]: τ maintained at 1 (R^2 improvement not sufficient: -2.9617 vs -2.9617)
2025-06-28 00:11:21,634 (simulate_adaptive_control:123) [DEBUG]: τ maintained at 1 (R^2 improvement not sufficient: -2.9738 vs -2.9738)
2025-06-28 00:11:21,636 (simulate_adaptive_control:123) [DEBUG]: τ maintained at 1 (R^2 improvement not sufficient: -2.9634 vs -2.9634)
2025-06-28 00:11:21,639 (simulate_adaptive_control:123) [DEBUG]: τ maintained at 1 (R^2 improvement not sufficient: -2.9894 vs -2.9894)
2025-06-28 00:11:21,641 (simulate_adaptive_control:123) [DEBUG]: τ maintained at 1 (R^2 improvement not sufficient: -2.9852 vs -2.9852)
2025-06-28 00:11:21,644 (simulate_adaptive_control:123) [DEBUG]: τ maintained at 1 (R^2 improvement not sufficient: -3.0087 vs -3.0087)
2025-06-28 00:11:21,646 (simulate_adaptive_control:123) [DEBUG]: τ maintained at 1 (R^2 improvement not sufficient: -3.0333 vs -3.0333)
2025-06-28 00:11:21,649 (simulate_adaptive_control:123) [DEBUG]: τ maintained at 1 (R^2 improvement not sufficient: -3.0652 vs -3.0652)
2025-06-28 00:11:21,652 (simulate_adaptive_control:123) [DEBUG]: τ maintained at 1 (R^2 improvement not sufficient: -3.1121 vs -3.1121)
2025-06-28 00:11:21,654 (simulate_adaptive_control:123) [DEBUG]: τ maintained at 1 (R^2 improvement not sufficient: -3.1374 vs -3.1374)
2025-06-28 00:11:21,657 (simulate_adaptive_control:123) [DEBUG]: τ maintained at 1 (R^2 improvement not sufficient: -3.1448 vs -3.1448)
2025-06-28 00:11:21,660 (simulate_adaptive_control:123) [DEBUG]: τ maintained at 1 (R^2 improvement not sufficient: -3.1482 vs -3.1482)
2025-06-28 00:11:21,662 (simulate_adaptive_control:123) [DEBUG]: τ maintained at 1 (R^2 improvement not sufficient: -3.1528 vs -3.1528)
2025-06-28 00:11:21,663 (simulate_adaptive_control:302) [INFO]: Step 100/1000, Current τ: 1, R^2[1]: -3.0558
2025-06-28 00:11:21,665 (simulate_adaptive_control:123) [DEBUG]: τ maintained at 1 (R^2 improvement not sufficient: -3.0558 vs -3.0558)
2025-06-28 00:11:21,668 (simulate_adaptive_control:123) [DEBUG]: τ maintained at 1 (R^2 improvement not sufficient: -2.9736 vs -2.9736)
2025-06-28 00:11:21,671 (simulate_adaptive_control:123) [DEBUG]: τ maintained at 1 (R^2 improvement not sufficient: -2.8887 vs -2.8887)
2025-06-28 00:11:21,674 (simulate_adaptive_control:123) [DEBUG]: τ maintained at 1 (R^2 improvement not sufficient: -2.8017 vs -2.8017)
2025-06-28 00:11:21,676 (simulate_adaptive_control:123) [DEBUG]: τ maintained at 1 (R^2 improvement not sufficient: -2.7215 vs -2.7215)
2025-06-28 00:11:21,678 (simulate_adaptive_control:123) [DEBUG]: τ maintained at 1 (R^2 improvement not sufficient: -2.6001 vs -2.6001)
2025-06-28 00:11:21,681 (simulate_adaptive_control:123) [DEBUG]: τ maintained at 1 (R^2 improvement not sufficient: -2.5489 vs -2.5489)
2025-06-28 00:11:21,684 (simulate_adaptive_control:123) [DEBUG]: τ maintained at 1 (R^2 improvement not sufficient: -2.5658 vs -2.5658)
2025-06-28 00:11:21,687 (simulate_adaptive_control:123) [DEBUG]: τ maintained at 1 (R^2 improvement not sufficient: -2.5690 vs -2.5690)
2025-06-28 00:11:21,689 (simulate_adaptive_control:123) [DEBUG]: τ maintained at 1 (R^2 improvement not sufficient: -2.5051 vs -2.5051)
2025-06-28 00:11:21,692 (simulate_adaptive_control:123) [DEBUG]: τ maintained at 1 (R^2 improvement not sufficient: -2.5441 vs -2.5441)
2025-06-28 00:11:21,694 (simulate_adaptive_control:123) [DEBUG]: τ maintained at 1 (R^2 improvement not sufficient: -2.6675 vs -2.6675)
2025-06-28 00:11:21,696 (simulate_adaptive_control:123) [DEBUG]: τ maintained at 1 (R^2 improvement not sufficient: -2.8059 vs -2.8059)
2025-06-28 00:11:21,699 (simulate_adaptive_control:123) [DEBUG]: τ maintained at 1 (R^2 improvement not sufficient: -2.9785 vs -2.9785)
2025-06-28 00:11:21,701 (simulate_adaptive_control:123) [DEBUG]: τ maintained at 1 (R^2 improvement not sufficient: -3.1834 vs -3.1834)
2025-06-28 00:11:21,704 (simulate_adaptive_control:123) [DEBUG]: τ maintained at 1 (R^2 improvement not sufficient: -3.5016 vs -3.5016)
2025-06-28 00:11:21,706 (simulate_adaptive_control:123) [DEBUG]: τ maintained at 1 (R^2 improvement not sufficient: -3.9139 vs -3.9139)
2025-06-28 00:11:21,709 (simulate_adaptive_control:123) [DEBUG]: τ maintained at 1 (R^2 improvement not sufficient: -4.3965 vs -4.3965)
2025-06-28 00:11:21,711 (simulate_adaptive_control:123) [DEBUG]: τ maintained at 1 (R^2 improvement not sufficient: -4.8291 vs -4.8291)
2025-06-28 00:11:21,714 (simulate_adaptive_control:123) [DEBUG]: τ maintained at 1 (R^2 improvement not sufficient: -5.2433 vs -5.2433)
2025-06-28 00:11:21,717 (simulate_adaptive_control:123) [DEBUG]: τ maintained at 1 (R^2 improvement not sufficient: -5.6031 vs -5.6031)
2025-06-28 00:11:21,719 (simulate_adaptive_control:123) [DEBUG]: τ maintained at 1 (R^2 improvement not sufficient: -5.8219 vs -5.8219)
2025-06-28 00:11:21,722 (simulate_adaptive_control:123) [DEBUG]: τ maintained at 1 (R^2 improvement not sufficient: -5.9253 vs -5.9253)
2025-06-28 00:11:21,724 (simulate_adaptive_control:123) [DEBUG]: τ maintained at 1 (R^2 improvement not sufficient: -5.8810 vs -5.8810)
2025-06-28 00:11:21,727 (simulate_adaptive_control:123) [DEBUG]: τ maintained at 1 (R^2 improvement not sufficient: -5.6129 vs -5.6129)
2025-06-28 00:11:21,729 (simulate_adaptive_control:123) [DEBUG]: τ maintained at 1 (R^2 improvement not sufficient: -5.5160 vs -5.5160)
2025-06-28 00:11:21,732 (simulate_adaptive_control:123) [DEBUG]: τ maintained at 1 (R^2 improvement not sufficient: -5.4389 vs -5.4389)
2025-06-28 00:11:21,735 (simulate_adaptive_control:123) [DEBUG]: τ maintained at 1 (R^2 improvement not sufficient: -5.2273 vs -5.2273)
2025-06-28 00:11:21,737 (simulate_adaptive_control:123) [DEBUG]: τ maintained at 1 (R^2 improvement not sufficient: -4.8943 vs -4.8943)
2025-06-28 00:11:21,740 (simulate_adaptive_control:123) [DEBUG]: τ maintained at 1 (R^2 improvement not sufficient: -4.5087 vs -4.5087)
2025-06-28 00:11:21,742 (simulate_adaptive_control:123) [DEBUG]: τ maintained at 1 (R^2 improvement not sufficient: -4.2367 vs -4.2367)
2025-06-28 00:11:21,745 (simulate_adaptive_control:123) [DEBUG]: τ maintained at 1 (R^2 improvement not sufficient: -3.9143 vs -3.9143)
2025-06-28 00:11:21,748 (simulate_adaptive_control:123) [DEBUG]: τ maintained at 1 (R^2 improvement not sufficient: -3.5854 vs -3.5854)
2025-06-28 00:11:21,750 (simulate_adaptive_control:123) [DEBUG]: τ maintained at 1 (R^2 improvement not sufficient: -3.2914 vs -3.2914)
2025-06-28 00:11:21,753 (simulate_adaptive_control:123) [DEBUG]: τ maintained at 1 (R^2 improvement not sufficient: -3.0589 vs -3.0589)
2025-06-28 00:11:21,755 (simulate_adaptive_control:123) [DEBUG]: τ maintained at 1 (R^2 improvement not sufficient: -2.7925 vs -2.7925)
2025-06-28 00:11:21,758 (simulate_adaptive_control:123) [DEBUG]: τ maintained at 1 (R^2 improvement not sufficient: -2.7320 vs -2.7320)
2025-06-28 00:11:21,760 (simulate_adaptive_control:123) [DEBUG]: τ maintained at 1 (R^2 improvement not sufficient: -2.6786 vs -2.6786)
2025-06-28 00:11:21,763 (simulate_adaptive_control:123) [DEBUG]: τ maintained at 1 (R^2 improvement not sufficient: -2.6302 vs -2.6302)
2025-06-28 00:11:21,765 (simulate_adaptive_control:123) [DEBUG]: τ maintained at 1 (R^2 improvement not sufficient: -2.5887 vs -2.5887)
2025-06-28 00:11:21,768 (simulate_adaptive_control:123) [DEBUG]: τ maintained at 1 (R^2 improvement not sufficient: -2.5652 vs -2.5652)
2025-06-28 00:11:21,770 (simulate_adaptive_control:123) [DEBUG]: τ maintained at 1 (R^2 improvement not sufficient: -2.6322 vs -2.6322)
2025-06-28 00:11:21,773 (simulate_adaptive_control:123) [DEBUG]: τ maintained at 1 (R^2 improvement not sufficient: -2.6508 vs -2.6508)
2025-06-28 00:11:21,775 (simulate_adaptive_control:123) [DEBUG]: τ maintained at 1 (R^2 improvement not sufficient: -2.6827 vs -2.6827)
2025-06-28 00:11:21,778 (simulate_adaptive_control:123) [DEBUG]: τ maintained at 1 (R^2 improvement not sufficient: -2.6354 vs -2.6354)
2025-06-28 00:11:21,780 (simulate_adaptive_control:123) [DEBUG]: τ maintained at 1 (R^2 improvement not sufficient: -2.3682 vs -2.3682)
2025-06-28 00:11:21,783 (simulate_adaptive_control:123) [DEBUG]: τ maintained at 1 (R^2 improvement not sufficient: -2.4299 vs -2.4299)
2025-06-28 00:11:21,785 (simulate_adaptive_control:123) [DEBUG]: τ maintained at 1 (R^2 improvement not sufficient: -2.4768 vs -2.4768)
2025-06-28 00:11:21,788 (simulate_adaptive_control:123) [DEBUG]: τ maintained at 1 (R^2 improvement not sufficient: -2.2212 vs -2.2212)
2025-06-28 00:11:21,790 (simulate_adaptive_control:123) [DEBUG]: τ maintained at 1 (R^2 improvement not sufficient: -2.1827 vs -2.1827)
2025-06-28 00:11:21,793 (simulate_adaptive_control:123) [DEBUG]: τ maintained at 1 (R^2 improvement not sufficient: -2.2182 vs -2.2182)
2025-06-28 00:11:21,795 (simulate_adaptive_control:123) [DEBUG]: τ maintained at 1 (R^2 improvement not sufficient: -2.3214 vs -2.3214)
2025-06-28 00:11:21,798 (simulate_adaptive_control:123) [DEBUG]: τ maintained at 1 (R^2 improvement not sufficient: -2.2100 vs -2.2100)
2025-06-28 00:11:21,800 (simulate_adaptive_control:123) [DEBUG]: τ maintained at 1 (R^2 improvement not sufficient: -2.2532 vs -2.2532)
2025-06-28 00:11:21,803 (simulate_adaptive_control:123) [DEBUG]: τ maintained at 1 (R^2 improvement not sufficient: -2.2774 vs -2.2774)
2025-06-28 00:11:21,805 (simulate_adaptive_control:123) [DEBUG]: τ maintained at 1 (R^2 improvement not sufficient: -2.1684 vs -2.1684)
2025-06-28 00:11:21,808 (simulate_adaptive_control:123) [DEBUG]: τ maintained at 1 (R^2 improvement not sufficient: -2.1050 vs -2.1050)
2025-06-28 00:11:21,811 (simulate_adaptive_control:123) [DEBUG]: τ maintained at 1 (R^2 improvement not sufficient: -1.9469 vs -1.9469)
2025-06-28 00:11:21,813 (simulate_adaptive_control:123) [DEBUG]: τ maintained at 1 (R^2 improvement not sufficient: -1.8384 vs -1.8384)
2025-06-28 00:11:21,816 (simulate_adaptive_control:123) [DEBUG]: τ maintained at 1 (R^2 improvement not sufficient: -2.0789 vs -2.0789)
2025-06-28 00:11:21,818 (simulate_adaptive_control:123) [DEBUG]: τ maintained at 1 (R^2 improvement not sufficient: -2.2760 vs -2.2760)
2025-06-28 00:11:21,821 (simulate_adaptive_control:123) [DEBUG]: τ maintained at 1 (R^2 improvement not sufficient: -2.4180 vs -2.4180)
2025-06-28 00:11:21,824 (simulate_adaptive_control:123) [DEBUG]: τ maintained at 1 (R^2 improvement not sufficient: -2.5106 vs -2.5106)
2025-06-28 00:11:21,826 (simulate_adaptive_control:123) [DEBUG]: τ maintained at 1 (R^2 improvement not sufficient: -2.6038 vs -2.6038)
2025-06-28 00:11:21,829 (simulate_adaptive_control:123) [DEBUG]: τ maintained at 1 (R^2 improvement not sufficient: -2.6587 vs -2.6587)
2025-06-28 00:11:21,831 (simulate_adaptive_control:123) [DEBUG]: τ maintained at 1 (R^2 improvement not sufficient: -2.7220 vs -2.7220)
2025-06-28 00:11:21,834 (simulate_adaptive_control:123) [DEBUG]: τ maintained at 1 (R^2 improvement not sufficient: -2.7459 vs -2.7459)
2025-06-28 00:11:21,836 (simulate_adaptive_control:123) [DEBUG]: τ maintained at 1 (R^2 improvement not sufficient: -2.7812 vs -2.7812)
2025-06-28 00:11:21,839 (simulate_adaptive_control:123) [DEBUG]: τ maintained at 1 (R^2 improvement not sufficient: -2.8276 vs -2.8276)
2025-06-28 00:11:21,842 (simulate_adaptive_control:123) [DEBUG]: τ maintained at 1 (R^2 improvement not sufficient: -2.8800 vs -2.8800)
2025-06-28 00:11:21,845 (simulate_adaptive_control:123) [DEBUG]: τ maintained at 1 (R^2 improvement not sufficient: -2.8776 vs -2.8776)
2025-06-28 00:11:21,847 (simulate_adaptive_control:123) [DEBUG]: τ maintained at 1 (R^2 improvement not sufficient: -2.9890 vs -2.9890)
2025-06-28 00:11:21,850 (simulate_adaptive_control:123) [DEBUG]: τ maintained at 1 (R^2 improvement not sufficient: -3.0732 vs -3.0732)
2025-06-28 00:11:21,853 (simulate_adaptive_control:123) [DEBUG]: τ maintained at 1 (R^2 improvement not sufficient: -3.0246 vs -3.0246)
2025-06-28 00:11:21,855 (simulate_adaptive_control:123) [DEBUG]: τ maintained at 1 (R^2 improvement not sufficient: -3.0268 vs -3.0268)
2025-06-28 00:11:21,858 (simulate_adaptive_control:123) [DEBUG]: τ maintained at 1 (R^2 improvement not sufficient: -3.0064 vs -3.0064)
2025-06-28 00:11:21,860 (simulate_adaptive_control:123) [DEBUG]: τ maintained at 1 (R^2 improvement not sufficient: -3.0230 vs -3.0230)
2025-06-28 00:11:21,862 (simulate_adaptive_control:123) [DEBUG]: τ maintained at 1 (R^2 improvement not sufficient: -2.9997 vs -2.9997)
2025-06-28 00:11:21,865 (simulate_adaptive_control:123) [DEBUG]: τ maintained at 1 (R^2 improvement not sufficient: -2.9923 vs -2.9923)
2025-06-28 00:11:21,867 (simulate_adaptive_control:123) [DEBUG]: τ maintained at 1 (R^2 improvement not sufficient: -2.9673 vs -2.9673)
2025-06-28 00:11:21,870 (simulate_adaptive_control:123) [DEBUG]: τ maintained at 1 (R^2 improvement not sufficient: -2.9130 vs -2.9130)
2025-06-28 00:11:21,873 (simulate_adaptive_control:123) [DEBUG]: τ maintained at 1 (R^2 improvement not sufficient: -2.8863 vs -2.8863)
2025-06-28 00:11:21,875 (simulate_adaptive_control:123) [DEBUG]: τ maintained at 1 (R^2 improvement not sufficient: -2.8842 vs -2.8842)
2025-06-28 00:11:21,878 (simulate_adaptive_control:123) [DEBUG]: τ maintained at 1 (R^2 improvement not sufficient: -2.8836 vs -2.8836)
2025-06-28 00:11:21,880 (simulate_adaptive_control:123) [DEBUG]: τ maintained at 1 (R^2 improvement not sufficient: -2.9009 vs -2.9009)
2025-06-28 00:11:21,882 (simulate_adaptive_control:123) [DEBUG]: τ maintained at 1 (R^2 improvement not sufficient: -2.9249 vs -2.9249)
2025-06-28 00:11:21,885 (simulate_adaptive_control:123) [DEBUG]: τ maintained at 1 (R^2 improvement not sufficient: -2.8803 vs -2.8803)
2025-06-28 00:11:21,887 (simulate_adaptive_control:123) [DEBUG]: τ maintained at 1 (R^2 improvement not sufficient: -2.9085 vs -2.9085)
2025-06-28 00:11:21,890 (simulate_adaptive_control:123) [DEBUG]: τ maintained at 1 (R^2 improvement not sufficient: -2.9636 vs -2.9636)
2025-06-28 00:11:21,893 (simulate_adaptive_control:123) [DEBUG]: τ maintained at 1 (R^2 improvement not sufficient: -3.0452 vs -3.0452)
2025-06-28 00:11:21,895 (simulate_adaptive_control:123) [DEBUG]: τ maintained at 1 (R^2 improvement not sufficient: -3.0732 vs -3.0732)
2025-06-28 00:11:21,898 (simulate_adaptive_control:123) [DEBUG]: τ maintained at 1 (R^2 improvement not sufficient: -3.0874 vs -3.0874)
2025-06-28 00:11:21,900 (simulate_adaptive_control:123) [DEBUG]: τ maintained at 1 (R^2 improvement not sufficient: -3.1762 vs -3.1762)
2025-06-28 00:11:21,903 (simulate_adaptive_control:123) [DEBUG]: τ maintained at 1 (R^2 improvement not sufficient: -3.2615 vs -3.2615)
2025-06-28 00:11:21,905 (simulate_adaptive_control:123) [DEBUG]: τ maintained at 1 (R^2 improvement not sufficient: -3.3639 vs -3.3639)
2025-06-28 00:11:21,908 (simulate_adaptive_control:123) [DEBUG]: τ maintained at 1 (R^2 improvement not sufficient: -3.4481 vs -3.4481)
2025-06-28 00:11:21,910 (simulate_adaptive_control:123) [DEBUG]: τ maintained at 1 (R^2 improvement not sufficient: -3.5736 vs -3.5736)
2025-06-28 00:11:21,913 (simulate_adaptive_control:123) [DEBUG]: τ maintained at 1 (R^2 improvement not sufficient: -3.7054 vs -3.7054)
2025-06-28 00:11:21,915 (simulate_adaptive_control:123) [DEBUG]: τ maintained at 1 (R^2 improvement not sufficient: -3.8348 vs -3.8348)
2025-06-28 00:11:21,918 (simulate_adaptive_control:123) [DEBUG]: τ maintained at 1 (R^2 improvement not sufficient: -4.0484 vs -4.0484)
2025-06-28 00:11:21,919 (simulate_adaptive_control:302) [INFO]: Step 200/1000, Current τ: 1, R^2[1]: -4.2971
2025-06-28 00:11:21,921 (simulate_adaptive_control:123) [DEBUG]: τ maintained at 1 (R^2 improvement not sufficient: -4.2971 vs -4.2971)
2025-06-28 00:11:21,923 (simulate_adaptive_control:123) [DEBUG]: τ maintained at 1 (R^2 improvement not sufficient: -4.6668 vs -4.6668)
2025-06-28 00:11:21,926 (simulate_adaptive_control:123) [DEBUG]: τ maintained at 1 (R^2 improvement not sufficient: -5.0403 vs -5.0403)
2025-06-28 00:11:21,929 (simulate_adaptive_control:123) [DEBUG]: τ maintained at 1 (R^2 improvement not sufficient: -5.4568 vs -5.4568)
2025-06-28 00:11:21,931 (simulate_adaptive_control:123) [DEBUG]: τ maintained at 1 (R^2 improvement not sufficient: -5.8783 vs -5.8783)
2025-06-28 00:11:21,934 (simulate_adaptive_control:123) [DEBUG]: τ maintained at 1 (R^2 improvement not sufficient: -6.2533 vs -6.2533)
2025-06-28 00:11:21,937 (simulate_adaptive_control:123) [DEBUG]: τ maintained at 1 (R^2 improvement not sufficient: -6.5860 vs -6.5860)
2025-06-28 00:11:21,939 (simulate_adaptive_control:123) [DEBUG]: τ maintained at 1 (R^2 improvement not sufficient: -6.9718 vs -6.9718)
2025-06-28 00:11:21,942 (simulate_adaptive_control:123) [DEBUG]: τ maintained at 1 (R^2 improvement not sufficient: -7.1349 vs -7.1349)
2025-06-28 00:11:21,945 (simulate_adaptive_control:123) [DEBUG]: τ maintained at 1 (R^2 improvement not sufficient: -7.2195 vs -7.2195)
2025-06-28 00:11:21,947 (simulate_adaptive_control:123) [DEBUG]: τ maintained at 1 (R^2 improvement not sufficient: -7.3105 vs -7.3105)
2025-06-28 00:11:21,950 (simulate_adaptive_control:123) [DEBUG]: τ maintained at 1 (R^2 improvement not sufficient: -7.4547 vs -7.4547)
2025-06-28 00:11:21,952 (simulate_adaptive_control:123) [DEBUG]: τ maintained at 1 (R^2 improvement not sufficient: -7.4714 vs -7.4714)
2025-06-28 00:11:21,955 (simulate_adaptive_control:123) [DEBUG]: τ maintained at 1 (R^2 improvement not sufficient: -7.4897 vs -7.4897)
2025-06-28 00:11:21,958 (simulate_adaptive_control:123) [DEBUG]: τ maintained at 1 (R^2 improvement not sufficient: -7.5275 vs -7.5275)
2025-06-28 00:11:21,961 (simulate_adaptive_control:123) [DEBUG]: τ maintained at 1 (R^2 improvement not sufficient: -7.5757 vs -7.5757)
2025-06-28 00:11:21,963 (simulate_adaptive_control:123) [DEBUG]: τ maintained at 1 (R^2 improvement not sufficient: -7.6497 vs -7.6497)
2025-06-28 00:11:21,966 (simulate_adaptive_control:123) [DEBUG]: τ maintained at 1 (R^2 improvement not sufficient: -7.7230 vs -7.7230)
2025-06-28 00:11:21,969 (simulate_adaptive_control:123) [DEBUG]: τ maintained at 1 (R^2 improvement not sufficient: -7.7276 vs -7.7276)
2025-06-28 00:11:21,972 (simulate_adaptive_control:123) [DEBUG]: τ maintained at 1 (R^2 improvement not sufficient: -7.7199 vs -7.7199)
2025-06-28 00:11:21,975 (simulate_adaptive_control:123) [DEBUG]: τ maintained at 1 (R^2 improvement not sufficient: -7.7073 vs -7.7073)
2025-06-28 00:11:21,977 (simulate_adaptive_control:123) [DEBUG]: τ maintained at 1 (R^2 improvement not sufficient: -7.7012 vs -7.7012)
2025-06-28 00:11:21,980 (simulate_adaptive_control:123) [DEBUG]: τ maintained at 1 (R^2 improvement not sufficient: -7.7035 vs -7.7035)
2025-06-28 00:11:21,983 (simulate_adaptive_control:123) [DEBUG]: τ maintained at 1 (R^2 improvement not sufficient: -7.7386 vs -7.7386)
2025-06-28 00:11:21,986 (simulate_adaptive_control:123) [DEBUG]: τ maintained at 1 (R^2 improvement not sufficient: -7.8003 vs -7.8003)
2025-06-28 00:11:21,989 (simulate_adaptive_control:123) [DEBUG]: τ maintained at 1 (R^2 improvement not sufficient: -7.9104 vs -7.9104)
2025-06-28 00:11:21,992 (simulate_adaptive_control:123) [DEBUG]: τ maintained at 1 (R^2 improvement not sufficient: -7.9925 vs -7.9925)
2025-06-28 00:11:21,994 (simulate_adaptive_control:123) [DEBUG]: τ maintained at 1 (R^2 improvement not sufficient: -8.2218 vs -8.2218)
2025-06-28 00:11:21,997 (simulate_adaptive_control:123) [DEBUG]: τ maintained at 1 (R^2 improvement not sufficient: -8.5138 vs -8.5138)
2025-06-28 00:11:21,999 (simulate_adaptive_control:123) [DEBUG]: τ maintained at 1 (R^2 improvement not sufficient: -8.9551 vs -8.9551)
2025-06-28 00:11:22,002 (simulate_adaptive_control:123) [DEBUG]: τ maintained at 1 (R^2 improvement not sufficient: -9.5423 vs -9.5423)
2025-06-28 00:11:22,004 (simulate_adaptive_control:123) [DEBUG]: τ maintained at 1 (R^2 improvement not sufficient: -10.3853 vs -10.3853)
2025-06-28 00:11:22,007 (simulate_adaptive_control:123) [DEBUG]: τ maintained at 1 (R^2 improvement not sufficient: -11.4480 vs -11.4480)
2025-06-28 00:11:22,009 (simulate_adaptive_control:123) [DEBUG]: τ maintained at 1 (R^2 improvement not sufficient: -12.8421 vs -12.8421)
2025-06-28 00:11:22,011 (simulate_adaptive_control:123) [DEBUG]: τ maintained at 1 (R^2 improvement not sufficient: -14.3863 vs -14.3863)
2025-06-28 00:11:22,014 (simulate_adaptive_control:123) [DEBUG]: τ maintained at 1 (R^2 improvement not sufficient: -16.1003 vs -16.1003)
2025-06-28 00:11:22,017 (simulate_adaptive_control:123) [DEBUG]: τ maintained at 1 (R^2 improvement not sufficient: -17.5332 vs -17.5332)
2025-06-28 00:11:22,019 (simulate_adaptive_control:123) [DEBUG]: τ maintained at 1 (R^2 improvement not sufficient: -18.7905 vs -18.7905)
2025-06-28 00:11:22,022 (simulate_adaptive_control:123) [DEBUG]: τ maintained at 1 (R^2 improvement not sufficient: -19.8666 vs -19.8666)
2025-06-28 00:11:22,024 (simulate_adaptive_control:123) [DEBUG]: τ maintained at 1 (R^2 improvement not sufficient: -20.4587 vs -20.4587)
2025-06-28 00:11:22,027 (simulate_adaptive_control:123) [DEBUG]: τ maintained at 1 (R^2 improvement not sufficient: -20.9475 vs -20.9475)
2025-06-28 00:11:22,029 (simulate_adaptive_control:123) [DEBUG]: τ maintained at 1 (R^2 improvement not sufficient: -21.1144 vs -21.1144)
2025-06-28 00:11:22,031 (simulate_adaptive_control:123) [DEBUG]: τ maintained at 1 (R^2 improvement not sufficient: -21.1902 vs -21.1902)
2025-06-28 00:11:22,034 (simulate_adaptive_control:123) [DEBUG]: τ maintained at 1 (R^2 improvement not sufficient: -21.0886 vs -21.0886)
2025-06-28 00:11:22,036 (simulate_adaptive_control:123) [DEBUG]: τ maintained at 1 (R^2 improvement not sufficient: -20.5977 vs -20.5977)
2025-06-28 00:11:22,039 (simulate_adaptive_control:123) [DEBUG]: τ maintained at 1 (R^2 improvement not sufficient: -19.8026 vs -19.8026)
2025-06-28 00:11:22,041 (simulate_adaptive_control:123) [DEBUG]: τ maintained at 1 (R^2 improvement not sufficient: -19.1951 vs -19.1951)
2025-06-28 00:11:22,044 (simulate_adaptive_control:123) [DEBUG]: τ maintained at 1 (R^2 improvement not sufficient: -18.2597 vs -18.2597)
2025-06-28 00:11:22,047 (simulate_adaptive_control:123) [DEBUG]: τ maintained at 1 (R^2 improvement not sufficient: -17.4694 vs -17.4694)
2025-06-28 00:11:22,050 (simulate_adaptive_control:123) [DEBUG]: τ maintained at 1 (R^2 improvement not sufficient: -16.5402 vs -16.5402)
2025-06-28 00:11:22,053 (simulate_adaptive_control:123) [DEBUG]: τ maintained at 1 (R^2 improvement not sufficient: -15.8718 vs -15.8718)
2025-06-28 00:11:22,055 (simulate_adaptive_control:123) [DEBUG]: τ maintained at 1 (R^2 improvement not sufficient: -15.2910 vs -15.2910)
2025-06-28 00:11:22,058 (simulate_adaptive_control:123) [DEBUG]: τ maintained at 1 (R^2 improvement not sufficient: -14.9981 vs -14.9981)
2025-06-28 00:11:22,060 (simulate_adaptive_control:123) [DEBUG]: τ maintained at 1 (R^2 improvement not sufficient: -15.0295 vs -15.0295)
2025-06-28 00:11:22,063 (simulate_adaptive_control:123) [DEBUG]: τ maintained at 1 (R^2 improvement not sufficient: -15.2145 vs -15.2145)
2025-06-28 00:11:22,066 (simulate_adaptive_control:123) [DEBUG]: τ maintained at 1 (R^2 improvement not sufficient: -16.0067 vs -16.0067)
2025-06-28 00:11:22,068 (simulate_adaptive_control:123) [DEBUG]: τ maintained at 1 (R^2 improvement not sufficient: -16.9311 vs -16.9311)
2025-06-28 00:11:22,071 (simulate_adaptive_control:123) [DEBUG]: τ maintained at 1 (R^2 improvement not sufficient: -17.9281 vs -17.9281)
2025-06-28 00:11:22,074 (simulate_adaptive_control:123) [DEBUG]: τ maintained at 1 (R^2 improvement not sufficient: -18.8898 vs -18.8898)
2025-06-28 00:11:22,076 (simulate_adaptive_control:123) [DEBUG]: τ maintained at 1 (R^2 improvement not sufficient: -18.6592 vs -18.6592)
2025-06-28 00:11:22,079 (simulate_adaptive_control:123) [DEBUG]: τ maintained at 1 (R^2 improvement not sufficient: -18.1824 vs -18.1824)
2025-06-28 00:11:22,082 (simulate_adaptive_control:123) [DEBUG]: τ maintained at 1 (R^2 improvement not sufficient: -17.5675 vs -17.5675)
2025-06-28 00:11:22,084 (simulate_adaptive_control:123) [DEBUG]: τ maintained at 1 (R^2 improvement not sufficient: -16.7888 vs -16.7888)
2025-06-28 00:11:22,086 (simulate_adaptive_control:123) [DEBUG]: τ maintained at 1 (R^2 improvement not sufficient: -15.8996 vs -15.8996)
2025-06-28 00:11:22,089 (simulate_adaptive_control:123) [DEBUG]: τ maintained at 1 (R^2 improvement not sufficient: -14.9840 vs -14.9840)
2025-06-28 00:11:22,092 (simulate_adaptive_control:123) [DEBUG]: τ maintained at 1 (R^2 improvement not sufficient: -14.1781 vs -14.1781)
2025-06-28 00:11:22,094 (simulate_adaptive_control:123) [DEBUG]: τ maintained at 1 (R^2 improvement not sufficient: -13.7649 vs -13.7649)
2025-06-28 00:11:22,097 (simulate_adaptive_control:123) [DEBUG]: τ maintained at 1 (R^2 improvement not sufficient: -13.2659 vs -13.2659)
2025-06-28 00:11:22,099 (simulate_adaptive_control:123) [DEBUG]: τ maintained at 1 (R^2 improvement not sufficient: -12.9492 vs -12.9492)
2025-06-28 00:11:22,102 (simulate_adaptive_control:123) [DEBUG]: τ maintained at 1 (R^2 improvement not sufficient: -12.8280 vs -12.8280)
2025-06-28 00:11:22,104 (simulate_adaptive_control:123) [DEBUG]: τ maintained at 1 (R^2 improvement not sufficient: -12.7846 vs -12.7846)
2025-06-28 00:11:22,107 (simulate_adaptive_control:123) [DEBUG]: τ maintained at 1 (R^2 improvement not sufficient: -12.8247 vs -12.8247)
2025-06-28 00:11:22,110 (simulate_adaptive_control:123) [DEBUG]: τ maintained at 1 (R^2 improvement not sufficient: -13.0754 vs -13.0754)
2025-06-28 00:11:22,113 (simulate_adaptive_control:123) [DEBUG]: τ maintained at 1 (R^2 improvement not sufficient: -13.3253 vs -13.3253)
2025-06-28 00:11:22,115 (simulate_adaptive_control:123) [DEBUG]: τ maintained at 1 (R^2 improvement not sufficient: -13.5890 vs -13.5890)
2025-06-28 00:11:22,118 (simulate_adaptive_control:123) [DEBUG]: τ maintained at 1 (R^2 improvement not sufficient: -14.1311 vs -14.1311)
2025-06-28 00:11:22,120 (simulate_adaptive_control:123) [DEBUG]: τ maintained at 1 (R^2 improvement not sufficient: -14.4782 vs -14.4782)
2025-06-28 00:11:22,123 (simulate_adaptive_control:123) [DEBUG]: τ maintained at 1 (R^2 improvement not sufficient: -14.7115 vs -14.7115)
2025-06-28 00:11:22,125 (simulate_adaptive_control:123) [DEBUG]: τ maintained at 1 (R^2 improvement not sufficient: -14.9122 vs -14.9122)
2025-06-28 00:11:22,128 (simulate_adaptive_control:123) [DEBUG]: τ maintained at 1 (R^2 improvement not sufficient: -15.0614 vs -15.0614)
2025-06-28 00:11:22,131 (simulate_adaptive_control:123) [DEBUG]: τ maintained at 1 (R^2 improvement not sufficient: -15.1905 vs -15.1905)
2025-06-28 00:11:22,133 (simulate_adaptive_control:123) [DEBUG]: τ maintained at 1 (R^2 improvement not sufficient: -15.3895 vs -15.3895)
2025-06-28 00:11:22,136 (simulate_adaptive_control:123) [DEBUG]: τ maintained at 1 (R^2 improvement not sufficient: -15.5162 vs -15.5162)
2025-06-28 00:11:22,138 (simulate_adaptive_control:123) [DEBUG]: τ maintained at 1 (R^2 improvement not sufficient: -15.5553 vs -15.5553)
2025-06-28 00:11:22,141 (simulate_adaptive_control:123) [DEBUG]: τ maintained at 1 (R^2 improvement not sufficient: -15.5930 vs -15.5930)
2025-06-28 00:11:22,143 (simulate_adaptive_control:123) [DEBUG]: τ maintained at 1 (R^2 improvement not sufficient: -15.5811 vs -15.5811)
2025-06-28 00:11:22,146 (simulate_adaptive_control:123) [DEBUG]: τ maintained at 1 (R^2 improvement not sufficient: -15.5248 vs -15.5248)
2025-06-28 00:11:22,149 (simulate_adaptive_control:123) [DEBUG]: τ maintained at 1 (R^2 improvement not sufficient: -15.5254 vs -15.5254)
2025-06-28 00:11:22,151 (simulate_adaptive_control:123) [DEBUG]: τ maintained at 1 (R^2 improvement not sufficient: -15.5086 vs -15.5086)
2025-06-28 00:11:22,154 (simulate_adaptive_control:123) [DEBUG]: τ maintained at 1 (R^2 improvement not sufficient: -15.5202 vs -15.5202)
2025-06-28 00:11:22,157 (simulate_adaptive_control:123) [DEBUG]: τ maintained at 1 (R^2 improvement not sufficient: -15.5241 vs -15.5241)
2025-06-28 00:11:22,160 (simulate_adaptive_control:123) [DEBUG]: τ maintained at 1 (R^2 improvement not sufficient: -15.6190 vs -15.6190)
2025-06-28 00:11:22,162 (simulate_adaptive_control:123) [DEBUG]: τ maintained at 1 (R^2 improvement not sufficient: -15.4919 vs -15.4919)
2025-06-28 00:11:22,165 (simulate_adaptive_control:123) [DEBUG]: τ maintained at 1 (R^2 improvement not sufficient: -15.3520 vs -15.3520)
2025-06-28 00:11:22,167 (simulate_adaptive_control:123) [DEBUG]: τ maintained at 1 (R^2 improvement not sufficient: -15.0975 vs -15.0975)
2025-06-28 00:11:22,170 (simulate_adaptive_control:123) [DEBUG]: τ maintained at 1 (R^2 improvement not sufficient: -14.8306 vs -14.8306)
2025-06-28 00:11:22,173 (simulate_adaptive_control:123) [DEBUG]: τ maintained at 1 (R^2 improvement not sufficient: -14.5341 vs -14.5341)
2025-06-28 00:11:22,175 (simulate_adaptive_control:123) [DEBUG]: τ maintained at 1 (R^2 improvement not sufficient: -14.2524 vs -14.2524)
2025-06-28 00:11:22,177 (simulate_adaptive_control:123) [DEBUG]: τ maintained at 1 (R^2 improvement not sufficient: -13.9781 vs -13.9781)
2025-06-28 00:11:22,178 (simulate_adaptive_control:257) [INFO]: End of reference trajectory (or look-ahead range) reached. Stopping simulation.
2025-06-28 00:11:22,178 (simulate_adaptive_control:304) [INFO]: Simulation finished.
2025-06-28 00:11:22,217 (simulate_adaptive_control:310) [INFO]: Simulation results saved to data/simulate_adaptive_control/adaptive_simulation/20250628T001121/adaptive_simulation_results.csv
