2025-06-28 20:24:28,352 (event_logging:164) [DEBUG]: Start event logging
2025-06-28 20:24:28,352 (event_logging:165) [DEBUG]: Logger name: __main__
2025-06-28 20:24:28,353 (event_logging:166) [DEBUG]: Log filename: /mnt/c/Users/HosodaLab2/OneDrive - Kyoto University/University/Reserch/reservoir/affeto/affetto-nn-ctrl-7090826/data/trained_model/train_adaptive/20250628T202428/train_model.log
2025-06-28 20:24:28,353 (event_logging:168) [DEBUG]: Command: python apps/train_model.py -v ../20241203T144115/step/sync/fast -j 5 --train-size 0.25 --seed 42 -m apps/config/adaptive_model.toml --label train_adaptive
2025-06-28 20:24:28,354 (train_model:257) [INFO]: Output directory: /mnt/c/Users/HosodaLab2/OneDrive - Kyoto University/University/Reserch/reservoir/affeto/affetto-nn-ctrl-7090826/data/trained_model/train_adaptive/20250628T202428
2025-06-28 20:24:28,354 (data_handling:162) [DEBUG]: Directory created: /mnt/c/Users/HosodaLab2/OneDrive - Kyoto University/University/Reserch/reservoir/affeto/affetto-nn-ctrl-7090826/data/trained_model/train_adaptive/20250628T202428
2025-06-28 20:24:28,357 (data_handling:152) [DEBUG]: Symlink created: /mnt/c/Users/HosodaLab2/OneDrive - Kyoto University/University/Reserch/reservoir/affeto/affetto-nn-ctrl-7090826/data/trained_model/train_adaptive/latest -> /mnt/c/Users/HosodaLab2/OneDrive - Kyoto University/University/Reserch/reservoir/affeto/affetto-nn-ctrl-7090826/data/trained_model/train_adaptive/20250628T202428
2025-06-28 20:24:28,358 (data_handling:162) [DEBUG]: Directory created: /mnt/c/Users/HosodaLab2/OneDrive - Kyoto University/University/Reserch/reservoir/affeto/affetto-nn-ctrl-7090826/data/trained_model/train_adaptive/20250628T202428/config
2025-06-28 20:24:28,369 (data_handling:180) [DEBUG]: Model config copied: None -> /mnt/c/Users/HosodaLab2/OneDrive - Kyoto University/University/Reserch/reservoir/affeto/affetto-nn-ctrl-7090826/data/trained_model/train_adaptive/20250628T202428/config
2025-06-28 20:24:28,369 (train_model:260) [DEBUG]: Parsed arguments: Namespace(base_dir='/mnt/c/Users/HosodaLab2/OneDrive - Kyoto University/University/Reserch/reservoir/affeto/affetto-nn-ctrl-7090826/data', joints=['5'], datasets=['../20241203T144115/step/sync/fast'], glob_pattern='**/*.csv', train_size=0.25, test_size=None, seed=42, shuffle=True, split_in_each_directory=False, model_config='apps/config/adaptive_model.toml', adapter=None, scaler=None, regressor=None, output=None, output_prefix='trained_model', overwrite=False, label='train_adaptive', sublabel=None, split_by_date=True, specify_date=None, make_latest_symlink=True, verbose=1)
2025-06-28 20:24:28,369 (train_model:58) [DEBUG]: Resolved active joints: [5]
2025-06-28 20:24:28,372 (train_model:62) [DEBUG]: Model config file loaded: apps/config/adaptive_model.toml
2025-06-28 20:24:28,372 (train_model:65) [DEBUG]: Loading datasets with following condition:
2025-06-28 20:24:28,373 (train_model:66) [DEBUG]:      Path list: ['../20241203T144115/step/sync/fast']
2025-06-28 20:24:28,373 (train_model:67) [DEBUG]:   glob pattern: **/*.csv
2025-06-28 20:24:28,391 (model_utility:674) [DEBUG]: Loading datasets from ['../20241203T144115/step/sync/fast/motion_data_058.csv', '../20241203T144115/step/sync/fast/motion_data_074.csv', '../20241203T144115/step/sync/fast/motion_data_088.csv', '../20241203T144115/step/sync/fast/motion_data_098.csv', '../20241203T144115/step/sync/fast/motion_data_054.csv', '../20241203T144115/step/sync/fast/motion_data_049.csv', '../20241203T144115/step/sync/fast/motion_data_006.csv', '../20241203T144115/step/sync/fast/motion_data_090.csv', '../20241203T144115/step/sync/fast/motion_data_011.csv', '../20241203T144115/step/sync/fast/motion_data_085.csv', '../20241203T144115/step/sync/fast/motion_data_041.csv', '../20241203T144115/step/sync/fast/motion_data_022.csv', '../20241203T144115/step/sync/fast/motion_data_019.csv', '../20241203T144115/step/sync/fast/motion_data_035.csv', '../20241203T144115/step/sync/fast/motion_data_064.csv', '../20241203T144115/step/sync/fast/motion_data_047.csv', '../20241203T144115/step/sync/fast/motion_data_012.csv', '../20241203T144115/step/sync/fast/motion_data_053.csv', '../20241203T144115/step/sync/fast/motion_data_014.csv', '../20241203T144115/step/sync/fast/motion_data_013.csv', '../20241203T144115/step/sync/fast/motion_data_066.csv', '../20241203T144115/step/sync/fast/motion_data_036.csv', '../20241203T144115/step/sync/fast/motion_data_065.csv', '../20241203T144115/step/sync/fast/motion_data_077.csv', '../20241203T144115/step/sync/fast/motion_data_008.csv']
2025-06-28 20:24:29,632 (model_utility:678) [INFO]: 25 datasets loaded in total
2025-06-28 20:24:29,632 (model_utility:595) [DEBUG]: Loaded data adapter: SingleShotMultiHorizonHandler(SingleShotMultiHorizonParams(active_joints=[5], dt=0.03333333333, ctrl_step=1, min_preview_step=1, max_preview_step=20))
2025-06-28 20:24:29,632 (model_utility:605) [DEBUG]: Loaded scaler: StandardScaler()
2025-06-28 20:24:29,636 (model_utility:613) [DEBUG]: Loaded regressor: MLPRegressor(activation='tanh', hidden_layer_sizes=(100, 100), max_iter=2000)
2025-06-28 20:24:29,636 (train_model:82) [INFO]: Training model...
2025-06-28 20:24:29,651 (model_utility:700) [DEBUG]: Loaded dataset: ../20241203T144115/step/sync/fast/motion_data_064.csv
2025-06-28 20:24:29,661 (model_utility:700) [DEBUG]: Loaded dataset: ../20241203T144115/step/sync/fast/motion_data_019.csv
2025-06-28 20:24:29,672 (model_utility:700) [DEBUG]: Loaded dataset: ../20241203T144115/step/sync/fast/motion_data_077.csv
2025-06-28 20:24:29,682 (model_utility:700) [DEBUG]: Loaded dataset: ../20241203T144115/step/sync/fast/motion_data_013.csv
2025-06-28 20:24:29,696 (model_utility:700) [DEBUG]: Loaded dataset: ../20241203T144115/step/sync/fast/motion_data_054.csv
2025-06-28 20:24:29,707 (model_utility:700) [DEBUG]: Loaded dataset: ../20241203T144115/step/sync/fast/motion_data_088.csv
2025-06-28 20:24:29,721 (model_utility:700) [DEBUG]: Loaded dataset: ../20241203T144115/step/sync/fast/motion_data_085.csv
2025-06-28 20:24:29,734 (model_utility:700) [DEBUG]: Loaded dataset: ../20241203T144115/step/sync/fast/motion_data_036.csv
2025-06-28 20:24:29,749 (model_utility:700) [DEBUG]: Loaded dataset: ../20241203T144115/step/sync/fast/motion_data_065.csv
2025-06-28 20:24:29,762 (model_utility:700) [DEBUG]: Loaded dataset: ../20241203T144115/step/sync/fast/motion_data_049.csv
2025-06-28 20:24:29,777 (model_utility:700) [DEBUG]: Loaded dataset: ../20241203T144115/step/sync/fast/motion_data_006.csv
2025-06-28 20:24:29,787 (model_utility:700) [DEBUG]: Loaded dataset: ../20241203T144115/step/sync/fast/motion_data_098.csv
2025-06-28 20:24:29,799 (model_utility:700) [DEBUG]: Loaded dataset: ../20241203T144115/step/sync/fast/motion_data_053.csv
2025-06-28 20:24:29,810 (model_utility:700) [DEBUG]: Loaded dataset: ../20241203T144115/step/sync/fast/motion_data_058.csv
2025-06-28 20:24:29,825 (model_utility:700) [DEBUG]: Loaded dataset: ../20241203T144115/step/sync/fast/motion_data_014.csv
2025-06-28 20:24:29,836 (model_utility:700) [DEBUG]: Loaded dataset: ../20241203T144115/step/sync/fast/motion_data_022.csv
2025-06-28 20:24:29,851 (model_utility:700) [DEBUG]: Loaded dataset: ../20241203T144115/step/sync/fast/motion_data_047.csv
2025-06-28 20:24:29,863 (model_utility:700) [DEBUG]: Loaded dataset: ../20241203T144115/step/sync/fast/motion_data_090.csv
2025-06-28 20:24:29,863 (model_utility:746) [DEBUG]: x_train.shape = (32058, 24)
2025-06-28 20:24:29,864 (model_utility:747) [DEBUG]: y_train.shape = (32058, 40)
2025-06-28 20:25:57,402 (model_utility:754) [INFO]: Finding best initial tau from validation set...
2025-06-28 20:25:57,413 (model_utility:700) [DEBUG]: Loaded dataset: ../20241203T144115/step/sync/fast/motion_data_074.csv
2025-06-28 20:25:57,422 (model_utility:700) [DEBUG]: Loaded dataset: ../20241203T144115/step/sync/fast/motion_data_066.csv
2025-06-28 20:25:57,431 (model_utility:700) [DEBUG]: Loaded dataset: ../20241203T144115/step/sync/fast/motion_data_035.csv
2025-06-28 20:25:57,441 (model_utility:700) [DEBUG]: Loaded dataset: ../20241203T144115/step/sync/fast/motion_data_008.csv
2025-06-28 20:25:57,453 (model_utility:700) [DEBUG]: Loaded dataset: ../20241203T144115/step/sync/fast/motion_data_012.csv
2025-06-28 20:25:57,466 (model_utility:700) [DEBUG]: Loaded dataset: ../20241203T144115/step/sync/fast/motion_data_011.csv
2025-06-28 20:25:57,476 (model_utility:700) [DEBUG]: Loaded dataset: ../20241203T144115/step/sync/fast/motion_data_041.csv
2025-06-28 20:25:57,550 (model_utility:773) [INFO]:   - R^2 score for tau=1: 0.9450
2025-06-28 20:25:57,555 (model_utility:773) [INFO]:   - R^2 score for tau=2: 0.9481
2025-06-28 20:25:57,556 (model_utility:773) [INFO]:   - R^2 score for tau=3: 0.9484
2025-06-28 20:25:57,557 (model_utility:773) [INFO]:   - R^2 score for tau=4: 0.9495
2025-06-28 20:25:57,559 (model_utility:773) [INFO]:   - R^2 score for tau=5: 0.9494
2025-06-28 20:25:57,560 (model_utility:773) [INFO]:   - R^2 score for tau=6: 0.9503
2025-06-28 20:25:57,561 (model_utility:773) [INFO]:   - R^2 score for tau=7: 0.9488
2025-06-28 20:25:57,563 (model_utility:773) [INFO]:   - R^2 score for tau=8: 0.9486
2025-06-28 20:25:57,564 (model_utility:773) [INFO]:   - R^2 score for tau=9: 0.9484
2025-06-28 20:25:57,565 (model_utility:773) [INFO]:   - R^2 score for tau=10: 0.9478
2025-06-28 20:25:57,566 (model_utility:773) [INFO]:   - R^2 score for tau=11: 0.9490
2025-06-28 20:25:57,567 (model_utility:773) [INFO]:   - R^2 score for tau=12: 0.9487
2025-06-28 20:25:57,568 (model_utility:773) [INFO]:   - R^2 score for tau=13: 0.9433
2025-06-28 20:25:57,570 (model_utility:773) [INFO]:   - R^2 score for tau=14: 0.9190
2025-06-28 20:25:57,571 (model_utility:773) [INFO]:   - R^2 score for tau=15: 0.8516
2025-06-28 20:25:57,572 (model_utility:773) [INFO]:   - R^2 score for tau=16: 0.7621
2025-06-28 20:25:57,574 (model_utility:773) [INFO]:   - R^2 score for tau=17: 0.6744
2025-06-28 20:25:57,575 (model_utility:773) [INFO]:   - R^2 score for tau=18: 0.5921
2025-06-28 20:25:57,576 (model_utility:773) [INFO]:   - R^2 score for tau=19: 0.5138
2025-06-28 20:25:57,577 (model_utility:773) [INFO]:   - R^2 score for tau=20: 0.4396
2025-06-28 20:25:57,577 (model_utility:777) [INFO]: Best initial tau found: 6 (score: 0.9503)
2025-06-28 20:25:57,579 (train_model:84) [DEBUG]: Training has done
2025-06-28 20:25:57,602 (train_model:99) [INFO]: Trained model saved: /mnt/c/Users/HosodaLab2/OneDrive - Kyoto University/University/Reserch/reservoir/affeto/affetto-nn-ctrl-7090826/data/trained_model/train_adaptive/20250628T202428/trained_model.joblib
