2025-06-28 20:03:09,149 (event_logging:164) [DEBUG]: Start event logging
2025-06-28 20:03:09,150 (event_logging:165) [DEBUG]: Logger name: __main__
2025-06-28 20:03:09,150 (event_logging:166) [DEBUG]: Log filename: data/simulate_adaptive_control/adaptive_simulation/20250628T200309/simulate_adaptive_control.log
2025-06-28 20:03:09,150 (event_logging:168) [DEBUG]: Command: python apps/simulate_adaptive_control.py data/trained_model/train_adaptive/20250628T181101/trained_model.joblib -r ../20241203T144115/step/sync/fast/motion_data_059.csv -c apps/config/adaptive_model.toml --active-joints 5 --max-steps 1000
2025-06-28 20:03:09,151 (data_handling:162) [DEBUG]: Directory created: data/simulate_adaptive_control/adaptive_simulation/20250628T200309/config
2025-06-28 20:03:09,160 (data_handling:180) [DEBUG]: Model config copied: None -> data/simulate_adaptive_control/adaptive_simulation/20250628T200309/config
2025-06-28 20:03:09,160 (simulate_adaptive_control:243) [INFO]: Config: apps/config/adaptive_model.toml
2025-06-28 20:03:09,161 (simulate_adaptive_control:244) [INFO]: Output directory: data/simulate_adaptive_control/adaptive_simulation/20250628T200309
2025-06-28 20:03:09,161 (simulate_adaptive_control:245) [INFO]: N_min: 1, N_max: 20, Active Joints: [5]
2025-06-28 20:03:09,233 (simulate_adaptive_control:255) [INFO]: --- DEBUG INFO ---
2025-06-28 20:03:09,233 (simulate_adaptive_control:256) [INFO]: args.max_steps is set to: 1000
2025-06-28 20:03:09,233 (simulate_adaptive_control:257) [INFO]: Length of reference_df (total_ref_len) is: 1801
2025-06-28 20:03:09,234 (simulate_adaptive_control:258) [INFO]: --------------------
2025-06-28 20:03:09,234 (simulate_adaptive_control:110) [INFO]: AdaptiveController initialized. N_range=[1, 20], initial_tau=1
2025-06-28 20:03:09,239 (simulate_adaptive_control:271) [INFO]: Starting simulation with new local search algorithm...
2025-06-28 20:03:09,239 (simulate_adaptive_control:284) [INFO]: Processing step: 0 / 1000
2025-06-28 20:03:09,549 (simulate_adaptive_control:146) [INFO]: τ changed from 1 to 2 (R^2 improved: 0.9219 -> 0.9342)
2025-06-28 20:03:09,559 (simulate_adaptive_control:146) [INFO]: τ changed from 2 to 3 (R^2 improved: 0.9395 -> 0.9828)
2025-06-28 20:03:09,656 (simulate_adaptive_control:146) [INFO]: τ changed from 3 to 2 (R^2 improved: 0.9254 -> 0.9365)
2025-06-28 20:03:09,690 (simulate_adaptive_control:284) [INFO]: Processing step: 100 / 1000
2025-06-28 20:03:10,050 (simulate_adaptive_control:146) [INFO]: τ changed from 2 to 1 (R^2 improved: 0.9120 -> 0.9224)
2025-06-28 20:03:10,145 (simulate_adaptive_control:284) [INFO]: Processing step: 200 / 1000
2025-06-28 20:03:10,276 (simulate_adaptive_control:146) [INFO]: τ changed from 1 to 2 (R^2 improved: 0.9206 -> 0.9434)
2025-06-28 20:03:10,594 (simulate_adaptive_control:284) [INFO]: Processing step: 300 / 1000
2025-06-28 20:03:11,046 (simulate_adaptive_control:284) [INFO]: Processing step: 400 / 1000
2025-06-28 20:03:11,513 (simulate_adaptive_control:284) [INFO]: Processing step: 500 / 1000
2025-06-28 20:03:11,967 (simulate_adaptive_control:284) [INFO]: Processing step: 600 / 1000
2025-06-28 20:03:12,432 (simulate_adaptive_control:284) [INFO]: Processing step: 700 / 1000
2025-06-28 20:03:12,886 (simulate_adaptive_control:284) [INFO]: Processing step: 800 / 1000
2025-06-28 20:03:12,933 (simulate_adaptive_control:146) [INFO]: τ changed from 2 to 3 (R^2 improved: 0.9251 -> 0.9358)
2025-06-28 20:03:13,205 (simulate_adaptive_control:146) [INFO]: τ changed from 3 to 4 (R^2 improved: 0.9055 -> 0.9175)
2025-06-28 20:03:13,215 (simulate_adaptive_control:146) [INFO]: τ changed from 4 to 5 (R^2 improved: 0.9241 -> 0.9976)
2025-06-28 20:03:13,344 (simulate_adaptive_control:284) [INFO]: Processing step: 900 / 1000
2025-06-28 20:03:13,666 (simulate_adaptive_control:146) [INFO]: τ changed from 5 to 4 (R^2 improved: 0.9356 -> 0.9472)
2025-06-28 20:03:13,735 (simulate_adaptive_control:146) [INFO]: τ changed from 4 to 5 (R^2 improved: 0.9286 -> 0.9393)
2025-06-28 20:03:13,801 (simulate_adaptive_control:355) [INFO]: Simulation finished.
2025-06-28 20:03:13,841 (simulate_adaptive_control:359) [INFO]: Simulation results saved to data/simulate_adaptive_control/adaptive_simulation/20250628T200309/adaptive_simulation_results.csv
2025-06-28 20:03:13,841 (simulate_adaptive_control:158) [INFO]: Generating simulation result plots...
2025-06-28 20:03:14,794 (simulate_adaptive_control:184) [INFO]: Saved prediction plot: data/simulate_adaptive_control/adaptive_simulation/20250628T200309/prediction_vs_true_j5.png
2025-06-28 20:03:15,129 (simulate_adaptive_control:221) [INFO]: Saved R^2 evolution plot: data/simulate_adaptive_control/adaptive_simulation/20250628T200309/r2_and_tau_evolution.png
