2025-06-28 17:56:59,624 (event_logging:164) [DEBUG]: Start event logging
2025-06-28 17:56:59,624 (event_logging:165) [DEBUG]: Logger name: __main__
2025-06-28 17:56:59,625 (event_logging:166) [DEBUG]: Log filename: /mnt/c/Users/HosodaLab2/OneDrive - Kyoto University/University/Reserch/reservoir/affeto/affetto-nn-ctrl-7090826/data/trained_model/train_adaptive/20250628T175659/train_model.log
2025-06-28 17:56:59,625 (event_logging:168) [DEBUG]: Command: python apps/train_model.py -v ../20241203T144115/step/sync/fast -j 5 --train-size 0.25 --seed 42 -m apps/config/adaptive_model.toml --label train_adaptive
2025-06-28 17:56:59,625 (train_model:257) [INFO]: Output directory: /mnt/c/Users/HosodaLab2/OneDrive - Kyoto University/University/Reserch/reservoir/affeto/affetto-nn-ctrl-7090826/data/trained_model/train_adaptive/20250628T175659
2025-06-28 17:56:59,626 (data_handling:162) [DEBUG]: Directory created: /mnt/c/Users/HosodaLab2/OneDrive - Kyoto University/University/Reserch/reservoir/affeto/affetto-nn-ctrl-7090826/data/trained_model/train_adaptive/20250628T175659
2025-06-28 17:56:59,627 (data_handling:152) [DEBUG]: Symlink created: /mnt/c/Users/HosodaLab2/OneDrive - Kyoto University/University/Reserch/reservoir/affeto/affetto-nn-ctrl-7090826/data/trained_model/train_adaptive/latest -> /mnt/c/Users/HosodaLab2/OneDrive - Kyoto University/University/Reserch/reservoir/affeto/affetto-nn-ctrl-7090826/data/trained_model/train_adaptive/20250628T175659
2025-06-28 17:56:59,628 (data_handling:162) [DEBUG]: Directory created: /mnt/c/Users/HosodaLab2/OneDrive - Kyoto University/University/Reserch/reservoir/affeto/affetto-nn-ctrl-7090826/data/trained_model/train_adaptive/20250628T175659/config
2025-06-28 17:56:59,640 (data_handling:180) [DEBUG]: Model config copied: None -> /mnt/c/Users/HosodaLab2/OneDrive - Kyoto University/University/Reserch/reservoir/affeto/affetto-nn-ctrl-7090826/data/trained_model/train_adaptive/20250628T175659/config
2025-06-28 17:56:59,641 (train_model:260) [DEBUG]: Parsed arguments: Namespace(base_dir='/mnt/c/Users/HosodaLab2/OneDrive - Kyoto University/University/Reserch/reservoir/affeto/affetto-nn-ctrl-7090826/data', joints=['5'], datasets=['../20241203T144115/step/sync/fast'], glob_pattern='**/*.csv', train_size=0.25, test_size=None, seed=42, shuffle=True, split_in_each_directory=False, model_config='apps/config/adaptive_model.toml', adapter=None, scaler=None, regressor=None, output=None, output_prefix='trained_model', overwrite=False, label='train_adaptive', sublabel=None, split_by_date=True, specify_date=None, make_latest_symlink=True, verbose=1)
2025-06-28 17:56:59,641 (train_model:58) [DEBUG]: Resolved active joints: [5]
2025-06-28 17:56:59,644 (train_model:62) [DEBUG]: Model config file loaded: apps/config/adaptive_model.toml
2025-06-28 17:56:59,644 (train_model:65) [DEBUG]: Loading datasets with following condition:
2025-06-28 17:56:59,645 (train_model:66) [DEBUG]:      Path list: ['../20241203T144115/step/sync/fast']
2025-06-28 17:56:59,645 (train_model:67) [DEBUG]:   glob pattern: **/*.csv
2025-06-28 17:56:59,672 (model_utility:670) [DEBUG]: Loading datasets from ['../20241203T144115/step/sync/fast/motion_data_058.csv', '../20241203T144115/step/sync/fast/motion_data_074.csv', '../20241203T144115/step/sync/fast/motion_data_088.csv', '../20241203T144115/step/sync/fast/motion_data_098.csv', '../20241203T144115/step/sync/fast/motion_data_054.csv', '../20241203T144115/step/sync/fast/motion_data_049.csv', '../20241203T144115/step/sync/fast/motion_data_006.csv', '../20241203T144115/step/sync/fast/motion_data_090.csv', '../20241203T144115/step/sync/fast/motion_data_011.csv', '../20241203T144115/step/sync/fast/motion_data_085.csv', '../20241203T144115/step/sync/fast/motion_data_041.csv', '../20241203T144115/step/sync/fast/motion_data_022.csv', '../20241203T144115/step/sync/fast/motion_data_019.csv', '../20241203T144115/step/sync/fast/motion_data_035.csv', '../20241203T144115/step/sync/fast/motion_data_064.csv', '../20241203T144115/step/sync/fast/motion_data_047.csv', '../20241203T144115/step/sync/fast/motion_data_012.csv', '../20241203T144115/step/sync/fast/motion_data_053.csv', '../20241203T144115/step/sync/fast/motion_data_014.csv', '../20241203T144115/step/sync/fast/motion_data_013.csv', '../20241203T144115/step/sync/fast/motion_data_066.csv', '../20241203T144115/step/sync/fast/motion_data_036.csv', '../20241203T144115/step/sync/fast/motion_data_065.csv', '../20241203T144115/step/sync/fast/motion_data_077.csv', '../20241203T144115/step/sync/fast/motion_data_008.csv']
2025-06-28 17:57:01,091 (model_utility:674) [INFO]: 25 datasets loaded in total
2025-06-28 17:57:01,091 (model_utility:591) [DEBUG]: Loaded data adapter: SingleShotMultiHorizonHandler(SingleShotMultiHorizonParams(active_joints=[5], dt=0.03333333333, ctrl_step=1, min_preview_step=7, max_preview_step=12))
2025-06-28 17:57:01,091 (model_utility:601) [DEBUG]: Loaded scaler: StandardScaler()
2025-06-28 17:57:01,095 (model_utility:609) [DEBUG]: Loaded regressor: MLPRegressor(activation='tanh', hidden_layer_sizes=(100, 100), max_iter=2000)
2025-06-28 17:57:01,095 (train_model:82) [INFO]: Training model...
2025-06-28 17:57:01,104 (model_utility:696) [DEBUG]: Loaded dataset: ../20241203T144115/step/sync/fast/motion_data_049.csv
2025-06-28 17:57:01,107 (model_utility:696) [DEBUG]: Loaded dataset: ../20241203T144115/step/sync/fast/motion_data_014.csv
2025-06-28 17:57:01,111 (model_utility:696) [DEBUG]: Loaded dataset: ../20241203T144115/step/sync/fast/motion_data_019.csv
2025-06-28 17:57:01,114 (model_utility:696) [DEBUG]: Loaded dataset: ../20241203T144115/step/sync/fast/motion_data_013.csv
2025-06-28 17:57:01,119 (model_utility:696) [DEBUG]: Loaded dataset: ../20241203T144115/step/sync/fast/motion_data_022.csv
2025-06-28 17:57:01,122 (model_utility:696) [DEBUG]: Loaded dataset: ../20241203T144115/step/sync/fast/motion_data_064.csv
2025-06-28 17:57:01,126 (model_utility:696) [DEBUG]: Loaded dataset: ../20241203T144115/step/sync/fast/motion_data_065.csv
2025-06-28 17:57:01,131 (model_utility:696) [DEBUG]: Loaded dataset: ../20241203T144115/step/sync/fast/motion_data_011.csv
2025-06-28 17:57:01,137 (model_utility:696) [DEBUG]: Loaded dataset: ../20241203T144115/step/sync/fast/motion_data_008.csv
2025-06-28 17:57:01,143 (model_utility:696) [DEBUG]: Loaded dataset: ../20241203T144115/step/sync/fast/motion_data_088.csv
2025-06-28 17:57:01,149 (model_utility:696) [DEBUG]: Loaded dataset: ../20241203T144115/step/sync/fast/motion_data_058.csv
2025-06-28 17:57:01,155 (model_utility:696) [DEBUG]: Loaded dataset: ../20241203T144115/step/sync/fast/motion_data_054.csv
2025-06-28 17:57:01,161 (model_utility:696) [DEBUG]: Loaded dataset: ../20241203T144115/step/sync/fast/motion_data_074.csv
2025-06-28 17:57:01,166 (model_utility:696) [DEBUG]: Loaded dataset: ../20241203T144115/step/sync/fast/motion_data_066.csv
2025-06-28 17:57:01,172 (model_utility:696) [DEBUG]: Loaded dataset: ../20241203T144115/step/sync/fast/motion_data_077.csv
2025-06-28 17:57:01,178 (model_utility:696) [DEBUG]: Loaded dataset: ../20241203T144115/step/sync/fast/motion_data_041.csv
2025-06-28 17:57:01,186 (model_utility:696) [DEBUG]: Loaded dataset: ../20241203T144115/step/sync/fast/motion_data_053.csv
2025-06-28 17:57:01,193 (model_utility:696) [DEBUG]: Loaded dataset: ../20241203T144115/step/sync/fast/motion_data_047.csv
2025-06-28 17:57:01,193 (model_utility:742) [DEBUG]: x_train.shape = (32202, 10)
2025-06-28 17:57:01,193 (model_utility:743) [DEBUG]: y_train.shape = (32202, 12)
2025-06-28 17:58:00,360 (model_utility:750) [INFO]: Finding best initial tau from validation set...
2025-06-28 17:58:00,364 (model_utility:696) [DEBUG]: Loaded dataset: ../20241203T144115/step/sync/fast/motion_data_085.csv
2025-06-28 17:58:00,368 (model_utility:696) [DEBUG]: Loaded dataset: ../20241203T144115/step/sync/fast/motion_data_090.csv
2025-06-28 17:58:00,371 (model_utility:696) [DEBUG]: Loaded dataset: ../20241203T144115/step/sync/fast/motion_data_098.csv
2025-06-28 17:58:00,374 (model_utility:696) [DEBUG]: Loaded dataset: ../20241203T144115/step/sync/fast/motion_data_036.csv
2025-06-28 17:58:00,377 (model_utility:696) [DEBUG]: Loaded dataset: ../20241203T144115/step/sync/fast/motion_data_012.csv
2025-06-28 17:58:00,382 (model_utility:696) [DEBUG]: Loaded dataset: ../20241203T144115/step/sync/fast/motion_data_006.csv
2025-06-28 17:58:00,385 (model_utility:696) [DEBUG]: Loaded dataset: ../20241203T144115/step/sync/fast/motion_data_035.csv
