2025-06-28 12:43:31,749 (event_logging:164) [DEBUG]: Start event logging
2025-06-28 12:43:31,750 (event_logging:165) [DEBUG]: Logger name: __main__
2025-06-28 12:43:31,750 (event_logging:166) [DEBUG]: Log filename: data/simulate_adaptive_control/adaptive_simulation/20250628T124331/simulate_adaptive_control.log
2025-06-28 12:43:31,750 (event_logging:168) [DEBUG]: Command: python apps/simulate_adaptive_control.py data/trained_model/train_adaptive/20250628T123137/trained_model.joblib -r tests/data/motion_data_000.csv -c apps/config/adaptive_model.toml --active-joints 5 --max-steps 1000
2025-06-28 12:43:31,752 (data_handling:162) [DEBUG]: Directory created: data/simulate_adaptive_control/adaptive_simulation/20250628T124331/config
2025-06-28 12:43:31,762 (data_handling:180) [DEBUG]: Model config copied: None -> data/simulate_adaptive_control/adaptive_simulation/20250628T124331/config
2025-06-28 12:43:31,762 (simulate_adaptive_control:222) [INFO]: config: apps/config/adaptive_model.toml
2025-06-28 12:43:31,763 (simulate_adaptive_control:223) [INFO]: output: data/simulate_adaptive_control/adaptive_simulation/20250628T124331
2025-06-28 12:43:31,763 (simulate_adaptive_control:224) [INFO]: N_max: 2, Active Joints: [5]
2025-06-28 12:43:31,763 (simulate_adaptive_control:228) [INFO]: Loading trained model from data/trained_model/train_adaptive/20250628T123137/trained_model.joblib
2025-06-28 12:43:31,776 (simulate_adaptive_control:232) [INFO]: Loading reference trajectory from tests/data/motion_data_000.csv
2025-06-28 12:43:31,797 (simulate_adaptive_control:235) [INFO]: Reference trajectory loaded with 301 steps.
2025-06-28 12:43:31,798 (simulate_adaptive_control:60) [INFO]: AdaptiveController initialized with N_max=2, initial_tau=1
2025-06-28 12:43:31,802 (simulate_adaptive_control:256) [INFO]: Starting simulation...
2025-06-28 12:43:31,804 (simulate_adaptive_control:107) [DEBUG]: No sufficient R^2 data for any tau. Maintaining current tau: 1
2025-06-28 12:43:31,805 (simulate_adaptive_control:323) [INFO]: Step 0/1000, Current τ: 1, R^2[1]: -inf
2025-06-28 12:43:31,808 (simulate_adaptive_control:107) [DEBUG]: No sufficient R^2 data for any tau. Maintaining current tau: 1
2025-06-28 12:43:31,810 (simulate_adaptive_control:120) [DEBUG]: τ maintained at 1 (R^2 improvement not sufficient: -4656.3301 vs -4656.3301)
2025-06-28 12:43:31,813 (simulate_adaptive_control:120) [DEBUG]: τ maintained at 1 (R^2 improvement not sufficient: -1268.4931 vs -1268.4931)
2025-06-28 12:43:31,816 (simulate_adaptive_control:120) [DEBUG]: τ maintained at 1 (R^2 improvement not sufficient: -472.0483 vs -472.0483)
2025-06-28 12:43:31,818 (simulate_adaptive_control:120) [DEBUG]: τ maintained at 1 (R^2 improvement not sufficient: -212.5691 vs -212.5691)
2025-06-28 12:43:31,821 (simulate_adaptive_control:120) [DEBUG]: τ maintained at 1 (R^2 improvement not sufficient: -94.5435 vs -94.5435)
2025-06-28 12:43:31,823 (simulate_adaptive_control:120) [DEBUG]: τ maintained at 1 (R^2 improvement not sufficient: -46.2449 vs -46.2449)
2025-06-28 12:43:31,826 (simulate_adaptive_control:120) [DEBUG]: τ maintained at 1 (R^2 improvement not sufficient: -25.2998 vs -25.2998)
2025-06-28 12:43:31,828 (simulate_adaptive_control:120) [DEBUG]: τ maintained at 1 (R^2 improvement not sufficient: -19.4678 vs -19.4678)
2025-06-28 12:43:31,831 (simulate_adaptive_control:120) [DEBUG]: τ maintained at 1 (R^2 improvement not sufficient: -20.8544 vs -20.8544)
2025-06-28 12:43:31,834 (simulate_adaptive_control:120) [DEBUG]: τ maintained at 1 (R^2 improvement not sufficient: -13.9509 vs -13.9509)
2025-06-28 12:43:31,836 (simulate_adaptive_control:120) [DEBUG]: τ maintained at 1 (R^2 improvement not sufficient: -9.5935 vs -9.5935)
2025-06-28 12:43:31,839 (simulate_adaptive_control:120) [DEBUG]: τ maintained at 1 (R^2 improvement not sufficient: -6.8566 vs -6.8566)
2025-06-28 12:43:31,842 (simulate_adaptive_control:120) [DEBUG]: τ maintained at 1 (R^2 improvement not sufficient: -5.3560 vs -5.3560)
2025-06-28 12:43:31,844 (simulate_adaptive_control:120) [DEBUG]: τ maintained at 1 (R^2 improvement not sufficient: -3.9715 vs -3.9715)
2025-06-28 12:43:31,848 (simulate_adaptive_control:120) [DEBUG]: τ maintained at 1 (R^2 improvement not sufficient: -2.9570 vs -2.9570)
2025-06-28 12:43:31,850 (simulate_adaptive_control:120) [DEBUG]: τ maintained at 1 (R^2 improvement not sufficient: -2.4034 vs -2.4034)
2025-06-28 12:43:31,853 (simulate_adaptive_control:120) [DEBUG]: τ maintained at 1 (R^2 improvement not sufficient: -2.1005 vs -2.1005)
2025-06-28 12:43:31,856 (simulate_adaptive_control:120) [DEBUG]: τ maintained at 1 (R^2 improvement not sufficient: -1.8261 vs -1.8261)
2025-06-28 12:43:31,858 (simulate_adaptive_control:120) [DEBUG]: τ maintained at 1 (R^2 improvement not sufficient: -1.6079 vs -1.6079)
2025-06-28 12:43:31,861 (simulate_adaptive_control:120) [DEBUG]: τ maintained at 1 (R^2 improvement not sufficient: -1.4734 vs -1.4734)
2025-06-28 12:43:31,864 (simulate_adaptive_control:120) [DEBUG]: τ maintained at 1 (R^2 improvement not sufficient: -1.3992 vs -1.3992)
2025-06-28 12:43:31,867 (simulate_adaptive_control:120) [DEBUG]: τ maintained at 1 (R^2 improvement not sufficient: -1.3579 vs -1.3579)
2025-06-28 12:43:31,870 (simulate_adaptive_control:120) [DEBUG]: τ maintained at 1 (R^2 improvement not sufficient: -1.3434 vs -1.3434)
2025-06-28 12:43:31,872 (simulate_adaptive_control:120) [DEBUG]: τ maintained at 1 (R^2 improvement not sufficient: -1.3417 vs -1.3417)
2025-06-28 12:43:31,875 (simulate_adaptive_control:120) [DEBUG]: τ maintained at 1 (R^2 improvement not sufficient: -1.3855 vs -1.3855)
2025-06-28 12:43:31,878 (simulate_adaptive_control:120) [DEBUG]: τ maintained at 1 (R^2 improvement not sufficient: -1.4638 vs -1.4638)
2025-06-28 12:43:31,881 (simulate_adaptive_control:120) [DEBUG]: τ maintained at 1 (R^2 improvement not sufficient: -1.5389 vs -1.5389)
2025-06-28 12:43:31,884 (simulate_adaptive_control:120) [DEBUG]: τ maintained at 1 (R^2 improvement not sufficient: -1.5387 vs -1.5387)
2025-06-28 12:43:31,886 (simulate_adaptive_control:120) [DEBUG]: τ maintained at 1 (R^2 improvement not sufficient: -1.5626 vs -1.5626)
2025-06-28 12:43:31,889 (simulate_adaptive_control:120) [DEBUG]: τ maintained at 1 (R^2 improvement not sufficient: -1.5665 vs -1.5665)
2025-06-28 12:43:31,891 (simulate_adaptive_control:120) [DEBUG]: τ maintained at 1 (R^2 improvement not sufficient: -1.6397 vs -1.6397)
2025-06-28 12:43:31,894 (simulate_adaptive_control:120) [DEBUG]: τ maintained at 1 (R^2 improvement not sufficient: -1.7018 vs -1.7018)
2025-06-28 12:43:31,896 (simulate_adaptive_control:120) [DEBUG]: τ maintained at 1 (R^2 improvement not sufficient: -1.7733 vs -1.7733)
2025-06-28 12:43:31,899 (simulate_adaptive_control:120) [DEBUG]: τ maintained at 1 (R^2 improvement not sufficient: -1.8320 vs -1.8320)
2025-06-28 12:43:31,902 (simulate_adaptive_control:120) [DEBUG]: τ maintained at 1 (R^2 improvement not sufficient: -1.8563 vs -1.8563)
2025-06-28 12:43:31,904 (simulate_adaptive_control:120) [DEBUG]: τ maintained at 1 (R^2 improvement not sufficient: -1.9696 vs -1.9696)
2025-06-28 12:43:31,907 (simulate_adaptive_control:120) [DEBUG]: τ maintained at 1 (R^2 improvement not sufficient: -2.1656 vs -2.1656)
2025-06-28 12:43:31,909 (simulate_adaptive_control:120) [DEBUG]: τ maintained at 1 (R^2 improvement not sufficient: -2.3008 vs -2.3008)
2025-06-28 12:43:31,912 (simulate_adaptive_control:120) [DEBUG]: τ maintained at 1 (R^2 improvement not sufficient: -2.3301 vs -2.3301)
2025-06-28 12:43:31,914 (simulate_adaptive_control:120) [DEBUG]: τ maintained at 1 (R^2 improvement not sufficient: -2.3153 vs -2.3153)
2025-06-28 12:43:31,917 (simulate_adaptive_control:120) [DEBUG]: τ maintained at 1 (R^2 improvement not sufficient: -2.2907 vs -2.2907)
2025-06-28 12:43:31,919 (simulate_adaptive_control:120) [DEBUG]: τ maintained at 1 (R^2 improvement not sufficient: -2.2911 vs -2.2911)
2025-06-28 12:43:31,922 (simulate_adaptive_control:120) [DEBUG]: τ maintained at 1 (R^2 improvement not sufficient: -2.2839 vs -2.2839)
2025-06-28 12:43:31,924 (simulate_adaptive_control:120) [DEBUG]: τ maintained at 1 (R^2 improvement not sufficient: -2.2628 vs -2.2628)
2025-06-28 12:43:31,927 (simulate_adaptive_control:120) [DEBUG]: τ maintained at 1 (R^2 improvement not sufficient: -2.2152 vs -2.2152)
2025-06-28 12:43:31,930 (simulate_adaptive_control:120) [DEBUG]: τ maintained at 1 (R^2 improvement not sufficient: -2.1524 vs -2.1524)
2025-06-28 12:43:31,932 (simulate_adaptive_control:120) [DEBUG]: τ maintained at 1 (R^2 improvement not sufficient: -2.0838 vs -2.0838)
2025-06-28 12:43:31,935 (simulate_adaptive_control:120) [DEBUG]: τ maintained at 1 (R^2 improvement not sufficient: -2.0114 vs -2.0114)
2025-06-28 12:43:31,938 (simulate_adaptive_control:120) [DEBUG]: τ maintained at 1 (R^2 improvement not sufficient: -2.0257 vs -2.0257)
2025-06-28 12:43:31,940 (simulate_adaptive_control:120) [DEBUG]: τ maintained at 1 (R^2 improvement not sufficient: -2.0098 vs -2.0098)
2025-06-28 12:43:31,943 (simulate_adaptive_control:120) [DEBUG]: τ maintained at 1 (R^2 improvement not sufficient: -1.9685 vs -1.9685)
2025-06-28 12:43:31,946 (simulate_adaptive_control:120) [DEBUG]: τ maintained at 1 (R^2 improvement not sufficient: -2.0838 vs -2.0838)
2025-06-28 12:43:31,949 (simulate_adaptive_control:120) [DEBUG]: τ maintained at 1 (R^2 improvement not sufficient: -2.0427 vs -2.0427)
2025-06-28 12:43:31,952 (simulate_adaptive_control:120) [DEBUG]: τ maintained at 1 (R^2 improvement not sufficient: -2.0333 vs -2.0333)
2025-06-28 12:43:31,954 (simulate_adaptive_control:120) [DEBUG]: τ maintained at 1 (R^2 improvement not sufficient: -2.0249 vs -2.0249)
2025-06-28 12:43:31,957 (simulate_adaptive_control:120) [DEBUG]: τ maintained at 1 (R^2 improvement not sufficient: -2.0295 vs -2.0295)
2025-06-28 12:43:31,960 (simulate_adaptive_control:120) [DEBUG]: τ maintained at 1 (R^2 improvement not sufficient: -2.0590 vs -2.0590)
2025-06-28 12:43:31,962 (simulate_adaptive_control:120) [DEBUG]: τ maintained at 1 (R^2 improvement not sufficient: -2.0676 vs -2.0676)
2025-06-28 12:43:31,965 (simulate_adaptive_control:120) [DEBUG]: τ maintained at 1 (R^2 improvement not sufficient: -2.0688 vs -2.0688)
2025-06-28 12:43:31,967 (simulate_adaptive_control:120) [DEBUG]: τ maintained at 1 (R^2 improvement not sufficient: -2.0764 vs -2.0764)
2025-06-28 12:43:31,970 (simulate_adaptive_control:120) [DEBUG]: τ maintained at 1 (R^2 improvement not sufficient: -2.0763 vs -2.0763)
2025-06-28 12:43:31,972 (simulate_adaptive_control:120) [DEBUG]: τ maintained at 1 (R^2 improvement not sufficient: -2.0796 vs -2.0796)
2025-06-28 12:43:31,975 (simulate_adaptive_control:120) [DEBUG]: τ maintained at 1 (R^2 improvement not sufficient: -2.0809 vs -2.0809)
2025-06-28 12:43:31,978 (simulate_adaptive_control:120) [DEBUG]: τ maintained at 1 (R^2 improvement not sufficient: -2.1036 vs -2.1036)
2025-06-28 12:43:31,980 (simulate_adaptive_control:120) [DEBUG]: τ maintained at 1 (R^2 improvement not sufficient: -2.1837 vs -2.1837)
2025-06-28 12:43:31,983 (simulate_adaptive_control:120) [DEBUG]: τ maintained at 1 (R^2 improvement not sufficient: -2.1624 vs -2.1624)
2025-06-28 12:43:31,985 (simulate_adaptive_control:120) [DEBUG]: τ maintained at 1 (R^2 improvement not sufficient: -2.1338 vs -2.1338)
2025-06-28 12:43:31,988 (simulate_adaptive_control:120) [DEBUG]: τ maintained at 1 (R^2 improvement not sufficient: -2.0966 vs -2.0966)
2025-06-28 12:43:31,990 (simulate_adaptive_control:120) [DEBUG]: τ maintained at 1 (R^2 improvement not sufficient: -2.0438 vs -2.0438)
2025-06-28 12:43:31,993 (simulate_adaptive_control:120) [DEBUG]: τ maintained at 1 (R^2 improvement not sufficient: -2.0484 vs -2.0484)
2025-06-28 12:43:31,995 (simulate_adaptive_control:120) [DEBUG]: τ maintained at 1 (R^2 improvement not sufficient: -1.9967 vs -1.9967)
2025-06-28 12:43:31,998 (simulate_adaptive_control:120) [DEBUG]: τ maintained at 1 (R^2 improvement not sufficient: -1.9228 vs -1.9228)
2025-06-28 12:43:32,000 (simulate_adaptive_control:120) [DEBUG]: τ maintained at 1 (R^2 improvement not sufficient: -1.8554 vs -1.8554)
2025-06-28 12:43:32,003 (simulate_adaptive_control:120) [DEBUG]: τ maintained at 1 (R^2 improvement not sufficient: -1.7964 vs -1.7964)
2025-06-28 12:43:32,006 (simulate_adaptive_control:120) [DEBUG]: τ maintained at 1 (R^2 improvement not sufficient: -1.7577 vs -1.7577)
2025-06-28 12:43:32,008 (simulate_adaptive_control:120) [DEBUG]: τ maintained at 1 (R^2 improvement not sufficient: -1.7371 vs -1.7371)
2025-06-28 12:43:32,011 (simulate_adaptive_control:120) [DEBUG]: τ maintained at 1 (R^2 improvement not sufficient: -1.7243 vs -1.7243)
2025-06-28 12:43:32,014 (simulate_adaptive_control:120) [DEBUG]: τ maintained at 1 (R^2 improvement not sufficient: -1.7102 vs -1.7102)
2025-06-28 12:43:32,016 (simulate_adaptive_control:120) [DEBUG]: τ maintained at 1 (R^2 improvement not sufficient: -1.7100 vs -1.7100)
2025-06-28 12:43:32,019 (simulate_adaptive_control:120) [DEBUG]: τ maintained at 1 (R^2 improvement not sufficient: -1.7785 vs -1.7785)
2025-06-28 12:43:32,021 (simulate_adaptive_control:120) [DEBUG]: τ maintained at 1 (R^2 improvement not sufficient: -1.8020 vs -1.8020)
2025-06-28 12:43:32,024 (simulate_adaptive_control:120) [DEBUG]: τ maintained at 1 (R^2 improvement not sufficient: -1.8021 vs -1.8021)
2025-06-28 12:43:32,026 (simulate_adaptive_control:120) [DEBUG]: τ maintained at 1 (R^2 improvement not sufficient: -1.8005 vs -1.8005)
2025-06-28 12:43:32,029 (simulate_adaptive_control:120) [DEBUG]: τ maintained at 1 (R^2 improvement not sufficient: -1.8006 vs -1.8006)
2025-06-28 12:43:32,032 (simulate_adaptive_control:120) [DEBUG]: τ maintained at 1 (R^2 improvement not sufficient: -1.8021 vs -1.8021)
2025-06-28 12:43:32,035 (simulate_adaptive_control:120) [DEBUG]: τ maintained at 1 (R^2 improvement not sufficient: -1.7921 vs -1.7921)
2025-06-28 12:43:32,037 (simulate_adaptive_control:120) [DEBUG]: τ maintained at 1 (R^2 improvement not sufficient: -1.8563 vs -1.8563)
2025-06-28 12:43:32,040 (simulate_adaptive_control:120) [DEBUG]: τ maintained at 1 (R^2 improvement not sufficient: -1.9875 vs -1.9875)
2025-06-28 12:43:32,042 (simulate_adaptive_control:120) [DEBUG]: τ maintained at 1 (R^2 improvement not sufficient: -2.0158 vs -2.0158)
2025-06-28 12:43:32,045 (simulate_adaptive_control:120) [DEBUG]: τ maintained at 1 (R^2 improvement not sufficient: -2.0182 vs -2.0182)
2025-06-28 12:43:32,048 (simulate_adaptive_control:120) [DEBUG]: τ maintained at 1 (R^2 improvement not sufficient: -2.0179 vs -2.0179)
2025-06-28 12:43:32,050 (simulate_adaptive_control:120) [DEBUG]: τ maintained at 1 (R^2 improvement not sufficient: -2.0209 vs -2.0209)
2025-06-28 12:43:32,053 (simulate_adaptive_control:120) [DEBUG]: τ maintained at 1 (R^2 improvement not sufficient: -2.0663 vs -2.0663)
2025-06-28 12:43:32,055 (simulate_adaptive_control:120) [DEBUG]: τ maintained at 1 (R^2 improvement not sufficient: -2.1216 vs -2.1216)
2025-06-28 12:43:32,058 (simulate_adaptive_control:120) [DEBUG]: τ maintained at 1 (R^2 improvement not sufficient: -2.2013 vs -2.2013)
2025-06-28 12:43:32,061 (simulate_adaptive_control:120) [DEBUG]: τ maintained at 1 (R^2 improvement not sufficient: -2.2637 vs -2.2637)
2025-06-28 12:43:32,063 (simulate_adaptive_control:120) [DEBUG]: τ maintained at 1 (R^2 improvement not sufficient: -2.3450 vs -2.3450)
2025-06-28 12:43:32,066 (simulate_adaptive_control:120) [DEBUG]: τ maintained at 1 (R^2 improvement not sufficient: -2.3722 vs -2.3722)
2025-06-28 12:43:32,068 (simulate_adaptive_control:120) [DEBUG]: τ maintained at 1 (R^2 improvement not sufficient: -2.4000 vs -2.4000)
2025-06-28 12:43:32,069 (simulate_adaptive_control:323) [INFO]: Step 100/1000, Current τ: 1, R^2[1]: -2.3051
2025-06-28 12:43:32,071 (simulate_adaptive_control:120) [DEBUG]: τ maintained at 1 (R^2 improvement not sufficient: -2.3051 vs -2.3051)
2025-06-28 12:43:32,073 (simulate_adaptive_control:120) [DEBUG]: τ maintained at 1 (R^2 improvement not sufficient: -2.2112 vs -2.2112)
2025-06-28 12:43:32,076 (simulate_adaptive_control:120) [DEBUG]: τ maintained at 1 (R^2 improvement not sufficient: -2.1261 vs -2.1261)
2025-06-28 12:43:32,078 (simulate_adaptive_control:120) [DEBUG]: τ maintained at 1 (R^2 improvement not sufficient: -2.0610 vs -2.0610)
2025-06-28 12:43:32,081 (simulate_adaptive_control:120) [DEBUG]: τ maintained at 1 (R^2 improvement not sufficient: -1.9831 vs -1.9831)
2025-06-28 12:43:32,084 (simulate_adaptive_control:120) [DEBUG]: τ maintained at 1 (R^2 improvement not sufficient: -1.9814 vs -1.9814)
2025-06-28 12:43:32,086 (simulate_adaptive_control:120) [DEBUG]: τ maintained at 1 (R^2 improvement not sufficient: -1.9898 vs -1.9898)
2025-06-28 12:43:32,089 (simulate_adaptive_control:120) [DEBUG]: τ maintained at 1 (R^2 improvement not sufficient: -1.9973 vs -1.9973)
2025-06-28 12:43:32,092 (simulate_adaptive_control:120) [DEBUG]: τ maintained at 1 (R^2 improvement not sufficient: -1.9471 vs -1.9471)
2025-06-28 12:43:32,095 (simulate_adaptive_control:120) [DEBUG]: τ maintained at 1 (R^2 improvement not sufficient: -1.7346 vs -1.7346)
2025-06-28 12:43:32,098 (simulate_adaptive_control:120) [DEBUG]: τ maintained at 1 (R^2 improvement not sufficient: -1.9627 vs -1.9627)
2025-06-28 12:43:32,100 (simulate_adaptive_control:120) [DEBUG]: τ maintained at 1 (R^2 improvement not sufficient: -2.2105 vs -2.2105)
2025-06-28 12:43:32,103 (simulate_adaptive_control:120) [DEBUG]: τ maintained at 1 (R^2 improvement not sufficient: -2.4323 vs -2.4323)
2025-06-28 12:43:32,105 (simulate_adaptive_control:120) [DEBUG]: τ maintained at 1 (R^2 improvement not sufficient: -2.6021 vs -2.6021)
2025-06-28 12:43:32,108 (simulate_adaptive_control:120) [DEBUG]: τ maintained at 1 (R^2 improvement not sufficient: -2.9071 vs -2.9071)
2025-06-28 12:43:32,111 (simulate_adaptive_control:120) [DEBUG]: τ maintained at 1 (R^2 improvement not sufficient: -3.3564 vs -3.3564)
2025-06-28 12:43:32,113 (simulate_adaptive_control:120) [DEBUG]: τ maintained at 1 (R^2 improvement not sufficient: -3.8719 vs -3.8719)
2025-06-28 12:43:32,116 (simulate_adaptive_control:120) [DEBUG]: τ maintained at 1 (R^2 improvement not sufficient: -4.4452 vs -4.4452)
2025-06-28 12:43:32,118 (simulate_adaptive_control:120) [DEBUG]: τ maintained at 1 (R^2 improvement not sufficient: -5.0287 vs -5.0287)
2025-06-28 12:43:32,121 (simulate_adaptive_control:120) [DEBUG]: τ maintained at 1 (R^2 improvement not sufficient: -5.6235 vs -5.6235)
2025-06-28 12:43:32,124 (simulate_adaptive_control:120) [DEBUG]: τ maintained at 1 (R^2 improvement not sufficient: -6.0789 vs -6.0789)
2025-06-28 12:43:32,126 (simulate_adaptive_control:120) [DEBUG]: τ maintained at 1 (R^2 improvement not sufficient: -6.4421 vs -6.4421)
2025-06-28 12:43:32,129 (simulate_adaptive_control:120) [DEBUG]: τ maintained at 1 (R^2 improvement not sufficient: -6.6131 vs -6.6131)
2025-06-28 12:43:32,132 (simulate_adaptive_control:120) [DEBUG]: τ maintained at 1 (R^2 improvement not sufficient: -6.8056 vs -6.8056)
2025-06-28 12:43:32,134 (simulate_adaptive_control:120) [DEBUG]: τ maintained at 1 (R^2 improvement not sufficient: -6.8842 vs -6.8842)
2025-06-28 12:43:32,137 (simulate_adaptive_control:120) [DEBUG]: τ maintained at 1 (R^2 improvement not sufficient: -6.7441 vs -6.7441)
2025-06-28 12:43:32,140 (simulate_adaptive_control:120) [DEBUG]: τ maintained at 1 (R^2 improvement not sufficient: -6.4505 vs -6.4505)
2025-06-28 12:43:32,142 (simulate_adaptive_control:120) [DEBUG]: τ maintained at 1 (R^2 improvement not sufficient: -6.1031 vs -6.1031)
2025-06-28 12:43:32,145 (simulate_adaptive_control:120) [DEBUG]: τ maintained at 1 (R^2 improvement not sufficient: -5.8147 vs -5.8147)
2025-06-28 12:43:32,148 (simulate_adaptive_control:120) [DEBUG]: τ maintained at 1 (R^2 improvement not sufficient: -5.4730 vs -5.4730)
2025-06-28 12:43:32,150 (simulate_adaptive_control:120) [DEBUG]: τ maintained at 1 (R^2 improvement not sufficient: -5.0865 vs -5.0865)
2025-06-28 12:43:32,153 (simulate_adaptive_control:120) [DEBUG]: τ maintained at 1 (R^2 improvement not sufficient: -4.6562 vs -4.6562)
2025-06-28 12:43:32,155 (simulate_adaptive_control:120) [DEBUG]: τ maintained at 1 (R^2 improvement not sufficient: -4.4089 vs -4.4089)
2025-06-28 12:43:32,158 (simulate_adaptive_control:120) [DEBUG]: τ maintained at 1 (R^2 improvement not sufficient: -4.0444 vs -4.0444)
2025-06-28 12:43:32,160 (simulate_adaptive_control:120) [DEBUG]: τ maintained at 1 (R^2 improvement not sufficient: -3.8029 vs -3.8029)
2025-06-28 12:43:32,163 (simulate_adaptive_control:120) [DEBUG]: τ maintained at 1 (R^2 improvement not sufficient: -3.5774 vs -3.5774)
2025-06-28 12:43:32,166 (simulate_adaptive_control:120) [DEBUG]: τ maintained at 1 (R^2 improvement not sufficient: -3.3470 vs -3.3470)
2025-06-28 12:43:32,168 (simulate_adaptive_control:120) [DEBUG]: τ maintained at 1 (R^2 improvement not sufficient: -3.1400 vs -3.1400)
2025-06-28 12:43:32,171 (simulate_adaptive_control:120) [DEBUG]: τ maintained at 1 (R^2 improvement not sufficient: -2.9932 vs -2.9932)
2025-06-28 12:43:32,173 (simulate_adaptive_control:120) [DEBUG]: τ maintained at 1 (R^2 improvement not sufficient: -2.9794 vs -2.9794)
2025-06-28 12:43:32,176 (simulate_adaptive_control:120) [DEBUG]: τ maintained at 1 (R^2 improvement not sufficient: -2.9867 vs -2.9867)
2025-06-28 12:43:32,179 (simulate_adaptive_control:120) [DEBUG]: τ maintained at 1 (R^2 improvement not sufficient: -3.0498 vs -3.0498)
2025-06-28 12:43:32,181 (simulate_adaptive_control:120) [DEBUG]: τ maintained at 1 (R^2 improvement not sufficient: -3.0879 vs -3.0879)
2025-06-28 12:43:32,184 (simulate_adaptive_control:120) [DEBUG]: τ maintained at 1 (R^2 improvement not sufficient: -3.3247 vs -3.3247)
2025-06-28 12:43:32,186 (simulate_adaptive_control:120) [DEBUG]: τ maintained at 1 (R^2 improvement not sufficient: -3.4835 vs -3.4835)
2025-06-28 12:43:32,189 (simulate_adaptive_control:120) [DEBUG]: τ maintained at 1 (R^2 improvement not sufficient: -3.6256 vs -3.6256)
2025-06-28 12:43:32,192 (simulate_adaptive_control:120) [DEBUG]: τ maintained at 1 (R^2 improvement not sufficient: -3.7573 vs -3.7573)
2025-06-28 12:43:32,194 (simulate_adaptive_control:120) [DEBUG]: τ maintained at 1 (R^2 improvement not sufficient: -3.8623 vs -3.8623)
2025-06-28 12:43:32,197 (simulate_adaptive_control:120) [DEBUG]: τ maintained at 1 (R^2 improvement not sufficient: -3.9533 vs -3.9533)
2025-06-28 12:43:32,200 (simulate_adaptive_control:120) [DEBUG]: τ maintained at 1 (R^2 improvement not sufficient: -3.9607 vs -3.9607)
2025-06-28 12:43:32,202 (simulate_adaptive_control:120) [DEBUG]: τ maintained at 1 (R^2 improvement not sufficient: -4.0341 vs -4.0341)
2025-06-28 12:43:32,205 (simulate_adaptive_control:120) [DEBUG]: τ maintained at 1 (R^2 improvement not sufficient: -4.1841 vs -4.1841)
2025-06-28 12:43:32,207 (simulate_adaptive_control:120) [DEBUG]: τ maintained at 1 (R^2 improvement not sufficient: -4.2527 vs -4.2527)
2025-06-28 12:43:32,210 (simulate_adaptive_control:120) [DEBUG]: τ maintained at 1 (R^2 improvement not sufficient: -4.3708 vs -4.3708)
2025-06-28 12:43:32,212 (simulate_adaptive_control:120) [DEBUG]: τ maintained at 1 (R^2 improvement not sufficient: -4.2949 vs -4.2949)
2025-06-28 12:43:32,215 (simulate_adaptive_control:120) [DEBUG]: τ maintained at 1 (R^2 improvement not sufficient: -4.2305 vs -4.2305)
2025-06-28 12:43:32,218 (simulate_adaptive_control:120) [DEBUG]: τ maintained at 1 (R^2 improvement not sufficient: -4.2138 vs -4.2138)
2025-06-28 12:43:32,220 (simulate_adaptive_control:120) [DEBUG]: τ maintained at 1 (R^2 improvement not sufficient: -4.1310 vs -4.1310)
2025-06-28 12:43:32,223 (simulate_adaptive_control:120) [DEBUG]: τ maintained at 1 (R^2 improvement not sufficient: -4.0656 vs -4.0656)
2025-06-28 12:43:32,226 (simulate_adaptive_control:120) [DEBUG]: τ maintained at 1 (R^2 improvement not sufficient: -4.0648 vs -4.0648)
2025-06-28 12:43:32,228 (simulate_adaptive_control:120) [DEBUG]: τ maintained at 1 (R^2 improvement not sufficient: -4.0191 vs -4.0191)
2025-06-28 12:43:32,231 (simulate_adaptive_control:120) [DEBUG]: τ maintained at 1 (R^2 improvement not sufficient: -4.0059 vs -4.0059)
2025-06-28 12:43:32,233 (simulate_adaptive_control:120) [DEBUG]: τ maintained at 1 (R^2 improvement not sufficient: -3.9946 vs -3.9946)
2025-06-28 12:43:32,236 (simulate_adaptive_control:120) [DEBUG]: τ maintained at 1 (R^2 improvement not sufficient: -3.9964 vs -3.9964)
2025-06-28 12:43:32,238 (simulate_adaptive_control:120) [DEBUG]: τ maintained at 1 (R^2 improvement not sufficient: -4.0594 vs -4.0594)
2025-06-28 12:43:32,241 (simulate_adaptive_control:120) [DEBUG]: τ maintained at 1 (R^2 improvement not sufficient: -4.0756 vs -4.0756)
2025-06-28 12:43:32,244 (simulate_adaptive_control:120) [DEBUG]: τ maintained at 1 (R^2 improvement not sufficient: -4.1783 vs -4.1783)
2025-06-28 12:43:32,247 (simulate_adaptive_control:120) [DEBUG]: τ maintained at 1 (R^2 improvement not sufficient: -4.2376 vs -4.2376)
2025-06-28 12:43:32,249 (simulate_adaptive_control:120) [DEBUG]: τ maintained at 1 (R^2 improvement not sufficient: -4.2887 vs -4.2887)
2025-06-28 12:43:32,252 (simulate_adaptive_control:120) [DEBUG]: τ maintained at 1 (R^2 improvement not sufficient: -4.3927 vs -4.3927)
2025-06-28 12:43:32,254 (simulate_adaptive_control:120) [DEBUG]: τ maintained at 1 (R^2 improvement not sufficient: -4.4174 vs -4.4174)
2025-06-28 12:43:32,257 (simulate_adaptive_control:120) [DEBUG]: τ maintained at 1 (R^2 improvement not sufficient: -4.5293 vs -4.5293)
2025-06-28 12:43:32,259 (simulate_adaptive_control:120) [DEBUG]: τ maintained at 1 (R^2 improvement not sufficient: -4.6373 vs -4.6373)
2025-06-28 12:43:32,262 (simulate_adaptive_control:120) [DEBUG]: τ maintained at 1 (R^2 improvement not sufficient: -4.7537 vs -4.7537)
2025-06-28 12:43:32,264 (simulate_adaptive_control:120) [DEBUG]: τ maintained at 1 (R^2 improvement not sufficient: -4.8688 vs -4.8688)
2025-06-28 12:43:32,267 (simulate_adaptive_control:120) [DEBUG]: τ maintained at 1 (R^2 improvement not sufficient: -4.9544 vs -4.9544)
2025-06-28 12:43:32,269 (simulate_adaptive_control:120) [DEBUG]: τ maintained at 1 (R^2 improvement not sufficient: -4.9799 vs -4.9799)
2025-06-28 12:43:32,272 (simulate_adaptive_control:120) [DEBUG]: τ maintained at 1 (R^2 improvement not sufficient: -5.0171 vs -5.0171)
2025-06-28 12:43:32,274 (simulate_adaptive_control:120) [DEBUG]: τ maintained at 1 (R^2 improvement not sufficient: -5.0222 vs -5.0222)
2025-06-28 12:43:32,277 (simulate_adaptive_control:120) [DEBUG]: τ maintained at 1 (R^2 improvement not sufficient: -5.0149 vs -5.0149)
2025-06-28 12:43:32,279 (simulate_adaptive_control:120) [DEBUG]: τ maintained at 1 (R^2 improvement not sufficient: -4.9159 vs -4.9159)
2025-06-28 12:43:32,282 (simulate_adaptive_control:120) [DEBUG]: τ maintained at 1 (R^2 improvement not sufficient: -4.8728 vs -4.8728)
2025-06-28 12:43:32,285 (simulate_adaptive_control:120) [DEBUG]: τ maintained at 1 (R^2 improvement not sufficient: -4.8753 vs -4.8753)
2025-06-28 12:43:32,287 (simulate_adaptive_control:120) [DEBUG]: τ maintained at 1 (R^2 improvement not sufficient: -4.8992 vs -4.8992)
2025-06-28 12:43:32,290 (simulate_adaptive_control:120) [DEBUG]: τ maintained at 1 (R^2 improvement not sufficient: -4.9161 vs -4.9161)
2025-06-28 12:43:32,292 (simulate_adaptive_control:120) [DEBUG]: τ maintained at 1 (R^2 improvement not sufficient: -4.9260 vs -4.9260)
2025-06-28 12:43:32,295 (simulate_adaptive_control:120) [DEBUG]: τ maintained at 1 (R^2 improvement not sufficient: -4.9563 vs -4.9563)
2025-06-28 12:43:32,297 (simulate_adaptive_control:120) [DEBUG]: τ maintained at 1 (R^2 improvement not sufficient: -4.9066 vs -4.9066)
2025-06-28 12:43:32,300 (simulate_adaptive_control:120) [DEBUG]: τ maintained at 1 (R^2 improvement not sufficient: -4.8389 vs -4.8389)
2025-06-28 12:43:32,302 (simulate_adaptive_control:120) [DEBUG]: τ maintained at 1 (R^2 improvement not sufficient: -4.9832 vs -4.9832)
2025-06-28 12:43:32,305 (simulate_adaptive_control:120) [DEBUG]: τ maintained at 1 (R^2 improvement not sufficient: -5.1277 vs -5.1277)
2025-06-28 12:43:32,308 (simulate_adaptive_control:120) [DEBUG]: τ maintained at 1 (R^2 improvement not sufficient: -5.1793 vs -5.1793)
2025-06-28 12:43:32,310 (simulate_adaptive_control:120) [DEBUG]: τ maintained at 1 (R^2 improvement not sufficient: -5.2247 vs -5.2247)
2025-06-28 12:43:32,313 (simulate_adaptive_control:120) [DEBUG]: τ maintained at 1 (R^2 improvement not sufficient: -5.2021 vs -5.2021)
2025-06-28 12:43:32,315 (simulate_adaptive_control:120) [DEBUG]: τ maintained at 1 (R^2 improvement not sufficient: -5.2149 vs -5.2149)
2025-06-28 12:43:32,318 (simulate_adaptive_control:120) [DEBUG]: τ maintained at 1 (R^2 improvement not sufficient: -5.2843 vs -5.2843)
2025-06-28 12:43:32,321 (simulate_adaptive_control:120) [DEBUG]: τ maintained at 1 (R^2 improvement not sufficient: -5.3914 vs -5.3914)
2025-06-28 12:43:32,324 (simulate_adaptive_control:120) [DEBUG]: τ maintained at 1 (R^2 improvement not sufficient: -5.4377 vs -5.4377)
2025-06-28 12:43:32,326 (simulate_adaptive_control:120) [DEBUG]: τ maintained at 1 (R^2 improvement not sufficient: -5.4283 vs -5.4283)
2025-06-28 12:43:32,329 (simulate_adaptive_control:120) [DEBUG]: τ maintained at 1 (R^2 improvement not sufficient: -5.3890 vs -5.3890)
2025-06-28 12:43:32,330 (simulate_adaptive_control:323) [INFO]: Step 200/1000, Current τ: 1, R^2[1]: -5.3781
2025-06-28 12:43:32,332 (simulate_adaptive_control:120) [DEBUG]: τ maintained at 1 (R^2 improvement not sufficient: -5.3781 vs -5.3781)
2025-06-28 12:43:32,335 (simulate_adaptive_control:120) [DEBUG]: τ maintained at 1 (R^2 improvement not sufficient: -5.3744 vs -5.3744)
2025-06-28 12:43:32,337 (simulate_adaptive_control:120) [DEBUG]: τ maintained at 1 (R^2 improvement not sufficient: -5.3716 vs -5.3716)
2025-06-28 12:43:32,340 (simulate_adaptive_control:120) [DEBUG]: τ maintained at 1 (R^2 improvement not sufficient: -5.3533 vs -5.3533)
2025-06-28 12:43:32,343 (simulate_adaptive_control:120) [DEBUG]: τ maintained at 1 (R^2 improvement not sufficient: -5.3586 vs -5.3586)
2025-06-28 12:43:32,346 (simulate_adaptive_control:120) [DEBUG]: τ maintained at 1 (R^2 improvement not sufficient: -5.3666 vs -5.3666)
2025-06-28 12:43:32,349 (simulate_adaptive_control:120) [DEBUG]: τ maintained at 1 (R^2 improvement not sufficient: -5.3937 vs -5.3937)
2025-06-28 12:43:32,351 (simulate_adaptive_control:120) [DEBUG]: τ maintained at 1 (R^2 improvement not sufficient: -5.3999 vs -5.3999)
2025-06-28 12:43:32,354 (simulate_adaptive_control:120) [DEBUG]: τ maintained at 1 (R^2 improvement not sufficient: -5.3159 vs -5.3159)
2025-06-28 12:43:32,357 (simulate_adaptive_control:120) [DEBUG]: τ maintained at 1 (R^2 improvement not sufficient: -5.1122 vs -5.1122)
2025-06-28 12:43:32,359 (simulate_adaptive_control:120) [DEBUG]: τ maintained at 1 (R^2 improvement not sufficient: -4.9325 vs -4.9325)
2025-06-28 12:43:32,362 (simulate_adaptive_control:120) [DEBUG]: τ maintained at 1 (R^2 improvement not sufficient: -4.8029 vs -4.8029)
2025-06-28 12:43:32,364 (simulate_adaptive_control:120) [DEBUG]: τ maintained at 1 (R^2 improvement not sufficient: -4.6861 vs -4.6861)
2025-06-28 12:43:32,367 (simulate_adaptive_control:120) [DEBUG]: τ maintained at 1 (R^2 improvement not sufficient: -4.5793 vs -4.5793)
2025-06-28 12:43:32,370 (simulate_adaptive_control:120) [DEBUG]: τ maintained at 1 (R^2 improvement not sufficient: -4.4999 vs -4.4999)
2025-06-28 12:43:32,372 (simulate_adaptive_control:120) [DEBUG]: τ maintained at 1 (R^2 improvement not sufficient: -4.4114 vs -4.4114)
2025-06-28 12:43:32,375 (simulate_adaptive_control:120) [DEBUG]: τ maintained at 1 (R^2 improvement not sufficient: -4.2388 vs -4.2388)
2025-06-28 12:43:32,378 (simulate_adaptive_control:120) [DEBUG]: τ maintained at 1 (R^2 improvement not sufficient: -4.0568 vs -4.0568)
2025-06-28 12:43:32,381 (simulate_adaptive_control:120) [DEBUG]: τ maintained at 1 (R^2 improvement not sufficient: -3.9388 vs -3.9388)
2025-06-28 12:43:32,384 (simulate_adaptive_control:120) [DEBUG]: τ maintained at 1 (R^2 improvement not sufficient: -3.8497 vs -3.8497)
2025-06-28 12:43:32,387 (simulate_adaptive_control:120) [DEBUG]: τ maintained at 1 (R^2 improvement not sufficient: -3.8179 vs -3.8179)
2025-06-28 12:43:32,391 (simulate_adaptive_control:120) [DEBUG]: τ maintained at 1 (R^2 improvement not sufficient: -3.7651 vs -3.7651)
2025-06-28 12:43:32,395 (simulate_adaptive_control:120) [DEBUG]: τ maintained at 1 (R^2 improvement not sufficient: -3.8154 vs -3.8154)
2025-06-28 12:43:32,399 (simulate_adaptive_control:120) [DEBUG]: τ maintained at 1 (R^2 improvement not sufficient: -3.8754 vs -3.8754)
2025-06-28 12:43:32,403 (simulate_adaptive_control:120) [DEBUG]: τ maintained at 1 (R^2 improvement not sufficient: -4.0363 vs -4.0363)
2025-06-28 12:43:32,406 (simulate_adaptive_control:120) [DEBUG]: τ maintained at 1 (R^2 improvement not sufficient: -4.3176 vs -4.3176)
2025-06-28 12:43:32,408 (simulate_adaptive_control:120) [DEBUG]: τ maintained at 1 (R^2 improvement not sufficient: -4.5480 vs -4.5480)
2025-06-28 12:43:32,412 (simulate_adaptive_control:120) [DEBUG]: τ maintained at 1 (R^2 improvement not sufficient: -4.8285 vs -4.8285)
2025-06-28 12:43:32,415 (simulate_adaptive_control:120) [DEBUG]: τ maintained at 1 (R^2 improvement not sufficient: -5.1479 vs -5.1479)
2025-06-28 12:43:32,418 (simulate_adaptive_control:120) [DEBUG]: τ maintained at 1 (R^2 improvement not sufficient: -5.5357 vs -5.5357)
2025-06-28 12:43:32,421 (simulate_adaptive_control:120) [DEBUG]: τ maintained at 1 (R^2 improvement not sufficient: -6.0469 vs -6.0469)
2025-06-28 12:43:32,425 (simulate_adaptive_control:120) [DEBUG]: τ maintained at 1 (R^2 improvement not sufficient: -6.7155 vs -6.7155)
2025-06-28 12:43:32,429 (simulate_adaptive_control:120) [DEBUG]: τ maintained at 1 (R^2 improvement not sufficient: -7.4480 vs -7.4480)
2025-06-28 12:43:32,433 (simulate_adaptive_control:120) [DEBUG]: τ maintained at 1 (R^2 improvement not sufficient: -8.5969 vs -8.5969)
2025-06-28 12:43:32,436 (simulate_adaptive_control:120) [DEBUG]: τ maintained at 1 (R^2 improvement not sufficient: -9.8032 vs -9.8032)
2025-06-28 12:43:32,439 (simulate_adaptive_control:120) [DEBUG]: τ maintained at 1 (R^2 improvement not sufficient: -11.2495 vs -11.2495)
2025-06-28 12:43:32,442 (simulate_adaptive_control:120) [DEBUG]: τ maintained at 1 (R^2 improvement not sufficient: -12.7357 vs -12.7357)
2025-06-28 12:43:32,445 (simulate_adaptive_control:120) [DEBUG]: τ maintained at 1 (R^2 improvement not sufficient: -14.0009 vs -14.0009)
2025-06-28 12:43:32,448 (simulate_adaptive_control:120) [DEBUG]: τ maintained at 1 (R^2 improvement not sufficient: -15.1851 vs -15.1851)
2025-06-28 12:43:32,451 (simulate_adaptive_control:120) [DEBUG]: τ maintained at 1 (R^2 improvement not sufficient: -16.0129 vs -16.0129)
2025-06-28 12:43:32,453 (simulate_adaptive_control:120) [DEBUG]: τ maintained at 1 (R^2 improvement not sufficient: -16.7765 vs -16.7765)
2025-06-28 12:43:32,456 (simulate_adaptive_control:120) [DEBUG]: τ maintained at 1 (R^2 improvement not sufficient: -17.3307 vs -17.3307)
2025-06-28 12:43:32,459 (simulate_adaptive_control:120) [DEBUG]: τ maintained at 1 (R^2 improvement not sufficient: -17.7415 vs -17.7415)
2025-06-28 12:43:32,463 (simulate_adaptive_control:120) [DEBUG]: τ maintained at 1 (R^2 improvement not sufficient: -17.4141 vs -17.4141)
2025-06-28 12:43:32,466 (simulate_adaptive_control:120) [DEBUG]: τ maintained at 1 (R^2 improvement not sufficient: -16.9311 vs -16.9311)
2025-06-28 12:43:32,469 (simulate_adaptive_control:120) [DEBUG]: τ maintained at 1 (R^2 improvement not sufficient: -16.2197 vs -16.2197)
2025-06-28 12:43:32,472 (simulate_adaptive_control:120) [DEBUG]: τ maintained at 1 (R^2 improvement not sufficient: -15.4447 vs -15.4447)
2025-06-28 12:43:32,474 (simulate_adaptive_control:120) [DEBUG]: τ maintained at 1 (R^2 improvement not sufficient: -14.7344 vs -14.7344)
2025-06-28 12:43:32,478 (simulate_adaptive_control:120) [DEBUG]: τ maintained at 1 (R^2 improvement not sufficient: -13.9361 vs -13.9361)
2025-06-28 12:43:32,481 (simulate_adaptive_control:120) [DEBUG]: τ maintained at 1 (R^2 improvement not sufficient: -13.2225 vs -13.2225)
2025-06-28 12:43:32,484 (simulate_adaptive_control:120) [DEBUG]: τ maintained at 1 (R^2 improvement not sufficient: -12.5598 vs -12.5598)
2025-06-28 12:43:32,488 (simulate_adaptive_control:120) [DEBUG]: τ maintained at 1 (R^2 improvement not sufficient: -11.9872 vs -11.9872)
2025-06-28 12:43:32,490 (simulate_adaptive_control:120) [DEBUG]: τ maintained at 1 (R^2 improvement not sufficient: -11.5784 vs -11.5784)
2025-06-28 12:43:32,493 (simulate_adaptive_control:120) [DEBUG]: τ maintained at 1 (R^2 improvement not sufficient: -11.5066 vs -11.5066)
2025-06-28 12:43:32,496 (simulate_adaptive_control:120) [DEBUG]: τ maintained at 1 (R^2 improvement not sufficient: -11.8257 vs -11.8257)
2025-06-28 12:43:32,500 (simulate_adaptive_control:120) [DEBUG]: τ maintained at 1 (R^2 improvement not sufficient: -12.3436 vs -12.3436)
2025-06-28 12:43:32,502 (simulate_adaptive_control:120) [DEBUG]: τ maintained at 1 (R^2 improvement not sufficient: -12.8303 vs -12.8303)
2025-06-28 12:43:32,505 (simulate_adaptive_control:120) [DEBUG]: τ maintained at 1 (R^2 improvement not sufficient: -13.5216 vs -13.5216)
2025-06-28 12:43:32,508 (simulate_adaptive_control:120) [DEBUG]: τ maintained at 1 (R^2 improvement not sufficient: -14.2911 vs -14.2911)
2025-06-28 12:43:32,510 (simulate_adaptive_control:120) [DEBUG]: τ maintained at 1 (R^2 improvement not sufficient: -14.5675 vs -14.5675)
2025-06-28 12:43:32,513 (simulate_adaptive_control:120) [DEBUG]: τ maintained at 1 (R^2 improvement not sufficient: -14.6965 vs -14.6965)
2025-06-28 12:43:32,516 (simulate_adaptive_control:120) [DEBUG]: τ maintained at 1 (R^2 improvement not sufficient: -14.5173 vs -14.5173)
2025-06-28 12:43:32,519 (simulate_adaptive_control:120) [DEBUG]: τ maintained at 1 (R^2 improvement not sufficient: -14.1523 vs -14.1523)
2025-06-28 12:43:32,521 (simulate_adaptive_control:120) [DEBUG]: τ maintained at 1 (R^2 improvement not sufficient: -13.6266 vs -13.6266)
2025-06-28 12:43:32,524 (simulate_adaptive_control:120) [DEBUG]: τ maintained at 1 (R^2 improvement not sufficient: -13.1916 vs -13.1916)
2025-06-28 12:43:32,526 (simulate_adaptive_control:120) [DEBUG]: τ maintained at 1 (R^2 improvement not sufficient: -12.5430 vs -12.5430)
2025-06-28 12:43:32,529 (simulate_adaptive_control:120) [DEBUG]: τ maintained at 1 (R^2 improvement not sufficient: -11.8942 vs -11.8942)
2025-06-28 12:43:32,532 (simulate_adaptive_control:120) [DEBUG]: τ maintained at 1 (R^2 improvement not sufficient: -11.5424 vs -11.5424)
2025-06-28 12:43:32,535 (simulate_adaptive_control:120) [DEBUG]: τ maintained at 1 (R^2 improvement not sufficient: -11.2057 vs -11.2057)
2025-06-28 12:43:32,537 (simulate_adaptive_control:120) [DEBUG]: τ maintained at 1 (R^2 improvement not sufficient: -11.0513 vs -11.0513)
2025-06-28 12:43:32,541 (simulate_adaptive_control:120) [DEBUG]: τ maintained at 1 (R^2 improvement not sufficient: -10.9786 vs -10.9786)
2025-06-28 12:43:32,544 (simulate_adaptive_control:120) [DEBUG]: τ maintained at 1 (R^2 improvement not sufficient: -11.0709 vs -11.0709)
2025-06-28 12:43:32,546 (simulate_adaptive_control:120) [DEBUG]: τ maintained at 1 (R^2 improvement not sufficient: -11.2904 vs -11.2904)
2025-06-28 12:43:32,549 (simulate_adaptive_control:120) [DEBUG]: τ maintained at 1 (R^2 improvement not sufficient: -11.4702 vs -11.4702)
2025-06-28 12:43:32,552 (simulate_adaptive_control:120) [DEBUG]: τ maintained at 1 (R^2 improvement not sufficient: -11.6654 vs -11.6654)
2025-06-28 12:43:32,555 (simulate_adaptive_control:120) [DEBUG]: τ maintained at 1 (R^2 improvement not sufficient: -11.9057 vs -11.9057)
2025-06-28 12:43:32,558 (simulate_adaptive_control:120) [DEBUG]: τ maintained at 1 (R^2 improvement not sufficient: -12.1649 vs -12.1649)
2025-06-28 12:43:32,561 (simulate_adaptive_control:120) [DEBUG]: τ maintained at 1 (R^2 improvement not sufficient: -12.3060 vs -12.3060)
2025-06-28 12:43:32,564 (simulate_adaptive_control:120) [DEBUG]: τ maintained at 1 (R^2 improvement not sufficient: -12.4885 vs -12.4885)
2025-06-28 12:43:32,567 (simulate_adaptive_control:120) [DEBUG]: τ maintained at 1 (R^2 improvement not sufficient: -12.5931 vs -12.5931)
2025-06-28 12:43:32,570 (simulate_adaptive_control:120) [DEBUG]: τ maintained at 1 (R^2 improvement not sufficient: -12.7278 vs -12.7278)
2025-06-28 12:43:32,573 (simulate_adaptive_control:120) [DEBUG]: τ maintained at 1 (R^2 improvement not sufficient: -12.8065 vs -12.8065)
2025-06-28 12:43:32,575 (simulate_adaptive_control:120) [DEBUG]: τ maintained at 1 (R^2 improvement not sufficient: -12.8256 vs -12.8256)
2025-06-28 12:43:32,579 (simulate_adaptive_control:120) [DEBUG]: τ maintained at 1 (R^2 improvement not sufficient: -12.7998 vs -12.7998)
2025-06-28 12:43:32,583 (simulate_adaptive_control:120) [DEBUG]: τ maintained at 1 (R^2 improvement not sufficient: -12.8620 vs -12.8620)
2025-06-28 12:43:32,587 (simulate_adaptive_control:120) [DEBUG]: τ maintained at 1 (R^2 improvement not sufficient: -12.8703 vs -12.8703)
2025-06-28 12:43:32,590 (simulate_adaptive_control:120) [DEBUG]: τ maintained at 1 (R^2 improvement not sufficient: -12.8632 vs -12.8632)
2025-06-28 12:43:32,593 (simulate_adaptive_control:120) [DEBUG]: τ maintained at 1 (R^2 improvement not sufficient: -12.8322 vs -12.8322)
2025-06-28 12:43:32,596 (simulate_adaptive_control:120) [DEBUG]: τ maintained at 1 (R^2 improvement not sufficient: -12.6703 vs -12.6703)
2025-06-28 12:43:32,599 (simulate_adaptive_control:120) [DEBUG]: τ maintained at 1 (R^2 improvement not sufficient: -12.3579 vs -12.3579)
2025-06-28 12:43:32,602 (simulate_adaptive_control:120) [DEBUG]: τ maintained at 1 (R^2 improvement not sufficient: -12.1392 vs -12.1392)
2025-06-28 12:43:32,605 (simulate_adaptive_control:120) [DEBUG]: τ maintained at 1 (R^2 improvement not sufficient: -12.1010 vs -12.1010)
2025-06-28 12:43:32,608 (simulate_adaptive_control:120) [DEBUG]: τ maintained at 1 (R^2 improvement not sufficient: -12.0584 vs -12.0584)
2025-06-28 12:43:32,611 (simulate_adaptive_control:120) [DEBUG]: τ maintained at 1 (R^2 improvement not sufficient: -12.0339 vs -12.0339)
2025-06-28 12:43:32,614 (simulate_adaptive_control:120) [DEBUG]: τ maintained at 1 (R^2 improvement not sufficient: -11.8746 vs -11.8746)
2025-06-28 12:43:32,617 (simulate_adaptive_control:120) [DEBUG]: τ maintained at 1 (R^2 improvement not sufficient: -11.5429 vs -11.5429)
2025-06-28 12:43:32,619 (simulate_adaptive_control:120) [DEBUG]: τ maintained at 1 (R^2 improvement not sufficient: -11.1875 vs -11.1875)
2025-06-28 12:43:32,622 (simulate_adaptive_control:120) [DEBUG]: τ maintained at 1 (R^2 improvement not sufficient: -10.9098 vs -10.9098)
2025-06-28 12:43:32,623 (simulate_adaptive_control:263) [INFO]: End of reference trajectory (or look-ahead range) reached. Stopping simulation.
2025-06-28 12:43:32,623 (simulate_adaptive_control:325) [INFO]: Simulation finished.
2025-06-28 12:43:32,640 (simulate_adaptive_control:332) [INFO]: Simulation results saved to data/simulate_adaptive_control/adaptive_simulation/20250628T124331/adaptive_simulation_results.csv
