2025-06-28 12:50:53,966 (event_logging:164) [DEBUG]: Start event logging
2025-06-28 12:50:53,966 (event_logging:165) [DEBUG]: Logger name: __main__
2025-06-28 12:50:53,966 (event_logging:166) [DEBUG]: Log filename: data/simulate_adaptive_control/adaptive_simulation/20250628T125053/simulate_adaptive_control.log
2025-06-28 12:50:53,966 (event_logging:168) [DEBUG]: Command: python apps/simulate_adaptive_control.py data/trained_model/train_adaptive/20250628T121045/trained_model.joblib -r tests/data/motion_data_000.csv -c apps/config/adaptive_model.toml --active-joints 5 --max-steps 10000
2025-06-28 12:50:53,968 (data_handling:162) [DEBUG]: Directory created: data/simulate_adaptive_control/adaptive_simulation/20250628T125053/config
2025-06-28 12:50:53,978 (data_handling:180) [DEBUG]: Model config copied: None -> data/simulate_adaptive_control/adaptive_simulation/20250628T125053/config
2025-06-28 12:50:53,978 (simulate_adaptive_control:226) [INFO]: config: apps/config/adaptive_model.toml
2025-06-28 12:50:53,978 (simulate_adaptive_control:227) [INFO]: output: data/simulate_adaptive_control/adaptive_simulation/20250628T125053
2025-06-28 12:50:53,978 (simulate_adaptive_control:228) [INFO]: N_max: 2, Active Joints: [5]
2025-06-28 12:50:53,978 (simulate_adaptive_control:232) [INFO]: Loading trained model from data/trained_model/train_adaptive/20250628T121045/trained_model.joblib
2025-06-28 12:50:53,990 (simulate_adaptive_control:236) [INFO]: Loading reference trajectory from tests/data/motion_data_000.csv
2025-06-28 12:50:54,009 (simulate_adaptive_control:239) [INFO]: Reference trajectory loaded with 301 steps.
2025-06-28 12:50:54,010 (simulate_adaptive_control:60) [INFO]: AdaptiveController initialized with N_max=2, initial_tau=1
2025-06-28 12:50:54,014 (simulate_adaptive_control:260) [INFO]: Starting simulation...
2025-06-28 12:50:54,018 (simulate_adaptive_control:108) [DEBUG]: No sufficient R^2 data for any tau. Maintaining current tau: 1
2025-06-28 12:50:54,020 (simulate_adaptive_control:424) [INFO]: Step 0/10000, Current τ: 1, R^2[1]: -inf
2025-06-28 12:50:54,023 (simulate_adaptive_control:121) [INFO]: τ changed from 1 to 2 (R^2 improved: -5011.5806 -> -897.3697)
2025-06-28 12:50:54,028 (simulate_adaptive_control:124) [DEBUG]: τ maintained at 2 (R^2 improvement not sufficient: -370.4559 vs -370.4559)
2025-06-28 12:50:54,033 (simulate_adaptive_control:124) [DEBUG]: τ maintained at 2 (R^2 improvement not sufficient: -175.4220 vs -175.4220)
2025-06-28 12:50:54,038 (simulate_adaptive_control:124) [DEBUG]: τ maintained at 2 (R^2 improvement not sufficient: -101.4882 vs -101.4882)
2025-06-28 12:50:54,043 (simulate_adaptive_control:124) [DEBUG]: τ maintained at 2 (R^2 improvement not sufficient: -50.5156 vs -50.5156)
2025-06-28 12:50:54,048 (simulate_adaptive_control:124) [DEBUG]: τ maintained at 2 (R^2 improvement not sufficient: -29.1268 vs -29.1268)
2025-06-28 12:50:54,053 (simulate_adaptive_control:124) [DEBUG]: τ maintained at 2 (R^2 improvement not sufficient: -16.9995 vs -16.9995)
2025-06-28 12:50:54,057 (simulate_adaptive_control:124) [DEBUG]: τ maintained at 2 (R^2 improvement not sufficient: -11.5106 vs -11.5106)
2025-06-28 12:50:54,062 (simulate_adaptive_control:124) [DEBUG]: τ maintained at 2 (R^2 improvement not sufficient: -7.7305 vs -7.7305)
2025-06-28 12:50:54,067 (simulate_adaptive_control:124) [DEBUG]: τ maintained at 2 (R^2 improvement not sufficient: -5.2676 vs -5.2676)
2025-06-28 12:50:54,072 (simulate_adaptive_control:124) [DEBUG]: τ maintained at 2 (R^2 improvement not sufficient: -3.5909 vs -3.5909)
2025-06-28 12:50:54,076 (simulate_adaptive_control:124) [DEBUG]: τ maintained at 2 (R^2 improvement not sufficient: -2.4578 vs -2.4578)
2025-06-28 12:50:54,081 (simulate_adaptive_control:124) [DEBUG]: τ maintained at 2 (R^2 improvement not sufficient: -1.7108 vs -1.7108)
2025-06-28 12:50:54,085 (simulate_adaptive_control:124) [DEBUG]: τ maintained at 2 (R^2 improvement not sufficient: -1.1537 vs -1.1537)
2025-06-28 12:50:54,090 (simulate_adaptive_control:124) [DEBUG]: τ maintained at 2 (R^2 improvement not sufficient: -0.9081 vs -0.9081)
2025-06-28 12:50:54,094 (simulate_adaptive_control:124) [DEBUG]: τ maintained at 2 (R^2 improvement not sufficient: -1.0000 vs -1.0000)
2025-06-28 12:50:54,099 (simulate_adaptive_control:124) [DEBUG]: τ maintained at 2 (R^2 improvement not sufficient: -0.8211 vs -0.8211)
2025-06-28 12:50:54,103 (simulate_adaptive_control:124) [DEBUG]: τ maintained at 2 (R^2 improvement not sufficient: -0.7714 vs -0.7714)
2025-06-28 12:50:54,108 (simulate_adaptive_control:124) [DEBUG]: τ maintained at 2 (R^2 improvement not sufficient: -0.6835 vs -0.6835)
2025-06-28 12:50:54,112 (simulate_adaptive_control:124) [DEBUG]: τ maintained at 2 (R^2 improvement not sufficient: -0.6407 vs -0.6407)
2025-06-28 12:50:54,117 (simulate_adaptive_control:124) [DEBUG]: τ maintained at 2 (R^2 improvement not sufficient: -0.6244 vs -0.6244)
2025-06-28 12:50:54,122 (simulate_adaptive_control:124) [DEBUG]: τ maintained at 2 (R^2 improvement not sufficient: -0.6105 vs -0.6105)
2025-06-28 12:50:54,126 (simulate_adaptive_control:124) [DEBUG]: τ maintained at 2 (R^2 improvement not sufficient: -0.6073 vs -0.6073)
2025-06-28 12:50:54,132 (simulate_adaptive_control:124) [DEBUG]: τ maintained at 2 (R^2 improvement not sufficient: -0.6071 vs -0.6071)
2025-06-28 12:50:54,136 (simulate_adaptive_control:124) [DEBUG]: τ maintained at 2 (R^2 improvement not sufficient: -0.6647 vs -0.6647)
2025-06-28 12:50:54,141 (simulate_adaptive_control:124) [DEBUG]: τ maintained at 2 (R^2 improvement not sufficient: -0.7204 vs -0.7204)
2025-06-28 12:50:54,146 (simulate_adaptive_control:124) [DEBUG]: τ maintained at 2 (R^2 improvement not sufficient: -0.7795 vs -0.7795)
2025-06-28 12:50:54,151 (simulate_adaptive_control:124) [DEBUG]: τ maintained at 2 (R^2 improvement not sufficient: -0.7765 vs -0.7765)
2025-06-28 12:50:54,156 (simulate_adaptive_control:124) [DEBUG]: τ maintained at 2 (R^2 improvement not sufficient: -0.7727 vs -0.7727)
2025-06-28 12:50:54,161 (simulate_adaptive_control:124) [DEBUG]: τ maintained at 2 (R^2 improvement not sufficient: -0.8291 vs -0.8291)
2025-06-28 12:50:54,165 (simulate_adaptive_control:124) [DEBUG]: τ maintained at 2 (R^2 improvement not sufficient: -0.8498 vs -0.8498)
2025-06-28 12:50:54,170 (simulate_adaptive_control:124) [DEBUG]: τ maintained at 2 (R^2 improvement not sufficient: -1.0447 vs -1.0447)
2025-06-28 12:50:54,175 (simulate_adaptive_control:124) [DEBUG]: τ maintained at 2 (R^2 improvement not sufficient: -1.0500 vs -1.0500)
2025-06-28 12:50:54,180 (simulate_adaptive_control:124) [DEBUG]: τ maintained at 2 (R^2 improvement not sufficient: -1.0899 vs -1.0899)
2025-06-28 12:50:54,185 (simulate_adaptive_control:124) [DEBUG]: τ maintained at 2 (R^2 improvement not sufficient: -1.0989 vs -1.0989)
2025-06-28 12:50:54,190 (simulate_adaptive_control:124) [DEBUG]: τ maintained at 2 (R^2 improvement not sufficient: -1.1002 vs -1.1002)
2025-06-28 12:50:54,194 (simulate_adaptive_control:124) [DEBUG]: τ maintained at 2 (R^2 improvement not sufficient: -1.0955 vs -1.0955)
2025-06-28 12:50:54,199 (simulate_adaptive_control:124) [DEBUG]: τ maintained at 2 (R^2 improvement not sufficient: -1.0881 vs -1.0881)
2025-06-28 12:50:54,204 (simulate_adaptive_control:124) [DEBUG]: τ maintained at 2 (R^2 improvement not sufficient: -1.0768 vs -1.0768)
2025-06-28 12:50:54,209 (simulate_adaptive_control:124) [DEBUG]: τ maintained at 2 (R^2 improvement not sufficient: -1.0891 vs -1.0891)
2025-06-28 12:50:54,214 (simulate_adaptive_control:124) [DEBUG]: τ maintained at 2 (R^2 improvement not sufficient: -1.2094 vs -1.2094)
2025-06-28 12:50:54,218 (simulate_adaptive_control:124) [DEBUG]: τ maintained at 2 (R^2 improvement not sufficient: -1.1948 vs -1.1948)
2025-06-28 12:50:54,223 (simulate_adaptive_control:124) [DEBUG]: τ maintained at 2 (R^2 improvement not sufficient: -1.1782 vs -1.1782)
2025-06-28 12:50:54,227 (simulate_adaptive_control:124) [DEBUG]: τ maintained at 2 (R^2 improvement not sufficient: -1.2446 vs -1.2446)
2025-06-28 12:50:54,232 (simulate_adaptive_control:124) [DEBUG]: τ maintained at 2 (R^2 improvement not sufficient: -1.9617 vs -1.9617)
2025-06-28 12:50:54,237 (simulate_adaptive_control:124) [DEBUG]: τ maintained at 2 (R^2 improvement not sufficient: -2.3619 vs -2.3619)
2025-06-28 12:50:54,242 (simulate_adaptive_control:124) [DEBUG]: τ maintained at 2 (R^2 improvement not sufficient: -2.3902 vs -2.3902)
2025-06-28 12:50:54,246 (simulate_adaptive_control:124) [DEBUG]: τ maintained at 2 (R^2 improvement not sufficient: -2.3136 vs -2.3136)
2025-06-28 12:50:54,251 (simulate_adaptive_control:124) [DEBUG]: τ maintained at 2 (R^2 improvement not sufficient: -2.2520 vs -2.2520)
2025-06-28 12:50:54,256 (simulate_adaptive_control:124) [DEBUG]: τ maintained at 2 (R^2 improvement not sufficient: -2.1828 vs -2.1828)
2025-06-28 12:50:54,261 (simulate_adaptive_control:124) [DEBUG]: τ maintained at 2 (R^2 improvement not sufficient: -2.1326 vs -2.1326)
2025-06-28 12:50:54,266 (simulate_adaptive_control:124) [DEBUG]: τ maintained at 2 (R^2 improvement not sufficient: -2.1718 vs -2.1718)
2025-06-28 12:50:54,270 (simulate_adaptive_control:124) [DEBUG]: τ maintained at 2 (R^2 improvement not sufficient: -2.1686 vs -2.1686)
2025-06-28 12:50:54,275 (simulate_adaptive_control:124) [DEBUG]: τ maintained at 2 (R^2 improvement not sufficient: -2.1461 vs -2.1461)
2025-06-28 12:50:54,280 (simulate_adaptive_control:124) [DEBUG]: τ maintained at 2 (R^2 improvement not sufficient: -2.1652 vs -2.1652)
2025-06-28 12:50:54,285 (simulate_adaptive_control:124) [DEBUG]: τ maintained at 2 (R^2 improvement not sufficient: -2.2135 vs -2.2135)
2025-06-28 12:50:54,290 (simulate_adaptive_control:124) [DEBUG]: τ maintained at 2 (R^2 improvement not sufficient: -2.2937 vs -2.2937)
2025-06-28 12:50:54,295 (simulate_adaptive_control:124) [DEBUG]: τ maintained at 2 (R^2 improvement not sufficient: -2.3828 vs -2.3828)
2025-06-28 12:50:54,299 (simulate_adaptive_control:124) [DEBUG]: τ maintained at 2 (R^2 improvement not sufficient: -2.5714 vs -2.5714)
2025-06-28 12:50:54,304 (simulate_adaptive_control:121) [INFO]: τ changed from 2 to 1 (R^2 improved: -3.0033 -> -2.6738)
2025-06-28 12:50:54,309 (simulate_adaptive_control:124) [DEBUG]: τ maintained at 1 (R^2 improvement not sufficient: -2.6953 vs -2.6953)
2025-06-28 12:50:54,314 (simulate_adaptive_control:124) [DEBUG]: τ maintained at 1 (R^2 improvement not sufficient: -2.7372 vs -2.7372)
2025-06-28 12:50:54,318 (simulate_adaptive_control:124) [DEBUG]: τ maintained at 1 (R^2 improvement not sufficient: -2.7313 vs -2.7313)
2025-06-28 12:50:54,323 (simulate_adaptive_control:124) [DEBUG]: τ maintained at 1 (R^2 improvement not sufficient: -2.8446 vs -2.8446)
2025-06-28 12:50:54,328 (simulate_adaptive_control:124) [DEBUG]: τ maintained at 1 (R^2 improvement not sufficient: -3.0558 vs -3.0558)
2025-06-28 12:50:54,332 (simulate_adaptive_control:124) [DEBUG]: τ maintained at 1 (R^2 improvement not sufficient: -3.0398 vs -3.0398)
2025-06-28 12:50:54,337 (simulate_adaptive_control:124) [DEBUG]: τ maintained at 1 (R^2 improvement not sufficient: -2.9975 vs -2.9975)
2025-06-28 12:50:54,342 (simulate_adaptive_control:124) [DEBUG]: τ maintained at 1 (R^2 improvement not sufficient: -2.9370 vs -2.9370)
2025-06-28 12:50:54,346 (simulate_adaptive_control:124) [DEBUG]: τ maintained at 1 (R^2 improvement not sufficient: -2.9288 vs -2.9288)
2025-06-28 12:50:54,351 (simulate_adaptive_control:124) [DEBUG]: τ maintained at 1 (R^2 improvement not sufficient: -2.8396 vs -2.8396)
2025-06-28 12:50:54,355 (simulate_adaptive_control:124) [DEBUG]: τ maintained at 1 (R^2 improvement not sufficient: -2.7466 vs -2.7466)
2025-06-28 12:50:54,360 (simulate_adaptive_control:124) [DEBUG]: τ maintained at 1 (R^2 improvement not sufficient: -2.6812 vs -2.6812)
2025-06-28 12:50:54,365 (simulate_adaptive_control:124) [DEBUG]: τ maintained at 1 (R^2 improvement not sufficient: -2.6553 vs -2.6553)
2025-06-28 12:50:54,370 (simulate_adaptive_control:124) [DEBUG]: τ maintained at 1 (R^2 improvement not sufficient: -2.5797 vs -2.5797)
2025-06-28 12:50:54,375 (simulate_adaptive_control:124) [DEBUG]: τ maintained at 1 (R^2 improvement not sufficient: -2.5590 vs -2.5590)
2025-06-28 12:50:54,380 (simulate_adaptive_control:124) [DEBUG]: τ maintained at 1 (R^2 improvement not sufficient: -2.5136 vs -2.5136)
2025-06-28 12:50:54,384 (simulate_adaptive_control:124) [DEBUG]: τ maintained at 1 (R^2 improvement not sufficient: -2.5008 vs -2.5008)
2025-06-28 12:50:54,389 (simulate_adaptive_control:124) [DEBUG]: τ maintained at 1 (R^2 improvement not sufficient: -2.5276 vs -2.5276)
2025-06-28 12:50:54,394 (simulate_adaptive_control:124) [DEBUG]: τ maintained at 1 (R^2 improvement not sufficient: -2.5213 vs -2.5213)
2025-06-28 12:50:54,399 (simulate_adaptive_control:124) [DEBUG]: τ maintained at 1 (R^2 improvement not sufficient: -2.5462 vs -2.5462)
2025-06-28 12:50:54,404 (simulate_adaptive_control:124) [DEBUG]: τ maintained at 1 (R^2 improvement not sufficient: -2.5467 vs -2.5467)
2025-06-28 12:50:54,409 (simulate_adaptive_control:124) [DEBUG]: τ maintained at 1 (R^2 improvement not sufficient: -2.5729 vs -2.5729)
2025-06-28 12:50:54,413 (simulate_adaptive_control:124) [DEBUG]: τ maintained at 1 (R^2 improvement not sufficient: -2.5769 vs -2.5769)
2025-06-28 12:50:54,418 (simulate_adaptive_control:124) [DEBUG]: τ maintained at 1 (R^2 improvement not sufficient: -2.5695 vs -2.5695)
2025-06-28 12:50:54,422 (simulate_adaptive_control:124) [DEBUG]: τ maintained at 1 (R^2 improvement not sufficient: -2.5619 vs -2.5619)
2025-06-28 12:50:54,427 (simulate_adaptive_control:124) [DEBUG]: τ maintained at 1 (R^2 improvement not sufficient: -2.5734 vs -2.5734)
2025-06-28 12:50:54,431 (simulate_adaptive_control:124) [DEBUG]: τ maintained at 1 (R^2 improvement not sufficient: -2.6339 vs -2.6339)
2025-06-28 12:50:54,436 (simulate_adaptive_control:124) [DEBUG]: τ maintained at 1 (R^2 improvement not sufficient: -2.7155 vs -2.7155)
2025-06-28 12:50:54,441 (simulate_adaptive_control:124) [DEBUG]: τ maintained at 1 (R^2 improvement not sufficient: -2.7069 vs -2.7069)
2025-06-28 12:50:54,446 (simulate_adaptive_control:124) [DEBUG]: τ maintained at 1 (R^2 improvement not sufficient: -2.6988 vs -2.6988)
2025-06-28 12:50:54,451 (simulate_adaptive_control:124) [DEBUG]: τ maintained at 1 (R^2 improvement not sufficient: -2.6961 vs -2.6961)
2025-06-28 12:50:54,456 (simulate_adaptive_control:124) [DEBUG]: τ maintained at 1 (R^2 improvement not sufficient: -2.6951 vs -2.6951)
2025-06-28 12:50:54,461 (simulate_adaptive_control:124) [DEBUG]: τ maintained at 1 (R^2 improvement not sufficient: -2.6965 vs -2.6965)
2025-06-28 12:50:54,466 (simulate_adaptive_control:124) [DEBUG]: τ maintained at 1 (R^2 improvement not sufficient: -2.6993 vs -2.6993)
2025-06-28 12:50:54,471 (simulate_adaptive_control:124) [DEBUG]: τ maintained at 1 (R^2 improvement not sufficient: -2.7601 vs -2.7601)
2025-06-28 12:50:54,476 (simulate_adaptive_control:124) [DEBUG]: τ maintained at 1 (R^2 improvement not sufficient: -2.8304 vs -2.8304)
2025-06-28 12:50:54,481 (simulate_adaptive_control:124) [DEBUG]: τ maintained at 1 (R^2 improvement not sufficient: -2.8713 vs -2.8713)
2025-06-28 12:50:54,486 (simulate_adaptive_control:124) [DEBUG]: τ maintained at 1 (R^2 improvement not sufficient: -2.8787 vs -2.8787)
2025-06-28 12:50:54,491 (simulate_adaptive_control:124) [DEBUG]: τ maintained at 1 (R^2 improvement not sufficient: -2.8872 vs -2.8872)
2025-06-28 12:50:54,495 (simulate_adaptive_control:124) [DEBUG]: τ maintained at 1 (R^2 improvement not sufficient: -2.7822 vs -2.7822)
2025-06-28 12:50:54,498 (simulate_adaptive_control:424) [INFO]: Step 100/10000, Current τ: 1, R^2[1]: -2.7822
2025-06-28 12:50:54,501 (simulate_adaptive_control:124) [DEBUG]: τ maintained at 1 (R^2 improvement not sufficient: -2.7282 vs -2.7282)
2025-06-28 12:50:54,506 (simulate_adaptive_control:124) [DEBUG]: τ maintained at 1 (R^2 improvement not sufficient: -2.6304 vs -2.6304)
2025-06-28 12:50:54,511 (simulate_adaptive_control:124) [DEBUG]: τ maintained at 1 (R^2 improvement not sufficient: -2.5602 vs -2.5602)
2025-06-28 12:50:54,517 (simulate_adaptive_control:124) [DEBUG]: τ maintained at 1 (R^2 improvement not sufficient: -2.5244 vs -2.5244)
2025-06-28 12:50:54,522 (simulate_adaptive_control:124) [DEBUG]: τ maintained at 1 (R^2 improvement not sufficient: -2.4958 vs -2.4958)
2025-06-28 12:50:54,526 (simulate_adaptive_control:124) [DEBUG]: τ maintained at 1 (R^2 improvement not sufficient: -2.3648 vs -2.3648)
2025-06-28 12:50:54,531 (simulate_adaptive_control:124) [DEBUG]: τ maintained at 1 (R^2 improvement not sufficient: -2.0542 vs -2.0542)
2025-06-28 12:50:54,536 (simulate_adaptive_control:124) [DEBUG]: τ maintained at 1 (R^2 improvement not sufficient: -1.9761 vs -1.9761)
2025-06-28 12:50:54,541 (simulate_adaptive_control:124) [DEBUG]: τ maintained at 1 (R^2 improvement not sufficient: -2.0467 vs -2.0467)
2025-06-28 12:50:54,547 (simulate_adaptive_control:124) [DEBUG]: τ maintained at 1 (R^2 improvement not sufficient: -2.1083 vs -2.1083)
2025-06-28 12:50:54,552 (simulate_adaptive_control:124) [DEBUG]: τ maintained at 1 (R^2 improvement not sufficient: -2.2270 vs -2.2270)
2025-06-28 12:50:54,557 (simulate_adaptive_control:124) [DEBUG]: τ maintained at 1 (R^2 improvement not sufficient: -2.3668 vs -2.3668)
2025-06-28 12:50:54,562 (simulate_adaptive_control:124) [DEBUG]: τ maintained at 1 (R^2 improvement not sufficient: -2.4538 vs -2.4538)
2025-06-28 12:50:54,567 (simulate_adaptive_control:124) [DEBUG]: τ maintained at 1 (R^2 improvement not sufficient: -2.5521 vs -2.5521)
2025-06-28 12:50:54,572 (simulate_adaptive_control:124) [DEBUG]: τ maintained at 1 (R^2 improvement not sufficient: -2.8249 vs -2.8249)
2025-06-28 12:50:54,577 (simulate_adaptive_control:124) [DEBUG]: τ maintained at 1 (R^2 improvement not sufficient: -3.1622 vs -3.1622)
2025-06-28 12:50:54,581 (simulate_adaptive_control:124) [DEBUG]: τ maintained at 1 (R^2 improvement not sufficient: -3.5757 vs -3.5757)
2025-06-28 12:50:54,586 (simulate_adaptive_control:124) [DEBUG]: τ maintained at 1 (R^2 improvement not sufficient: -4.0250 vs -4.0250)
2025-06-28 12:50:54,591 (simulate_adaptive_control:124) [DEBUG]: τ maintained at 1 (R^2 improvement not sufficient: -4.3323 vs -4.3323)
2025-06-28 12:50:54,596 (simulate_adaptive_control:124) [DEBUG]: τ maintained at 1 (R^2 improvement not sufficient: -4.5952 vs -4.5952)
2025-06-28 12:50:54,601 (simulate_adaptive_control:124) [DEBUG]: τ maintained at 1 (R^2 improvement not sufficient: -4.7871 vs -4.7871)
2025-06-28 12:50:54,606 (simulate_adaptive_control:124) [DEBUG]: τ maintained at 1 (R^2 improvement not sufficient: -4.6922 vs -4.6922)
2025-06-28 12:50:54,611 (simulate_adaptive_control:124) [DEBUG]: τ maintained at 1 (R^2 improvement not sufficient: -4.6306 vs -4.6306)
2025-06-28 12:50:54,616 (simulate_adaptive_control:124) [DEBUG]: τ maintained at 1 (R^2 improvement not sufficient: -4.5888 vs -4.5888)
2025-06-28 12:50:54,620 (simulate_adaptive_control:124) [DEBUG]: τ maintained at 1 (R^2 improvement not sufficient: -4.4893 vs -4.4893)
2025-06-28 12:50:54,625 (simulate_adaptive_control:124) [DEBUG]: τ maintained at 1 (R^2 improvement not sufficient: -4.3475 vs -4.3475)
2025-06-28 12:50:54,630 (simulate_adaptive_control:124) [DEBUG]: τ maintained at 1 (R^2 improvement not sufficient: -4.1323 vs -4.1323)
2025-06-28 12:50:54,635 (simulate_adaptive_control:124) [DEBUG]: τ maintained at 1 (R^2 improvement not sufficient: -3.8131 vs -3.8131)
2025-06-28 12:50:54,639 (simulate_adaptive_control:124) [DEBUG]: τ maintained at 1 (R^2 improvement not sufficient: -3.6012 vs -3.6012)
2025-06-28 12:50:54,644 (simulate_adaptive_control:124) [DEBUG]: τ maintained at 1 (R^2 improvement not sufficient: -3.2975 vs -3.2975)
2025-06-28 12:50:54,649 (simulate_adaptive_control:124) [DEBUG]: τ maintained at 1 (R^2 improvement not sufficient: -3.1240 vs -3.1240)
2025-06-28 12:50:54,653 (simulate_adaptive_control:124) [DEBUG]: τ maintained at 1 (R^2 improvement not sufficient: -2.9253 vs -2.9253)
2025-06-28 12:50:54,658 (simulate_adaptive_control:124) [DEBUG]: τ maintained at 1 (R^2 improvement not sufficient: -2.1949 vs -2.1949)
2025-06-28 12:50:54,663 (simulate_adaptive_control:124) [DEBUG]: τ maintained at 1 (R^2 improvement not sufficient: -2.0148 vs -2.0148)
2025-06-28 12:50:54,668 (simulate_adaptive_control:124) [DEBUG]: τ maintained at 1 (R^2 improvement not sufficient: -2.1391 vs -2.1391)
2025-06-28 12:50:54,673 (simulate_adaptive_control:124) [DEBUG]: τ maintained at 1 (R^2 improvement not sufficient: -2.0986 vs -2.0986)
2025-06-28 12:50:54,678 (simulate_adaptive_control:124) [DEBUG]: τ maintained at 1 (R^2 improvement not sufficient: -2.0181 vs -2.0181)
2025-06-28 12:50:54,683 (simulate_adaptive_control:124) [DEBUG]: τ maintained at 1 (R^2 improvement not sufficient: -1.9695 vs -1.9695)
2025-06-28 12:50:54,688 (simulate_adaptive_control:124) [DEBUG]: τ maintained at 1 (R^2 improvement not sufficient: -1.9410 vs -1.9410)
2025-06-28 12:50:54,693 (simulate_adaptive_control:124) [DEBUG]: τ maintained at 1 (R^2 improvement not sufficient: -1.9591 vs -1.9591)
2025-06-28 12:50:54,697 (simulate_adaptive_control:124) [DEBUG]: τ maintained at 1 (R^2 improvement not sufficient: -1.9913 vs -1.9913)
2025-06-28 12:50:54,703 (simulate_adaptive_control:124) [DEBUG]: τ maintained at 1 (R^2 improvement not sufficient: -2.0173 vs -2.0173)
2025-06-28 12:50:54,707 (simulate_adaptive_control:124) [DEBUG]: τ maintained at 1 (R^2 improvement not sufficient: -1.9617 vs -1.9617)
2025-06-28 12:50:54,712 (simulate_adaptive_control:124) [DEBUG]: τ maintained at 1 (R^2 improvement not sufficient: -1.8507 vs -1.8507)
2025-06-28 12:50:54,717 (simulate_adaptive_control:124) [DEBUG]: τ maintained at 1 (R^2 improvement not sufficient: -2.0404 vs -2.0404)
2025-06-28 12:50:54,721 (simulate_adaptive_control:124) [DEBUG]: τ maintained at 1 (R^2 improvement not sufficient: -2.1288 vs -2.1288)
2025-06-28 12:50:54,726 (simulate_adaptive_control:124) [DEBUG]: τ maintained at 1 (R^2 improvement not sufficient: -2.1903 vs -2.1903)
2025-06-28 12:50:54,731 (simulate_adaptive_control:124) [DEBUG]: τ maintained at 1 (R^2 improvement not sufficient: -2.1239 vs -2.1239)
2025-06-28 12:50:54,736 (simulate_adaptive_control:124) [DEBUG]: τ maintained at 1 (R^2 improvement not sufficient: -2.1812 vs -2.1812)
2025-06-28 12:50:54,740 (simulate_adaptive_control:124) [DEBUG]: τ maintained at 1 (R^2 improvement not sufficient: -2.5110 vs -2.5110)
2025-06-28 12:50:54,746 (simulate_adaptive_control:124) [DEBUG]: τ maintained at 1 (R^2 improvement not sufficient: -2.6485 vs -2.6485)
2025-06-28 12:50:54,751 (simulate_adaptive_control:124) [DEBUG]: τ maintained at 1 (R^2 improvement not sufficient: -2.8559 vs -2.8559)
2025-06-28 12:50:54,756 (simulate_adaptive_control:124) [DEBUG]: τ maintained at 1 (R^2 improvement not sufficient: -3.0299 vs -3.0299)
2025-06-28 12:50:54,760 (simulate_adaptive_control:124) [DEBUG]: τ maintained at 1 (R^2 improvement not sufficient: -3.0332 vs -3.0332)
2025-06-28 12:50:54,765 (simulate_adaptive_control:124) [DEBUG]: τ maintained at 1 (R^2 improvement not sufficient: -2.9298 vs -2.9298)
2025-06-28 12:50:54,770 (simulate_adaptive_control:124) [DEBUG]: τ maintained at 1 (R^2 improvement not sufficient: -2.7742 vs -2.7742)
2025-06-28 12:50:54,774 (simulate_adaptive_control:124) [DEBUG]: τ maintained at 1 (R^2 improvement not sufficient: -2.6595 vs -2.6595)
2025-06-28 12:50:54,779 (simulate_adaptive_control:124) [DEBUG]: τ maintained at 1 (R^2 improvement not sufficient: -2.6838 vs -2.6838)
2025-06-28 12:50:54,785 (simulate_adaptive_control:124) [DEBUG]: τ maintained at 1 (R^2 improvement not sufficient: -2.6937 vs -2.6937)
2025-06-28 12:50:54,790 (simulate_adaptive_control:121) [INFO]: τ changed from 1 to 2 (R^2 improved: -2.6625 -> -2.5652)
2025-06-28 12:50:54,794 (simulate_adaptive_control:124) [DEBUG]: τ maintained at 2 (R^2 improvement not sufficient: -2.3993 vs -2.3993)
2025-06-28 12:50:54,799 (simulate_adaptive_control:124) [DEBUG]: τ maintained at 2 (R^2 improvement not sufficient: -2.3525 vs -2.3525)
2025-06-28 12:50:54,804 (simulate_adaptive_control:124) [DEBUG]: τ maintained at 2 (R^2 improvement not sufficient: -2.4009 vs -2.4009)
2025-06-28 12:50:54,808 (simulate_adaptive_control:124) [DEBUG]: τ maintained at 2 (R^2 improvement not sufficient: -2.4659 vs -2.4659)
2025-06-28 12:50:54,813 (simulate_adaptive_control:121) [INFO]: τ changed from 2 to 1 (R^2 improved: -2.4639 -> -2.3389)
2025-06-28 12:50:54,817 (simulate_adaptive_control:124) [DEBUG]: τ maintained at 1 (R^2 improvement not sufficient: -2.3789 vs -2.3789)
2025-06-28 12:50:54,822 (simulate_adaptive_control:121) [INFO]: τ changed from 1 to 2 (R^2 improved: -2.4051 -> -2.3854)
2025-06-28 12:50:54,826 (simulate_adaptive_control:124) [DEBUG]: τ maintained at 2 (R^2 improvement not sufficient: -2.4436 vs -2.4436)
2025-06-28 12:50:54,831 (simulate_adaptive_control:121) [INFO]: τ changed from 2 to 1 (R^2 improved: -2.5525 -> -2.4452)
2025-06-28 12:50:54,836 (simulate_adaptive_control:124) [DEBUG]: τ maintained at 1 (R^2 improvement not sufficient: -2.5151 vs -2.5151)
2025-06-28 12:50:54,841 (simulate_adaptive_control:124) [DEBUG]: τ maintained at 1 (R^2 improvement not sufficient: -2.5883 vs -2.5883)
2025-06-28 12:50:54,846 (simulate_adaptive_control:124) [DEBUG]: τ maintained at 1 (R^2 improvement not sufficient: -2.6368 vs -2.6368)
2025-06-28 12:50:54,851 (simulate_adaptive_control:124) [DEBUG]: τ maintained at 1 (R^2 improvement not sufficient: -2.7547 vs -2.7547)
2025-06-28 12:50:54,855 (simulate_adaptive_control:124) [DEBUG]: τ maintained at 1 (R^2 improvement not sufficient: -2.8064 vs -2.8064)
2025-06-28 12:50:54,860 (simulate_adaptive_control:121) [INFO]: τ changed from 1 to 2 (R^2 improved: -2.8627 -> -2.8126)
2025-06-28 12:50:54,866 (simulate_adaptive_control:124) [DEBUG]: τ maintained at 2 (R^2 improvement not sufficient: -2.8048 vs -2.8048)
2025-06-28 12:50:54,871 (simulate_adaptive_control:124) [DEBUG]: τ maintained at 2 (R^2 improvement not sufficient: -2.8363 vs -2.8363)
2025-06-28 12:50:54,876 (simulate_adaptive_control:124) [DEBUG]: τ maintained at 2 (R^2 improvement not sufficient: -2.9129 vs -2.9129)
2025-06-28 12:50:54,880 (simulate_adaptive_control:124) [DEBUG]: τ maintained at 2 (R^2 improvement not sufficient: -2.9702 vs -2.9702)
2025-06-28 12:50:54,885 (simulate_adaptive_control:121) [INFO]: τ changed from 2 to 1 (R^2 improved: -3.0050 -> -2.9588)
2025-06-28 12:50:54,889 (simulate_adaptive_control:124) [DEBUG]: τ maintained at 1 (R^2 improvement not sufficient: -2.9768 vs -2.9768)
2025-06-28 12:50:54,894 (simulate_adaptive_control:121) [INFO]: τ changed from 1 to 2 (R^2 improved: -2.9761 -> -2.9216)
2025-06-28 12:50:54,898 (simulate_adaptive_control:124) [DEBUG]: τ maintained at 2 (R^2 improvement not sufficient: -2.9410 vs -2.9410)
2025-06-28 12:50:54,903 (simulate_adaptive_control:124) [DEBUG]: τ maintained at 2 (R^2 improvement not sufficient: -3.0065 vs -3.0065)
2025-06-28 12:50:54,907 (simulate_adaptive_control:124) [DEBUG]: τ maintained at 2 (R^2 improvement not sufficient: -3.0933 vs -3.0933)
2025-06-28 12:50:54,912 (simulate_adaptive_control:124) [DEBUG]: τ maintained at 2 (R^2 improvement not sufficient: -3.2144 vs -3.2144)
2025-06-28 12:50:54,917 (simulate_adaptive_control:124) [DEBUG]: τ maintained at 2 (R^2 improvement not sufficient: -3.2977 vs -3.2977)
2025-06-28 12:50:54,922 (simulate_adaptive_control:121) [INFO]: τ changed from 2 to 1 (R^2 improved: -3.3831 -> -3.3238)
2025-06-28 12:50:54,927 (simulate_adaptive_control:124) [DEBUG]: τ maintained at 1 (R^2 improvement not sufficient: -3.3771 vs -3.3771)
2025-06-28 12:50:54,931 (simulate_adaptive_control:124) [DEBUG]: τ maintained at 1 (R^2 improvement not sufficient: -3.4140 vs -3.4140)
2025-06-28 12:50:54,936 (simulate_adaptive_control:124) [DEBUG]: τ maintained at 1 (R^2 improvement not sufficient: -3.4498 vs -3.4498)
2025-06-28 12:50:54,940 (simulate_adaptive_control:124) [DEBUG]: τ maintained at 1 (R^2 improvement not sufficient: -3.7532 vs -3.7532)
2025-06-28 12:50:54,946 (simulate_adaptive_control:121) [INFO]: τ changed from 1 to 2 (R^2 improved: -4.0802 -> -3.7798)
2025-06-28 12:50:54,951 (simulate_adaptive_control:124) [DEBUG]: τ maintained at 2 (R^2 improvement not sufficient: -3.7486 vs -3.7486)
2025-06-28 12:50:54,955 (simulate_adaptive_control:124) [DEBUG]: τ maintained at 2 (R^2 improvement not sufficient: -3.7831 vs -3.7831)
2025-06-28 12:50:54,960 (simulate_adaptive_control:124) [DEBUG]: τ maintained at 2 (R^2 improvement not sufficient: -3.8519 vs -3.8519)
2025-06-28 12:50:54,965 (simulate_adaptive_control:124) [DEBUG]: τ maintained at 2 (R^2 improvement not sufficient: -3.8429 vs -3.8429)
2025-06-28 12:50:54,970 (simulate_adaptive_control:124) [DEBUG]: τ maintained at 2 (R^2 improvement not sufficient: -3.8575 vs -3.8575)
2025-06-28 12:50:54,975 (simulate_adaptive_control:124) [DEBUG]: τ maintained at 2 (R^2 improvement not sufficient: -4.0138 vs -4.0138)
2025-06-28 12:50:54,979 (simulate_adaptive_control:124) [DEBUG]: τ maintained at 2 (R^2 improvement not sufficient: -4.1941 vs -4.1941)
2025-06-28 12:50:54,981 (simulate_adaptive_control:424) [INFO]: Step 200/10000, Current τ: 2, R^2[2]: -4.1941
2025-06-28 12:50:54,985 (simulate_adaptive_control:124) [DEBUG]: τ maintained at 2 (R^2 improvement not sufficient: -4.3469 vs -4.3469)
2025-06-28 12:50:54,989 (simulate_adaptive_control:124) [DEBUG]: τ maintained at 2 (R^2 improvement not sufficient: -4.4288 vs -4.4288)
2025-06-28 12:50:54,995 (simulate_adaptive_control:124) [DEBUG]: τ maintained at 2 (R^2 improvement not sufficient: -4.4882 vs -4.4882)
2025-06-28 12:50:54,999 (simulate_adaptive_control:124) [DEBUG]: τ maintained at 2 (R^2 improvement not sufficient: -4.5526 vs -4.5526)
2025-06-28 12:50:55,004 (simulate_adaptive_control:124) [DEBUG]: τ maintained at 2 (R^2 improvement not sufficient: -4.6059 vs -4.6059)
2025-06-28 12:50:55,009 (simulate_adaptive_control:124) [DEBUG]: τ maintained at 2 (R^2 improvement not sufficient: -4.6459 vs -4.6459)
2025-06-28 12:50:55,014 (simulate_adaptive_control:124) [DEBUG]: τ maintained at 2 (R^2 improvement not sufficient: -4.7009 vs -4.7009)
2025-06-28 12:50:55,019 (simulate_adaptive_control:124) [DEBUG]: τ maintained at 2 (R^2 improvement not sufficient: -4.7513 vs -4.7513)
2025-06-28 12:50:55,024 (simulate_adaptive_control:124) [DEBUG]: τ maintained at 2 (R^2 improvement not sufficient: -4.7560 vs -4.7560)
2025-06-28 12:50:55,029 (simulate_adaptive_control:124) [DEBUG]: τ maintained at 2 (R^2 improvement not sufficient: -4.7560 vs -4.7560)
2025-06-28 12:50:55,034 (simulate_adaptive_control:124) [DEBUG]: τ maintained at 2 (R^2 improvement not sufficient: -4.7874 vs -4.7874)
2025-06-28 12:50:55,039 (simulate_adaptive_control:124) [DEBUG]: τ maintained at 2 (R^2 improvement not sufficient: -4.9040 vs -4.9040)
2025-06-28 12:50:55,044 (simulate_adaptive_control:124) [DEBUG]: τ maintained at 2 (R^2 improvement not sufficient: -4.9358 vs -4.9358)
2025-06-28 12:50:55,048 (simulate_adaptive_control:124) [DEBUG]: τ maintained at 2 (R^2 improvement not sufficient: -4.9402 vs -4.9402)
2025-06-28 12:50:55,053 (simulate_adaptive_control:124) [DEBUG]: τ maintained at 2 (R^2 improvement not sufficient: -4.9443 vs -4.9443)
2025-06-28 12:50:55,058 (simulate_adaptive_control:124) [DEBUG]: τ maintained at 2 (R^2 improvement not sufficient: -4.9512 vs -4.9512)
2025-06-28 12:50:55,063 (simulate_adaptive_control:124) [DEBUG]: τ maintained at 2 (R^2 improvement not sufficient: -5.0289 vs -5.0289)
2025-06-28 12:50:55,068 (simulate_adaptive_control:124) [DEBUG]: τ maintained at 2 (R^2 improvement not sufficient: -5.0665 vs -5.0665)
2025-06-28 12:50:55,073 (simulate_adaptive_control:124) [DEBUG]: τ maintained at 2 (R^2 improvement not sufficient: -5.1510 vs -5.1510)
2025-06-28 12:50:55,078 (simulate_adaptive_control:124) [DEBUG]: τ maintained at 2 (R^2 improvement not sufficient: -5.2117 vs -5.2117)
2025-06-28 12:50:55,083 (simulate_adaptive_control:124) [DEBUG]: τ maintained at 2 (R^2 improvement not sufficient: -5.2348 vs -5.2348)
2025-06-28 12:50:55,088 (simulate_adaptive_control:124) [DEBUG]: τ maintained at 2 (R^2 improvement not sufficient: -5.2688 vs -5.2688)
2025-06-28 12:50:55,093 (simulate_adaptive_control:124) [DEBUG]: τ maintained at 2 (R^2 improvement not sufficient: -5.3426 vs -5.3426)
2025-06-28 12:50:55,098 (simulate_adaptive_control:124) [DEBUG]: τ maintained at 2 (R^2 improvement not sufficient: -5.5000 vs -5.5000)
2025-06-28 12:50:55,104 (simulate_adaptive_control:124) [DEBUG]: τ maintained at 2 (R^2 improvement not sufficient: -5.5231 vs -5.5231)
2025-06-28 12:50:55,109 (simulate_adaptive_control:124) [DEBUG]: τ maintained at 2 (R^2 improvement not sufficient: -5.6515 vs -5.6515)
2025-06-28 12:50:55,113 (simulate_adaptive_control:124) [DEBUG]: τ maintained at 2 (R^2 improvement not sufficient: -5.8624 vs -5.8624)
2025-06-28 12:50:55,119 (simulate_adaptive_control:124) [DEBUG]: τ maintained at 2 (R^2 improvement not sufficient: -5.9501 vs -5.9501)
2025-06-28 12:50:55,123 (simulate_adaptive_control:124) [DEBUG]: τ maintained at 2 (R^2 improvement not sufficient: -6.3854 vs -6.3854)
2025-06-28 12:50:55,128 (simulate_adaptive_control:124) [DEBUG]: τ maintained at 2 (R^2 improvement not sufficient: -6.9730 vs -6.9730)
2025-06-28 12:50:55,133 (simulate_adaptive_control:124) [DEBUG]: τ maintained at 2 (R^2 improvement not sufficient: -7.4976 vs -7.4976)
2025-06-28 12:50:55,137 (simulate_adaptive_control:124) [DEBUG]: τ maintained at 2 (R^2 improvement not sufficient: -8.2564 vs -8.2564)
2025-06-28 12:50:55,142 (simulate_adaptive_control:124) [DEBUG]: τ maintained at 2 (R^2 improvement not sufficient: -9.2214 vs -9.2214)
2025-06-28 12:50:55,147 (simulate_adaptive_control:124) [DEBUG]: τ maintained at 2 (R^2 improvement not sufficient: -10.2326 vs -10.2326)
2025-06-28 12:50:55,152 (simulate_adaptive_control:124) [DEBUG]: τ maintained at 2 (R^2 improvement not sufficient: -11.2182 vs -11.2182)
2025-06-28 12:50:55,156 (simulate_adaptive_control:124) [DEBUG]: τ maintained at 2 (R^2 improvement not sufficient: -11.9589 vs -11.9589)
2025-06-28 12:50:55,161 (simulate_adaptive_control:124) [DEBUG]: τ maintained at 2 (R^2 improvement not sufficient: -12.4606 vs -12.4606)
2025-06-28 12:50:55,166 (simulate_adaptive_control:124) [DEBUG]: τ maintained at 2 (R^2 improvement not sufficient: -12.6824 vs -12.6824)
2025-06-28 12:50:55,171 (simulate_adaptive_control:124) [DEBUG]: τ maintained at 2 (R^2 improvement not sufficient: -12.7490 vs -12.7490)
2025-06-28 12:50:55,175 (simulate_adaptive_control:124) [DEBUG]: τ maintained at 2 (R^2 improvement not sufficient: -12.6515 vs -12.6515)
2025-06-28 12:50:55,180 (simulate_adaptive_control:124) [DEBUG]: τ maintained at 2 (R^2 improvement not sufficient: -12.5491 vs -12.5491)
2025-06-28 12:50:55,185 (simulate_adaptive_control:124) [DEBUG]: τ maintained at 2 (R^2 improvement not sufficient: -12.3608 vs -12.3608)
2025-06-28 12:50:55,190 (simulate_adaptive_control:124) [DEBUG]: τ maintained at 2 (R^2 improvement not sufficient: -12.0877 vs -12.0877)
2025-06-28 12:50:55,195 (simulate_adaptive_control:124) [DEBUG]: τ maintained at 2 (R^2 improvement not sufficient: -11.6032 vs -11.6032)
2025-06-28 12:50:55,199 (simulate_adaptive_control:124) [DEBUG]: τ maintained at 2 (R^2 improvement not sufficient: -10.9202 vs -10.9202)
2025-06-28 12:50:55,204 (simulate_adaptive_control:124) [DEBUG]: τ maintained at 2 (R^2 improvement not sufficient: -10.3255 vs -10.3255)
2025-06-28 12:50:55,209 (simulate_adaptive_control:124) [DEBUG]: τ maintained at 2 (R^2 improvement not sufficient: -9.7633 vs -9.7633)
2025-06-28 12:50:55,213 (simulate_adaptive_control:124) [DEBUG]: τ maintained at 2 (R^2 improvement not sufficient: -9.2024 vs -9.2024)
2025-06-28 12:50:55,218 (simulate_adaptive_control:124) [DEBUG]: τ maintained at 2 (R^2 improvement not sufficient: -8.8305 vs -8.8305)
2025-06-28 12:50:55,223 (simulate_adaptive_control:124) [DEBUG]: τ maintained at 2 (R^2 improvement not sufficient: -8.5417 vs -8.5417)
2025-06-28 12:50:55,227 (simulate_adaptive_control:124) [DEBUG]: τ maintained at 2 (R^2 improvement not sufficient: -8.9586 vs -8.9586)
2025-06-28 12:50:55,232 (simulate_adaptive_control:124) [DEBUG]: τ maintained at 2 (R^2 improvement not sufficient: -9.0575 vs -9.0575)
2025-06-28 12:50:55,237 (simulate_adaptive_control:124) [DEBUG]: τ maintained at 2 (R^2 improvement not sufficient: -9.2907 vs -9.2907)
2025-06-28 12:50:55,241 (simulate_adaptive_control:124) [DEBUG]: τ maintained at 2 (R^2 improvement not sufficient: -9.8037 vs -9.8037)
2025-06-28 12:50:55,246 (simulate_adaptive_control:124) [DEBUG]: τ maintained at 2 (R^2 improvement not sufficient: -10.5585 vs -10.5585)
2025-06-28 12:50:55,251 (simulate_adaptive_control:124) [DEBUG]: τ maintained at 2 (R^2 improvement not sufficient: -11.1790 vs -11.1790)
2025-06-28 12:50:55,256 (simulate_adaptive_control:124) [DEBUG]: τ maintained at 2 (R^2 improvement not sufficient: -11.5206 vs -11.5206)
2025-06-28 12:50:55,261 (simulate_adaptive_control:124) [DEBUG]: τ maintained at 2 (R^2 improvement not sufficient: -11.3404 vs -11.3404)
2025-06-28 12:50:55,267 (simulate_adaptive_control:124) [DEBUG]: τ maintained at 2 (R^2 improvement not sufficient: -11.0061 vs -11.0061)
2025-06-28 12:50:55,271 (simulate_adaptive_control:124) [DEBUG]: τ maintained at 2 (R^2 improvement not sufficient: -10.8084 vs -10.8084)
2025-06-28 12:50:55,276 (simulate_adaptive_control:124) [DEBUG]: τ maintained at 2 (R^2 improvement not sufficient: -10.5051 vs -10.5051)
2025-06-28 12:50:55,281 (simulate_adaptive_control:124) [DEBUG]: τ maintained at 2 (R^2 improvement not sufficient: -10.0899 vs -10.0899)
2025-06-28 12:50:55,285 (simulate_adaptive_control:124) [DEBUG]: τ maintained at 2 (R^2 improvement not sufficient: -9.5489 vs -9.5489)
2025-06-28 12:50:55,290 (simulate_adaptive_control:124) [DEBUG]: τ maintained at 2 (R^2 improvement not sufficient: -9.2188 vs -9.2188)
2025-06-28 12:50:55,295 (simulate_adaptive_control:124) [DEBUG]: τ maintained at 2 (R^2 improvement not sufficient: -8.7153 vs -8.7153)
2025-06-28 12:50:55,300 (simulate_adaptive_control:124) [DEBUG]: τ maintained at 2 (R^2 improvement not sufficient: -8.2612 vs -8.2612)
2025-06-28 12:50:55,305 (simulate_adaptive_control:124) [DEBUG]: τ maintained at 2 (R^2 improvement not sufficient: -8.5907 vs -8.5907)
2025-06-28 12:50:55,309 (simulate_adaptive_control:124) [DEBUG]: τ maintained at 2 (R^2 improvement not sufficient: -8.3693 vs -8.3693)
2025-06-28 12:50:55,314 (simulate_adaptive_control:124) [DEBUG]: τ maintained at 2 (R^2 improvement not sufficient: -8.3352 vs -8.3352)
2025-06-28 12:50:55,319 (simulate_adaptive_control:124) [DEBUG]: τ maintained at 2 (R^2 improvement not sufficient: -8.3274 vs -8.3274)
2025-06-28 12:50:55,323 (simulate_adaptive_control:124) [DEBUG]: τ maintained at 2 (R^2 improvement not sufficient: -8.4107 vs -8.4107)
2025-06-28 12:50:55,328 (simulate_adaptive_control:124) [DEBUG]: τ maintained at 2 (R^2 improvement not sufficient: -8.5501 vs -8.5501)
2025-06-28 12:50:55,333 (simulate_adaptive_control:124) [DEBUG]: τ maintained at 2 (R^2 improvement not sufficient: -8.8438 vs -8.8438)
2025-06-28 12:50:55,337 (simulate_adaptive_control:124) [DEBUG]: τ maintained at 2 (R^2 improvement not sufficient: -9.1042 vs -9.1042)
2025-06-28 12:50:55,342 (simulate_adaptive_control:124) [DEBUG]: τ maintained at 2 (R^2 improvement not sufficient: -9.4790 vs -9.4790)
2025-06-28 12:50:55,346 (simulate_adaptive_control:124) [DEBUG]: τ maintained at 2 (R^2 improvement not sufficient: -9.6234 vs -9.6234)
2025-06-28 12:50:55,351 (simulate_adaptive_control:124) [DEBUG]: τ maintained at 2 (R^2 improvement not sufficient: -9.7090 vs -9.7090)
2025-06-28 12:50:55,356 (simulate_adaptive_control:124) [DEBUG]: τ maintained at 2 (R^2 improvement not sufficient: -9.6543 vs -9.6543)
2025-06-28 12:50:55,360 (simulate_adaptive_control:124) [DEBUG]: τ maintained at 2 (R^2 improvement not sufficient: -9.5159 vs -9.5159)
2025-06-28 12:50:55,366 (simulate_adaptive_control:124) [DEBUG]: τ maintained at 2 (R^2 improvement not sufficient: -9.4614 vs -9.4614)
2025-06-28 12:50:55,371 (simulate_adaptive_control:124) [DEBUG]: τ maintained at 2 (R^2 improvement not sufficient: -9.4944 vs -9.4944)
2025-06-28 12:50:55,376 (simulate_adaptive_control:124) [DEBUG]: τ maintained at 2 (R^2 improvement not sufficient: -9.5128 vs -9.5128)
2025-06-28 12:50:55,381 (simulate_adaptive_control:124) [DEBUG]: τ maintained at 2 (R^2 improvement not sufficient: -9.4975 vs -9.4975)
2025-06-28 12:50:55,386 (simulate_adaptive_control:124) [DEBUG]: τ maintained at 2 (R^2 improvement not sufficient: -9.4148 vs -9.4148)
2025-06-28 12:50:55,391 (simulate_adaptive_control:124) [DEBUG]: τ maintained at 2 (R^2 improvement not sufficient: -9.2711 vs -9.2711)
2025-06-28 12:50:55,395 (simulate_adaptive_control:124) [DEBUG]: τ maintained at 2 (R^2 improvement not sufficient: -9.0368 vs -9.0368)
2025-06-28 12:50:55,400 (simulate_adaptive_control:124) [DEBUG]: τ maintained at 2 (R^2 improvement not sufficient: -8.8742 vs -8.8742)
2025-06-28 12:50:55,405 (simulate_adaptive_control:124) [DEBUG]: τ maintained at 2 (R^2 improvement not sufficient: -8.5848 vs -8.5848)
2025-06-28 12:50:55,409 (simulate_adaptive_control:124) [DEBUG]: τ maintained at 2 (R^2 improvement not sufficient: -8.1302 vs -8.1302)
2025-06-28 12:50:55,414 (simulate_adaptive_control:124) [DEBUG]: τ maintained at 2 (R^2 improvement not sufficient: -7.9635 vs -7.9635)
2025-06-28 12:50:55,419 (simulate_adaptive_control:124) [DEBUG]: τ maintained at 2 (R^2 improvement not sufficient: -7.8951 vs -7.8951)
2025-06-28 12:50:55,423 (simulate_adaptive_control:124) [DEBUG]: τ maintained at 2 (R^2 improvement not sufficient: -7.9613 vs -7.9613)
2025-06-28 12:50:55,428 (simulate_adaptive_control:124) [DEBUG]: τ maintained at 2 (R^2 improvement not sufficient: -7.9879 vs -7.9879)
2025-06-28 12:50:55,434 (simulate_adaptive_control:124) [DEBUG]: τ maintained at 2 (R^2 improvement not sufficient: -7.9394 vs -7.9394)
2025-06-28 12:50:55,438 (simulate_adaptive_control:124) [DEBUG]: τ maintained at 2 (R^2 improvement not sufficient: -7.8450 vs -7.8450)
2025-06-28 12:50:55,443 (simulate_adaptive_control:124) [DEBUG]: τ maintained at 2 (R^2 improvement not sufficient: -7.7081 vs -7.7081)
2025-06-28 12:50:55,447 (simulate_adaptive_control:124) [DEBUG]: τ maintained at 2 (R^2 improvement not sufficient: -7.7139 vs -7.7139)
2025-06-28 12:50:55,452 (simulate_adaptive_control:124) [DEBUG]: τ maintained at 2 (R^2 improvement not sufficient: -7.7364 vs -7.7364)
2025-06-28 12:50:55,453 (simulate_adaptive_control:267) [INFO]: End of reference trajectory (or look-ahead range) reached. Stopping simulation.
2025-06-28 12:50:55,454 (simulate_adaptive_control:426) [INFO]: Simulation finished.
2025-06-28 12:50:55,468 (simulate_adaptive_control:433) [INFO]: Simulation results saved to data/simulate_adaptive_control/adaptive_simulation/20250628T125053/adaptive_simulation_results.csv
