2025-06-28 16:35:36,949 (event_logging:164) [DEBUG]: Start event logging
2025-06-28 16:35:36,949 (event_logging:165) [DEBUG]: Logger name: __main__
2025-06-28 16:35:36,950 (event_logging:166) [DEBUG]: Log filename: data/simulate_adaptive_control/adaptive_simulation/20250628T163536/simulate_adaptive_control.log
2025-06-28 16:35:36,950 (event_logging:168) [DEBUG]: Command: python apps/simulate_adaptive_control.py data/trained_model/train_adaptive/20250628T140155/trained_model.joblib -r tests/data/motion_data_000.csv -c apps/config/adaptive_model.toml --active-joints 5 --max-steps 1000
2025-06-28 16:35:36,952 (data_handling:162) [DEBUG]: Directory created: data/simulate_adaptive_control/adaptive_simulation/20250628T163536/config
2025-06-28 16:35:36,961 (data_handling:180) [DEBUG]: Model config copied: None -> data/simulate_adaptive_control/adaptive_simulation/20250628T163536/config
2025-06-28 16:35:36,961 (simulate_adaptive_control:229) [INFO]: config: apps/config/adaptive_model.toml
2025-06-28 16:35:36,961 (simulate_adaptive_control:230) [INFO]: output: data/simulate_adaptive_control/adaptive_simulation/20250628T163536
2025-06-28 16:35:36,962 (simulate_adaptive_control:231) [INFO]: N_max: 10, Active Joints: [5]
2025-06-28 16:35:36,962 (simulate_adaptive_control:235) [INFO]: Loading trained model from data/trained_model/train_adaptive/20250628T140155/trained_model.joblib
2025-06-28 16:35:36,978 (simulate_adaptive_control:239) [INFO]: Loading reference trajectory from tests/data/motion_data_000.csv
2025-06-28 16:35:37,006 (simulate_adaptive_control:242) [INFO]: Reference trajectory loaded with 301 steps.
2025-06-28 16:35:37,006 (simulate_adaptive_control:62) [INFO]: AdaptiveController initialized with N_min=10, N_max=10, initial_tau=1
2025-06-28 16:35:37,011 (simulate_adaptive_control:264) [INFO]: Starting simulation...
2025-06-28 16:35:37,014 (simulate_adaptive_control:110) [DEBUG]: No sufficient R^2 data for any tau. Maintaining current tau: 1
2025-06-28 16:35:37,015 (simulate_adaptive_control:428) [INFO]: Step 0/1000, Current τ: 1, R^2[1]: -inf
2025-06-28 16:35:37,018 (simulate_adaptive_control:123) [INFO]: τ changed from 1 to 10 (R^2 improved: -inf -> -0.7402)
2025-06-28 16:35:37,022 (simulate_adaptive_control:126) [DEBUG]: τ maintained at 10 (R^2 improvement not sufficient: -0.3906 vs -0.3906)
2025-06-28 16:35:37,026 (simulate_adaptive_control:126) [DEBUG]: τ maintained at 10 (R^2 improvement not sufficient: -0.1142 vs -0.1142)
2025-06-28 16:35:37,029 (simulate_adaptive_control:126) [DEBUG]: τ maintained at 10 (R^2 improvement not sufficient: 0.0589 vs 0.0589)
2025-06-28 16:35:37,034 (simulate_adaptive_control:126) [DEBUG]: τ maintained at 10 (R^2 improvement not sufficient: 0.1759 vs 0.1759)
2025-06-28 16:35:37,038 (simulate_adaptive_control:126) [DEBUG]: τ maintained at 10 (R^2 improvement not sufficient: -0.2222 vs -0.2222)
2025-06-28 16:35:37,042 (simulate_adaptive_control:126) [DEBUG]: τ maintained at 10 (R^2 improvement not sufficient: -0.1665 vs -0.1665)
2025-06-28 16:35:37,046 (simulate_adaptive_control:126) [DEBUG]: τ maintained at 10 (R^2 improvement not sufficient: -0.2408 vs -0.2408)
2025-06-28 16:35:37,050 (simulate_adaptive_control:126) [DEBUG]: τ maintained at 10 (R^2 improvement not sufficient: -0.1894 vs -0.1894)
2025-06-28 16:35:37,054 (simulate_adaptive_control:126) [DEBUG]: τ maintained at 10 (R^2 improvement not sufficient: -0.1983 vs -0.1983)
2025-06-28 16:35:37,058 (simulate_adaptive_control:126) [DEBUG]: τ maintained at 10 (R^2 improvement not sufficient: -0.1688 vs -0.1688)
2025-06-28 16:35:37,062 (simulate_adaptive_control:126) [DEBUG]: τ maintained at 10 (R^2 improvement not sufficient: -0.1467 vs -0.1467)
2025-06-28 16:35:37,066 (simulate_adaptive_control:126) [DEBUG]: τ maintained at 10 (R^2 improvement not sufficient: -0.1475 vs -0.1475)
2025-06-28 16:35:37,070 (simulate_adaptive_control:126) [DEBUG]: τ maintained at 10 (R^2 improvement not sufficient: -0.1968 vs -0.1968)
2025-06-28 16:35:37,074 (simulate_adaptive_control:126) [DEBUG]: τ maintained at 10 (R^2 improvement not sufficient: -0.5436 vs -0.5436)
2025-06-28 16:35:37,078 (simulate_adaptive_control:126) [DEBUG]: τ maintained at 10 (R^2 improvement not sufficient: -0.8030 vs -0.8030)
2025-06-28 16:35:37,082 (simulate_adaptive_control:126) [DEBUG]: τ maintained at 10 (R^2 improvement not sufficient: -1.2461 vs -1.2461)
2025-06-28 16:35:37,086 (simulate_adaptive_control:126) [DEBUG]: τ maintained at 10 (R^2 improvement not sufficient: -1.6404 vs -1.6404)
2025-06-28 16:35:37,089 (simulate_adaptive_control:126) [DEBUG]: τ maintained at 10 (R^2 improvement not sufficient: -2.2810 vs -2.2810)
2025-06-28 16:35:37,093 (simulate_adaptive_control:126) [DEBUG]: τ maintained at 10 (R^2 improvement not sufficient: -2.6467 vs -2.6467)
2025-06-28 16:35:37,097 (simulate_adaptive_control:126) [DEBUG]: τ maintained at 10 (R^2 improvement not sufficient: -2.7316 vs -2.7316)
2025-06-28 16:35:37,101 (simulate_adaptive_control:126) [DEBUG]: τ maintained at 10 (R^2 improvement not sufficient: -2.7547 vs -2.7547)
2025-06-28 16:35:37,105 (simulate_adaptive_control:126) [DEBUG]: τ maintained at 10 (R^2 improvement not sufficient: -2.7668 vs -2.7668)
2025-06-28 16:35:37,109 (simulate_adaptive_control:126) [DEBUG]: τ maintained at 10 (R^2 improvement not sufficient: -2.7700 vs -2.7700)
2025-06-28 16:35:37,113 (simulate_adaptive_control:126) [DEBUG]: τ maintained at 10 (R^2 improvement not sufficient: -2.7727 vs -2.7727)
2025-06-28 16:35:37,117 (simulate_adaptive_control:126) [DEBUG]: τ maintained at 10 (R^2 improvement not sufficient: -2.7841 vs -2.7841)
2025-06-28 16:35:37,121 (simulate_adaptive_control:126) [DEBUG]: τ maintained at 10 (R^2 improvement not sufficient: -2.8241 vs -2.8241)
2025-06-28 16:35:37,124 (simulate_adaptive_control:126) [DEBUG]: τ maintained at 10 (R^2 improvement not sufficient: -2.8553 vs -2.8553)
2025-06-28 16:35:37,128 (simulate_adaptive_control:126) [DEBUG]: τ maintained at 10 (R^2 improvement not sufficient: -2.8693 vs -2.8693)
2025-06-28 16:35:37,132 (simulate_adaptive_control:126) [DEBUG]: τ maintained at 10 (R^2 improvement not sufficient: -2.8662 vs -2.8662)
2025-06-28 16:35:37,136 (simulate_adaptive_control:126) [DEBUG]: τ maintained at 10 (R^2 improvement not sufficient: -2.8474 vs -2.8474)
2025-06-28 16:35:37,140 (simulate_adaptive_control:126) [DEBUG]: τ maintained at 10 (R^2 improvement not sufficient: -2.8556 vs -2.8556)
2025-06-28 16:35:37,144 (simulate_adaptive_control:126) [DEBUG]: τ maintained at 10 (R^2 improvement not sufficient: -2.8875 vs -2.8875)
2025-06-28 16:35:37,149 (simulate_adaptive_control:126) [DEBUG]: τ maintained at 10 (R^2 improvement not sufficient: -2.8742 vs -2.8742)
2025-06-28 16:35:37,153 (simulate_adaptive_control:126) [DEBUG]: τ maintained at 10 (R^2 improvement not sufficient: -2.8263 vs -2.8263)
2025-06-28 16:35:37,157 (simulate_adaptive_control:126) [DEBUG]: τ maintained at 10 (R^2 improvement not sufficient: -2.7680 vs -2.7680)
2025-06-28 16:35:37,161 (simulate_adaptive_control:126) [DEBUG]: τ maintained at 10 (R^2 improvement not sufficient: -2.7083 vs -2.7083)
2025-06-28 16:35:37,165 (simulate_adaptive_control:126) [DEBUG]: τ maintained at 10 (R^2 improvement not sufficient: -2.6384 vs -2.6384)
2025-06-28 16:35:37,168 (simulate_adaptive_control:126) [DEBUG]: τ maintained at 10 (R^2 improvement not sufficient: -2.5564 vs -2.5564)
2025-06-28 16:35:37,172 (simulate_adaptive_control:126) [DEBUG]: τ maintained at 10 (R^2 improvement not sufficient: -2.4720 vs -2.4720)
2025-06-28 16:35:37,176 (simulate_adaptive_control:126) [DEBUG]: τ maintained at 10 (R^2 improvement not sufficient: -2.3864 vs -2.3864)
2025-06-28 16:35:37,180 (simulate_adaptive_control:126) [DEBUG]: τ maintained at 10 (R^2 improvement not sufficient: -2.3165 vs -2.3165)
2025-06-28 16:35:37,184 (simulate_adaptive_control:126) [DEBUG]: τ maintained at 10 (R^2 improvement not sufficient: -2.2689 vs -2.2689)
2025-06-28 16:35:37,187 (simulate_adaptive_control:126) [DEBUG]: τ maintained at 10 (R^2 improvement not sufficient: -2.3139 vs -2.3139)
2025-06-28 16:35:37,191 (simulate_adaptive_control:126) [DEBUG]: τ maintained at 10 (R^2 improvement not sufficient: -2.2786 vs -2.2786)
2025-06-28 16:35:37,195 (simulate_adaptive_control:126) [DEBUG]: τ maintained at 10 (R^2 improvement not sufficient: -2.3278 vs -2.3278)
2025-06-28 16:35:37,199 (simulate_adaptive_control:126) [DEBUG]: τ maintained at 10 (R^2 improvement not sufficient: -2.7763 vs -2.7763)
2025-06-28 16:35:37,203 (simulate_adaptive_control:126) [DEBUG]: τ maintained at 10 (R^2 improvement not sufficient: -2.8961 vs -2.8961)
2025-06-28 16:35:37,207 (simulate_adaptive_control:126) [DEBUG]: τ maintained at 10 (R^2 improvement not sufficient: -3.0039 vs -3.0039)
2025-06-28 16:35:37,211 (simulate_adaptive_control:126) [DEBUG]: τ maintained at 10 (R^2 improvement not sufficient: -3.0912 vs -3.0912)
2025-06-28 16:35:37,215 (simulate_adaptive_control:126) [DEBUG]: τ maintained at 10 (R^2 improvement not sufficient: -3.1701 vs -3.1701)
2025-06-28 16:35:37,219 (simulate_adaptive_control:126) [DEBUG]: τ maintained at 10 (R^2 improvement not sufficient: -3.2322 vs -3.2322)
2025-06-28 16:35:37,222 (simulate_adaptive_control:126) [DEBUG]: τ maintained at 10 (R^2 improvement not sufficient: -3.2805 vs -3.2805)
2025-06-28 16:35:37,227 (simulate_adaptive_control:126) [DEBUG]: τ maintained at 10 (R^2 improvement not sufficient: -3.3154 vs -3.3154)
2025-06-28 16:35:37,231 (simulate_adaptive_control:126) [DEBUG]: τ maintained at 10 (R^2 improvement not sufficient: -3.3369 vs -3.3369)
2025-06-28 16:35:37,235 (simulate_adaptive_control:126) [DEBUG]: τ maintained at 10 (R^2 improvement not sufficient: -3.3399 vs -3.3399)
2025-06-28 16:35:37,238 (simulate_adaptive_control:126) [DEBUG]: τ maintained at 10 (R^2 improvement not sufficient: -3.3253 vs -3.3253)
2025-06-28 16:35:37,242 (simulate_adaptive_control:126) [DEBUG]: τ maintained at 10 (R^2 improvement not sufficient: -3.2895 vs -3.2895)
2025-06-28 16:35:37,246 (simulate_adaptive_control:126) [DEBUG]: τ maintained at 10 (R^2 improvement not sufficient: -3.2276 vs -3.2276)
2025-06-28 16:35:37,250 (simulate_adaptive_control:126) [DEBUG]: τ maintained at 10 (R^2 improvement not sufficient: -3.1526 vs -3.1526)
2025-06-28 16:35:37,254 (simulate_adaptive_control:126) [DEBUG]: τ maintained at 10 (R^2 improvement not sufficient: -3.0586 vs -3.0586)
2025-06-28 16:35:37,258 (simulate_adaptive_control:126) [DEBUG]: τ maintained at 10 (R^2 improvement not sufficient: -2.9559 vs -2.9559)
2025-06-28 16:35:37,262 (simulate_adaptive_control:126) [DEBUG]: τ maintained at 10 (R^2 improvement not sufficient: -2.8487 vs -2.8487)
2025-06-28 16:35:37,266 (simulate_adaptive_control:126) [DEBUG]: τ maintained at 10 (R^2 improvement not sufficient: -2.7639 vs -2.7639)
2025-06-28 16:35:37,270 (simulate_adaptive_control:126) [DEBUG]: τ maintained at 10 (R^2 improvement not sufficient: -2.6823 vs -2.6823)
2025-06-28 16:35:37,274 (simulate_adaptive_control:126) [DEBUG]: τ maintained at 10 (R^2 improvement not sufficient: -2.7499 vs -2.7499)
2025-06-28 16:35:37,277 (simulate_adaptive_control:126) [DEBUG]: τ maintained at 10 (R^2 improvement not sufficient: -2.9069 vs -2.9069)
2025-06-28 16:35:37,282 (simulate_adaptive_control:126) [DEBUG]: τ maintained at 10 (R^2 improvement not sufficient: -2.9106 vs -2.9106)
2025-06-28 16:35:37,286 (simulate_adaptive_control:126) [DEBUG]: τ maintained at 10 (R^2 improvement not sufficient: -2.9000 vs -2.9000)
2025-06-28 16:35:37,290 (simulate_adaptive_control:126) [DEBUG]: τ maintained at 10 (R^2 improvement not sufficient: -2.9673 vs -2.9673)
2025-06-28 16:35:37,294 (simulate_adaptive_control:126) [DEBUG]: τ maintained at 10 (R^2 improvement not sufficient: -3.1432 vs -3.1432)
2025-06-28 16:35:37,299 (simulate_adaptive_control:126) [DEBUG]: τ maintained at 10 (R^2 improvement not sufficient: -3.3320 vs -3.3320)
2025-06-28 16:35:37,302 (simulate_adaptive_control:126) [DEBUG]: τ maintained at 10 (R^2 improvement not sufficient: -3.4754 vs -3.4754)
2025-06-28 16:35:37,307 (simulate_adaptive_control:126) [DEBUG]: τ maintained at 10 (R^2 improvement not sufficient: -3.4783 vs -3.4783)
2025-06-28 16:35:37,310 (simulate_adaptive_control:126) [DEBUG]: τ maintained at 10 (R^2 improvement not sufficient: -3.4745 vs -3.4745)
2025-06-28 16:35:37,314 (simulate_adaptive_control:126) [DEBUG]: τ maintained at 10 (R^2 improvement not sufficient: -3.4712 vs -3.4712)
2025-06-28 16:35:37,318 (simulate_adaptive_control:126) [DEBUG]: τ maintained at 10 (R^2 improvement not sufficient: -3.4596 vs -3.4596)
2025-06-28 16:35:37,323 (simulate_adaptive_control:126) [DEBUG]: τ maintained at 10 (R^2 improvement not sufficient: -3.4550 vs -3.4550)
2025-06-28 16:35:37,326 (simulate_adaptive_control:126) [DEBUG]: τ maintained at 10 (R^2 improvement not sufficient: -3.4457 vs -3.4457)
2025-06-28 16:35:37,330 (simulate_adaptive_control:126) [DEBUG]: τ maintained at 10 (R^2 improvement not sufficient: -3.4459 vs -3.4459)
2025-06-28 16:35:37,334 (simulate_adaptive_control:126) [DEBUG]: τ maintained at 10 (R^2 improvement not sufficient: -3.4941 vs -3.4941)
2025-06-28 16:35:37,338 (simulate_adaptive_control:126) [DEBUG]: τ maintained at 10 (R^2 improvement not sufficient: -3.5081 vs -3.5081)
2025-06-28 16:35:37,341 (simulate_adaptive_control:126) [DEBUG]: τ maintained at 10 (R^2 improvement not sufficient: -3.5049 vs -3.5049)
2025-06-28 16:35:37,345 (simulate_adaptive_control:126) [DEBUG]: τ maintained at 10 (R^2 improvement not sufficient: -3.5027 vs -3.5027)
2025-06-28 16:35:37,349 (simulate_adaptive_control:126) [DEBUG]: τ maintained at 10 (R^2 improvement not sufficient: -3.5002 vs -3.5002)
2025-06-28 16:35:37,353 (simulate_adaptive_control:126) [DEBUG]: τ maintained at 10 (R^2 improvement not sufficient: -3.5000 vs -3.5000)
2025-06-28 16:35:37,357 (simulate_adaptive_control:126) [DEBUG]: τ maintained at 10 (R^2 improvement not sufficient: -3.5006 vs -3.5006)
2025-06-28 16:35:37,361 (simulate_adaptive_control:126) [DEBUG]: τ maintained at 10 (R^2 improvement not sufficient: -3.5352 vs -3.5352)
2025-06-28 16:35:37,366 (simulate_adaptive_control:126) [DEBUG]: τ maintained at 10 (R^2 improvement not sufficient: -3.5410 vs -3.5410)
2025-06-28 16:35:37,370 (simulate_adaptive_control:126) [DEBUG]: τ maintained at 10 (R^2 improvement not sufficient: -3.5413 vs -3.5413)
2025-06-28 16:35:37,374 (simulate_adaptive_control:126) [DEBUG]: τ maintained at 10 (R^2 improvement not sufficient: -3.5672 vs -3.5672)
2025-06-28 16:35:37,378 (simulate_adaptive_control:126) [DEBUG]: τ maintained at 10 (R^2 improvement not sufficient: -3.5700 vs -3.5700)
2025-06-28 16:35:37,382 (simulate_adaptive_control:126) [DEBUG]: τ maintained at 10 (R^2 improvement not sufficient: -3.5676 vs -3.5676)
2025-06-28 16:35:37,386 (simulate_adaptive_control:126) [DEBUG]: τ maintained at 10 (R^2 improvement not sufficient: -3.5655 vs -3.5655)
2025-06-28 16:35:37,390 (simulate_adaptive_control:126) [DEBUG]: τ maintained at 10 (R^2 improvement not sufficient: -3.5642 vs -3.5642)
2025-06-28 16:35:37,394 (simulate_adaptive_control:126) [DEBUG]: τ maintained at 10 (R^2 improvement not sufficient: -3.5605 vs -3.5605)
2025-06-28 16:35:37,397 (simulate_adaptive_control:126) [DEBUG]: τ maintained at 10 (R^2 improvement not sufficient: -3.5594 vs -3.5594)
2025-06-28 16:35:37,401 (simulate_adaptive_control:126) [DEBUG]: τ maintained at 10 (R^2 improvement not sufficient: -3.5553 vs -3.5553)
2025-06-28 16:35:37,405 (simulate_adaptive_control:126) [DEBUG]: τ maintained at 10 (R^2 improvement not sufficient: -3.5516 vs -3.5516)
2025-06-28 16:35:37,409 (simulate_adaptive_control:126) [DEBUG]: τ maintained at 10 (R^2 improvement not sufficient: -3.5793 vs -3.5793)
2025-06-28 16:35:37,410 (simulate_adaptive_control:428) [INFO]: Step 100/1000, Current τ: 10, R^2[10]: -3.5793
2025-06-28 16:35:37,413 (simulate_adaptive_control:126) [DEBUG]: τ maintained at 10 (R^2 improvement not sufficient: -3.6437 vs -3.6437)
2025-06-28 16:35:37,417 (simulate_adaptive_control:126) [DEBUG]: τ maintained at 10 (R^2 improvement not sufficient: -3.7750 vs -3.7750)
2025-06-28 16:35:37,421 (simulate_adaptive_control:126) [DEBUG]: τ maintained at 10 (R^2 improvement not sufficient: -3.9354 vs -3.9354)
2025-06-28 16:35:37,424 (simulate_adaptive_control:126) [DEBUG]: τ maintained at 10 (R^2 improvement not sufficient: -4.1776 vs -4.1776)
2025-06-28 16:35:37,428 (simulate_adaptive_control:126) [DEBUG]: τ maintained at 10 (R^2 improvement not sufficient: -4.4678 vs -4.4678)
2025-06-28 16:35:37,432 (simulate_adaptive_control:126) [DEBUG]: τ maintained at 10 (R^2 improvement not sufficient: -4.6849 vs -4.6849)
2025-06-28 16:35:37,436 (simulate_adaptive_control:126) [DEBUG]: τ maintained at 10 (R^2 improvement not sufficient: -5.1275 vs -5.1275)
2025-06-28 16:35:37,440 (simulate_adaptive_control:126) [DEBUG]: τ maintained at 10 (R^2 improvement not sufficient: -5.5762 vs -5.5762)
2025-06-28 16:35:37,444 (simulate_adaptive_control:126) [DEBUG]: τ maintained at 10 (R^2 improvement not sufficient: -6.0780 vs -6.0780)
2025-06-28 16:35:37,448 (simulate_adaptive_control:126) [DEBUG]: τ maintained at 10 (R^2 improvement not sufficient: -6.5169 vs -6.5169)
2025-06-28 16:35:37,452 (simulate_adaptive_control:126) [DEBUG]: τ maintained at 10 (R^2 improvement not sufficient: -6.9316 vs -6.9316)
2025-06-28 16:35:37,456 (simulate_adaptive_control:126) [DEBUG]: τ maintained at 10 (R^2 improvement not sufficient: -7.1936 vs -7.1936)
2025-06-28 16:35:37,460 (simulate_adaptive_control:126) [DEBUG]: τ maintained at 10 (R^2 improvement not sufficient: -7.3221 vs -7.3221)
2025-06-28 16:35:37,464 (simulate_adaptive_control:126) [DEBUG]: τ maintained at 10 (R^2 improvement not sufficient: -7.2915 vs -7.2915)
2025-06-28 16:35:37,468 (simulate_adaptive_control:126) [DEBUG]: τ maintained at 10 (R^2 improvement not sufficient: -6.8158 vs -6.8158)
2025-06-28 16:35:37,471 (simulate_adaptive_control:126) [DEBUG]: τ maintained at 10 (R^2 improvement not sufficient: -6.3899 vs -6.3899)
2025-06-28 16:35:37,475 (simulate_adaptive_control:126) [DEBUG]: τ maintained at 10 (R^2 improvement not sufficient: -5.7162 vs -5.7162)
2025-06-28 16:35:37,479 (simulate_adaptive_control:126) [DEBUG]: τ maintained at 10 (R^2 improvement not sufficient: -5.0829 vs -5.0829)
2025-06-28 16:35:37,483 (simulate_adaptive_control:126) [DEBUG]: τ maintained at 10 (R^2 improvement not sufficient: -4.1855 vs -4.1855)
2025-06-28 16:35:37,487 (simulate_adaptive_control:126) [DEBUG]: τ maintained at 10 (R^2 improvement not sufficient: -3.5658 vs -3.5658)
2025-06-28 16:35:37,491 (simulate_adaptive_control:126) [DEBUG]: τ maintained at 10 (R^2 improvement not sufficient: -3.2092 vs -3.2092)
2025-06-28 16:35:37,495 (simulate_adaptive_control:126) [DEBUG]: τ maintained at 10 (R^2 improvement not sufficient: -2.9101 vs -2.9101)
2025-06-28 16:35:37,499 (simulate_adaptive_control:126) [DEBUG]: τ maintained at 10 (R^2 improvement not sufficient: -2.6343 vs -2.6343)
2025-06-28 16:35:37,513 (simulate_adaptive_control:126) [DEBUG]: τ maintained at 10 (R^2 improvement not sufficient: -2.4201 vs -2.4201)
2025-06-28 16:35:37,517 (simulate_adaptive_control:126) [DEBUG]: τ maintained at 10 (R^2 improvement not sufficient: -2.3498 vs -2.3498)
2025-06-28 16:35:37,521 (simulate_adaptive_control:126) [DEBUG]: τ maintained at 10 (R^2 improvement not sufficient: -2.1920 vs -2.1920)
2025-06-28 16:35:37,525 (simulate_adaptive_control:126) [DEBUG]: τ maintained at 10 (R^2 improvement not sufficient: -2.0584 vs -2.0584)
2025-06-28 16:35:37,529 (simulate_adaptive_control:126) [DEBUG]: τ maintained at 10 (R^2 improvement not sufficient: -2.0494 vs -2.0494)
2025-06-28 16:35:37,533 (simulate_adaptive_control:126) [DEBUG]: τ maintained at 10 (R^2 improvement not sufficient: -1.9960 vs -1.9960)
2025-06-28 16:35:37,537 (simulate_adaptive_control:126) [DEBUG]: τ maintained at 10 (R^2 improvement not sufficient: -2.0183 vs -2.0183)
2025-06-28 16:35:37,541 (simulate_adaptive_control:126) [DEBUG]: τ maintained at 10 (R^2 improvement not sufficient: -2.2567 vs -2.2567)
2025-06-28 16:35:37,544 (simulate_adaptive_control:126) [DEBUG]: τ maintained at 10 (R^2 improvement not sufficient: -2.3278 vs -2.3278)
2025-06-28 16:35:37,549 (simulate_adaptive_control:126) [DEBUG]: τ maintained at 10 (R^2 improvement not sufficient: -2.4244 vs -2.4244)
2025-06-28 16:35:37,553 (simulate_adaptive_control:126) [DEBUG]: τ maintained at 10 (R^2 improvement not sufficient: -2.6327 vs -2.6327)
2025-06-28 16:35:37,557 (simulate_adaptive_control:126) [DEBUG]: τ maintained at 10 (R^2 improvement not sufficient: -2.7348 vs -2.7348)
2025-06-28 16:35:37,561 (simulate_adaptive_control:126) [DEBUG]: τ maintained at 10 (R^2 improvement not sufficient: -2.7742 vs -2.7742)
2025-06-28 16:35:37,565 (simulate_adaptive_control:126) [DEBUG]: τ maintained at 10 (R^2 improvement not sufficient: -2.8181 vs -2.8181)
2025-06-28 16:35:37,569 (simulate_adaptive_control:126) [DEBUG]: τ maintained at 10 (R^2 improvement not sufficient: -2.8940 vs -2.8940)
2025-06-28 16:35:37,572 (simulate_adaptive_control:126) [DEBUG]: τ maintained at 10 (R^2 improvement not sufficient: -2.9889 vs -2.9889)
2025-06-28 16:35:37,576 (simulate_adaptive_control:126) [DEBUG]: τ maintained at 10 (R^2 improvement not sufficient: -3.5093 vs -3.5093)
2025-06-28 16:35:37,580 (simulate_adaptive_control:126) [DEBUG]: τ maintained at 10 (R^2 improvement not sufficient: -3.8301 vs -3.8301)
2025-06-28 16:35:37,584 (simulate_adaptive_control:126) [DEBUG]: τ maintained at 10 (R^2 improvement not sufficient: -3.9355 vs -3.9355)
2025-06-28 16:35:37,588 (simulate_adaptive_control:126) [DEBUG]: τ maintained at 10 (R^2 improvement not sufficient: -3.9515 vs -3.9515)
2025-06-28 16:35:37,591 (simulate_adaptive_control:126) [DEBUG]: τ maintained at 10 (R^2 improvement not sufficient: -3.8232 vs -3.8232)
2025-06-28 16:35:37,595 (simulate_adaptive_control:126) [DEBUG]: τ maintained at 10 (R^2 improvement not sufficient: -3.7693 vs -3.7693)
2025-06-28 16:35:37,599 (simulate_adaptive_control:126) [DEBUG]: τ maintained at 10 (R^2 improvement not sufficient: -3.6735 vs -3.6735)
2025-06-28 16:35:37,603 (simulate_adaptive_control:126) [DEBUG]: τ maintained at 10 (R^2 improvement not sufficient: -3.4259 vs -3.4259)
2025-06-28 16:35:37,607 (simulate_adaptive_control:126) [DEBUG]: τ maintained at 10 (R^2 improvement not sufficient: -3.3930 vs -3.3930)
2025-06-28 16:35:37,611 (simulate_adaptive_control:126) [DEBUG]: τ maintained at 10 (R^2 improvement not sufficient: -3.2269 vs -3.2269)
2025-06-28 16:35:37,615 (simulate_adaptive_control:126) [DEBUG]: τ maintained at 10 (R^2 improvement not sufficient: -3.1025 vs -3.1025)
2025-06-28 16:35:37,619 (simulate_adaptive_control:126) [DEBUG]: τ maintained at 10 (R^2 improvement not sufficient: -3.0008 vs -3.0008)
2025-06-28 16:35:37,623 (simulate_adaptive_control:126) [DEBUG]: τ maintained at 10 (R^2 improvement not sufficient: -2.9295 vs -2.9295)
2025-06-28 16:35:37,627 (simulate_adaptive_control:126) [DEBUG]: τ maintained at 10 (R^2 improvement not sufficient: -2.8843 vs -2.8843)
2025-06-28 16:35:37,631 (simulate_adaptive_control:126) [DEBUG]: τ maintained at 10 (R^2 improvement not sufficient: -2.8654 vs -2.8654)
2025-06-28 16:35:37,635 (simulate_adaptive_control:126) [DEBUG]: τ maintained at 10 (R^2 improvement not sufficient: -3.0142 vs -3.0142)
2025-06-28 16:35:37,639 (simulate_adaptive_control:126) [DEBUG]: τ maintained at 10 (R^2 improvement not sufficient: -3.1774 vs -3.1774)
2025-06-28 16:35:37,643 (simulate_adaptive_control:126) [DEBUG]: τ maintained at 10 (R^2 improvement not sufficient: -3.1959 vs -3.1959)
2025-06-28 16:35:37,646 (simulate_adaptive_control:126) [DEBUG]: τ maintained at 10 (R^2 improvement not sufficient: -3.2327 vs -3.2327)
2025-06-28 16:35:37,650 (simulate_adaptive_control:126) [DEBUG]: τ maintained at 10 (R^2 improvement not sufficient: -3.2842 vs -3.2842)
2025-06-28 16:35:37,654 (simulate_adaptive_control:126) [DEBUG]: τ maintained at 10 (R^2 improvement not sufficient: -3.3410 vs -3.3410)
2025-06-28 16:35:37,658 (simulate_adaptive_control:126) [DEBUG]: τ maintained at 10 (R^2 improvement not sufficient: -3.4180 vs -3.4180)
2025-06-28 16:35:37,662 (simulate_adaptive_control:126) [DEBUG]: τ maintained at 10 (R^2 improvement not sufficient: -3.5053 vs -3.5053)
2025-06-28 16:35:37,666 (simulate_adaptive_control:126) [DEBUG]: τ maintained at 10 (R^2 improvement not sufficient: -3.5978 vs -3.5978)
2025-06-28 16:35:37,670 (simulate_adaptive_control:126) [DEBUG]: τ maintained at 10 (R^2 improvement not sufficient: -3.6748 vs -3.6748)
2025-06-28 16:35:37,674 (simulate_adaptive_control:126) [DEBUG]: τ maintained at 10 (R^2 improvement not sufficient: -3.7739 vs -3.7739)
2025-06-28 16:35:37,678 (simulate_adaptive_control:126) [DEBUG]: τ maintained at 10 (R^2 improvement not sufficient: -3.6826 vs -3.6826)
2025-06-28 16:35:37,682 (simulate_adaptive_control:126) [DEBUG]: τ maintained at 10 (R^2 improvement not sufficient: -3.4686 vs -3.4686)
2025-06-28 16:35:37,686 (simulate_adaptive_control:126) [DEBUG]: τ maintained at 10 (R^2 improvement not sufficient: -3.4422 vs -3.4422)
2025-06-28 16:35:37,690 (simulate_adaptive_control:126) [DEBUG]: τ maintained at 10 (R^2 improvement not sufficient: -3.4635 vs -3.4635)
2025-06-28 16:35:37,694 (simulate_adaptive_control:126) [DEBUG]: τ maintained at 10 (R^2 improvement not sufficient: -3.3636 vs -3.3636)
2025-06-28 16:35:37,698 (simulate_adaptive_control:126) [DEBUG]: τ maintained at 10 (R^2 improvement not sufficient: -3.1612 vs -3.1612)
2025-06-28 16:35:37,702 (simulate_adaptive_control:126) [DEBUG]: τ maintained at 10 (R^2 improvement not sufficient: -2.9742 vs -2.9742)
2025-06-28 16:35:37,706 (simulate_adaptive_control:126) [DEBUG]: τ maintained at 10 (R^2 improvement not sufficient: -2.8148 vs -2.8148)
2025-06-28 16:35:37,710 (simulate_adaptive_control:126) [DEBUG]: τ maintained at 10 (R^2 improvement not sufficient: -2.8093 vs -2.8093)
2025-06-28 16:35:37,714 (simulate_adaptive_control:126) [DEBUG]: τ maintained at 10 (R^2 improvement not sufficient: -2.8277 vs -2.8277)
2025-06-28 16:35:37,718 (simulate_adaptive_control:126) [DEBUG]: τ maintained at 10 (R^2 improvement not sufficient: -2.8343 vs -2.8343)
2025-06-28 16:35:37,722 (simulate_adaptive_control:126) [DEBUG]: τ maintained at 10 (R^2 improvement not sufficient: -2.8471 vs -2.8471)
2025-06-28 16:35:37,726 (simulate_adaptive_control:126) [DEBUG]: τ maintained at 10 (R^2 improvement not sufficient: -2.9005 vs -2.9005)
2025-06-28 16:35:37,730 (simulate_adaptive_control:126) [DEBUG]: τ maintained at 10 (R^2 improvement not sufficient: -3.1629 vs -3.1629)
2025-06-28 16:35:37,734 (simulate_adaptive_control:126) [DEBUG]: τ maintained at 10 (R^2 improvement not sufficient: -3.2774 vs -3.2774)
2025-06-28 16:35:37,738 (simulate_adaptive_control:126) [DEBUG]: τ maintained at 10 (R^2 improvement not sufficient: -3.2405 vs -3.2405)
2025-06-28 16:35:37,742 (simulate_adaptive_control:126) [DEBUG]: τ maintained at 10 (R^2 improvement not sufficient: -3.2438 vs -3.2438)
2025-06-28 16:35:37,746 (simulate_adaptive_control:126) [DEBUG]: τ maintained at 10 (R^2 improvement not sufficient: -3.2589 vs -3.2589)
2025-06-28 16:35:37,750 (simulate_adaptive_control:126) [DEBUG]: τ maintained at 10 (R^2 improvement not sufficient: -3.2637 vs -3.2637)
2025-06-28 16:35:37,754 (simulate_adaptive_control:126) [DEBUG]: τ maintained at 10 (R^2 improvement not sufficient: -3.2657 vs -3.2657)
2025-06-28 16:35:37,758 (simulate_adaptive_control:126) [DEBUG]: τ maintained at 10 (R^2 improvement not sufficient: -3.3050 vs -3.3050)
2025-06-28 16:35:37,762 (simulate_adaptive_control:126) [DEBUG]: τ maintained at 10 (R^2 improvement not sufficient: -3.6545 vs -3.6545)
2025-06-28 16:35:37,766 (simulate_adaptive_control:126) [DEBUG]: τ maintained at 10 (R^2 improvement not sufficient: -3.9233 vs -3.9233)
2025-06-28 16:35:37,770 (simulate_adaptive_control:126) [DEBUG]: τ maintained at 10 (R^2 improvement not sufficient: -4.1596 vs -4.1596)
2025-06-28 16:35:37,774 (simulate_adaptive_control:126) [DEBUG]: τ maintained at 10 (R^2 improvement not sufficient: -4.3412 vs -4.3412)
2025-06-28 16:35:37,778 (simulate_adaptive_control:126) [DEBUG]: τ maintained at 10 (R^2 improvement not sufficient: -4.3269 vs -4.3269)
2025-06-28 16:35:37,782 (simulate_adaptive_control:126) [DEBUG]: τ maintained at 10 (R^2 improvement not sufficient: -4.3293 vs -4.3293)
2025-06-28 16:35:37,786 (simulate_adaptive_control:126) [DEBUG]: τ maintained at 10 (R^2 improvement not sufficient: -4.3429 vs -4.3429)
2025-06-28 16:35:37,790 (simulate_adaptive_control:126) [DEBUG]: τ maintained at 10 (R^2 improvement not sufficient: -4.3817 vs -4.3817)
2025-06-28 16:35:37,794 (simulate_adaptive_control:126) [DEBUG]: τ maintained at 10 (R^2 improvement not sufficient: -4.4185 vs -4.4185)
2025-06-28 16:35:37,798 (simulate_adaptive_control:126) [DEBUG]: τ maintained at 10 (R^2 improvement not sufficient: -4.4557 vs -4.4557)
2025-06-28 16:35:37,802 (simulate_adaptive_control:126) [DEBUG]: τ maintained at 10 (R^2 improvement not sufficient: -4.4952 vs -4.4952)
2025-06-28 16:35:37,806 (simulate_adaptive_control:126) [DEBUG]: τ maintained at 10 (R^2 improvement not sufficient: -4.5283 vs -4.5283)
2025-06-28 16:35:37,810 (simulate_adaptive_control:126) [DEBUG]: τ maintained at 10 (R^2 improvement not sufficient: -4.5618 vs -4.5618)
2025-06-28 16:35:37,814 (simulate_adaptive_control:126) [DEBUG]: τ maintained at 10 (R^2 improvement not sufficient: -4.6050 vs -4.6050)
2025-06-28 16:35:37,815 (simulate_adaptive_control:428) [INFO]: Step 200/1000, Current τ: 10, R^2[10]: -4.6050
2025-06-28 16:35:37,818 (simulate_adaptive_control:126) [DEBUG]: τ maintained at 10 (R^2 improvement not sufficient: -4.6359 vs -4.6359)
2025-06-28 16:35:37,823 (simulate_adaptive_control:126) [DEBUG]: τ maintained at 10 (R^2 improvement not sufficient: -4.6456 vs -4.6456)
2025-06-28 16:35:37,826 (simulate_adaptive_control:126) [DEBUG]: τ maintained at 10 (R^2 improvement not sufficient: -4.7208 vs -4.7208)
2025-06-28 16:35:37,830 (simulate_adaptive_control:126) [DEBUG]: τ maintained at 10 (R^2 improvement not sufficient: -4.7734 vs -4.7734)
2025-06-28 16:35:37,834 (simulate_adaptive_control:126) [DEBUG]: τ maintained at 10 (R^2 improvement not sufficient: -4.8556 vs -4.8556)
2025-06-28 16:35:37,839 (simulate_adaptive_control:126) [DEBUG]: τ maintained at 10 (R^2 improvement not sufficient: -4.9277 vs -4.9277)
2025-06-28 16:35:37,843 (simulate_adaptive_control:126) [DEBUG]: τ maintained at 10 (R^2 improvement not sufficient: -4.9485 vs -4.9485)
2025-06-28 16:35:37,846 (simulate_adaptive_control:126) [DEBUG]: τ maintained at 10 (R^2 improvement not sufficient: -4.9761 vs -4.9761)
2025-06-28 16:35:37,850 (simulate_adaptive_control:126) [DEBUG]: τ maintained at 10 (R^2 improvement not sufficient: -5.0218 vs -5.0218)
2025-06-28 16:35:37,854 (simulate_adaptive_control:126) [DEBUG]: τ maintained at 10 (R^2 improvement not sufficient: -5.1448 vs -5.1448)
2025-06-28 16:35:37,858 (simulate_adaptive_control:126) [DEBUG]: τ maintained at 10 (R^2 improvement not sufficient: -5.2361 vs -5.2361)
2025-06-28 16:35:37,862 (simulate_adaptive_control:126) [DEBUG]: τ maintained at 10 (R^2 improvement not sufficient: -5.4449 vs -5.4449)
2025-06-28 16:35:37,866 (simulate_adaptive_control:126) [DEBUG]: τ maintained at 10 (R^2 improvement not sufficient: -5.6186 vs -5.6186)
2025-06-28 16:35:37,869 (simulate_adaptive_control:126) [DEBUG]: τ maintained at 10 (R^2 improvement not sufficient: -5.6881 vs -5.6881)
2025-06-28 16:35:37,873 (simulate_adaptive_control:126) [DEBUG]: τ maintained at 10 (R^2 improvement not sufficient: -5.7404 vs -5.7404)
2025-06-28 16:35:37,877 (simulate_adaptive_control:126) [DEBUG]: τ maintained at 10 (R^2 improvement not sufficient: -5.8147 vs -5.8147)
2025-06-28 16:35:37,881 (simulate_adaptive_control:126) [DEBUG]: τ maintained at 10 (R^2 improvement not sufficient: -5.9496 vs -5.9496)
2025-06-28 16:35:37,884 (simulate_adaptive_control:126) [DEBUG]: τ maintained at 10 (R^2 improvement not sufficient: -6.1310 vs -6.1310)
2025-06-28 16:35:37,888 (simulate_adaptive_control:126) [DEBUG]: τ maintained at 10 (R^2 improvement not sufficient: -6.3620 vs -6.3620)
2025-06-28 16:35:37,892 (simulate_adaptive_control:126) [DEBUG]: τ maintained at 10 (R^2 improvement not sufficient: -6.7816 vs -6.7816)
2025-06-28 16:35:37,896 (simulate_adaptive_control:126) [DEBUG]: τ maintained at 10 (R^2 improvement not sufficient: -7.3958 vs -7.3958)
2025-06-28 16:35:37,900 (simulate_adaptive_control:126) [DEBUG]: τ maintained at 10 (R^2 improvement not sufficient: -8.1640 vs -8.1640)
2025-06-28 16:35:37,904 (simulate_adaptive_control:126) [DEBUG]: τ maintained at 10 (R^2 improvement not sufficient: -9.0324 vs -9.0324)
2025-06-28 16:35:37,908 (simulate_adaptive_control:126) [DEBUG]: τ maintained at 10 (R^2 improvement not sufficient: -10.0670 vs -10.0670)
2025-06-28 16:35:37,913 (simulate_adaptive_control:126) [DEBUG]: τ maintained at 10 (R^2 improvement not sufficient: -10.9957 vs -10.9957)
2025-06-28 16:35:37,917 (simulate_adaptive_control:126) [DEBUG]: τ maintained at 10 (R^2 improvement not sufficient: -12.1650 vs -12.1650)
2025-06-28 16:35:37,921 (simulate_adaptive_control:126) [DEBUG]: τ maintained at 10 (R^2 improvement not sufficient: -13.2539 vs -13.2539)
2025-06-28 16:35:37,925 (simulate_adaptive_control:126) [DEBUG]: τ maintained at 10 (R^2 improvement not sufficient: -13.8723 vs -13.8723)
2025-06-28 16:35:37,929 (simulate_adaptive_control:126) [DEBUG]: τ maintained at 10 (R^2 improvement not sufficient: -14.4627 vs -14.4627)
2025-06-28 16:35:37,933 (simulate_adaptive_control:126) [DEBUG]: τ maintained at 10 (R^2 improvement not sufficient: -14.6163 vs -14.6163)
2025-06-28 16:35:37,937 (simulate_adaptive_control:126) [DEBUG]: τ maintained at 10 (R^2 improvement not sufficient: -14.0591 vs -14.0591)
2025-06-28 16:35:37,941 (simulate_adaptive_control:126) [DEBUG]: τ maintained at 10 (R^2 improvement not sufficient: -13.8232 vs -13.8232)
2025-06-28 16:35:37,945 (simulate_adaptive_control:126) [DEBUG]: τ maintained at 10 (R^2 improvement not sufficient: -13.3896 vs -13.3896)
2025-06-28 16:35:37,949 (simulate_adaptive_control:126) [DEBUG]: τ maintained at 10 (R^2 improvement not sufficient: -12.6699 vs -12.6699)
2025-06-28 16:35:37,953 (simulate_adaptive_control:126) [DEBUG]: τ maintained at 10 (R^2 improvement not sufficient: -12.2419 vs -12.2419)
2025-06-28 16:35:37,957 (simulate_adaptive_control:126) [DEBUG]: τ maintained at 10 (R^2 improvement not sufficient: -11.8852 vs -11.8852)
2025-06-28 16:35:37,961 (simulate_adaptive_control:126) [DEBUG]: τ maintained at 10 (R^2 improvement not sufficient: -11.4313 vs -11.4313)
2025-06-28 16:35:37,965 (simulate_adaptive_control:126) [DEBUG]: τ maintained at 10 (R^2 improvement not sufficient: -10.8644 vs -10.8644)
2025-06-28 16:35:37,968 (simulate_adaptive_control:126) [DEBUG]: τ maintained at 10 (R^2 improvement not sufficient: -10.2668 vs -10.2668)
2025-06-28 16:35:37,972 (simulate_adaptive_control:126) [DEBUG]: τ maintained at 10 (R^2 improvement not sufficient: -8.9156 vs -8.9156)
2025-06-28 16:35:37,976 (simulate_adaptive_control:126) [DEBUG]: τ maintained at 10 (R^2 improvement not sufficient: -8.1082 vs -8.1082)
2025-06-28 16:35:37,980 (simulate_adaptive_control:126) [DEBUG]: τ maintained at 10 (R^2 improvement not sufficient: -7.8083 vs -7.8083)
2025-06-28 16:35:37,984 (simulate_adaptive_control:126) [DEBUG]: τ maintained at 10 (R^2 improvement not sufficient: -7.7403 vs -7.7403)
2025-06-28 16:35:37,988 (simulate_adaptive_control:126) [DEBUG]: τ maintained at 10 (R^2 improvement not sufficient: -7.8406 vs -7.8406)
2025-06-28 16:35:37,992 (simulate_adaptive_control:126) [DEBUG]: τ maintained at 10 (R^2 improvement not sufficient: -8.0535 vs -8.0535)
2025-06-28 16:35:37,995 (simulate_adaptive_control:126) [DEBUG]: τ maintained at 10 (R^2 improvement not sufficient: -8.3561 vs -8.3561)
2025-06-28 16:35:37,999 (simulate_adaptive_control:126) [DEBUG]: τ maintained at 10 (R^2 improvement not sufficient: -8.3242 vs -8.3242)
2025-06-28 16:35:38,003 (simulate_adaptive_control:126) [DEBUG]: τ maintained at 10 (R^2 improvement not sufficient: -8.4599 vs -8.4599)
2025-06-28 16:35:38,008 (simulate_adaptive_control:126) [DEBUG]: τ maintained at 10 (R^2 improvement not sufficient: -8.9359 vs -8.9359)
2025-06-28 16:35:38,012 (simulate_adaptive_control:126) [DEBUG]: τ maintained at 10 (R^2 improvement not sufficient: -9.8001 vs -9.8001)
2025-06-28 16:35:38,016 (simulate_adaptive_control:126) [DEBUG]: τ maintained at 10 (R^2 improvement not sufficient: -9.9521 vs -9.9521)
2025-06-28 16:35:38,020 (simulate_adaptive_control:126) [DEBUG]: τ maintained at 10 (R^2 improvement not sufficient: -10.2433 vs -10.2433)
2025-06-28 16:35:38,024 (simulate_adaptive_control:126) [DEBUG]: τ maintained at 10 (R^2 improvement not sufficient: -10.1827 vs -10.1827)
2025-06-28 16:35:38,028 (simulate_adaptive_control:126) [DEBUG]: τ maintained at 10 (R^2 improvement not sufficient: -9.9344 vs -9.9344)
2025-06-28 16:35:38,032 (simulate_adaptive_control:126) [DEBUG]: τ maintained at 10 (R^2 improvement not sufficient: -9.2336 vs -9.2336)
2025-06-28 16:35:38,036 (simulate_adaptive_control:126) [DEBUG]: τ maintained at 10 (R^2 improvement not sufficient: -8.5837 vs -8.5837)
2025-06-28 16:35:38,040 (simulate_adaptive_control:126) [DEBUG]: τ maintained at 10 (R^2 improvement not sufficient: -8.3129 vs -8.3129)
2025-06-28 16:35:38,044 (simulate_adaptive_control:126) [DEBUG]: τ maintained at 10 (R^2 improvement not sufficient: -8.0438 vs -8.0438)
2025-06-28 16:35:38,048 (simulate_adaptive_control:126) [DEBUG]: τ maintained at 10 (R^2 improvement not sufficient: -7.8636 vs -7.8636)
2025-06-28 16:35:38,051 (simulate_adaptive_control:126) [DEBUG]: τ maintained at 10 (R^2 improvement not sufficient: -7.7793 vs -7.7793)
2025-06-28 16:35:38,055 (simulate_adaptive_control:126) [DEBUG]: τ maintained at 10 (R^2 improvement not sufficient: -7.7996 vs -7.7996)
2025-06-28 16:35:38,059 (simulate_adaptive_control:126) [DEBUG]: τ maintained at 10 (R^2 improvement not sufficient: -7.8143 vs -7.8143)
2025-06-28 16:35:38,063 (simulate_adaptive_control:126) [DEBUG]: τ maintained at 10 (R^2 improvement not sufficient: -7.9206 vs -7.9206)
2025-06-28 16:35:38,067 (simulate_adaptive_control:126) [DEBUG]: τ maintained at 10 (R^2 improvement not sufficient: -8.0835 vs -8.0835)
2025-06-28 16:35:38,071 (simulate_adaptive_control:126) [DEBUG]: τ maintained at 10 (R^2 improvement not sufficient: -8.2857 vs -8.2857)
2025-06-28 16:35:38,074 (simulate_adaptive_control:126) [DEBUG]: τ maintained at 10 (R^2 improvement not sufficient: -8.4668 vs -8.4668)
2025-06-28 16:35:38,078 (simulate_adaptive_control:126) [DEBUG]: τ maintained at 10 (R^2 improvement not sufficient: -8.6563 vs -8.6563)
2025-06-28 16:35:38,082 (simulate_adaptive_control:126) [DEBUG]: τ maintained at 10 (R^2 improvement not sufficient: -8.8473 vs -8.8473)
2025-06-28 16:35:38,086 (simulate_adaptive_control:126) [DEBUG]: τ maintained at 10 (R^2 improvement not sufficient: -8.9290 vs -8.9290)
2025-06-28 16:35:38,090 (simulate_adaptive_control:126) [DEBUG]: τ maintained at 10 (R^2 improvement not sufficient: -9.0318 vs -9.0318)
2025-06-28 16:35:38,093 (simulate_adaptive_control:126) [DEBUG]: τ maintained at 10 (R^2 improvement not sufficient: -9.0555 vs -9.0555)
2025-06-28 16:35:38,097 (simulate_adaptive_control:126) [DEBUG]: τ maintained at 10 (R^2 improvement not sufficient: -9.0079 vs -9.0079)
2025-06-28 16:35:38,101 (simulate_adaptive_control:126) [DEBUG]: τ maintained at 10 (R^2 improvement not sufficient: -9.0920 vs -9.0920)
2025-06-28 16:35:38,105 (simulate_adaptive_control:126) [DEBUG]: τ maintained at 10 (R^2 improvement not sufficient: -9.1870 vs -9.1870)
2025-06-28 16:35:38,109 (simulate_adaptive_control:126) [DEBUG]: τ maintained at 10 (R^2 improvement not sufficient: -9.1856 vs -9.1856)
2025-06-28 16:35:38,112 (simulate_adaptive_control:126) [DEBUG]: τ maintained at 10 (R^2 improvement not sufficient: -9.2103 vs -9.2103)
2025-06-28 16:35:38,116 (simulate_adaptive_control:126) [DEBUG]: τ maintained at 10 (R^2 improvement not sufficient: -9.2101 vs -9.2101)
2025-06-28 16:35:38,120 (simulate_adaptive_control:126) [DEBUG]: τ maintained at 10 (R^2 improvement not sufficient: -9.1142 vs -9.1142)
2025-06-28 16:35:38,124 (simulate_adaptive_control:126) [DEBUG]: τ maintained at 10 (R^2 improvement not sufficient: -8.6840 vs -8.6840)
2025-06-28 16:35:38,128 (simulate_adaptive_control:126) [DEBUG]: τ maintained at 10 (R^2 improvement not sufficient: -8.4660 vs -8.4660)
2025-06-28 16:35:38,132 (simulate_adaptive_control:126) [DEBUG]: τ maintained at 10 (R^2 improvement not sufficient: -8.4325 vs -8.4325)
2025-06-28 16:35:38,136 (simulate_adaptive_control:126) [DEBUG]: τ maintained at 10 (R^2 improvement not sufficient: -8.4050 vs -8.4050)
2025-06-28 16:35:38,140 (simulate_adaptive_control:126) [DEBUG]: τ maintained at 10 (R^2 improvement not sufficient: -8.3996 vs -8.3996)
2025-06-28 16:35:38,144 (simulate_adaptive_control:126) [DEBUG]: τ maintained at 10 (R^2 improvement not sufficient: -8.3991 vs -8.3991)
2025-06-28 16:35:38,148 (simulate_adaptive_control:126) [DEBUG]: τ maintained at 10 (R^2 improvement not sufficient: -8.4007 vs -8.4007)
2025-06-28 16:35:38,152 (simulate_adaptive_control:126) [DEBUG]: τ maintained at 10 (R^2 improvement not sufficient: -8.3797 vs -8.3797)
2025-06-28 16:35:38,156 (simulate_adaptive_control:126) [DEBUG]: τ maintained at 10 (R^2 improvement not sufficient: -7.7291 vs -7.7291)
2025-06-28 16:35:38,160 (simulate_adaptive_control:126) [DEBUG]: τ maintained at 10 (R^2 improvement not sufficient: -7.1301 vs -7.1301)
2025-06-28 16:35:38,165 (simulate_adaptive_control:126) [DEBUG]: τ maintained at 10 (R^2 improvement not sufficient: -6.6552 vs -6.6552)
2025-06-28 16:35:38,169 (simulate_adaptive_control:126) [DEBUG]: τ maintained at 10 (R^2 improvement not sufficient: -6.2965 vs -6.2965)
2025-06-28 16:35:38,170 (simulate_adaptive_control:271) [INFO]: End of reference trajectory (or look-ahead range) reached. Stopping simulation.
2025-06-28 16:35:38,170 (simulate_adaptive_control:430) [INFO]: Simulation finished.
2025-06-28 16:35:38,194 (simulate_adaptive_control:437) [INFO]: Simulation results saved to data/simulate_adaptive_control/adaptive_simulation/20250628T163536/adaptive_simulation_results.csv
