2025-06-28 18:03:07,251 (event_logging:164) [DEBUG]: Start event logging
2025-06-28 18:03:07,251 (event_logging:165) [DEBUG]: Logger name: __main__
2025-06-28 18:03:07,251 (event_logging:166) [DEBUG]: Log filename: /mnt/c/Users/HosodaLab2/OneDrive - Kyoto University/University/Reserch/reservoir/affeto/affetto-nn-ctrl-7090826/data/trained_model/train_adaptive/20250628T180307/train_model.log
2025-06-28 18:03:07,252 (event_logging:168) [DEBUG]: Command: python apps/train_model.py -v ../20241203T144115/step/sync/fast -j 5 --train-size 0.25 --seed 42 -m apps/config/adaptive_model.toml --label train_adaptive
2025-06-28 18:03:07,253 (train_model:257) [INFO]: Output directory: /mnt/c/Users/HosodaLab2/OneDrive - Kyoto University/University/Reserch/reservoir/affeto/affetto-nn-ctrl-7090826/data/trained_model/train_adaptive/20250628T180307
2025-06-28 18:03:07,253 (data_handling:162) [DEBUG]: Directory created: /mnt/c/Users/HosodaLab2/OneDrive - Kyoto University/University/Reserch/reservoir/affeto/affetto-nn-ctrl-7090826/data/trained_model/train_adaptive/20250628T180307
2025-06-28 18:03:07,256 (data_handling:152) [DEBUG]: Symlink created: /mnt/c/Users/HosodaLab2/OneDrive - Kyoto University/University/Reserch/reservoir/affeto/affetto-nn-ctrl-7090826/data/trained_model/train_adaptive/latest -> /mnt/c/Users/HosodaLab2/OneDrive - Kyoto University/University/Reserch/reservoir/affeto/affetto-nn-ctrl-7090826/data/trained_model/train_adaptive/20250628T180307
2025-06-28 18:03:07,257 (data_handling:162) [DEBUG]: Directory created: /mnt/c/Users/HosodaLab2/OneDrive - Kyoto University/University/Reserch/reservoir/affeto/affetto-nn-ctrl-7090826/data/trained_model/train_adaptive/20250628T180307/config
2025-06-28 18:03:07,275 (data_handling:180) [DEBUG]: Model config copied: None -> /mnt/c/Users/HosodaLab2/OneDrive - Kyoto University/University/Reserch/reservoir/affeto/affetto-nn-ctrl-7090826/data/trained_model/train_adaptive/20250628T180307/config
2025-06-28 18:03:07,275 (train_model:260) [DEBUG]: Parsed arguments: Namespace(base_dir='/mnt/c/Users/HosodaLab2/OneDrive - Kyoto University/University/Reserch/reservoir/affeto/affetto-nn-ctrl-7090826/data', joints=['5'], datasets=['../20241203T144115/step/sync/fast'], glob_pattern='**/*.csv', train_size=0.25, test_size=None, seed=42, shuffle=True, split_in_each_directory=False, model_config='apps/config/adaptive_model.toml', adapter=None, scaler=None, regressor=None, output=None, output_prefix='trained_model', overwrite=False, label='train_adaptive', sublabel=None, split_by_date=True, specify_date=None, make_latest_symlink=True, verbose=1)
2025-06-28 18:03:07,275 (train_model:58) [DEBUG]: Resolved active joints: [5]
2025-06-28 18:03:07,278 (train_model:62) [DEBUG]: Model config file loaded: apps/config/adaptive_model.toml
2025-06-28 18:03:07,278 (train_model:65) [DEBUG]: Loading datasets with following condition:
2025-06-28 18:03:07,278 (train_model:66) [DEBUG]:      Path list: ['../20241203T144115/step/sync/fast']
2025-06-28 18:03:07,278 (train_model:67) [DEBUG]:   glob pattern: **/*.csv
2025-06-28 18:03:07,297 (model_utility:674) [DEBUG]: Loading datasets from ['../20241203T144115/step/sync/fast/motion_data_058.csv', '../20241203T144115/step/sync/fast/motion_data_074.csv', '../20241203T144115/step/sync/fast/motion_data_088.csv', '../20241203T144115/step/sync/fast/motion_data_098.csv', '../20241203T144115/step/sync/fast/motion_data_054.csv', '../20241203T144115/step/sync/fast/motion_data_049.csv', '../20241203T144115/step/sync/fast/motion_data_006.csv', '../20241203T144115/step/sync/fast/motion_data_090.csv', '../20241203T144115/step/sync/fast/motion_data_011.csv', '../20241203T144115/step/sync/fast/motion_data_085.csv', '../20241203T144115/step/sync/fast/motion_data_041.csv', '../20241203T144115/step/sync/fast/motion_data_022.csv', '../20241203T144115/step/sync/fast/motion_data_019.csv', '../20241203T144115/step/sync/fast/motion_data_035.csv', '../20241203T144115/step/sync/fast/motion_data_064.csv', '../20241203T144115/step/sync/fast/motion_data_047.csv', '../20241203T144115/step/sync/fast/motion_data_012.csv', '../20241203T144115/step/sync/fast/motion_data_053.csv', '../20241203T144115/step/sync/fast/motion_data_014.csv', '../20241203T144115/step/sync/fast/motion_data_013.csv', '../20241203T144115/step/sync/fast/motion_data_066.csv', '../20241203T144115/step/sync/fast/motion_data_036.csv', '../20241203T144115/step/sync/fast/motion_data_065.csv', '../20241203T144115/step/sync/fast/motion_data_077.csv', '../20241203T144115/step/sync/fast/motion_data_008.csv']
2025-06-28 18:03:08,681 (model_utility:678) [INFO]: 25 datasets loaded in total
2025-06-28 18:03:08,681 (model_utility:595) [DEBUG]: Loaded data adapter: SingleShotMultiHorizonHandler(SingleShotMultiHorizonParams(active_joints=[5], dt=0.03333333333, ctrl_step=1, min_preview_step=1, max_preview_step=5))
2025-06-28 18:03:08,682 (model_utility:605) [DEBUG]: Loaded scaler: StandardScaler()
2025-06-28 18:03:08,685 (model_utility:613) [DEBUG]: Loaded regressor: MLPRegressor(activation='tanh', hidden_layer_sizes=(100, 100), max_iter=2000)
2025-06-28 18:03:08,686 (train_model:82) [INFO]: Training model...
2025-06-28 18:03:08,694 (model_utility:700) [DEBUG]: Loaded dataset: ../20241203T144115/step/sync/fast/motion_data_088.csv
2025-06-28 18:03:08,696 (model_utility:700) [DEBUG]: Loaded dataset: ../20241203T144115/step/sync/fast/motion_data_053.csv
2025-06-28 18:03:08,700 (model_utility:700) [DEBUG]: Loaded dataset: ../20241203T144115/step/sync/fast/motion_data_041.csv
2025-06-28 18:03:08,703 (model_utility:700) [DEBUG]: Loaded dataset: ../20241203T144115/step/sync/fast/motion_data_047.csv
2025-06-28 18:03:08,707 (model_utility:700) [DEBUG]: Loaded dataset: ../20241203T144115/step/sync/fast/motion_data_014.csv
2025-06-28 18:03:08,710 (model_utility:700) [DEBUG]: Loaded dataset: ../20241203T144115/step/sync/fast/motion_data_012.csv
2025-06-28 18:03:08,713 (model_utility:700) [DEBUG]: Loaded dataset: ../20241203T144115/step/sync/fast/motion_data_074.csv
2025-06-28 18:03:08,716 (model_utility:700) [DEBUG]: Loaded dataset: ../20241203T144115/step/sync/fast/motion_data_022.csv
2025-06-28 18:03:08,723 (model_utility:700) [DEBUG]: Loaded dataset: ../20241203T144115/step/sync/fast/motion_data_054.csv
2025-06-28 18:03:08,728 (model_utility:700) [DEBUG]: Loaded dataset: ../20241203T144115/step/sync/fast/motion_data_019.csv
2025-06-28 18:03:08,734 (model_utility:700) [DEBUG]: Loaded dataset: ../20241203T144115/step/sync/fast/motion_data_064.csv
2025-06-28 18:03:08,740 (model_utility:700) [DEBUG]: Loaded dataset: ../20241203T144115/step/sync/fast/motion_data_035.csv
2025-06-28 18:03:08,746 (model_utility:700) [DEBUG]: Loaded dataset: ../20241203T144115/step/sync/fast/motion_data_058.csv
2025-06-28 18:03:08,753 (model_utility:700) [DEBUG]: Loaded dataset: ../20241203T144115/step/sync/fast/motion_data_036.csv
2025-06-28 18:03:08,759 (model_utility:700) [DEBUG]: Loaded dataset: ../20241203T144115/step/sync/fast/motion_data_098.csv
2025-06-28 18:03:08,766 (model_utility:700) [DEBUG]: Loaded dataset: ../20241203T144115/step/sync/fast/motion_data_077.csv
2025-06-28 18:03:08,773 (model_utility:700) [DEBUG]: Loaded dataset: ../20241203T144115/step/sync/fast/motion_data_090.csv
2025-06-28 18:03:08,780 (model_utility:700) [DEBUG]: Loaded dataset: ../20241203T144115/step/sync/fast/motion_data_013.csv
2025-06-28 18:03:08,780 (model_utility:746) [DEBUG]: x_train.shape = (32328, 9)
2025-06-28 18:03:08,781 (model_utility:747) [DEBUG]: y_train.shape = (32328, 10)
2025-06-28 18:03:46,540 (model_utility:754) [INFO]: Finding best initial tau from validation set...
2025-06-28 18:03:46,543 (model_utility:700) [DEBUG]: Loaded dataset: ../20241203T144115/step/sync/fast/motion_data_085.csv
2025-06-28 18:03:46,546 (model_utility:700) [DEBUG]: Loaded dataset: ../20241203T144115/step/sync/fast/motion_data_008.csv
2025-06-28 18:03:46,549 (model_utility:700) [DEBUG]: Loaded dataset: ../20241203T144115/step/sync/fast/motion_data_006.csv
2025-06-28 18:03:46,552 (model_utility:700) [DEBUG]: Loaded dataset: ../20241203T144115/step/sync/fast/motion_data_065.csv
2025-06-28 18:03:46,555 (model_utility:700) [DEBUG]: Loaded dataset: ../20241203T144115/step/sync/fast/motion_data_011.csv
2025-06-28 18:03:46,557 (model_utility:700) [DEBUG]: Loaded dataset: ../20241203T144115/step/sync/fast/motion_data_049.csv
2025-06-28 18:03:46,560 (model_utility:700) [DEBUG]: Loaded dataset: ../20241203T144115/step/sync/fast/motion_data_066.csv
2025-06-28 18:03:46,637 (model_utility:773) [INFO]:   - R^2 score for tau=1: 0.7666
2025-06-28 18:03:46,643 (model_utility:773) [INFO]:   - R^2 score for tau=2: 0.6799
2025-06-28 18:03:46,644 (model_utility:773) [INFO]:   - R^2 score for tau=3: 0.5995
2025-06-28 18:03:46,645 (model_utility:773) [INFO]:   - R^2 score for tau=4: 0.5225
2025-06-28 18:03:46,646 (model_utility:773) [INFO]:   - R^2 score for tau=5: 0.4484
2025-06-28 18:03:46,646 (model_utility:777) [INFO]: Best initial tau found: 1 (score: 0.7666)
2025-06-28 18:03:46,647 (train_model:84) [DEBUG]: Training has done
2025-06-28 18:03:46,665 (train_model:99) [INFO]: Trained model saved: /mnt/c/Users/HosodaLab2/OneDrive - Kyoto University/University/Reserch/reservoir/affeto/affetto-nn-ctrl-7090826/data/trained_model/train_adaptive/20250628T180307/trained_model.joblib
