2025-06-28 00:00:42,380 (event_logging:164) [DEBUG]: Start event logging
2025-06-28 00:00:42,381 (event_logging:165) [DEBUG]: Logger name: __main__
2025-06-28 00:00:42,381 (event_logging:166) [DEBUG]: Log filename: data/simulate_adaptive_control/adaptive_simulation/20250628T000042/simulate_adaptive_control.log
2025-06-28 00:00:42,381 (event_logging:168) [DEBUG]: Command: python apps/simulate_adaptive_control.py data/trained_model/train_adaptive/20250627T235443/trained_model.joblib -r tests/data/motion_data_000.csv -c apps/config/adaptive_model.toml --active-joints 5 --max-steps 1000
2025-06-28 00:00:42,382 (data_handling:162) [DEBUG]: Directory created: data/simulate_adaptive_control/adaptive_simulation/20250628T000042/config
2025-06-28 00:00:42,394 (data_handling:180) [DEBUG]: Model config copied: None -> data/simulate_adaptive_control/adaptive_simulation/20250628T000042/config
2025-06-28 00:00:42,394 (simulate_adaptive_control:215) [INFO]: config: apps/config/adaptive_model.toml
2025-06-28 00:00:42,394 (simulate_adaptive_control:216) [INFO]: output: data/simulate_adaptive_control/adaptive_simulation/20250628T000042
2025-06-28 00:00:42,394 (simulate_adaptive_control:217) [INFO]: N_max: 1, Active Joints: [5]
2025-06-28 00:00:42,395 (simulate_adaptive_control:221) [INFO]: Loading trained model from data/trained_model/train_adaptive/20250627T235443/trained_model.joblib
2025-06-28 00:00:42,407 (simulate_adaptive_control:225) [INFO]: Loading reference trajectory from tests/data/motion_data_000.csv
2025-06-28 00:00:42,430 (simulate_adaptive_control:228) [INFO]: Reference trajectory loaded with 301 steps.
2025-06-28 00:00:42,430 (simulate_adaptive_control:61) [INFO]: AdaptiveController initialized with N_max=1, initial_tau=1
2025-06-28 00:00:42,435 (simulate_adaptive_control:247) [INFO]: Starting simulation...
2025-06-28 00:00:42,437 (simulate_adaptive_control:108) [DEBUG]: No sufficient R^2 data for any tau. Maintaining current tau: 1
2025-06-28 00:00:42,439 (simulate_adaptive_control:298) [INFO]: Step 0/1000, Current τ: 1, R^2[1]: -inf
2025-06-28 00:00:42,441 (simulate_adaptive_control:108) [DEBUG]: No sufficient R^2 data for any tau. Maintaining current tau: 1
2025-06-28 00:00:42,444 (simulate_adaptive_control:121) [DEBUG]: τ maintained at 1 (R^2 improvement not sufficient: -4566.6744 vs -4566.6744)
2025-06-28 00:00:42,447 (simulate_adaptive_control:121) [DEBUG]: τ maintained at 1 (R^2 improvement not sufficient: -1267.7945 vs -1267.7945)
2025-06-28 00:00:42,450 (simulate_adaptive_control:121) [DEBUG]: τ maintained at 1 (R^2 improvement not sufficient: -477.8784 vs -477.8784)
2025-06-28 00:00:42,454 (simulate_adaptive_control:121) [DEBUG]: τ maintained at 1 (R^2 improvement not sufficient: -215.9014 vs -215.9014)
2025-06-28 00:00:42,457 (simulate_adaptive_control:121) [DEBUG]: τ maintained at 1 (R^2 improvement not sufficient: -121.0604 vs -121.0604)
2025-06-28 00:00:42,460 (simulate_adaptive_control:121) [DEBUG]: τ maintained at 1 (R^2 improvement not sufficient: -65.6684 vs -65.6684)
2025-06-28 00:00:42,462 (simulate_adaptive_control:121) [DEBUG]: τ maintained at 1 (R^2 improvement not sufficient: -35.9081 vs -35.9081)
2025-06-28 00:00:42,465 (simulate_adaptive_control:121) [DEBUG]: τ maintained at 1 (R^2 improvement not sufficient: -22.1328 vs -22.1328)
2025-06-28 00:00:42,468 (simulate_adaptive_control:121) [DEBUG]: τ maintained at 1 (R^2 improvement not sufficient: -16.6050 vs -16.6050)
2025-06-28 00:00:42,471 (simulate_adaptive_control:121) [DEBUG]: τ maintained at 1 (R^2 improvement not sufficient: -11.7796 vs -11.7796)
2025-06-28 00:00:42,475 (simulate_adaptive_control:121) [DEBUG]: τ maintained at 1 (R^2 improvement not sufficient: -8.0173 vs -8.0173)
2025-06-28 00:00:42,478 (simulate_adaptive_control:121) [DEBUG]: τ maintained at 1 (R^2 improvement not sufficient: -5.5987 vs -5.5987)
2025-06-28 00:00:42,481 (simulate_adaptive_control:121) [DEBUG]: τ maintained at 1 (R^2 improvement not sufficient: -4.0186 vs -4.0186)
2025-06-28 00:00:42,485 (simulate_adaptive_control:121) [DEBUG]: τ maintained at 1 (R^2 improvement not sufficient: -3.0149 vs -3.0149)
2025-06-28 00:00:42,488 (simulate_adaptive_control:121) [DEBUG]: τ maintained at 1 (R^2 improvement not sufficient: -2.1970 vs -2.1970)
2025-06-28 00:00:42,491 (simulate_adaptive_control:121) [DEBUG]: τ maintained at 1 (R^2 improvement not sufficient: -1.6304 vs -1.6304)
2025-06-28 00:00:42,494 (simulate_adaptive_control:121) [DEBUG]: τ maintained at 1 (R^2 improvement not sufficient: -1.2655 vs -1.2655)
2025-06-28 00:00:42,497 (simulate_adaptive_control:121) [DEBUG]: τ maintained at 1 (R^2 improvement not sufficient: -1.0764 vs -1.0764)
2025-06-28 00:00:42,500 (simulate_adaptive_control:121) [DEBUG]: τ maintained at 1 (R^2 improvement not sufficient: -0.9450 vs -0.9450)
2025-06-28 00:00:42,503 (simulate_adaptive_control:121) [DEBUG]: τ maintained at 1 (R^2 improvement not sufficient: -0.8581 vs -0.8581)
2025-06-28 00:00:42,506 (simulate_adaptive_control:121) [DEBUG]: τ maintained at 1 (R^2 improvement not sufficient: -0.8147 vs -0.8147)
2025-06-28 00:00:42,509 (simulate_adaptive_control:121) [DEBUG]: τ maintained at 1 (R^2 improvement not sufficient: -0.8080 vs -0.8080)
2025-06-28 00:00:42,512 (simulate_adaptive_control:121) [DEBUG]: τ maintained at 1 (R^2 improvement not sufficient: -0.8555 vs -0.8555)
2025-06-28 00:00:42,515 (simulate_adaptive_control:121) [DEBUG]: τ maintained at 1 (R^2 improvement not sufficient: -1.0251 vs -1.0251)
2025-06-28 00:00:42,518 (simulate_adaptive_control:121) [DEBUG]: τ maintained at 1 (R^2 improvement not sufficient: -1.0267 vs -1.0267)
2025-06-28 00:00:42,521 (simulate_adaptive_control:121) [DEBUG]: τ maintained at 1 (R^2 improvement not sufficient: -1.0497 vs -1.0497)
2025-06-28 00:00:42,525 (simulate_adaptive_control:121) [DEBUG]: τ maintained at 1 (R^2 improvement not sufficient: -1.0502 vs -1.0502)
2025-06-28 00:00:42,528 (simulate_adaptive_control:121) [DEBUG]: τ maintained at 1 (R^2 improvement not sufficient: -1.1557 vs -1.1557)
2025-06-28 00:00:42,531 (simulate_adaptive_control:121) [DEBUG]: τ maintained at 1 (R^2 improvement not sufficient: -1.2599 vs -1.2599)
2025-06-28 00:00:42,533 (simulate_adaptive_control:121) [DEBUG]: τ maintained at 1 (R^2 improvement not sufficient: -1.2565 vs -1.2565)
2025-06-28 00:00:42,537 (simulate_adaptive_control:121) [DEBUG]: τ maintained at 1 (R^2 improvement not sufficient: -1.2622 vs -1.2622)
2025-06-28 00:00:42,540 (simulate_adaptive_control:121) [DEBUG]: τ maintained at 1 (R^2 improvement not sufficient: -1.3389 vs -1.3389)
2025-06-28 00:00:42,543 (simulate_adaptive_control:121) [DEBUG]: τ maintained at 1 (R^2 improvement not sufficient: -1.3451 vs -1.3451)
2025-06-28 00:00:42,545 (simulate_adaptive_control:121) [DEBUG]: τ maintained at 1 (R^2 improvement not sufficient: -1.3473 vs -1.3473)
2025-06-28 00:00:42,548 (simulate_adaptive_control:121) [DEBUG]: τ maintained at 1 (R^2 improvement not sufficient: -1.4627 vs -1.4627)
2025-06-28 00:00:42,551 (simulate_adaptive_control:121) [DEBUG]: τ maintained at 1 (R^2 improvement not sufficient: -1.4765 vs -1.4765)
2025-06-28 00:00:42,554 (simulate_adaptive_control:121) [DEBUG]: τ maintained at 1 (R^2 improvement not sufficient: -1.4803 vs -1.4803)
2025-06-28 00:00:42,557 (simulate_adaptive_control:121) [DEBUG]: τ maintained at 1 (R^2 improvement not sufficient: -1.4885 vs -1.4885)
2025-06-28 00:00:42,560 (simulate_adaptive_control:121) [DEBUG]: τ maintained at 1 (R^2 improvement not sufficient: -1.5243 vs -1.5243)
2025-06-28 00:00:42,562 (simulate_adaptive_control:121) [DEBUG]: τ maintained at 1 (R^2 improvement not sufficient: -1.5540 vs -1.5540)
2025-06-28 00:00:42,565 (simulate_adaptive_control:121) [DEBUG]: τ maintained at 1 (R^2 improvement not sufficient: -1.5384 vs -1.5384)
2025-06-28 00:00:42,568 (simulate_adaptive_control:121) [DEBUG]: τ maintained at 1 (R^2 improvement not sufficient: -1.5276 vs -1.5276)
2025-06-28 00:00:42,571 (simulate_adaptive_control:121) [DEBUG]: τ maintained at 1 (R^2 improvement not sufficient: -1.5068 vs -1.5068)
2025-06-28 00:00:42,574 (simulate_adaptive_control:121) [DEBUG]: τ maintained at 1 (R^2 improvement not sufficient: -1.7081 vs -1.7081)
2025-06-28 00:00:42,577 (simulate_adaptive_control:121) [DEBUG]: τ maintained at 1 (R^2 improvement not sufficient: -2.3385 vs -2.3385)
2025-06-28 00:00:42,579 (simulate_adaptive_control:121) [DEBUG]: τ maintained at 1 (R^2 improvement not sufficient: -2.4060 vs -2.4060)
2025-06-28 00:00:42,582 (simulate_adaptive_control:121) [DEBUG]: τ maintained at 1 (R^2 improvement not sufficient: -2.3474 vs -2.3474)
2025-06-28 00:00:42,585 (simulate_adaptive_control:121) [DEBUG]: τ maintained at 1 (R^2 improvement not sufficient: -2.6637 vs -2.6637)
2025-06-28 00:00:42,588 (simulate_adaptive_control:121) [DEBUG]: τ maintained at 1 (R^2 improvement not sufficient: -2.7569 vs -2.7569)
2025-06-28 00:00:42,591 (simulate_adaptive_control:121) [DEBUG]: τ maintained at 1 (R^2 improvement not sufficient: -2.6801 vs -2.6801)
2025-06-28 00:00:42,593 (simulate_adaptive_control:121) [DEBUG]: τ maintained at 1 (R^2 improvement not sufficient: -2.6558 vs -2.6558)
2025-06-28 00:00:42,596 (simulate_adaptive_control:121) [DEBUG]: τ maintained at 1 (R^2 improvement not sufficient: -2.8101 vs -2.8101)
2025-06-28 00:00:42,599 (simulate_adaptive_control:121) [DEBUG]: τ maintained at 1 (R^2 improvement not sufficient: -2.8493 vs -2.8493)
2025-06-28 00:00:42,602 (simulate_adaptive_control:121) [DEBUG]: τ maintained at 1 (R^2 improvement not sufficient: -2.9567 vs -2.9567)
2025-06-28 00:00:42,605 (simulate_adaptive_control:121) [DEBUG]: τ maintained at 1 (R^2 improvement not sufficient: -2.9880 vs -2.9880)
2025-06-28 00:00:42,608 (simulate_adaptive_control:121) [DEBUG]: τ maintained at 1 (R^2 improvement not sufficient: -2.9841 vs -2.9841)
2025-06-28 00:00:42,611 (simulate_adaptive_control:121) [DEBUG]: τ maintained at 1 (R^2 improvement not sufficient: -3.0801 vs -3.0801)
2025-06-28 00:00:42,614 (simulate_adaptive_control:121) [DEBUG]: τ maintained at 1 (R^2 improvement not sufficient: -3.1877 vs -3.1877)
2025-06-28 00:00:42,617 (simulate_adaptive_control:121) [DEBUG]: τ maintained at 1 (R^2 improvement not sufficient: -3.2377 vs -3.2377)
2025-06-28 00:00:42,620 (simulate_adaptive_control:121) [DEBUG]: τ maintained at 1 (R^2 improvement not sufficient: -3.2666 vs -3.2666)
2025-06-28 00:00:42,623 (simulate_adaptive_control:121) [DEBUG]: τ maintained at 1 (R^2 improvement not sufficient: -3.2798 vs -3.2798)
2025-06-28 00:00:42,626 (simulate_adaptive_control:121) [DEBUG]: τ maintained at 1 (R^2 improvement not sufficient: -3.3075 vs -3.3075)
2025-06-28 00:00:42,629 (simulate_adaptive_control:121) [DEBUG]: τ maintained at 1 (R^2 improvement not sufficient: -3.3322 vs -3.3322)
2025-06-28 00:00:42,632 (simulate_adaptive_control:121) [DEBUG]: τ maintained at 1 (R^2 improvement not sufficient: -3.3779 vs -3.3779)
2025-06-28 00:00:42,635 (simulate_adaptive_control:121) [DEBUG]: τ maintained at 1 (R^2 improvement not sufficient: -3.3574 vs -3.3574)
2025-06-28 00:00:42,638 (simulate_adaptive_control:121) [DEBUG]: τ maintained at 1 (R^2 improvement not sufficient: -3.3218 vs -3.3218)
2025-06-28 00:00:42,641 (simulate_adaptive_control:121) [DEBUG]: τ maintained at 1 (R^2 improvement not sufficient: -3.2723 vs -3.2723)
2025-06-28 00:00:42,644 (simulate_adaptive_control:121) [DEBUG]: τ maintained at 1 (R^2 improvement not sufficient: -3.2233 vs -3.2233)
2025-06-28 00:00:42,647 (simulate_adaptive_control:121) [DEBUG]: τ maintained at 1 (R^2 improvement not sufficient: -3.1463 vs -3.1463)
2025-06-28 00:00:42,650 (simulate_adaptive_control:121) [DEBUG]: τ maintained at 1 (R^2 improvement not sufficient: -3.1299 vs -3.1299)
2025-06-28 00:00:42,653 (simulate_adaptive_control:121) [DEBUG]: τ maintained at 1 (R^2 improvement not sufficient: -3.0360 vs -3.0360)
2025-06-28 00:00:42,656 (simulate_adaptive_control:121) [DEBUG]: τ maintained at 1 (R^2 improvement not sufficient: -2.9314 vs -2.9314)
2025-06-28 00:00:42,659 (simulate_adaptive_control:121) [DEBUG]: τ maintained at 1 (R^2 improvement not sufficient: -2.9457 vs -2.9457)
2025-06-28 00:00:42,662 (simulate_adaptive_control:121) [DEBUG]: τ maintained at 1 (R^2 improvement not sufficient: -2.9220 vs -2.9220)
2025-06-28 00:00:42,665 (simulate_adaptive_control:121) [DEBUG]: τ maintained at 1 (R^2 improvement not sufficient: -2.9128 vs -2.9128)
2025-06-28 00:00:42,668 (simulate_adaptive_control:121) [DEBUG]: τ maintained at 1 (R^2 improvement not sufficient: -2.8692 vs -2.8692)
2025-06-28 00:00:42,671 (simulate_adaptive_control:121) [DEBUG]: τ maintained at 1 (R^2 improvement not sufficient: -2.8693 vs -2.8693)
2025-06-28 00:00:42,674 (simulate_adaptive_control:121) [DEBUG]: τ maintained at 1 (R^2 improvement not sufficient: -2.8553 vs -2.8553)
2025-06-28 00:00:42,677 (simulate_adaptive_control:121) [DEBUG]: τ maintained at 1 (R^2 improvement not sufficient: -2.8614 vs -2.8614)
2025-06-28 00:00:42,680 (simulate_adaptive_control:121) [DEBUG]: τ maintained at 1 (R^2 improvement not sufficient: -2.8948 vs -2.8948)
2025-06-28 00:00:42,683 (simulate_adaptive_control:121) [DEBUG]: τ maintained at 1 (R^2 improvement not sufficient: -2.9089 vs -2.9089)
2025-06-28 00:00:42,686 (simulate_adaptive_control:121) [DEBUG]: τ maintained at 1 (R^2 improvement not sufficient: -2.9117 vs -2.9117)
2025-06-28 00:00:42,689 (simulate_adaptive_control:121) [DEBUG]: τ maintained at 1 (R^2 improvement not sufficient: -2.9099 vs -2.9099)
2025-06-28 00:00:42,692 (simulate_adaptive_control:121) [DEBUG]: τ maintained at 1 (R^2 improvement not sufficient: -2.9021 vs -2.9021)
2025-06-28 00:00:42,695 (simulate_adaptive_control:121) [DEBUG]: τ maintained at 1 (R^2 improvement not sufficient: -2.8912 vs -2.8912)
2025-06-28 00:00:42,698 (simulate_adaptive_control:121) [DEBUG]: τ maintained at 1 (R^2 improvement not sufficient: -2.9566 vs -2.9566)
2025-06-28 00:00:42,701 (simulate_adaptive_control:121) [DEBUG]: τ maintained at 1 (R^2 improvement not sufficient: -2.9617 vs -2.9617)
2025-06-28 00:00:42,704 (simulate_adaptive_control:121) [DEBUG]: τ maintained at 1 (R^2 improvement not sufficient: -2.9738 vs -2.9738)
2025-06-28 00:00:42,707 (simulate_adaptive_control:121) [DEBUG]: τ maintained at 1 (R^2 improvement not sufficient: -2.9634 vs -2.9634)
2025-06-28 00:00:42,710 (simulate_adaptive_control:121) [DEBUG]: τ maintained at 1 (R^2 improvement not sufficient: -2.9894 vs -2.9894)
2025-06-28 00:00:42,713 (simulate_adaptive_control:121) [DEBUG]: τ maintained at 1 (R^2 improvement not sufficient: -2.9852 vs -2.9852)
2025-06-28 00:00:42,716 (simulate_adaptive_control:121) [DEBUG]: τ maintained at 1 (R^2 improvement not sufficient: -3.0087 vs -3.0087)
2025-06-28 00:00:42,718 (simulate_adaptive_control:121) [DEBUG]: τ maintained at 1 (R^2 improvement not sufficient: -3.0333 vs -3.0333)
2025-06-28 00:00:42,722 (simulate_adaptive_control:121) [DEBUG]: τ maintained at 1 (R^2 improvement not sufficient: -3.0652 vs -3.0652)
2025-06-28 00:00:42,724 (simulate_adaptive_control:121) [DEBUG]: τ maintained at 1 (R^2 improvement not sufficient: -3.1121 vs -3.1121)
2025-06-28 00:00:42,727 (simulate_adaptive_control:121) [DEBUG]: τ maintained at 1 (R^2 improvement not sufficient: -3.1374 vs -3.1374)
2025-06-28 00:00:42,730 (simulate_adaptive_control:121) [DEBUG]: τ maintained at 1 (R^2 improvement not sufficient: -3.1448 vs -3.1448)
2025-06-28 00:00:42,733 (simulate_adaptive_control:121) [DEBUG]: τ maintained at 1 (R^2 improvement not sufficient: -3.1482 vs -3.1482)
2025-06-28 00:00:42,735 (simulate_adaptive_control:121) [DEBUG]: τ maintained at 1 (R^2 improvement not sufficient: -3.1528 vs -3.1528)
2025-06-28 00:00:42,737 (simulate_adaptive_control:298) [INFO]: Step 100/1000, Current τ: 1, R^2[1]: -3.0558
2025-06-28 00:00:42,739 (simulate_adaptive_control:121) [DEBUG]: τ maintained at 1 (R^2 improvement not sufficient: -3.0558 vs -3.0558)
2025-06-28 00:00:42,742 (simulate_adaptive_control:121) [DEBUG]: τ maintained at 1 (R^2 improvement not sufficient: -2.9736 vs -2.9736)
2025-06-28 00:00:42,745 (simulate_adaptive_control:121) [DEBUG]: τ maintained at 1 (R^2 improvement not sufficient: -2.8887 vs -2.8887)
2025-06-28 00:00:42,748 (simulate_adaptive_control:121) [DEBUG]: τ maintained at 1 (R^2 improvement not sufficient: -2.8017 vs -2.8017)
2025-06-28 00:00:42,751 (simulate_adaptive_control:121) [DEBUG]: τ maintained at 1 (R^2 improvement not sufficient: -2.7215 vs -2.7215)
2025-06-28 00:00:42,754 (simulate_adaptive_control:121) [DEBUG]: τ maintained at 1 (R^2 improvement not sufficient: -2.6001 vs -2.6001)
2025-06-28 00:00:42,757 (simulate_adaptive_control:121) [DEBUG]: τ maintained at 1 (R^2 improvement not sufficient: -2.5489 vs -2.5489)
2025-06-28 00:00:42,760 (simulate_adaptive_control:121) [DEBUG]: τ maintained at 1 (R^2 improvement not sufficient: -2.5658 vs -2.5658)
2025-06-28 00:00:42,763 (simulate_adaptive_control:121) [DEBUG]: τ maintained at 1 (R^2 improvement not sufficient: -2.5690 vs -2.5690)
2025-06-28 00:00:42,766 (simulate_adaptive_control:121) [DEBUG]: τ maintained at 1 (R^2 improvement not sufficient: -2.5051 vs -2.5051)
2025-06-28 00:00:42,769 (simulate_adaptive_control:121) [DEBUG]: τ maintained at 1 (R^2 improvement not sufficient: -2.5441 vs -2.5441)
2025-06-28 00:00:42,772 (simulate_adaptive_control:121) [DEBUG]: τ maintained at 1 (R^2 improvement not sufficient: -2.6675 vs -2.6675)
2025-06-28 00:00:42,775 (simulate_adaptive_control:121) [DEBUG]: τ maintained at 1 (R^2 improvement not sufficient: -2.8059 vs -2.8059)
2025-06-28 00:00:42,778 (simulate_adaptive_control:121) [DEBUG]: τ maintained at 1 (R^2 improvement not sufficient: -2.9785 vs -2.9785)
2025-06-28 00:00:42,781 (simulate_adaptive_control:121) [DEBUG]: τ maintained at 1 (R^2 improvement not sufficient: -3.1834 vs -3.1834)
2025-06-28 00:00:42,783 (simulate_adaptive_control:121) [DEBUG]: τ maintained at 1 (R^2 improvement not sufficient: -3.5016 vs -3.5016)
2025-06-28 00:00:42,787 (simulate_adaptive_control:121) [DEBUG]: τ maintained at 1 (R^2 improvement not sufficient: -3.9139 vs -3.9139)
2025-06-28 00:00:42,790 (simulate_adaptive_control:121) [DEBUG]: τ maintained at 1 (R^2 improvement not sufficient: -4.3965 vs -4.3965)
2025-06-28 00:00:42,793 (simulate_adaptive_control:121) [DEBUG]: τ maintained at 1 (R^2 improvement not sufficient: -4.8291 vs -4.8291)
2025-06-28 00:00:42,795 (simulate_adaptive_control:121) [DEBUG]: τ maintained at 1 (R^2 improvement not sufficient: -5.2433 vs -5.2433)
2025-06-28 00:00:42,798 (simulate_adaptive_control:121) [DEBUG]: τ maintained at 1 (R^2 improvement not sufficient: -5.6031 vs -5.6031)
2025-06-28 00:00:42,801 (simulate_adaptive_control:121) [DEBUG]: τ maintained at 1 (R^2 improvement not sufficient: -5.8219 vs -5.8219)
2025-06-28 00:00:42,804 (simulate_adaptive_control:121) [DEBUG]: τ maintained at 1 (R^2 improvement not sufficient: -5.9253 vs -5.9253)
2025-06-28 00:00:42,807 (simulate_adaptive_control:121) [DEBUG]: τ maintained at 1 (R^2 improvement not sufficient: -5.8810 vs -5.8810)
2025-06-28 00:00:42,810 (simulate_adaptive_control:121) [DEBUG]: τ maintained at 1 (R^2 improvement not sufficient: -5.6129 vs -5.6129)
2025-06-28 00:00:42,813 (simulate_adaptive_control:121) [DEBUG]: τ maintained at 1 (R^2 improvement not sufficient: -5.5160 vs -5.5160)
2025-06-28 00:00:42,816 (simulate_adaptive_control:121) [DEBUG]: τ maintained at 1 (R^2 improvement not sufficient: -5.4389 vs -5.4389)
2025-06-28 00:00:42,819 (simulate_adaptive_control:121) [DEBUG]: τ maintained at 1 (R^2 improvement not sufficient: -5.2273 vs -5.2273)
2025-06-28 00:00:42,822 (simulate_adaptive_control:121) [DEBUG]: τ maintained at 1 (R^2 improvement not sufficient: -4.8943 vs -4.8943)
2025-06-28 00:00:42,825 (simulate_adaptive_control:121) [DEBUG]: τ maintained at 1 (R^2 improvement not sufficient: -4.5087 vs -4.5087)
2025-06-28 00:00:42,828 (simulate_adaptive_control:121) [DEBUG]: τ maintained at 1 (R^2 improvement not sufficient: -4.2367 vs -4.2367)
2025-06-28 00:00:42,831 (simulate_adaptive_control:121) [DEBUG]: τ maintained at 1 (R^2 improvement not sufficient: -3.9143 vs -3.9143)
2025-06-28 00:00:42,834 (simulate_adaptive_control:121) [DEBUG]: τ maintained at 1 (R^2 improvement not sufficient: -3.5854 vs -3.5854)
2025-06-28 00:00:42,838 (simulate_adaptive_control:121) [DEBUG]: τ maintained at 1 (R^2 improvement not sufficient: -3.2914 vs -3.2914)
2025-06-28 00:00:42,841 (simulate_adaptive_control:121) [DEBUG]: τ maintained at 1 (R^2 improvement not sufficient: -3.0589 vs -3.0589)
2025-06-28 00:00:42,844 (simulate_adaptive_control:121) [DEBUG]: τ maintained at 1 (R^2 improvement not sufficient: -2.7925 vs -2.7925)
2025-06-28 00:00:42,846 (simulate_adaptive_control:121) [DEBUG]: τ maintained at 1 (R^2 improvement not sufficient: -2.7320 vs -2.7320)
2025-06-28 00:00:42,849 (simulate_adaptive_control:121) [DEBUG]: τ maintained at 1 (R^2 improvement not sufficient: -2.6786 vs -2.6786)
2025-06-28 00:00:42,852 (simulate_adaptive_control:121) [DEBUG]: τ maintained at 1 (R^2 improvement not sufficient: -2.6302 vs -2.6302)
2025-06-28 00:00:42,856 (simulate_adaptive_control:121) [DEBUG]: τ maintained at 1 (R^2 improvement not sufficient: -2.5887 vs -2.5887)
2025-06-28 00:00:42,858 (simulate_adaptive_control:121) [DEBUG]: τ maintained at 1 (R^2 improvement not sufficient: -2.5652 vs -2.5652)
2025-06-28 00:00:42,861 (simulate_adaptive_control:121) [DEBUG]: τ maintained at 1 (R^2 improvement not sufficient: -2.6322 vs -2.6322)
2025-06-28 00:00:42,864 (simulate_adaptive_control:121) [DEBUG]: τ maintained at 1 (R^2 improvement not sufficient: -2.6508 vs -2.6508)
2025-06-28 00:00:42,867 (simulate_adaptive_control:121) [DEBUG]: τ maintained at 1 (R^2 improvement not sufficient: -2.6827 vs -2.6827)
2025-06-28 00:00:42,870 (simulate_adaptive_control:121) [DEBUG]: τ maintained at 1 (R^2 improvement not sufficient: -2.6354 vs -2.6354)
2025-06-28 00:00:42,873 (simulate_adaptive_control:121) [DEBUG]: τ maintained at 1 (R^2 improvement not sufficient: -2.3682 vs -2.3682)
2025-06-28 00:00:42,876 (simulate_adaptive_control:121) [DEBUG]: τ maintained at 1 (R^2 improvement not sufficient: -2.4299 vs -2.4299)
2025-06-28 00:00:42,879 (simulate_adaptive_control:121) [DEBUG]: τ maintained at 1 (R^2 improvement not sufficient: -2.4768 vs -2.4768)
2025-06-28 00:00:42,882 (simulate_adaptive_control:121) [DEBUG]: τ maintained at 1 (R^2 improvement not sufficient: -2.2212 vs -2.2212)
2025-06-28 00:00:42,885 (simulate_adaptive_control:121) [DEBUG]: τ maintained at 1 (R^2 improvement not sufficient: -2.1827 vs -2.1827)
2025-06-28 00:00:42,888 (simulate_adaptive_control:121) [DEBUG]: τ maintained at 1 (R^2 improvement not sufficient: -2.2182 vs -2.2182)
2025-06-28 00:00:42,891 (simulate_adaptive_control:121) [DEBUG]: τ maintained at 1 (R^2 improvement not sufficient: -2.3214 vs -2.3214)
2025-06-28 00:00:42,894 (simulate_adaptive_control:121) [DEBUG]: τ maintained at 1 (R^2 improvement not sufficient: -2.2100 vs -2.2100)
2025-06-28 00:00:42,896 (simulate_adaptive_control:121) [DEBUG]: τ maintained at 1 (R^2 improvement not sufficient: -2.2532 vs -2.2532)
2025-06-28 00:00:42,899 (simulate_adaptive_control:121) [DEBUG]: τ maintained at 1 (R^2 improvement not sufficient: -2.2774 vs -2.2774)
2025-06-28 00:00:42,902 (simulate_adaptive_control:121) [DEBUG]: τ maintained at 1 (R^2 improvement not sufficient: -2.1684 vs -2.1684)
2025-06-28 00:00:42,905 (simulate_adaptive_control:121) [DEBUG]: τ maintained at 1 (R^2 improvement not sufficient: -2.1050 vs -2.1050)
2025-06-28 00:00:42,908 (simulate_adaptive_control:121) [DEBUG]: τ maintained at 1 (R^2 improvement not sufficient: -1.9469 vs -1.9469)
2025-06-28 00:00:42,910 (simulate_adaptive_control:121) [DEBUG]: τ maintained at 1 (R^2 improvement not sufficient: -1.8384 vs -1.8384)
2025-06-28 00:00:42,913 (simulate_adaptive_control:121) [DEBUG]: τ maintained at 1 (R^2 improvement not sufficient: -2.0789 vs -2.0789)
2025-06-28 00:00:42,916 (simulate_adaptive_control:121) [DEBUG]: τ maintained at 1 (R^2 improvement not sufficient: -2.2760 vs -2.2760)
2025-06-28 00:00:42,918 (simulate_adaptive_control:121) [DEBUG]: τ maintained at 1 (R^2 improvement not sufficient: -2.4180 vs -2.4180)
2025-06-28 00:00:42,922 (simulate_adaptive_control:121) [DEBUG]: τ maintained at 1 (R^2 improvement not sufficient: -2.5106 vs -2.5106)
2025-06-28 00:00:42,924 (simulate_adaptive_control:121) [DEBUG]: τ maintained at 1 (R^2 improvement not sufficient: -2.6038 vs -2.6038)
2025-06-28 00:00:42,928 (simulate_adaptive_control:121) [DEBUG]: τ maintained at 1 (R^2 improvement not sufficient: -2.6587 vs -2.6587)
2025-06-28 00:00:42,930 (simulate_adaptive_control:121) [DEBUG]: τ maintained at 1 (R^2 improvement not sufficient: -2.7220 vs -2.7220)
2025-06-28 00:00:42,933 (simulate_adaptive_control:121) [DEBUG]: τ maintained at 1 (R^2 improvement not sufficient: -2.7459 vs -2.7459)
2025-06-28 00:00:42,936 (simulate_adaptive_control:121) [DEBUG]: τ maintained at 1 (R^2 improvement not sufficient: -2.7812 vs -2.7812)
2025-06-28 00:00:42,939 (simulate_adaptive_control:121) [DEBUG]: τ maintained at 1 (R^2 improvement not sufficient: -2.8276 vs -2.8276)
2025-06-28 00:00:42,941 (simulate_adaptive_control:121) [DEBUG]: τ maintained at 1 (R^2 improvement not sufficient: -2.8800 vs -2.8800)
2025-06-28 00:00:42,944 (simulate_adaptive_control:121) [DEBUG]: τ maintained at 1 (R^2 improvement not sufficient: -2.8776 vs -2.8776)
2025-06-28 00:00:42,947 (simulate_adaptive_control:121) [DEBUG]: τ maintained at 1 (R^2 improvement not sufficient: -2.9890 vs -2.9890)
2025-06-28 00:00:42,950 (simulate_adaptive_control:121) [DEBUG]: τ maintained at 1 (R^2 improvement not sufficient: -3.0732 vs -3.0732)
2025-06-28 00:00:42,952 (simulate_adaptive_control:121) [DEBUG]: τ maintained at 1 (R^2 improvement not sufficient: -3.0246 vs -3.0246)
2025-06-28 00:00:42,956 (simulate_adaptive_control:121) [DEBUG]: τ maintained at 1 (R^2 improvement not sufficient: -3.0268 vs -3.0268)
2025-06-28 00:00:42,958 (simulate_adaptive_control:121) [DEBUG]: τ maintained at 1 (R^2 improvement not sufficient: -3.0064 vs -3.0064)
2025-06-28 00:00:42,961 (simulate_adaptive_control:121) [DEBUG]: τ maintained at 1 (R^2 improvement not sufficient: -3.0230 vs -3.0230)
2025-06-28 00:00:42,963 (simulate_adaptive_control:121) [DEBUG]: τ maintained at 1 (R^2 improvement not sufficient: -2.9997 vs -2.9997)
2025-06-28 00:00:42,966 (simulate_adaptive_control:121) [DEBUG]: τ maintained at 1 (R^2 improvement not sufficient: -2.9923 vs -2.9923)
2025-06-28 00:00:42,969 (simulate_adaptive_control:121) [DEBUG]: τ maintained at 1 (R^2 improvement not sufficient: -2.9673 vs -2.9673)
2025-06-28 00:00:42,972 (simulate_adaptive_control:121) [DEBUG]: τ maintained at 1 (R^2 improvement not sufficient: -2.9130 vs -2.9130)
2025-06-28 00:00:42,975 (simulate_adaptive_control:121) [DEBUG]: τ maintained at 1 (R^2 improvement not sufficient: -2.8863 vs -2.8863)
2025-06-28 00:00:42,977 (simulate_adaptive_control:121) [DEBUG]: τ maintained at 1 (R^2 improvement not sufficient: -2.8842 vs -2.8842)
2025-06-28 00:00:42,980 (simulate_adaptive_control:121) [DEBUG]: τ maintained at 1 (R^2 improvement not sufficient: -2.8836 vs -2.8836)
2025-06-28 00:00:42,983 (simulate_adaptive_control:121) [DEBUG]: τ maintained at 1 (R^2 improvement not sufficient: -2.9009 vs -2.9009)
2025-06-28 00:00:42,987 (simulate_adaptive_control:121) [DEBUG]: τ maintained at 1 (R^2 improvement not sufficient: -2.9249 vs -2.9249)
2025-06-28 00:00:42,990 (simulate_adaptive_control:121) [DEBUG]: τ maintained at 1 (R^2 improvement not sufficient: -2.8803 vs -2.8803)
2025-06-28 00:00:42,993 (simulate_adaptive_control:121) [DEBUG]: τ maintained at 1 (R^2 improvement not sufficient: -2.9085 vs -2.9085)
2025-06-28 00:00:42,996 (simulate_adaptive_control:121) [DEBUG]: τ maintained at 1 (R^2 improvement not sufficient: -2.9636 vs -2.9636)
2025-06-28 00:00:42,998 (simulate_adaptive_control:121) [DEBUG]: τ maintained at 1 (R^2 improvement not sufficient: -3.0452 vs -3.0452)
2025-06-28 00:00:43,001 (simulate_adaptive_control:121) [DEBUG]: τ maintained at 1 (R^2 improvement not sufficient: -3.0732 vs -3.0732)
2025-06-28 00:00:43,004 (simulate_adaptive_control:121) [DEBUG]: τ maintained at 1 (R^2 improvement not sufficient: -3.0874 vs -3.0874)
2025-06-28 00:00:43,007 (simulate_adaptive_control:121) [DEBUG]: τ maintained at 1 (R^2 improvement not sufficient: -3.1762 vs -3.1762)
2025-06-28 00:00:43,010 (simulate_adaptive_control:121) [DEBUG]: τ maintained at 1 (R^2 improvement not sufficient: -3.2615 vs -3.2615)
2025-06-28 00:00:43,013 (simulate_adaptive_control:121) [DEBUG]: τ maintained at 1 (R^2 improvement not sufficient: -3.3639 vs -3.3639)
2025-06-28 00:00:43,016 (simulate_adaptive_control:121) [DEBUG]: τ maintained at 1 (R^2 improvement not sufficient: -3.4481 vs -3.4481)
2025-06-28 00:00:43,018 (simulate_adaptive_control:121) [DEBUG]: τ maintained at 1 (R^2 improvement not sufficient: -3.5736 vs -3.5736)
2025-06-28 00:00:43,022 (simulate_adaptive_control:121) [DEBUG]: τ maintained at 1 (R^2 improvement not sufficient: -3.7054 vs -3.7054)
2025-06-28 00:00:43,024 (simulate_adaptive_control:121) [DEBUG]: τ maintained at 1 (R^2 improvement not sufficient: -3.8348 vs -3.8348)
2025-06-28 00:00:43,027 (simulate_adaptive_control:121) [DEBUG]: τ maintained at 1 (R^2 improvement not sufficient: -4.0484 vs -4.0484)
2025-06-28 00:00:43,028 (simulate_adaptive_control:298) [INFO]: Step 200/1000, Current τ: 1, R^2[1]: -4.2971
2025-06-28 00:00:43,030 (simulate_adaptive_control:121) [DEBUG]: τ maintained at 1 (R^2 improvement not sufficient: -4.2971 vs -4.2971)
2025-06-28 00:00:43,033 (simulate_adaptive_control:121) [DEBUG]: τ maintained at 1 (R^2 improvement not sufficient: -4.6668 vs -4.6668)
2025-06-28 00:00:43,036 (simulate_adaptive_control:121) [DEBUG]: τ maintained at 1 (R^2 improvement not sufficient: -5.0403 vs -5.0403)
2025-06-28 00:00:43,039 (simulate_adaptive_control:121) [DEBUG]: τ maintained at 1 (R^2 improvement not sufficient: -5.4568 vs -5.4568)
2025-06-28 00:00:43,041 (simulate_adaptive_control:121) [DEBUG]: τ maintained at 1 (R^2 improvement not sufficient: -5.8783 vs -5.8783)
2025-06-28 00:00:43,044 (simulate_adaptive_control:121) [DEBUG]: τ maintained at 1 (R^2 improvement not sufficient: -6.2533 vs -6.2533)
2025-06-28 00:00:43,046 (simulate_adaptive_control:121) [DEBUG]: τ maintained at 1 (R^2 improvement not sufficient: -6.5860 vs -6.5860)
2025-06-28 00:00:43,050 (simulate_adaptive_control:121) [DEBUG]: τ maintained at 1 (R^2 improvement not sufficient: -6.9718 vs -6.9718)
2025-06-28 00:00:43,053 (simulate_adaptive_control:121) [DEBUG]: τ maintained at 1 (R^2 improvement not sufficient: -7.1349 vs -7.1349)
2025-06-28 00:00:43,056 (simulate_adaptive_control:121) [DEBUG]: τ maintained at 1 (R^2 improvement not sufficient: -7.2195 vs -7.2195)
2025-06-28 00:00:43,058 (simulate_adaptive_control:121) [DEBUG]: τ maintained at 1 (R^2 improvement not sufficient: -7.3105 vs -7.3105)
2025-06-28 00:00:43,061 (simulate_adaptive_control:121) [DEBUG]: τ maintained at 1 (R^2 improvement not sufficient: -7.4547 vs -7.4547)
2025-06-28 00:00:43,064 (simulate_adaptive_control:121) [DEBUG]: τ maintained at 1 (R^2 improvement not sufficient: -7.4714 vs -7.4714)
2025-06-28 00:00:43,066 (simulate_adaptive_control:121) [DEBUG]: τ maintained at 1 (R^2 improvement not sufficient: -7.4897 vs -7.4897)
2025-06-28 00:00:43,069 (simulate_adaptive_control:121) [DEBUG]: τ maintained at 1 (R^2 improvement not sufficient: -7.5275 vs -7.5275)
2025-06-28 00:00:43,072 (simulate_adaptive_control:121) [DEBUG]: τ maintained at 1 (R^2 improvement not sufficient: -7.5757 vs -7.5757)
2025-06-28 00:00:43,075 (simulate_adaptive_control:121) [DEBUG]: τ maintained at 1 (R^2 improvement not sufficient: -7.6497 vs -7.6497)
2025-06-28 00:00:43,078 (simulate_adaptive_control:121) [DEBUG]: τ maintained at 1 (R^2 improvement not sufficient: -7.7230 vs -7.7230)
2025-06-28 00:00:43,080 (simulate_adaptive_control:121) [DEBUG]: τ maintained at 1 (R^2 improvement not sufficient: -7.7276 vs -7.7276)
2025-06-28 00:00:43,083 (simulate_adaptive_control:121) [DEBUG]: τ maintained at 1 (R^2 improvement not sufficient: -7.7199 vs -7.7199)
2025-06-28 00:00:43,086 (simulate_adaptive_control:121) [DEBUG]: τ maintained at 1 (R^2 improvement not sufficient: -7.7073 vs -7.7073)
2025-06-28 00:00:43,089 (simulate_adaptive_control:121) [DEBUG]: τ maintained at 1 (R^2 improvement not sufficient: -7.7012 vs -7.7012)
2025-06-28 00:00:43,092 (simulate_adaptive_control:121) [DEBUG]: τ maintained at 1 (R^2 improvement not sufficient: -7.7035 vs -7.7035)
2025-06-28 00:00:43,094 (simulate_adaptive_control:121) [DEBUG]: τ maintained at 1 (R^2 improvement not sufficient: -7.7386 vs -7.7386)
2025-06-28 00:00:43,097 (simulate_adaptive_control:121) [DEBUG]: τ maintained at 1 (R^2 improvement not sufficient: -7.8003 vs -7.8003)
2025-06-28 00:00:43,100 (simulate_adaptive_control:121) [DEBUG]: τ maintained at 1 (R^2 improvement not sufficient: -7.9104 vs -7.9104)
2025-06-28 00:00:43,103 (simulate_adaptive_control:121) [DEBUG]: τ maintained at 1 (R^2 improvement not sufficient: -7.9925 vs -7.9925)
2025-06-28 00:00:43,106 (simulate_adaptive_control:121) [DEBUG]: τ maintained at 1 (R^2 improvement not sufficient: -8.2218 vs -8.2218)
2025-06-28 00:00:43,109 (simulate_adaptive_control:121) [DEBUG]: τ maintained at 1 (R^2 improvement not sufficient: -8.5138 vs -8.5138)
2025-06-28 00:00:43,112 (simulate_adaptive_control:121) [DEBUG]: τ maintained at 1 (R^2 improvement not sufficient: -8.9551 vs -8.9551)
2025-06-28 00:00:43,115 (simulate_adaptive_control:121) [DEBUG]: τ maintained at 1 (R^2 improvement not sufficient: -9.5423 vs -9.5423)
2025-06-28 00:00:43,118 (simulate_adaptive_control:121) [DEBUG]: τ maintained at 1 (R^2 improvement not sufficient: -10.3853 vs -10.3853)
2025-06-28 00:00:43,121 (simulate_adaptive_control:121) [DEBUG]: τ maintained at 1 (R^2 improvement not sufficient: -11.4480 vs -11.4480)
2025-06-28 00:00:43,124 (simulate_adaptive_control:121) [DEBUG]: τ maintained at 1 (R^2 improvement not sufficient: -12.8421 vs -12.8421)
2025-06-28 00:00:43,127 (simulate_adaptive_control:121) [DEBUG]: τ maintained at 1 (R^2 improvement not sufficient: -14.3863 vs -14.3863)
2025-06-28 00:00:43,130 (simulate_adaptive_control:121) [DEBUG]: τ maintained at 1 (R^2 improvement not sufficient: -16.1003 vs -16.1003)
2025-06-28 00:00:43,132 (simulate_adaptive_control:121) [DEBUG]: τ maintained at 1 (R^2 improvement not sufficient: -17.5332 vs -17.5332)
2025-06-28 00:00:43,135 (simulate_adaptive_control:121) [DEBUG]: τ maintained at 1 (R^2 improvement not sufficient: -18.7905 vs -18.7905)
2025-06-28 00:00:43,138 (simulate_adaptive_control:121) [DEBUG]: τ maintained at 1 (R^2 improvement not sufficient: -19.8666 vs -19.8666)
2025-06-28 00:00:43,141 (simulate_adaptive_control:121) [DEBUG]: τ maintained at 1 (R^2 improvement not sufficient: -20.4587 vs -20.4587)
2025-06-28 00:00:43,144 (simulate_adaptive_control:121) [DEBUG]: τ maintained at 1 (R^2 improvement not sufficient: -20.9475 vs -20.9475)
2025-06-28 00:00:43,146 (simulate_adaptive_control:121) [DEBUG]: τ maintained at 1 (R^2 improvement not sufficient: -21.1144 vs -21.1144)
2025-06-28 00:00:43,149 (simulate_adaptive_control:121) [DEBUG]: τ maintained at 1 (R^2 improvement not sufficient: -21.1902 vs -21.1902)
2025-06-28 00:00:43,152 (simulate_adaptive_control:121) [DEBUG]: τ maintained at 1 (R^2 improvement not sufficient: -21.0886 vs -21.0886)
2025-06-28 00:00:43,155 (simulate_adaptive_control:121) [DEBUG]: τ maintained at 1 (R^2 improvement not sufficient: -20.5977 vs -20.5977)
2025-06-28 00:00:43,158 (simulate_adaptive_control:121) [DEBUG]: τ maintained at 1 (R^2 improvement not sufficient: -19.8026 vs -19.8026)
2025-06-28 00:00:43,161 (simulate_adaptive_control:121) [DEBUG]: τ maintained at 1 (R^2 improvement not sufficient: -19.1951 vs -19.1951)
2025-06-28 00:00:43,163 (simulate_adaptive_control:121) [DEBUG]: τ maintained at 1 (R^2 improvement not sufficient: -18.2597 vs -18.2597)
2025-06-28 00:00:43,166 (simulate_adaptive_control:121) [DEBUG]: τ maintained at 1 (R^2 improvement not sufficient: -17.4694 vs -17.4694)
2025-06-28 00:00:43,169 (simulate_adaptive_control:121) [DEBUG]: τ maintained at 1 (R^2 improvement not sufficient: -16.5402 vs -16.5402)
2025-06-28 00:00:43,172 (simulate_adaptive_control:121) [DEBUG]: τ maintained at 1 (R^2 improvement not sufficient: -15.8718 vs -15.8718)
2025-06-28 00:00:43,174 (simulate_adaptive_control:121) [DEBUG]: τ maintained at 1 (R^2 improvement not sufficient: -15.2910 vs -15.2910)
2025-06-28 00:00:43,177 (simulate_adaptive_control:121) [DEBUG]: τ maintained at 1 (R^2 improvement not sufficient: -14.9981 vs -14.9981)
2025-06-28 00:00:43,180 (simulate_adaptive_control:121) [DEBUG]: τ maintained at 1 (R^2 improvement not sufficient: -15.0295 vs -15.0295)
2025-06-28 00:00:43,182 (simulate_adaptive_control:121) [DEBUG]: τ maintained at 1 (R^2 improvement not sufficient: -15.2145 vs -15.2145)
2025-06-28 00:00:43,185 (simulate_adaptive_control:121) [DEBUG]: τ maintained at 1 (R^2 improvement not sufficient: -16.0067 vs -16.0067)
2025-06-28 00:00:43,188 (simulate_adaptive_control:121) [DEBUG]: τ maintained at 1 (R^2 improvement not sufficient: -16.9311 vs -16.9311)
2025-06-28 00:00:43,191 (simulate_adaptive_control:121) [DEBUG]: τ maintained at 1 (R^2 improvement not sufficient: -17.9281 vs -17.9281)
2025-06-28 00:00:43,193 (simulate_adaptive_control:121) [DEBUG]: τ maintained at 1 (R^2 improvement not sufficient: -18.8898 vs -18.8898)
2025-06-28 00:00:43,196 (simulate_adaptive_control:121) [DEBUG]: τ maintained at 1 (R^2 improvement not sufficient: -18.6592 vs -18.6592)
2025-06-28 00:00:43,198 (simulate_adaptive_control:121) [DEBUG]: τ maintained at 1 (R^2 improvement not sufficient: -18.1824 vs -18.1824)
2025-06-28 00:00:43,201 (simulate_adaptive_control:121) [DEBUG]: τ maintained at 1 (R^2 improvement not sufficient: -17.5675 vs -17.5675)
2025-06-28 00:00:43,204 (simulate_adaptive_control:121) [DEBUG]: τ maintained at 1 (R^2 improvement not sufficient: -16.7888 vs -16.7888)
2025-06-28 00:00:43,207 (simulate_adaptive_control:121) [DEBUG]: τ maintained at 1 (R^2 improvement not sufficient: -15.8996 vs -15.8996)
2025-06-28 00:00:43,210 (simulate_adaptive_control:121) [DEBUG]: τ maintained at 1 (R^2 improvement not sufficient: -14.9840 vs -14.9840)
2025-06-28 00:00:43,213 (simulate_adaptive_control:121) [DEBUG]: τ maintained at 1 (R^2 improvement not sufficient: -14.1781 vs -14.1781)
2025-06-28 00:00:43,215 (simulate_adaptive_control:121) [DEBUG]: τ maintained at 1 (R^2 improvement not sufficient: -13.7649 vs -13.7649)
2025-06-28 00:00:43,218 (simulate_adaptive_control:121) [DEBUG]: τ maintained at 1 (R^2 improvement not sufficient: -13.2659 vs -13.2659)
2025-06-28 00:00:43,222 (simulate_adaptive_control:121) [DEBUG]: τ maintained at 1 (R^2 improvement not sufficient: -12.9492 vs -12.9492)
2025-06-28 00:00:43,225 (simulate_adaptive_control:121) [DEBUG]: τ maintained at 1 (R^2 improvement not sufficient: -12.8280 vs -12.8280)
2025-06-28 00:00:43,228 (simulate_adaptive_control:121) [DEBUG]: τ maintained at 1 (R^2 improvement not sufficient: -12.7846 vs -12.7846)
2025-06-28 00:00:43,230 (simulate_adaptive_control:121) [DEBUG]: τ maintained at 1 (R^2 improvement not sufficient: -12.8247 vs -12.8247)
2025-06-28 00:00:43,233 (simulate_adaptive_control:121) [DEBUG]: τ maintained at 1 (R^2 improvement not sufficient: -13.0754 vs -13.0754)
2025-06-28 00:00:43,236 (simulate_adaptive_control:121) [DEBUG]: τ maintained at 1 (R^2 improvement not sufficient: -13.3253 vs -13.3253)
2025-06-28 00:00:43,239 (simulate_adaptive_control:121) [DEBUG]: τ maintained at 1 (R^2 improvement not sufficient: -13.5890 vs -13.5890)
2025-06-28 00:00:43,242 (simulate_adaptive_control:121) [DEBUG]: τ maintained at 1 (R^2 improvement not sufficient: -14.1311 vs -14.1311)
2025-06-28 00:00:43,245 (simulate_adaptive_control:121) [DEBUG]: τ maintained at 1 (R^2 improvement not sufficient: -14.4782 vs -14.4782)
2025-06-28 00:00:43,248 (simulate_adaptive_control:121) [DEBUG]: τ maintained at 1 (R^2 improvement not sufficient: -14.7115 vs -14.7115)
2025-06-28 00:00:43,250 (simulate_adaptive_control:121) [DEBUG]: τ maintained at 1 (R^2 improvement not sufficient: -14.9122 vs -14.9122)
2025-06-28 00:00:43,254 (simulate_adaptive_control:121) [DEBUG]: τ maintained at 1 (R^2 improvement not sufficient: -15.0614 vs -15.0614)
2025-06-28 00:00:43,256 (simulate_adaptive_control:121) [DEBUG]: τ maintained at 1 (R^2 improvement not sufficient: -15.1905 vs -15.1905)
2025-06-28 00:00:43,259 (simulate_adaptive_control:121) [DEBUG]: τ maintained at 1 (R^2 improvement not sufficient: -15.3895 vs -15.3895)
2025-06-28 00:00:43,261 (simulate_adaptive_control:121) [DEBUG]: τ maintained at 1 (R^2 improvement not sufficient: -15.5162 vs -15.5162)
2025-06-28 00:00:43,264 (simulate_adaptive_control:121) [DEBUG]: τ maintained at 1 (R^2 improvement not sufficient: -15.5553 vs -15.5553)
2025-06-28 00:00:43,267 (simulate_adaptive_control:121) [DEBUG]: τ maintained at 1 (R^2 improvement not sufficient: -15.5930 vs -15.5930)
2025-06-28 00:00:43,270 (simulate_adaptive_control:121) [DEBUG]: τ maintained at 1 (R^2 improvement not sufficient: -15.5811 vs -15.5811)
2025-06-28 00:00:43,273 (simulate_adaptive_control:121) [DEBUG]: τ maintained at 1 (R^2 improvement not sufficient: -15.5248 vs -15.5248)
2025-06-28 00:00:43,275 (simulate_adaptive_control:121) [DEBUG]: τ maintained at 1 (R^2 improvement not sufficient: -15.5254 vs -15.5254)
2025-06-28 00:00:43,278 (simulate_adaptive_control:121) [DEBUG]: τ maintained at 1 (R^2 improvement not sufficient: -15.5086 vs -15.5086)
2025-06-28 00:00:43,281 (simulate_adaptive_control:121) [DEBUG]: τ maintained at 1 (R^2 improvement not sufficient: -15.5202 vs -15.5202)
2025-06-28 00:00:43,284 (simulate_adaptive_control:121) [DEBUG]: τ maintained at 1 (R^2 improvement not sufficient: -15.5241 vs -15.5241)
2025-06-28 00:00:43,287 (simulate_adaptive_control:121) [DEBUG]: τ maintained at 1 (R^2 improvement not sufficient: -15.6190 vs -15.6190)
2025-06-28 00:00:43,290 (simulate_adaptive_control:121) [DEBUG]: τ maintained at 1 (R^2 improvement not sufficient: -15.4919 vs -15.4919)
2025-06-28 00:00:43,292 (simulate_adaptive_control:121) [DEBUG]: τ maintained at 1 (R^2 improvement not sufficient: -15.3520 vs -15.3520)
2025-06-28 00:00:43,295 (simulate_adaptive_control:121) [DEBUG]: τ maintained at 1 (R^2 improvement not sufficient: -15.0975 vs -15.0975)
2025-06-28 00:00:43,298 (simulate_adaptive_control:121) [DEBUG]: τ maintained at 1 (R^2 improvement not sufficient: -14.8306 vs -14.8306)
2025-06-28 00:00:43,300 (simulate_adaptive_control:121) [DEBUG]: τ maintained at 1 (R^2 improvement not sufficient: -14.5341 vs -14.5341)
2025-06-28 00:00:43,304 (simulate_adaptive_control:121) [DEBUG]: τ maintained at 1 (R^2 improvement not sufficient: -14.2524 vs -14.2524)
2025-06-28 00:00:43,306 (simulate_adaptive_control:121) [DEBUG]: τ maintained at 1 (R^2 improvement not sufficient: -13.9781 vs -13.9781)
2025-06-28 00:00:43,308 (simulate_adaptive_control:253) [INFO]: End of reference trajectory (or look-ahead range) reached. Stopping simulation.
2025-06-28 00:00:43,308 (simulate_adaptive_control:300) [INFO]: Simulation finished.
2025-06-28 00:00:43,318 (simulate_adaptive_control:307) [INFO]: Simulation results saved to data/simulate_adaptive_control/adaptive_simulation/20250628T000042/adaptive_simulation_results.json
