2025-06-28 13:38:42,887 (event_logging:164) [DEBUG]: Start event logging
2025-06-28 13:38:42,887 (event_logging:165) [DEBUG]: Logger name: __main__
2025-06-28 13:38:42,888 (event_logging:166) [DEBUG]: Log filename: data/simulate_adaptive_control/adaptive_simulation/20250628T133842/simulate_adaptive_control.log
2025-06-28 13:38:42,888 (event_logging:168) [DEBUG]: Command: python apps/simulate_adaptive_control.py data/trained_model/train_adaptive/20250628T132820/trained_model.joblib -r tests/data/motion_data_000.csv -c apps/config/adaptive_model.toml --active-joints 5 --max-steps 10000
2025-06-28 13:38:42,889 (data_handling:162) [DEBUG]: Directory created: data/simulate_adaptive_control/adaptive_simulation/20250628T133842/config
2025-06-28 13:38:42,899 (data_handling:180) [DEBUG]: Model config copied: None -> data/simulate_adaptive_control/adaptive_simulation/20250628T133842/config
2025-06-28 13:38:42,899 (simulate_adaptive_control:226) [INFO]: config: apps/config/adaptive_model.toml
2025-06-28 13:38:42,899 (simulate_adaptive_control:227) [INFO]: output: data/simulate_adaptive_control/adaptive_simulation/20250628T133842
2025-06-28 13:38:42,899 (simulate_adaptive_control:228) [INFO]: N_max: 10, Active Joints: [5]
2025-06-28 13:38:42,899 (simulate_adaptive_control:232) [INFO]: Loading trained model from data/trained_model/train_adaptive/20250628T132820/trained_model.joblib
2025-06-28 13:38:42,913 (simulate_adaptive_control:236) [INFO]: Loading reference trajectory from tests/data/motion_data_000.csv
2025-06-28 13:38:42,932 (simulate_adaptive_control:239) [INFO]: Reference trajectory loaded with 301 steps.
2025-06-28 13:38:42,933 (simulate_adaptive_control:60) [INFO]: AdaptiveController initialized with N_max=10, initial_tau=1
2025-06-28 13:38:42,936 (simulate_adaptive_control:260) [INFO]: Starting simulation...
2025-06-28 13:38:42,947 (simulate_adaptive_control:108) [DEBUG]: No sufficient R^2 data for any tau. Maintaining current tau: 1
2025-06-28 13:38:42,949 (simulate_adaptive_control:424) [INFO]: Step 0/10000, Current τ: 1, R^2[1]: -inf
2025-06-28 13:38:42,959 (simulate_adaptive_control:121) [INFO]: τ changed from 1 to 10 (R^2 improved: -4378.9900 -> -0.4638)
2025-06-28 13:38:42,971 (simulate_adaptive_control:124) [DEBUG]: τ maintained at 10 (R^2 improvement not sufficient: -0.1948 vs -0.1948)
2025-06-28 13:38:42,983 (simulate_adaptive_control:124) [DEBUG]: τ maintained at 10 (R^2 improvement not sufficient: 0.0112 vs 0.0112)
2025-06-28 13:38:42,995 (simulate_adaptive_control:124) [DEBUG]: τ maintained at 10 (R^2 improvement not sufficient: 0.2017 vs 0.2017)
2025-06-28 13:38:43,007 (simulate_adaptive_control:124) [DEBUG]: τ maintained at 10 (R^2 improvement not sufficient: 0.0968 vs 0.0968)
2025-06-28 13:38:43,018 (simulate_adaptive_control:124) [DEBUG]: τ maintained at 10 (R^2 improvement not sufficient: 0.1022 vs 0.1022)
2025-06-28 13:38:43,030 (simulate_adaptive_control:124) [DEBUG]: τ maintained at 10 (R^2 improvement not sufficient: 0.0065 vs 0.0065)
2025-06-28 13:38:43,041 (simulate_adaptive_control:124) [DEBUG]: τ maintained at 10 (R^2 improvement not sufficient: 0.0004 vs 0.0004)
2025-06-28 13:38:43,053 (simulate_adaptive_control:124) [DEBUG]: τ maintained at 10 (R^2 improvement not sufficient: 0.1084 vs 0.1084)
2025-06-28 13:38:43,064 (simulate_adaptive_control:124) [DEBUG]: τ maintained at 10 (R^2 improvement not sufficient: 0.1368 vs 0.1368)
2025-06-28 13:38:43,075 (simulate_adaptive_control:124) [DEBUG]: τ maintained at 10 (R^2 improvement not sufficient: 0.1702 vs 0.1702)
2025-06-28 13:38:43,087 (simulate_adaptive_control:124) [DEBUG]: τ maintained at 10 (R^2 improvement not sufficient: 0.1651 vs 0.1651)
2025-06-28 13:38:43,099 (simulate_adaptive_control:124) [DEBUG]: τ maintained at 10 (R^2 improvement not sufficient: 0.0690 vs 0.0690)
2025-06-28 13:38:43,111 (simulate_adaptive_control:124) [DEBUG]: τ maintained at 10 (R^2 improvement not sufficient: 0.0539 vs 0.0539)
2025-06-28 13:38:43,122 (simulate_adaptive_control:124) [DEBUG]: τ maintained at 10 (R^2 improvement not sufficient: 0.0506 vs 0.0506)
2025-06-28 13:38:43,134 (simulate_adaptive_control:124) [DEBUG]: τ maintained at 10 (R^2 improvement not sufficient: 0.0457 vs 0.0457)
2025-06-28 13:38:43,146 (simulate_adaptive_control:124) [DEBUG]: τ maintained at 10 (R^2 improvement not sufficient: 0.0436 vs 0.0436)
2025-06-28 13:38:43,157 (simulate_adaptive_control:124) [DEBUG]: τ maintained at 10 (R^2 improvement not sufficient: -0.1734 vs -0.1734)
2025-06-28 13:38:43,169 (simulate_adaptive_control:124) [DEBUG]: τ maintained at 10 (R^2 improvement not sufficient: -0.1798 vs -0.1798)
2025-06-28 13:38:43,181 (simulate_adaptive_control:124) [DEBUG]: τ maintained at 10 (R^2 improvement not sufficient: -0.3232 vs -0.3232)
2025-06-28 13:38:43,192 (simulate_adaptive_control:124) [DEBUG]: τ maintained at 10 (R^2 improvement not sufficient: -0.3861 vs -0.3861)
2025-06-28 13:38:43,203 (simulate_adaptive_control:124) [DEBUG]: τ maintained at 10 (R^2 improvement not sufficient: -0.6239 vs -0.6239)
2025-06-28 13:38:43,215 (simulate_adaptive_control:121) [INFO]: τ changed from 10 to 9 (R^2 improved: -0.9064 -> -0.8958)
2025-06-28 13:38:43,227 (simulate_adaptive_control:121) [INFO]: τ changed from 9 to 10 (R^2 improved: -1.0829 -> -0.9356)
2025-06-28 13:38:43,238 (simulate_adaptive_control:124) [DEBUG]: τ maintained at 10 (R^2 improvement not sufficient: -0.9651 vs -0.9651)
2025-06-28 13:38:43,250 (simulate_adaptive_control:124) [DEBUG]: τ maintained at 10 (R^2 improvement not sufficient: -0.9897 vs -0.9897)
2025-06-28 13:38:43,262 (simulate_adaptive_control:124) [DEBUG]: τ maintained at 10 (R^2 improvement not sufficient: -0.9892 vs -0.9892)
2025-06-28 13:38:43,273 (simulate_adaptive_control:124) [DEBUG]: τ maintained at 10 (R^2 improvement not sufficient: -0.9937 vs -0.9937)
2025-06-28 13:38:43,285 (simulate_adaptive_control:124) [DEBUG]: τ maintained at 10 (R^2 improvement not sufficient: -1.0169 vs -1.0169)
2025-06-28 13:38:43,296 (simulate_adaptive_control:124) [DEBUG]: τ maintained at 10 (R^2 improvement not sufficient: -1.0493 vs -1.0493)
2025-06-28 13:38:43,307 (simulate_adaptive_control:124) [DEBUG]: τ maintained at 10 (R^2 improvement not sufficient: -1.1114 vs -1.1114)
2025-06-28 13:38:43,319 (simulate_adaptive_control:124) [DEBUG]: τ maintained at 10 (R^2 improvement not sufficient: -1.1004 vs -1.1004)
2025-06-28 13:38:43,331 (simulate_adaptive_control:124) [DEBUG]: τ maintained at 10 (R^2 improvement not sufficient: -1.1092 vs -1.1092)
2025-06-28 13:38:43,343 (simulate_adaptive_control:124) [DEBUG]: τ maintained at 10 (R^2 improvement not sufficient: -1.0832 vs -1.0832)
2025-06-28 13:38:43,355 (simulate_adaptive_control:124) [DEBUG]: τ maintained at 10 (R^2 improvement not sufficient: -1.0535 vs -1.0535)
2025-06-28 13:38:43,367 (simulate_adaptive_control:124) [DEBUG]: τ maintained at 10 (R^2 improvement not sufficient: -1.0856 vs -1.0856)
2025-06-28 13:38:43,378 (simulate_adaptive_control:124) [DEBUG]: τ maintained at 10 (R^2 improvement not sufficient: -1.0721 vs -1.0721)
2025-06-28 13:38:43,390 (simulate_adaptive_control:124) [DEBUG]: τ maintained at 10 (R^2 improvement not sufficient: -1.0366 vs -1.0366)
2025-06-28 13:38:43,401 (simulate_adaptive_control:124) [DEBUG]: τ maintained at 10 (R^2 improvement not sufficient: -0.9966 vs -0.9966)
2025-06-28 13:38:43,413 (simulate_adaptive_control:124) [DEBUG]: τ maintained at 10 (R^2 improvement not sufficient: -0.9901 vs -0.9901)
2025-06-28 13:38:43,424 (simulate_adaptive_control:124) [DEBUG]: τ maintained at 10 (R^2 improvement not sufficient: -1.0132 vs -1.0132)
2025-06-28 13:38:43,437 (simulate_adaptive_control:124) [DEBUG]: τ maintained at 10 (R^2 improvement not sufficient: -0.9747 vs -0.9747)
2025-06-28 13:38:43,448 (simulate_adaptive_control:124) [DEBUG]: τ maintained at 10 (R^2 improvement not sufficient: -1.0876 vs -1.0876)
2025-06-28 13:38:43,460 (simulate_adaptive_control:124) [DEBUG]: τ maintained at 10 (R^2 improvement not sufficient: -1.0871 vs -1.0871)
2025-06-28 13:38:43,473 (simulate_adaptive_control:124) [DEBUG]: τ maintained at 10 (R^2 improvement not sufficient: -1.0777 vs -1.0777)
2025-06-28 13:38:43,486 (simulate_adaptive_control:124) [DEBUG]: τ maintained at 10 (R^2 improvement not sufficient: -1.0954 vs -1.0954)
2025-06-28 13:38:43,498 (simulate_adaptive_control:121) [INFO]: τ changed from 10 to 9 (R^2 improved: -1.2711 -> -1.1960)
2025-06-28 13:38:43,509 (simulate_adaptive_control:124) [DEBUG]: τ maintained at 9 (R^2 improvement not sufficient: -1.1857 vs -1.1857)
2025-06-28 13:38:43,521 (simulate_adaptive_control:124) [DEBUG]: τ maintained at 9 (R^2 improvement not sufficient: -1.1803 vs -1.1803)
2025-06-28 13:38:43,533 (simulate_adaptive_control:124) [DEBUG]: τ maintained at 9 (R^2 improvement not sufficient: -1.2027 vs -1.2027)
2025-06-28 13:38:43,545 (simulate_adaptive_control:124) [DEBUG]: τ maintained at 9 (R^2 improvement not sufficient: -1.3327 vs -1.3327)
2025-06-28 13:38:43,556 (simulate_adaptive_control:124) [DEBUG]: τ maintained at 9 (R^2 improvement not sufficient: -1.4357 vs -1.4357)
2025-06-28 13:38:43,568 (simulate_adaptive_control:124) [DEBUG]: τ maintained at 9 (R^2 improvement not sufficient: -1.5248 vs -1.5248)
2025-06-28 13:38:43,580 (simulate_adaptive_control:124) [DEBUG]: τ maintained at 9 (R^2 improvement not sufficient: -1.6072 vs -1.6072)
2025-06-28 13:38:43,593 (simulate_adaptive_control:124) [DEBUG]: τ maintained at 9 (R^2 improvement not sufficient: -1.6789 vs -1.6789)
2025-06-28 13:38:43,605 (simulate_adaptive_control:124) [DEBUG]: τ maintained at 9 (R^2 improvement not sufficient: -1.7287 vs -1.7287)
2025-06-28 13:38:43,617 (simulate_adaptive_control:124) [DEBUG]: τ maintained at 9 (R^2 improvement not sufficient: -1.7375 vs -1.7375)
2025-06-28 13:38:43,628 (simulate_adaptive_control:124) [DEBUG]: τ maintained at 9 (R^2 improvement not sufficient: -1.7476 vs -1.7476)
2025-06-28 13:38:43,640 (simulate_adaptive_control:124) [DEBUG]: τ maintained at 9 (R^2 improvement not sufficient: -1.7965 vs -1.7965)
2025-06-28 13:38:43,651 (simulate_adaptive_control:124) [DEBUG]: τ maintained at 9 (R^2 improvement not sufficient: -1.7956 vs -1.7956)
2025-06-28 13:38:43,663 (simulate_adaptive_control:124) [DEBUG]: τ maintained at 9 (R^2 improvement not sufficient: -1.7535 vs -1.7535)
2025-06-28 13:38:43,674 (simulate_adaptive_control:124) [DEBUG]: τ maintained at 9 (R^2 improvement not sufficient: -1.6913 vs -1.6913)
2025-06-28 13:38:43,687 (simulate_adaptive_control:124) [DEBUG]: τ maintained at 9 (R^2 improvement not sufficient: -1.6257 vs -1.6257)
2025-06-28 13:38:43,699 (simulate_adaptive_control:124) [DEBUG]: τ maintained at 9 (R^2 improvement not sufficient: -1.5582 vs -1.5582)
2025-06-28 13:38:43,711 (simulate_adaptive_control:124) [DEBUG]: τ maintained at 9 (R^2 improvement not sufficient: -1.6547 vs -1.6547)
2025-06-28 13:38:43,722 (simulate_adaptive_control:124) [DEBUG]: τ maintained at 9 (R^2 improvement not sufficient: -2.0012 vs -2.0012)
2025-06-28 13:38:43,734 (simulate_adaptive_control:124) [DEBUG]: τ maintained at 9 (R^2 improvement not sufficient: -2.0046 vs -2.0046)
2025-06-28 13:38:43,746 (simulate_adaptive_control:124) [DEBUG]: τ maintained at 9 (R^2 improvement not sufficient: -2.1216 vs -2.1216)
2025-06-28 13:38:43,758 (simulate_adaptive_control:124) [DEBUG]: τ maintained at 9 (R^2 improvement not sufficient: -2.2979 vs -2.2979)
2025-06-28 13:38:43,770 (simulate_adaptive_control:124) [DEBUG]: τ maintained at 9 (R^2 improvement not sufficient: -2.3622 vs -2.3622)
2025-06-28 13:38:43,782 (simulate_adaptive_control:124) [DEBUG]: τ maintained at 9 (R^2 improvement not sufficient: -2.4480 vs -2.4480)
2025-06-28 13:38:43,794 (simulate_adaptive_control:124) [DEBUG]: τ maintained at 9 (R^2 improvement not sufficient: -2.4811 vs -2.4811)
2025-06-28 13:38:43,806 (simulate_adaptive_control:124) [DEBUG]: τ maintained at 9 (R^2 improvement not sufficient: -2.4832 vs -2.4832)
2025-06-28 13:38:43,817 (simulate_adaptive_control:124) [DEBUG]: τ maintained at 9 (R^2 improvement not sufficient: -2.4986 vs -2.4986)
2025-06-28 13:38:43,829 (simulate_adaptive_control:124) [DEBUG]: τ maintained at 9 (R^2 improvement not sufficient: -2.5631 vs -2.5631)
2025-06-28 13:38:43,841 (simulate_adaptive_control:124) [DEBUG]: τ maintained at 9 (R^2 improvement not sufficient: -2.6438 vs -2.6438)
2025-06-28 13:38:43,853 (simulate_adaptive_control:124) [DEBUG]: τ maintained at 9 (R^2 improvement not sufficient: -2.6891 vs -2.6891)
2025-06-28 13:38:43,865 (simulate_adaptive_control:124) [DEBUG]: τ maintained at 9 (R^2 improvement not sufficient: -2.7228 vs -2.7228)
2025-06-28 13:38:43,877 (simulate_adaptive_control:124) [DEBUG]: τ maintained at 9 (R^2 improvement not sufficient: -2.7538 vs -2.7538)
2025-06-28 13:38:43,889 (simulate_adaptive_control:124) [DEBUG]: τ maintained at 9 (R^2 improvement not sufficient: -2.7417 vs -2.7417)
2025-06-28 13:38:43,901 (simulate_adaptive_control:124) [DEBUG]: τ maintained at 9 (R^2 improvement not sufficient: -2.7340 vs -2.7340)
2025-06-28 13:38:43,912 (simulate_adaptive_control:124) [DEBUG]: τ maintained at 9 (R^2 improvement not sufficient: -2.7314 vs -2.7314)
2025-06-28 13:38:43,925 (simulate_adaptive_control:124) [DEBUG]: τ maintained at 9 (R^2 improvement not sufficient: -2.7260 vs -2.7260)
2025-06-28 13:38:43,937 (simulate_adaptive_control:124) [DEBUG]: τ maintained at 9 (R^2 improvement not sufficient: -2.7411 vs -2.7411)
2025-06-28 13:38:43,948 (simulate_adaptive_control:124) [DEBUG]: τ maintained at 9 (R^2 improvement not sufficient: -2.7439 vs -2.7439)
2025-06-28 13:38:43,960 (simulate_adaptive_control:124) [DEBUG]: τ maintained at 9 (R^2 improvement not sufficient: -2.7913 vs -2.7913)
2025-06-28 13:38:43,972 (simulate_adaptive_control:124) [DEBUG]: τ maintained at 9 (R^2 improvement not sufficient: -2.8139 vs -2.8139)
2025-06-28 13:38:43,984 (simulate_adaptive_control:124) [DEBUG]: τ maintained at 9 (R^2 improvement not sufficient: -2.8943 vs -2.8943)
2025-06-28 13:38:43,995 (simulate_adaptive_control:124) [DEBUG]: τ maintained at 9 (R^2 improvement not sufficient: -2.9145 vs -2.9101)
2025-06-28 13:38:44,007 (simulate_adaptive_control:124) [DEBUG]: τ maintained at 9 (R^2 improvement not sufficient: -2.9149 vs -2.9100)
2025-06-28 13:38:44,020 (simulate_adaptive_control:121) [INFO]: τ changed from 9 to 10 (R^2 improved: -2.9407 -> -2.9292)
2025-06-28 13:38:44,032 (simulate_adaptive_control:124) [DEBUG]: τ maintained at 10 (R^2 improvement not sufficient: -2.9289 vs -2.9289)
2025-06-28 13:38:44,044 (simulate_adaptive_control:124) [DEBUG]: τ maintained at 10 (R^2 improvement not sufficient: -2.9522 vs -2.9522)
2025-06-28 13:38:44,055 (simulate_adaptive_control:124) [DEBUG]: τ maintained at 10 (R^2 improvement not sufficient: -2.9510 vs -2.9510)
2025-06-28 13:38:44,067 (simulate_adaptive_control:121) [INFO]: τ changed from 10 to 9 (R^2 improved: -3.0078 -> -2.9911)
2025-06-28 13:38:44,079 (simulate_adaptive_control:124) [DEBUG]: τ maintained at 9 (R^2 improvement not sufficient: -2.9885 vs -2.9885)
2025-06-28 13:38:44,091 (simulate_adaptive_control:124) [DEBUG]: τ maintained at 9 (R^2 improvement not sufficient: -2.9841 vs -2.9841)
2025-06-28 13:38:44,103 (simulate_adaptive_control:124) [DEBUG]: τ maintained at 9 (R^2 improvement not sufficient: -2.9767 vs -2.9767)
2025-06-28 13:38:44,116 (simulate_adaptive_control:124) [DEBUG]: τ maintained at 9 (R^2 improvement not sufficient: -2.9736 vs -2.9736)
2025-06-28 13:38:44,127 (simulate_adaptive_control:124) [DEBUG]: τ maintained at 9 (R^2 improvement not sufficient: -2.9701 vs -2.9701)
2025-06-28 13:38:44,129 (simulate_adaptive_control:424) [INFO]: Step 100/10000, Current τ: 9, R^2[9]: -2.9701
2025-06-28 13:38:44,140 (simulate_adaptive_control:124) [DEBUG]: τ maintained at 9 (R^2 improvement not sufficient: -3.0531 vs -3.0531)
2025-06-28 13:38:44,152 (simulate_adaptive_control:124) [DEBUG]: τ maintained at 9 (R^2 improvement not sufficient: -3.1829 vs -3.1829)
2025-06-28 13:38:44,163 (simulate_adaptive_control:124) [DEBUG]: τ maintained at 9 (R^2 improvement not sufficient: -3.2838 vs -3.2838)
2025-06-28 13:38:44,176 (simulate_adaptive_control:124) [DEBUG]: τ maintained at 9 (R^2 improvement not sufficient: -3.4386 vs -3.4386)
2025-06-28 13:38:44,188 (simulate_adaptive_control:124) [DEBUG]: τ maintained at 9 (R^2 improvement not sufficient: -3.5434 vs -3.5434)
2025-06-28 13:38:44,200 (simulate_adaptive_control:124) [DEBUG]: τ maintained at 9 (R^2 improvement not sufficient: -3.5680 vs -3.5680)
2025-06-28 13:38:44,213 (simulate_adaptive_control:124) [DEBUG]: τ maintained at 9 (R^2 improvement not sufficient: -3.8580 vs -3.8580)
2025-06-28 13:38:44,224 (simulate_adaptive_control:124) [DEBUG]: τ maintained at 9 (R^2 improvement not sufficient: -4.3372 vs -4.3372)
2025-06-28 13:38:44,237 (simulate_adaptive_control:121) [INFO]: τ changed from 9 to 1 (R^2 improved: -5.0201 -> -4.6095)
2025-06-28 13:38:44,248 (simulate_adaptive_control:124) [DEBUG]: τ maintained at 1 (R^2 improvement not sufficient: -4.7240 vs -4.7240)
2025-06-28 13:38:44,261 (simulate_adaptive_control:124) [DEBUG]: τ maintained at 1 (R^2 improvement not sufficient: -4.7193 vs -4.7193)
2025-06-28 13:38:44,273 (simulate_adaptive_control:124) [DEBUG]: τ maintained at 1 (R^2 improvement not sufficient: -4.8237 vs -4.8237)
2025-06-28 13:38:44,285 (simulate_adaptive_control:124) [DEBUG]: τ maintained at 1 (R^2 improvement not sufficient: -4.8177 vs -4.8177)
2025-06-28 13:38:44,297 (simulate_adaptive_control:124) [DEBUG]: τ maintained at 1 (R^2 improvement not sufficient: -4.9912 vs -4.9912)
2025-06-28 13:38:44,309 (simulate_adaptive_control:124) [DEBUG]: τ maintained at 1 (R^2 improvement not sufficient: -5.2042 vs -5.2042)
2025-06-28 13:38:44,321 (simulate_adaptive_control:124) [DEBUG]: τ maintained at 1 (R^2 improvement not sufficient: -5.7699 vs -5.7699)
2025-06-28 13:38:44,333 (simulate_adaptive_control:124) [DEBUG]: τ maintained at 1 (R^2 improvement not sufficient: -6.3919 vs -6.3919)
2025-06-28 13:38:44,345 (simulate_adaptive_control:124) [DEBUG]: τ maintained at 1 (R^2 improvement not sufficient: -6.4887 vs -6.4887)
2025-06-28 13:38:44,358 (simulate_adaptive_control:121) [INFO]: τ changed from 1 to 10 (R^2 improved: -6.8095 -> -6.3662)
2025-06-28 13:38:44,370 (simulate_adaptive_control:124) [DEBUG]: τ maintained at 10 (R^2 improvement not sufficient: -5.9304 vs -5.9304)
2025-06-28 13:38:44,381 (simulate_adaptive_control:124) [DEBUG]: τ maintained at 10 (R^2 improvement not sufficient: -5.5202 vs -5.5202)
2025-06-28 13:38:44,393 (simulate_adaptive_control:124) [DEBUG]: τ maintained at 10 (R^2 improvement not sufficient: -4.9362 vs -4.9362)
2025-06-28 13:38:44,404 (simulate_adaptive_control:124) [DEBUG]: τ maintained at 10 (R^2 improvement not sufficient: -4.3969 vs -4.3969)
2025-06-28 13:38:44,416 (simulate_adaptive_control:124) [DEBUG]: τ maintained at 10 (R^2 improvement not sufficient: -4.1286 vs -4.1286)
2025-06-28 13:38:44,428 (simulate_adaptive_control:124) [DEBUG]: τ maintained at 10 (R^2 improvement not sufficient: -3.8975 vs -3.8975)
2025-06-28 13:38:44,440 (simulate_adaptive_control:124) [DEBUG]: τ maintained at 10 (R^2 improvement not sufficient: -3.6808 vs -3.6808)
2025-06-28 13:38:44,451 (simulate_adaptive_control:124) [DEBUG]: τ maintained at 10 (R^2 improvement not sufficient: -3.5244 vs -3.5244)
2025-06-28 13:38:44,463 (simulate_adaptive_control:124) [DEBUG]: τ maintained at 10 (R^2 improvement not sufficient: -3.4421 vs -3.4421)
2025-06-28 13:38:44,475 (simulate_adaptive_control:124) [DEBUG]: τ maintained at 10 (R^2 improvement not sufficient: -3.4005 vs -3.4005)
2025-06-28 13:38:44,487 (simulate_adaptive_control:124) [DEBUG]: τ maintained at 10 (R^2 improvement not sufficient: -3.3706 vs -3.3706)
2025-06-28 13:38:44,499 (simulate_adaptive_control:124) [DEBUG]: τ maintained at 10 (R^2 improvement not sufficient: -3.4632 vs -3.4632)
2025-06-28 13:38:44,511 (simulate_adaptive_control:124) [DEBUG]: τ maintained at 10 (R^2 improvement not sufficient: -3.5003 vs -3.5003)
2025-06-28 13:38:44,523 (simulate_adaptive_control:124) [DEBUG]: τ maintained at 10 (R^2 improvement not sufficient: -3.5208 vs -3.5208)
2025-06-28 13:38:44,535 (simulate_adaptive_control:121) [INFO]: τ changed from 10 to 2 (R^2 improved: -3.5796 -> -3.5561)
2025-06-28 13:38:44,547 (simulate_adaptive_control:124) [DEBUG]: τ maintained at 2 (R^2 improvement not sufficient: -3.5324 vs -3.5324)
2025-06-28 13:38:44,559 (simulate_adaptive_control:124) [DEBUG]: τ maintained at 2 (R^2 improvement not sufficient: -3.4936 vs -3.4936)
2025-06-28 13:38:44,571 (simulate_adaptive_control:121) [INFO]: τ changed from 2 to 1 (R^2 improved: -3.4377 -> -3.4078)
2025-06-28 13:38:44,583 (simulate_adaptive_control:124) [DEBUG]: τ maintained at 1 (R^2 improvement not sufficient: -3.3534 vs -3.3534)
2025-06-28 13:38:44,595 (simulate_adaptive_control:124) [DEBUG]: τ maintained at 1 (R^2 improvement not sufficient: -3.3434 vs -3.3434)
2025-06-28 13:38:44,606 (simulate_adaptive_control:124) [DEBUG]: τ maintained at 1 (R^2 improvement not sufficient: -3.3823 vs -3.3823)
2025-06-28 13:38:44,618 (simulate_adaptive_control:124) [DEBUG]: τ maintained at 1 (R^2 improvement not sufficient: -3.4834 vs -3.4834)
2025-06-28 13:38:44,630 (simulate_adaptive_control:124) [DEBUG]: τ maintained at 1 (R^2 improvement not sufficient: -3.6491 vs -3.6491)
2025-06-28 13:38:44,642 (simulate_adaptive_control:124) [DEBUG]: τ maintained at 1 (R^2 improvement not sufficient: -3.8172 vs -3.8172)
2025-06-28 13:38:44,654 (simulate_adaptive_control:124) [DEBUG]: τ maintained at 1 (R^2 improvement not sufficient: -3.7368 vs -3.7368)
2025-06-28 13:38:44,666 (simulate_adaptive_control:124) [DEBUG]: τ maintained at 1 (R^2 improvement not sufficient: -3.7703 vs -3.7703)
2025-06-28 13:38:44,677 (simulate_adaptive_control:124) [DEBUG]: τ maintained at 1 (R^2 improvement not sufficient: -3.8147 vs -3.8147)
2025-06-28 13:38:44,689 (simulate_adaptive_control:124) [DEBUG]: τ maintained at 1 (R^2 improvement not sufficient: -3.8975 vs -3.8975)
2025-06-28 13:38:44,701 (simulate_adaptive_control:124) [DEBUG]: τ maintained at 1 (R^2 improvement not sufficient: -3.9872 vs -3.9872)
2025-06-28 13:38:44,712 (simulate_adaptive_control:121) [INFO]: τ changed from 1 to 10 (R^2 improved: -4.0571 -> -3.9751)
2025-06-28 13:38:44,724 (simulate_adaptive_control:124) [DEBUG]: τ maintained at 10 (R^2 improvement not sufficient: -3.8176 vs -3.8176)
2025-06-28 13:38:44,736 (simulate_adaptive_control:124) [DEBUG]: τ maintained at 10 (R^2 improvement not sufficient: -3.6724 vs -3.6724)
2025-06-28 13:38:44,748 (simulate_adaptive_control:124) [DEBUG]: τ maintained at 10 (R^2 improvement not sufficient: -3.5525 vs -3.5525)
2025-06-28 13:38:44,760 (simulate_adaptive_control:124) [DEBUG]: τ maintained at 10 (R^2 improvement not sufficient: -3.5059 vs -3.5059)
2025-06-28 13:38:44,772 (simulate_adaptive_control:124) [DEBUG]: τ maintained at 10 (R^2 improvement not sufficient: -3.4564 vs -3.4564)
2025-06-28 13:38:44,784 (simulate_adaptive_control:124) [DEBUG]: τ maintained at 10 (R^2 improvement not sufficient: -3.4640 vs -3.4640)
2025-06-28 13:38:44,796 (simulate_adaptive_control:124) [DEBUG]: τ maintained at 10 (R^2 improvement not sufficient: -3.5524 vs -3.5524)
2025-06-28 13:38:44,808 (simulate_adaptive_control:124) [DEBUG]: τ maintained at 10 (R^2 improvement not sufficient: -3.7970 vs -3.7970)
2025-06-28 13:38:44,820 (simulate_adaptive_control:124) [DEBUG]: τ maintained at 10 (R^2 improvement not sufficient: -3.8784 vs -3.8784)
2025-06-28 13:38:44,833 (simulate_adaptive_control:124) [DEBUG]: τ maintained at 10 (R^2 improvement not sufficient: -3.9158 vs -3.9158)
2025-06-28 13:38:44,845 (simulate_adaptive_control:121) [INFO]: τ changed from 10 to 1 (R^2 improved: -4.0555 -> -4.0222)
2025-06-28 13:38:44,857 (simulate_adaptive_control:124) [DEBUG]: τ maintained at 1 (R^2 improvement not sufficient: -3.9430 vs -3.9430)
2025-06-28 13:38:44,868 (simulate_adaptive_control:124) [DEBUG]: τ maintained at 1 (R^2 improvement not sufficient: -3.8889 vs -3.8889)
2025-06-28 13:38:44,880 (simulate_adaptive_control:124) [DEBUG]: τ maintained at 1 (R^2 improvement not sufficient: -3.8895 vs -3.8895)
2025-06-28 13:38:44,892 (simulate_adaptive_control:124) [DEBUG]: τ maintained at 1 (R^2 improvement not sufficient: -3.8828 vs -3.8828)
2025-06-28 13:38:44,903 (simulate_adaptive_control:124) [DEBUG]: τ maintained at 1 (R^2 improvement not sufficient: -3.8697 vs -3.8697)
2025-06-28 13:38:44,915 (simulate_adaptive_control:124) [DEBUG]: τ maintained at 1 (R^2 improvement not sufficient: -3.9067 vs -3.9067)
2025-06-28 13:38:44,927 (simulate_adaptive_control:121) [INFO]: τ changed from 1 to 10 (R^2 improved: -3.9433 -> -3.8582)
2025-06-28 13:38:44,939 (simulate_adaptive_control:124) [DEBUG]: τ maintained at 10 (R^2 improvement not sufficient: -3.8755 vs -3.8755)
2025-06-28 13:38:44,950 (simulate_adaptive_control:124) [DEBUG]: τ maintained at 10 (R^2 improvement not sufficient: -3.8104 vs -3.8104)
2025-06-28 13:38:44,963 (simulate_adaptive_control:124) [DEBUG]: τ maintained at 10 (R^2 improvement not sufficient: -3.9225 vs -3.9225)
2025-06-28 13:38:44,976 (simulate_adaptive_control:124) [DEBUG]: τ maintained at 10 (R^2 improvement not sufficient: -3.8985 vs -3.8985)
2025-06-28 13:38:44,988 (simulate_adaptive_control:124) [DEBUG]: τ maintained at 10 (R^2 improvement not sufficient: -4.0549 vs -4.0549)
2025-06-28 13:38:44,999 (simulate_adaptive_control:124) [DEBUG]: τ maintained at 10 (R^2 improvement not sufficient: -3.9719 vs -3.9719)
2025-06-28 13:38:45,011 (simulate_adaptive_control:124) [DEBUG]: τ maintained at 10 (R^2 improvement not sufficient: -3.9903 vs -3.9903)
2025-06-28 13:38:45,023 (simulate_adaptive_control:124) [DEBUG]: τ maintained at 10 (R^2 improvement not sufficient: -3.9833 vs -3.9833)
2025-06-28 13:38:45,035 (simulate_adaptive_control:124) [DEBUG]: τ maintained at 10 (R^2 improvement not sufficient: -3.9662 vs -3.9662)
2025-06-28 13:38:45,047 (simulate_adaptive_control:121) [INFO]: τ changed from 10 to 9 (R^2 improved: -4.0951 -> -3.9737)
2025-06-28 13:38:45,059 (simulate_adaptive_control:124) [DEBUG]: τ maintained at 9 (R^2 improvement not sufficient: -4.0674 vs -4.0674)
2025-06-28 13:38:45,071 (simulate_adaptive_control:124) [DEBUG]: τ maintained at 9 (R^2 improvement not sufficient: -4.2331 vs -4.2331)
2025-06-28 13:38:45,083 (simulate_adaptive_control:124) [DEBUG]: τ maintained at 9 (R^2 improvement not sufficient: -4.3922 vs -4.3922)
2025-06-28 13:38:45,094 (simulate_adaptive_control:124) [DEBUG]: τ maintained at 9 (R^2 improvement not sufficient: -4.4866 vs -4.4866)
2025-06-28 13:38:45,105 (simulate_adaptive_control:124) [DEBUG]: τ maintained at 9 (R^2 improvement not sufficient: -4.5372 vs -4.5372)
2025-06-28 13:38:45,117 (simulate_adaptive_control:124) [DEBUG]: τ maintained at 9 (R^2 improvement not sufficient: -4.5669 vs -4.5669)
2025-06-28 13:38:45,129 (simulate_adaptive_control:124) [DEBUG]: τ maintained at 9 (R^2 improvement not sufficient: -4.5505 vs -4.5505)
2025-06-28 13:38:45,141 (simulate_adaptive_control:124) [DEBUG]: τ maintained at 9 (R^2 improvement not sufficient: -4.5506 vs -4.5506)
2025-06-28 13:38:45,154 (simulate_adaptive_control:124) [DEBUG]: τ maintained at 9 (R^2 improvement not sufficient: -4.4969 vs -4.4969)
2025-06-28 13:38:45,166 (simulate_adaptive_control:124) [DEBUG]: τ maintained at 9 (R^2 improvement not sufficient: -4.5784 vs -4.5784)
2025-06-28 13:38:45,178 (simulate_adaptive_control:124) [DEBUG]: τ maintained at 9 (R^2 improvement not sufficient: -4.5573 vs -4.5573)
2025-06-28 13:38:45,190 (simulate_adaptive_control:124) [DEBUG]: τ maintained at 9 (R^2 improvement not sufficient: -4.5689 vs -4.5689)
2025-06-28 13:38:45,202 (simulate_adaptive_control:124) [DEBUG]: τ maintained at 9 (R^2 improvement not sufficient: -4.5745 vs -4.5745)
2025-06-28 13:38:45,213 (simulate_adaptive_control:124) [DEBUG]: τ maintained at 9 (R^2 improvement not sufficient: -4.5645 vs -4.5645)
2025-06-28 13:38:45,225 (simulate_adaptive_control:121) [INFO]: τ changed from 9 to 1 (R^2 improved: -4.7386 -> -4.6908)
2025-06-28 13:38:45,237 (simulate_adaptive_control:124) [DEBUG]: τ maintained at 1 (R^2 improvement not sufficient: -4.7031 vs -4.7031)
2025-06-28 13:38:45,249 (simulate_adaptive_control:124) [DEBUG]: τ maintained at 1 (R^2 improvement not sufficient: -4.7173 vs -4.7173)
2025-06-28 13:38:45,260 (simulate_adaptive_control:124) [DEBUG]: τ maintained at 1 (R^2 improvement not sufficient: -4.7257 vs -4.7257)
2025-06-28 13:38:45,272 (simulate_adaptive_control:124) [DEBUG]: τ maintained at 1 (R^2 improvement not sufficient: -4.7363 vs -4.7363)
2025-06-28 13:38:45,285 (simulate_adaptive_control:124) [DEBUG]: τ maintained at 1 (R^2 improvement not sufficient: -4.7456 vs -4.7456)
2025-06-28 13:38:45,297 (simulate_adaptive_control:124) [DEBUG]: τ maintained at 1 (R^2 improvement not sufficient: -4.7518 vs -4.7518)
2025-06-28 13:38:45,309 (simulate_adaptive_control:124) [DEBUG]: τ maintained at 1 (R^2 improvement not sufficient: -4.7598 vs -4.7598)
2025-06-28 13:38:45,321 (simulate_adaptive_control:124) [DEBUG]: τ maintained at 1 (R^2 improvement not sufficient: -4.7691 vs -4.7691)
2025-06-28 13:38:45,322 (simulate_adaptive_control:424) [INFO]: Step 200/10000, Current τ: 1, R^2[1]: -4.7691
2025-06-28 13:38:45,333 (simulate_adaptive_control:124) [DEBUG]: τ maintained at 1 (R^2 improvement not sufficient: -4.7176 vs -4.7176)
2025-06-28 13:38:45,345 (simulate_adaptive_control:124) [DEBUG]: τ maintained at 1 (R^2 improvement not sufficient: -4.5543 vs -4.5543)
2025-06-28 13:38:45,356 (simulate_adaptive_control:124) [DEBUG]: τ maintained at 1 (R^2 improvement not sufficient: -4.3721 vs -4.3721)
2025-06-28 13:38:45,368 (simulate_adaptive_control:124) [DEBUG]: τ maintained at 1 (R^2 improvement not sufficient: -4.1322 vs -4.1322)
2025-06-28 13:38:45,380 (simulate_adaptive_control:124) [DEBUG]: τ maintained at 1 (R^2 improvement not sufficient: -3.6600 vs -3.6600)
2025-06-28 13:38:45,392 (simulate_adaptive_control:124) [DEBUG]: τ maintained at 1 (R^2 improvement not sufficient: -3.4387 vs -3.4387)
2025-06-28 13:38:45,404 (simulate_adaptive_control:124) [DEBUG]: τ maintained at 1 (R^2 improvement not sufficient: -3.3982 vs -3.3982)
2025-06-28 13:38:45,416 (simulate_adaptive_control:124) [DEBUG]: τ maintained at 1 (R^2 improvement not sufficient: -3.4006 vs -3.4006)
2025-06-28 13:38:45,427 (simulate_adaptive_control:124) [DEBUG]: τ maintained at 1 (R^2 improvement not sufficient: -3.4002 vs -3.4002)
2025-06-28 13:38:45,440 (simulate_adaptive_control:124) [DEBUG]: τ maintained at 1 (R^2 improvement not sufficient: -3.3972 vs -3.3972)
2025-06-28 13:38:45,451 (simulate_adaptive_control:124) [DEBUG]: τ maintained at 1 (R^2 improvement not sufficient: -3.3856 vs -3.3856)
2025-06-28 13:38:45,462 (simulate_adaptive_control:124) [DEBUG]: τ maintained at 1 (R^2 improvement not sufficient: -3.3691 vs -3.3691)
2025-06-28 13:38:45,476 (simulate_adaptive_control:124) [DEBUG]: τ maintained at 1 (R^2 improvement not sufficient: -3.3465 vs -3.3465)
2025-06-28 13:38:45,487 (simulate_adaptive_control:124) [DEBUG]: τ maintained at 1 (R^2 improvement not sufficient: -3.3393 vs -3.3393)
2025-06-28 13:38:45,498 (simulate_adaptive_control:124) [DEBUG]: τ maintained at 1 (R^2 improvement not sufficient: -3.3336 vs -3.3336)
2025-06-28 13:38:45,511 (simulate_adaptive_control:124) [DEBUG]: τ maintained at 1 (R^2 improvement not sufficient: -3.3183 vs -3.3183)
2025-06-28 13:38:45,522 (simulate_adaptive_control:121) [INFO]: τ changed from 1 to 8 (R^2 improved: -3.2619 -> -3.2198)
2025-06-28 13:38:45,534 (simulate_adaptive_control:124) [DEBUG]: τ maintained at 8 (R^2 improvement not sufficient: -3.2205 vs -3.2176)
2025-06-28 13:38:45,546 (simulate_adaptive_control:121) [INFO]: τ changed from 8 to 6 (R^2 improved: -3.3679 -> -3.3379)
2025-06-28 13:38:45,558 (simulate_adaptive_control:124) [DEBUG]: τ maintained at 6 (R^2 improvement not sufficient: -3.4760 vs -3.4678)
2025-06-28 13:38:45,569 (simulate_adaptive_control:121) [INFO]: τ changed from 6 to 5 (R^2 improved: -3.7409 -> -3.7118)
2025-06-28 13:38:45,581 (simulate_adaptive_control:121) [INFO]: τ changed from 5 to 1 (R^2 improved: -4.0337 -> -3.9974)
2025-06-28 13:38:45,593 (simulate_adaptive_control:124) [DEBUG]: τ maintained at 1 (R^2 improvement not sufficient: -4.2159 vs -4.2159)
2025-06-28 13:38:45,604 (simulate_adaptive_control:124) [DEBUG]: τ maintained at 1 (R^2 improvement not sufficient: -4.3037 vs -4.3037)
2025-06-28 13:38:45,615 (simulate_adaptive_control:124) [DEBUG]: τ maintained at 1 (R^2 improvement not sufficient: -4.3996 vs -4.3996)
2025-06-28 13:38:45,634 (simulate_adaptive_control:124) [DEBUG]: τ maintained at 1 (R^2 improvement not sufficient: -4.5039 vs -4.5039)
2025-06-28 13:38:45,648 (simulate_adaptive_control:124) [DEBUG]: τ maintained at 1 (R^2 improvement not sufficient: -4.6471 vs -4.6471)
2025-06-28 13:38:45,662 (simulate_adaptive_control:124) [DEBUG]: τ maintained at 1 (R^2 improvement not sufficient: -4.9159 vs -4.9159)
2025-06-28 13:38:45,674 (simulate_adaptive_control:124) [DEBUG]: τ maintained at 1 (R^2 improvement not sufficient: -5.2536 vs -5.2536)
2025-06-28 13:38:45,686 (simulate_adaptive_control:124) [DEBUG]: τ maintained at 1 (R^2 improvement not sufficient: -5.7658 vs -5.7658)
2025-06-28 13:38:45,698 (simulate_adaptive_control:124) [DEBUG]: τ maintained at 1 (R^2 improvement not sufficient: -6.4515 vs -6.4515)
2025-06-28 13:38:45,709 (simulate_adaptive_control:124) [DEBUG]: τ maintained at 1 (R^2 improvement not sufficient: -7.3473 vs -7.3473)
2025-06-28 13:38:45,721 (simulate_adaptive_control:124) [DEBUG]: τ maintained at 1 (R^2 improvement not sufficient: -8.4163 vs -8.4163)
2025-06-28 13:38:45,733 (simulate_adaptive_control:124) [DEBUG]: τ maintained at 1 (R^2 improvement not sufficient: -9.5660 vs -9.5660)
2025-06-28 13:38:45,745 (simulate_adaptive_control:124) [DEBUG]: τ maintained at 1 (R^2 improvement not sufficient: -10.3936 vs -10.3936)
2025-06-28 13:38:45,757 (simulate_adaptive_control:121) [INFO]: τ changed from 1 to 8 (R^2 improved: -11.4353 -> -10.5027)
2025-06-28 13:38:45,769 (simulate_adaptive_control:124) [DEBUG]: τ maintained at 8 (R^2 improvement not sufficient: -10.4076 vs -10.4076)
2025-06-28 13:38:45,781 (simulate_adaptive_control:124) [DEBUG]: τ maintained at 8 (R^2 improvement not sufficient: -10.1543 vs -10.1543)
2025-06-28 13:38:45,793 (simulate_adaptive_control:124) [DEBUG]: τ maintained at 8 (R^2 improvement not sufficient: -9.7827 vs -9.7827)
2025-06-28 13:38:45,805 (simulate_adaptive_control:124) [DEBUG]: τ maintained at 8 (R^2 improvement not sufficient: -9.2432 vs -9.2432)
2025-06-28 13:38:45,817 (simulate_adaptive_control:124) [DEBUG]: τ maintained at 8 (R^2 improvement not sufficient: -8.6387 vs -8.6387)
2025-06-28 13:38:45,829 (simulate_adaptive_control:124) [DEBUG]: τ maintained at 8 (R^2 improvement not sufficient: -8.0379 vs -8.0379)
2025-06-28 13:38:45,840 (simulate_adaptive_control:124) [DEBUG]: τ maintained at 8 (R^2 improvement not sufficient: -7.6142 vs -7.6142)
2025-06-28 13:38:45,852 (simulate_adaptive_control:124) [DEBUG]: τ maintained at 8 (R^2 improvement not sufficient: -7.3840 vs -7.3840)
2025-06-28 13:38:45,864 (simulate_adaptive_control:124) [DEBUG]: τ maintained at 8 (R^2 improvement not sufficient: -7.2702 vs -7.2702)
2025-06-28 13:38:45,875 (simulate_adaptive_control:124) [DEBUG]: τ maintained at 8 (R^2 improvement not sufficient: -7.3610 vs -7.3610)
2025-06-28 13:38:45,887 (simulate_adaptive_control:124) [DEBUG]: τ maintained at 8 (R^2 improvement not sufficient: -7.8773 vs -7.8773)
2025-06-28 13:38:45,899 (simulate_adaptive_control:121) [INFO]: τ changed from 8 to 7 (R^2 improved: -8.3685 -> -8.2286)
2025-06-28 13:38:45,911 (simulate_adaptive_control:121) [INFO]: τ changed from 7 to 6 (R^2 improved: -8.6231 -> -8.5186)
2025-06-28 13:38:45,922 (simulate_adaptive_control:121) [INFO]: τ changed from 6 to 5 (R^2 improved: -8.8064 -> -8.7308)
2025-06-28 13:38:45,934 (simulate_adaptive_control:121) [INFO]: τ changed from 5 to 4 (R^2 improved: -8.8929 -> -8.8597)
2025-06-28 13:38:45,945 (simulate_adaptive_control:121) [INFO]: τ changed from 4 to 3 (R^2 improved: -9.1456 -> -9.1256)
2025-06-28 13:38:45,957 (simulate_adaptive_control:124) [DEBUG]: τ maintained at 3 (R^2 improvement not sufficient: -9.5389 vs -9.5389)
2025-06-28 13:38:45,968 (simulate_adaptive_control:121) [INFO]: τ changed from 3 to 8 (R^2 improved: -9.9159 -> -9.4644)
2025-06-28 13:38:45,980 (simulate_adaptive_control:124) [DEBUG]: τ maintained at 8 (R^2 improvement not sufficient: -9.0332 vs -9.0332)
2025-06-28 13:38:45,992 (simulate_adaptive_control:124) [DEBUG]: τ maintained at 8 (R^2 improvement not sufficient: -8.7343 vs -8.7343)
2025-06-28 13:38:46,004 (simulate_adaptive_control:124) [DEBUG]: τ maintained at 8 (R^2 improvement not sufficient: -8.5029 vs -8.5029)
2025-06-28 13:38:46,015 (simulate_adaptive_control:124) [DEBUG]: τ maintained at 8 (R^2 improvement not sufficient: -8.3038 vs -8.3038)
2025-06-28 13:38:46,027 (simulate_adaptive_control:124) [DEBUG]: τ maintained at 8 (R^2 improvement not sufficient: -8.2333 vs -8.2333)
2025-06-28 13:38:46,039 (simulate_adaptive_control:124) [DEBUG]: τ maintained at 8 (R^2 improvement not sufficient: -8.3030 vs -8.3030)
2025-06-28 13:38:46,051 (simulate_adaptive_control:124) [DEBUG]: τ maintained at 8 (R^2 improvement not sufficient: -8.2766 vs -8.2766)
2025-06-28 13:38:46,062 (simulate_adaptive_control:124) [DEBUG]: τ maintained at 8 (R^2 improvement not sufficient: -8.6600 vs -8.6600)
2025-06-28 13:38:46,075 (simulate_adaptive_control:124) [DEBUG]: τ maintained at 8 (R^2 improvement not sufficient: -8.8701 vs -8.8701)
2025-06-28 13:38:46,086 (simulate_adaptive_control:124) [DEBUG]: τ maintained at 8 (R^2 improvement not sufficient: -8.8770 vs -8.8770)
2025-06-28 13:38:46,098 (simulate_adaptive_control:124) [DEBUG]: τ maintained at 8 (R^2 improvement not sufficient: -8.9590 vs -8.9590)
2025-06-28 13:38:46,110 (simulate_adaptive_control:124) [DEBUG]: τ maintained at 8 (R^2 improvement not sufficient: -9.0826 vs -9.0826)
2025-06-28 13:38:46,122 (simulate_adaptive_control:121) [INFO]: τ changed from 8 to 7 (R^2 improved: -9.3300 -> -9.3126)
2025-06-28 13:38:46,134 (simulate_adaptive_control:124) [DEBUG]: τ maintained at 7 (R^2 improvement not sufficient: -9.5332 vs -9.5305)
2025-06-28 13:38:46,146 (simulate_adaptive_control:121) [INFO]: τ changed from 7 to 5 (R^2 improved: -9.5799 -> -9.5608)
2025-06-28 13:38:46,157 (simulate_adaptive_control:121) [INFO]: τ changed from 5 to 8 (R^2 improved: -9.5341 -> -9.4852)
2025-06-28 13:38:46,169 (simulate_adaptive_control:124) [DEBUG]: τ maintained at 8 (R^2 improvement not sufficient: -9.6442 vs -9.6442)
2025-06-28 13:38:46,181 (simulate_adaptive_control:124) [DEBUG]: τ maintained at 8 (R^2 improvement not sufficient: -9.8111 vs -9.8111)
2025-06-28 13:38:46,193 (simulate_adaptive_control:124) [DEBUG]: τ maintained at 8 (R^2 improvement not sufficient: -9.9936 vs -9.9936)
2025-06-28 13:38:46,204 (simulate_adaptive_control:124) [DEBUG]: τ maintained at 8 (R^2 improvement not sufficient: -10.1839 vs -10.1839)
2025-06-28 13:38:46,216 (simulate_adaptive_control:124) [DEBUG]: τ maintained at 8 (R^2 improvement not sufficient: -10.4286 vs -10.4286)
2025-06-28 13:38:46,228 (simulate_adaptive_control:124) [DEBUG]: τ maintained at 8 (R^2 improvement not sufficient: -10.6040 vs -10.6040)
2025-06-28 13:38:46,240 (simulate_adaptive_control:124) [DEBUG]: τ maintained at 8 (R^2 improvement not sufficient: -10.4932 vs -10.4932)
2025-06-28 13:38:46,252 (simulate_adaptive_control:124) [DEBUG]: τ maintained at 8 (R^2 improvement not sufficient: -10.4881 vs -10.4881)
2025-06-28 13:38:46,263 (simulate_adaptive_control:124) [DEBUG]: τ maintained at 8 (R^2 improvement not sufficient: -10.5017 vs -10.5017)
2025-06-28 13:38:46,275 (simulate_adaptive_control:124) [DEBUG]: τ maintained at 8 (R^2 improvement not sufficient: -10.4846 vs -10.4846)
2025-06-28 13:38:46,287 (simulate_adaptive_control:124) [DEBUG]: τ maintained at 8 (R^2 improvement not sufficient: -10.4657 vs -10.4657)
2025-06-28 13:38:46,299 (simulate_adaptive_control:124) [DEBUG]: τ maintained at 8 (R^2 improvement not sufficient: -10.4762 vs -10.4762)
2025-06-28 13:38:46,310 (simulate_adaptive_control:124) [DEBUG]: τ maintained at 8 (R^2 improvement not sufficient: -10.3519 vs -10.3519)
2025-06-28 13:38:46,323 (simulate_adaptive_control:124) [DEBUG]: τ maintained at 8 (R^2 improvement not sufficient: -10.1880 vs -10.1880)
2025-06-28 13:38:46,335 (simulate_adaptive_control:124) [DEBUG]: τ maintained at 8 (R^2 improvement not sufficient: -10.2314 vs -10.2314)
2025-06-28 13:38:46,347 (simulate_adaptive_control:124) [DEBUG]: τ maintained at 8 (R^2 improvement not sufficient: -10.3613 vs -10.3613)
2025-06-28 13:38:46,358 (simulate_adaptive_control:124) [DEBUG]: τ maintained at 8 (R^2 improvement not sufficient: -10.3025 vs -10.3025)
2025-06-28 13:38:46,370 (simulate_adaptive_control:124) [DEBUG]: τ maintained at 8 (R^2 improvement not sufficient: -10.3709 vs -10.3709)
2025-06-28 13:38:46,383 (simulate_adaptive_control:124) [DEBUG]: τ maintained at 8 (R^2 improvement not sufficient: -10.4733 vs -10.4733)
2025-06-28 13:38:46,395 (simulate_adaptive_control:124) [DEBUG]: τ maintained at 8 (R^2 improvement not sufficient: -10.5612 vs -10.5612)
2025-06-28 13:38:46,396 (simulate_adaptive_control:267) [INFO]: End of reference trajectory (or look-ahead range) reached. Stopping simulation.
2025-06-28 13:38:46,397 (simulate_adaptive_control:426) [INFO]: Simulation finished.
2025-06-28 13:38:46,414 (simulate_adaptive_control:433) [INFO]: Simulation results saved to data/simulate_adaptive_control/adaptive_simulation/20250628T133842/adaptive_simulation_results.csv
